status,title,authors,year,venue,doi,url,tags,abstract,provider,decision_source,llm_confidence,llm_review_outcome,llm_change_direction
discarded,"Supply chain digitalization: past, present and future",Zahra Seyedghorban; Hossein Tahernejad; Royston Meriton; Gary Graham,2019,Production Planning & Control,10.1080/09537287.2019.1631461,https://openalex.org/W2993049589,non-education,"The fourth Industrial Revolution is driving the creation of a more connected ecosystem. Organizations are now re-shaping their strategies to become increasingly transparent, including their supply chain management (SCM). The area of supply chain digitalization is starting to attract growing attention; however, its research status remains unclear. We set out, in this study, to understand what constitutes the underlying structure of its research, what topics have been investigated, what areas need further attention, how the existing literature can be classified and how the discipline can move forward. We applied a mixed-method approach using both quantitative and qualitative techniques to achieve this. A bibliometric analysis of 331 articles with 12,709 references was first conducted followed by a qualitative content analysis. Results point at a tentative future research agenda featuring five paths: data science-enabled SCM, supply chain agility, humanizing manufacturing through digital manufacturing strategy, Omni-channel and Internet of Things, and resource-based view and beyond.","openalex, dblp, scopus",llm,0.990,unreviewed,
discarded,The future(s) of open science,Philip Mirowski,2018,Social Studies of Science,10.1177/0306312718772086,https://openalex.org/W2801282011,non-education,"Almost everyone is enthusiastic that 'open science' is the wave of the future. Yet when one looks seriously at the flaws in modern science that the movement proposes to remedy, the prospect for improvement in at least four areas are unimpressive. This suggests that the agenda is effectively to re-engineer science along the lines of platform capitalism, under the misleading banner of opening up science to the masses.","openalex, dblp, scopus",llm,0.990,unreviewed,
discarded,Past performance and future perspectives of burnout research,Wilmar B. Schaufeli,2003,SA Journal of Industrial Psychology,10.4102/sajip.v29i4.127,https://openalex.org/W1990523995,psychology-domain,"After a brief introduction on the history of burnout, this article reviews the past performance of burnout research by answering ten key-questions: (1) How can burnout be assessed?; (2) Is burnout limited to the human services?; (3) Is burnout a mental disorder; (4) What is the prevalence of burnout?; (5) Is burnout a global phenomenon?; (6) Is burnout relevant for organisations; (7) What are the causes of burnout?; (8) What are the consequences of burnout?; (9) How can burnout be explained?; (10) Are burnout interventions effective? In the concluding section a future research agenda is drafted on the bases of the answers given to the previous questions. This agenda includes such issues as the measurement and conceptualisation of burnout, mild and severe forms of burnout, epidemiological and cross-cultural perspectives, organisational outcomes, longitudinal investigations, theoretical explanations, and interventions. Opsomming Na ’n kort inleiding oor die geskiedenis van uitbranding gee hierdie artikel ’n oorsig van vorige prestasie van navorsing ten opsigte van uitbranding deur tien sleutelvrae te beantwoord: (1) Hoe kan uitbranding bepaal word?; (2) Is uitbranding beperk tot die mens-dienste?; (3) Is uitbranding ’n geestesafwyking?; (4) Wat is die voorkoms van uitbranding?; (5) Is uitbranding ’n wêreldwye verskynsel?; (6) Is uitbranding relevant vir organisasies?; (7) Wat is die oorsake van uitbranding?; (8) Wat is die gevolge van uitbranding?; (9) Hoe kan uitbranding verklaar word?; (10) Is uitbrandingsingrepe effektief? In die gevolgtrekking word ’n toekomstige navorsingsagenda op grond van die antwoorde op die voorafgaande vrae opgestel. Hierdie agenda sluit aangeleenthede soos die meting en konseptualisering van uitbranding, matige en ernstige vorme van uitbranding, epidemiologiese en kruiskulturele perspektiewe, organisasie- uitkomste, longitudinale ondersoeke, teoretiese verklarings en intervensies in.","openalex, dblp, scopus",llm,0.990,unreviewed,
discarded,International benchmarking of terrestrial laser scanning approaches for forest inventories,Xinlian Liang; Juha Hyyppä; Harri Kaartinen; Matti Lehtomäki; Jiri Pyörälä; Norbert Pfeifer; Markus Holopainen; Gábor Brolly; Francesco Pirotti; Jan Hackenberg; Huabing Huang; Hyun‐Woo Jo; Masato Katoh; Luxia Liu; Martin Mokroš; Jules Morel; Kenneth Olofsson; Jose Alejandro Poveda Lopez; Jan Trochta; Di Wang; Jinhu Wang; Zhouxin Xi; Bisheng Yang; Guang Zheng; Ville Kankare; Ville Luoma; Xiaowei Yu; Liang Chen; Mikko Vastaranta; Ninni Saarinen; Yunsheng Wang,2018,ISPRS Journal of Photogrammetry and Remote Sensing,10.1016/j.isprsjprs.2018.06.021,https://openalex.org/W2884197231,science-domain,"The last two decades have witnessed increasing awareness of the potential of terrestrial laser scanning (TLS) in forest applications in both public and commercial sectors, along with tremendous research efforts and progress. It is time to inspect the achievements of and the remaining barriers to TLS-based forest investigations, so further research and application are clearly orientated in operational uses of TLS. In such context, the international TLS benchmarking project was launched in 2014 by the European Spatial Data Research Organization and coordinated by the Finnish Geospatial Research Institute. The main objectives of this benchmarking study are to evaluate the potential of applying TLS in characterizing forests, to clarify the strengths and the weaknesses of TLS as a measure of forest digitization, and to reveal the capability of recent algorithms for tree-attribute extraction. The project is designed to benchmark the TLS algorithms by processing identical TLS datasets for a standardized set of forest attribute criteria and by evaluating the results through a common procedure respecting reliable references. Benchmarking results reflect large variances in estimating accuracies, which were unveiled through the 18 compared algorithms and through the evaluation framework, i.e., forest complexity categories, TLS data acquisition approaches, tree attributes and evaluation procedures. The evaluation framework includes three new criteria proposed in this benchmarking and the algorithm performances are investigated through combining two or more criteria (e.g., the accuracy of the individual tree attributes are inspected in conjunction with plot-level completeness) in order to reveal algorithms’ overall performance. The results also reveal some best available forest attribute estimates at this time, which clarify the status quo of TLS-based forest investigations. Some results are well expected, while some are new, e.g., the variances of estimating accuracies between single-/multi-scan, the principle of the algorithm designs and the possibility of a computer outperforming human operation. With single-scan data, i.e., one hemispherical scan per plot, most of the recent algorithms are capable of achieving stem detection with approximately 75% completeness and 90% correctness in the easy forest stands (easy plots: 600 stems/ha, 20 cm mean DBH). The detection rate decreases when the stem density increases and the average DBH decreases, i.e., 60% completeness with 90% correctness (medium plots: 1000 stem/ha, 15 cm mean DBH) and 30% completeness with 90% correctness (difficult plots: 2000 stems/ha, 10 cm mean DBH). The application of the multi-scan approach, i.e., five scans per plot at the center and four quadrant angles, is more effective in complex stands, increasing the completeness to approximately 90% for medium plots and to approximately 70% for difficult plots, with almost 100% correctness. The results of this benchmarking also show that the TLS-based approaches can provide the estimates of the DBH and the stem curve at a 1–2 cm accuracy that are close to what is required in practical applications, e.g., national forest inventories (NFIs). In terms of algorithm development, a high level of automation is a commonly shared standard, but a bottleneck occurs at stem detection and tree height estimation, especially in multilayer and dense forest stands. The greatest challenge is that even with the multi-scan approach, it is still hard to completely and accurately record stems of all trees in a plot due to the occlusion effects of the trees and bushes in forests. Future development must address the redundant yet incomplete point clouds of forest sample plots and recognize trees more accurately and efficiently. It is worth noting that TLS currently provides the best quality terrestrial point clouds in comparison with all other technologies, meaning that all the benchmarks labeled in this paper can also serve as a reference for other terrestrial point clouds sources.","openalex, dblp, scopus",llm,0.990,unreviewed,
discarded,From scrap and waste to sustainable uniform and graded magnesium composites: a science of valorizing waste-derived feedstocks,Fathi R.,2027,Progress in Materials Science,10.1016/j.pmatsci.2026.101790,https://www.scopus.com/inward/record.uri?partnerID=HzOxMe3b&scp=105046415456&origin=inward,science-domain,,"openalex, dblp, scopus",llm,0.990,unreviewed,
discarded,"Biomass and bioenergy technologies assessment for net-zero transitions: Resource potential, performance, technology readiness, and system constraints",Samizadeh S.,2027,Renewable and Sustainable Energy Reviews,10.1016/j.rser.2026.117377,https://www.scopus.com/inward/record.uri?partnerID=HzOxMe3b&scp=105047245625&origin=inward,science-domain,,"openalex, dblp, scopus",llm,0.990,unreviewed,
discarded,From “cost of asking” to “fit of asking”: How seeking help with AI shapes employees’ indebtedness and autonomy in different workplace helping contexts,Zhai J.,2027,Computers in Human Behavior,10.1016/j.chb.2026.109150,https://www.scopus.com/inward/record.uri?partnerID=HzOxMe3b&scp=105047085112&origin=inward,ai-chatbots-not-shell,,"openalex, dblp, scopus",llm,0.990,unreviewed,
discarded,Future work now: organizational culture in hybrid work modes,Pagnozzi F.,2026,Management Decision,10.1108/MD-01-2025-0164,https://www.scopus.com/inward/record.uri?partnerID=HzOxMe3b&scp=105029137891&origin=inward,non-education,,"openalex, dblp, scopus",llm,0.990,unreviewed,
discarded,Decarbonising construction logistics: the role of supplier-led distribution and integrated warehousing,Dhawan K.,2026,Construction Innovation,10.1108/CI-06-2025-0285,https://www.scopus.com/inward/record.uri?partnerID=HzOxMe3b&scp=105030039320&origin=inward,non-computing-domain,,"openalex, dblp, scopus",llm,0.990,unreviewed,
discarded,Beyond promotions: business model innovation in everyday low pricing grocery,Marrone T.,2026,Management Decision,10.1108/MD-01-2025-0196,https://www.scopus.com/inward/record.uri?partnerID=HzOxMe3b&scp=105027326414&origin=inward,non-education,,"openalex, dblp, scopus",llm,0.990,unreviewed,
discarded,"Data-driven decision support for inventory planning: A Lean, Agile, Resilient, and Green (LARG) perspective",Vidal G.H.P.,2026,Computers in Industry,10.1016/j.compind.2026.104537,https://www.scopus.com/inward/record.uri?partnerID=HzOxMe3b&scp=105046479534&origin=inward,non-computing-domain,,"openalex, dblp, scopus",llm,0.990,unreviewed,
discarded,Psychometric properties of the Mandarin Chinese self-reported Pediatric Quality of Life Inventory™ Version 4.0 Generic Core Scales in school adolescents: based on the Rasch and bifactor measurement methods,Wu D.,2026,BMC Pediatrics,10.1186/s12887-026-06703-y,https://www.scopus.com/inward/record.uri?partnerID=HzOxMe3b&scp=105044075938&origin=inward,medicine-domain,,"openalex, dblp, scopus",llm,0.990,unreviewed,
discarded,Global research trends in psychological stress and chronic diseases based on a bibliometric and scientometrics analysis from 1950 to 2025,Naeim M.,2026,Discover Psychology,10.1007/s44202-026-00728-1,https://www.scopus.com/inward/record.uri?partnerID=HzOxMe3b&scp=105044556895&origin=inward,psychology-domain,,"openalex, dblp, scopus",llm,0.990,unreviewed,
discarded,Ethical and intergenerational implications of crude oil price volatility and cryptocurrency markets in energy finance transitions,Mim T.A.,2026,Discover Sustainability,10.1007/s43621-026-03322-6,https://www.scopus.com/inward/record.uri?partnerID=HzOxMe3b&scp=105040980213&origin=inward,non-computing-domain,,"openalex, dblp, scopus",llm,0.990,unreviewed,
discarded,"A scoping review of school-based psychological interventions for adolescent mental health in secondary education: addressing anxiety, depression, and well-being",Hikmat R.,2026,Discover Mental Health,10.1007/s44192-025-00336-w,https://www.scopus.com/inward/record.uri?partnerID=HzOxMe3b&scp=105028198922&origin=inward,medicine-domain,,"openalex, dblp, scopus",llm,0.990,unreviewed,
discarded,"GIS-based machine learning models for assessing landslide impact in King County, Washington, USA",Lu D.,2026,Progress in Earth and Planetary Science,10.1186/s40645-026-00817-8,https://www.scopus.com/inward/record.uri?partnerID=HzOxMe3b&scp=105039873323&origin=inward,science-domain,,"openalex, dblp, scopus",llm,0.990,unreviewed,
discarded,Development and evaluation of a web-based toolkit to inform mental health professionals about digital mental health interventions for eating disorders,Mayer G.,2026,Journal of Eating Disorders,10.1186/s40337-025-01518-1,https://www.scopus.com/inward/record.uri?partnerID=HzOxMe3b&scp=105028794378&origin=inward,medicine-domain,,"openalex, dblp, scopus",llm,0.990,unreviewed,
discarded,"A comprehensive review of life cycle assessment in the leather industry: progress toward circularity, key challenges, and future directions",Li B.,2026,Collagen and Leather,10.1186/s42825-026-00246-9,https://www.scopus.com/inward/record.uri?partnerID=HzOxMe3b&scp=105038072931&origin=inward,non-computing-domain,,"openalex, dblp, scopus",llm,0.990,unreviewed,
discarded,Academic medical postgraduates: a competence iceberg model and measurement development,Yue J.J.,2026,Humanities and Social Sciences Communications,10.1057/s41599-025-06371-w,https://www.scopus.com/inward/record.uri?partnerID=HzOxMe3b&scp=105026815487&origin=inward,medicine-domain,,"openalex, dblp, scopus",llm,0.990,unreviewed,
discarded,Mountain glacier extents at the Last Glacial Maximum,Lima A.C.,2026,Scientific Data,10.1038/s41597-026-06841-z,https://www.scopus.com/inward/record.uri?partnerID=HzOxMe3b&scp=105036279853&origin=inward,science-domain,,"openalex, dblp, scopus",llm,0.990,unreviewed,
discarded,The (r)evolution of chemical space and molecular modeling: a time-resolved perspective,Del Moral-Morales A.,2026,Journal of Computer Aided Molecular Design,10.1007/s10822-026-00850-1,https://www.scopus.com/inward/record.uri?partnerID=HzOxMe3b&scp=105040672752&origin=inward,chemistry-domain,,"openalex, dblp, scopus",llm,0.990,unreviewed,
discarded,Fundamentals applications of blockchain impact on intelligent healthcare systems,Houssein E.H.,2026,Discover Internet of Things,10.1007/s43926-025-00252-z,https://www.scopus.com/inward/record.uri?partnerID=HzOxMe3b&scp=105030588962&origin=inward,medicine-domain,,"openalex, dblp, scopus",llm,0.990,unreviewed,
discarded,Evaluating training and competency assessment in public and community psychiatry: a narrative review,Coelho D.R.A.,2026,BMC Medical Education,10.1186/s12909-025-08351-9,https://www.scopus.com/inward/record.uri?partnerID=HzOxMe3b&scp=105027162617&origin=inward,medicine-domain,,"openalex, dblp, scopus",llm,0.990,unreviewed,
discarded,Towards safer public spaces: a systematic literature review on CPTED strategies in park design,Ouyang L.,2026,Security Journal,10.1057/s41284-026-00536-1,https://www.scopus.com/inward/record.uri?partnerID=HzOxMe3b&scp=105035058907&origin=inward,non-computing-domain,,"openalex, dblp, scopus",llm,0.990,unreviewed,
discarded,uAssign: Scalable and flexible interactive activities for teaching the UNIX terminal,Jacob Bailey,2018,Illinois Digital Environment for Access to Learning and Scholarship (University of Illinois at Urbana-Champaign),,https://openalex.org/W2904605855,cs1-learning-outcomes; MSc-thesis-superseded-by-SIGCSE-2019-paper,"In this thesis, I describe uAssign, an assignment system for teaching and assessing command line terminal skills. It allows an instructor to create terminal assignments where students complete a sequence of operations to achieve a goal correctly that can be automatically graded. Assignments can be randomized, and are created to an instructor's specification. uAssign provides a friendly user interface to a Docker container via an in-browser terminal emulator powered by WebSockets. Performance testing and its use in an ongoing course show that it is efficient enough to handle a large number of concurrent users. A survey of students shows significant improvement in terminal skill confidence after using uAssign and provides interesting insight into the preferences and opinions of freshman-level students on the subject of their development workflows and terminal experience.","openalex, dblp, scopus",human,0.990,human,
discarded,Stop Reinventing the Wheel! Promoting Community Software in Computing Education,Jeremiah Blanchard; John R. Hott; Vincent Berry; Rebecca Carroll; Bob Edmison; Richard Glassey; Oscar Karnalim; Brian Plancher; Seán Russell,2022,Annual Conference on Innovation and Technology in Computer Science Education Iticse,10.1145/3571785.3574129,https://openalex.org/W4313277151,education-technology-general,"Historically, computing instructors and researchers have developed a wide variety of tools to support teaching and educational research, including exam and code testing suites and data collection solutions. However, these tools often find limited adoption beyond their creators. As a result, it is common for many of the same functionalities to be re-implemented by different instructional groups within the Computing Education community. We hypothesise that this is due in part to discoverability, availability, and adaptability challenges. Further, instructors often face institutional barriers to deployment, which can include hesitance of institutions to rely on community developed solutions that often lack a centralised authority and may be community or individually maintained.","openalex, dblp, scopus",llm,0.940,unreviewed,
discarded,TAnnotator: Towards Annotating Programming E-textbooks with Facts and Examples,Akhila Sri Manasa Venigalla; Sridhar Chimalakonda,2023,Smart Learning Environments,10.1186/s40561-023-00228-y,https://openalex.org/W4317939684,programming-learning-not-shell,"Abstract E-textbooks are one of the commonly used sources to learn programming, in the domain of computer science and engineering. Programming related textbooks provide examples related to syntax, but the number of examples are often limited. Thus, beginners who use e-textbooks often visit other sources on the internet for examples and other information. Adding dynamic information to programming related e-textbooks such as additional information about topics of discussion and real-world programming examples could enhance readers’ experience, and improve their learning. Hence, towards enhancing user experience with programming-based e-textbooks, we present TAnnotator , a web-based portal that dynamically annotates computer-programming based e-textbook, The C ++ Tutorial , with related programming examples and tooltips . The tooltips aim to provide further knowledge to the readers about various concepts being discussed in textbooks by providing related facts adjacent to the text of the topic in the e-textbook. TAnnotator has been evaluated to assess the usefulness, user experience and complexity using UTAUT2 model through a user survey with 15 volunteers. The results of the survey indicated that TAnnotator was useful in providing additional knowledge on top of the e-textbook.","openalex, dblp, scopus",llm,0.940,unreviewed,
