status,title,authors,year,venue,doi,url,tags,abstract,provider,decision_source,llm_confidence,llm_review_outcome,llm_change_direction
discarded,Spatial modeling of activity and user assistance in instrumented environments,Christoph Stahl,2009,Publications of the UdS (Saarland University),10.22028/d291-26006,https://openalex.org/W1846852025,non-education,"This dissertation presents a design method for proactive user assistance systems in instrumented environments. The method addresses typical design issues, such as the modeling of users'; needs and the choice and placement of sensors and actuators for human-environment interaction. The design process is supported through the combination of a geometric environment model and a situational semantic activity model. The geometric model is used to visualize the spatial context, in which the activities that are to be supported take place. The activity model is derived from Activity Theory and hierarchically represents tasks and activities in their situational context. Both models are linked by an ontology and form a hybrid location model. To support the method, we implemented a map modeling toolkit that allows to geometrically represent built environments in 3-D, and to model their furnishing and instrumentation with sensors and actuators. Of particular importance was the development and integration of an ontology-based activity editor. Furthermore, the toolkit facilitates the development of navigational aid through a route finding algorithm. The work concludes with five use cases that describe how the method and modeling toolkit have been applied for the design and development of intelligent environments and navigational aid for indoor and outdoor spaces. It also highlights how Dual Reality settings have contributed to the simulation of the developed assistance systems.","openalex, scopus, wos",llm,0.980,unreviewed,
discarded,Developing a Modern Infrastructure for Open Distance Education in China: The Implementation of the NCEC Project,John Gordon; Chongrong Li; Zhangxi Lin; Dehua Yang,2004,Communications of the Association for Information Systems,10.17705/1cais.01405,https://openalex.org/W2111416627,education-technology-general,"The NCEC project was a joint venture between China and Europe to deliver Internet-based distance education in China. The project was proposed in 1995, sponsored by the European Union since 1998, and finally completed in 2002. This paper shows how the NCEC project was planned and developed, and the importance of its role in the history of Internet application development in China.","openalex, scopus, wos",llm,0.980,unreviewed,
discarded,A study of the effect of computer-based mastery quizzes on student learning,Darren F. Provine,2000,Rowan Digitals Works (Rowan University),,https://openalex.org/W2602808479,programming-learning-not-shell,"This study was designed to measure the effect of mastery quiz techniques on the test scores of undergraduate students enrolled in computer science classes. The experimental group took on-line mastery quizzes, administered over the Internet via web browser; the control group followed a relatively standard pop quiz methodology. Test scores of these groups were compared at the end of the study. A two-sample t-test showed no statistically significant difference in the scores of the two groups.","openalex, scopus, wos",llm,0.950,unreviewed,
discarded,Content-based encoding of mathematical and code libraries,Josef Urban,2011,Radboud Repository (Radboud University),,https://openalex.org/W2109470903,non-education,"This is a proposal for content-based canonical naming of mathematical objects aimed at semantic machine processing, and an initial investigation of how useful it can be, how similar it is to other approaches, what disadvantages and limitations it has, and how it could be extended. 1","openalex, scopus, wos",llm,0.980,unreviewed,
discarded,BioExcel-2 Deliverable D4.4 – Final report on dissemination and training,Michelle Mendonca; Dana Cernoskova; Marta Lloret Llinares; Victoria Hill; Alexandra Villa; Adam Hospital; Vera Master,2022,Zenodo (CERN European Organization for Nuclear Research),10.5281/zenodo.6503684,https://openalex.org/W4225102682,science-domain,"This document describes the dissemination and training activities that have been completed since July 2020, including an estimate of the impact that they had. The dissemination section presents information about the project website, social media channels, dissemination events and publications, as well as a report on the EMBO Workshop <em>Advances and Challenges in Biomolecular Simulations </em>organised in October 2021, the BioExcel flagship event. The training section presents the events organised and delivered in this period, the last updates in the BioExcel competency framework and a long-term impact assessment. The EMBO workshop <em>Advances and Challenges in Biomolecular Simulations </em>was successfully delivered in a virtual format in October 2021, after being postponed due to the COVID-19 pandemic. The event included 30 speakers, both invited and selected from abstracts, and 98 posters. It was attended by 173 participants from 16 countries worldwide, who participated in lectures and networking sessions. We observed a very low dropout rate over the four days of the event. According to the results of the event feedback survey, the overall evaluation of the meeting was: 40.71% ‘excellent’, 45.13% ‘very good’, and 12.39% ‘good’. The BioExcel social media channels have seen an upward growth since June 2020, with 3000 new followers on Twitter and 1300 on LinkedIn. The BioExcel website has received over 54000 unique users. BioExcel has participated in a total of 121 events, where we estimate that we have reached a minimum of 8172 people. In addition, BioExcel partners have published 39 articles. BioExcel converted the 2020 Summer School on Biomolecular Simulations to a remote event, thanks to the experience that we gained running virtual courses since 2019. Since then, we have run 3 more editions of the event, with improvements in each of them based on the experienced gained and the feedback from trainers and participants. In addition, we have run 17 training events, many of them in collaboration with other initiatives such as PRACE, other CoEs or National Competence Centres. The feedback received is very positive. All the events in this period were remote, but we plan to run a face-to-face Summer School in Sardinia in June 2022. The BioExcel competency profile has been updated in collaboration with PerMedCoE, so that the computing and parallel computing competencies of both profiles are common. We created six career profiles that are available on the EMBL-EBI Competency Hub. Two learning pathways, collections of training resources, have been created to guide learners in the use of HPC machines and Jupyter notebooks. The long-term impact of previous training activities shows that most respondents use the skills gained during the courses and many of them teach others, which broadens the impact that our training has in the community.","openalex, scopus, wos",llm,0.960,unreviewed,
discarded,A semi-automatic computer-aided assessment framework for primary mathematics,Adewale Adesina,2016,Loughborough University Institutional Repository (Loughborough University),,https://openalex.org/W2609293665,single-discipline-diagnostic,A Doctoral Thesis. Submitted in partial fulfilment of the requirements for the award of Doctor of Philosophy of Loughborough University.,"openalex, scopus, wos",llm,0.970,unreviewed,
discarded,Using chatbot in education – A systematic review and research agenda,Wut T.m.,2026,Social Sciences and Humanities Open,10.1016/j.ssaho.2026.102956,https://www.scopus.com/inward/record.uri?partnerID=HzOxMe3b&scp=105040081171&origin=inward,ai-chatbots-not-shell,"This paper examines the usage of chatbots in education context using a systematic review. Most of the latest reviews cover literature up to the year 2023 and before. There are hundreds of papers that have been published in the year 2024 and 2025. It is necessary to provide an updated systematic review of the topic. Two well-known databases, Web of Science and Scopus have been used in the study. Preferred Reporting Items for Systematic Review and Meta-Analysis (PRISMA) protocol was used in the study. 485 peer-reviewed journal articles have been included for the analysis. Current research themes in using Chatbot in education are Chatbot design, applications of Chatbots; student acceptance/adoption of Chatbots; Chatbot-human interaction; students' experience in using Chatbots, teachers’ perspectives on chatbot and student performance in using Chatbots. A new framework has been developed using current research themes. A list of unanswered research questions has been identified.","openalex, scopus, wos",llm,0.990,unreviewed,
discarded,"Using the Internet to Promote Health Behavior Change: A Systematic Review and Meta-analysis of the Impact of Theoretical Basis, Use of Behavior Change Techniques, and Mode of Delivery on Efficacy",Thomas L. Webb; Judith Joseph; Lucy Yardley; Susan Michie,2010,Journal of Medical Internet Research,10.2196/jmir.1376,https://openalex.org/W2089502871,medicine-domain,"BACKGROUND: The Internet is increasingly used as a medium for the delivery of interventions designed to promote health behavior change. However, reviews of these interventions to date have not systematically identified intervention characteristics and linked these to effectiveness. OBJECTIVES: The present review sought to capitalize on recently published coding frames for assessing use of theory and behavior change techniques to investigate which characteristics of Internet-based interventions best promote health behavior change. In addition, we wanted to develop a novel coding scheme for assessing mode of delivery in Internet-based interventions and also to link different modes to effect sizes. METHODS: We conducted a computerized search of the databases indexed by ISI Web of Knowledge (including BIOSIS Previews and Medline) between 2000 and 2008. Studies were included if (1) the primary components of the intervention were delivered via the Internet, (2) participants were randomly assigned to conditions, and (3) a measure of behavior related to health was taken after the intervention. RESULTS: We found 85 studies that satisfied the inclusion criteria, providing a total sample size of 43,236 participants. On average, interventions had a statistically small but significant effect on health-related behavior (d(+) = 0.16, 95% CI 0.09 to 0.23). More extensive use of theory was associated with increases in effect size (P = .049), and, in particular, interventions based on the theory of planned behavior tended to have substantial effects on behavior (d(+) = 0.36, 95% CI 0.15 to 0.56). Interventions that incorporated more behavior change techniques also tended to have larger effects compared to interventions that incorporated fewer techniques (P < .001). Finally, the effectiveness of Internet-based interventions was enhanced by the use of additional methods of communicating with participants, especially the use of short message service (SMS), or text, messages. CONCLUSIONS: The review provides a framework for the development of a science of Internet-based interventions, and our findings provide a rationale for investing in more intensive theory-based interventions that incorporate multiple behavior change techniques and modes of delivery.","openalex, scopus, wos",llm,1.000,unreviewed,
discarded,"A Survey on Wireless Security: Technical Challenges, Recent Advances, and Future Trends",Yulong Zou; Jia Zhu; Xianbin Wang; Lajos Hanzo,2016,Proceedings of the IEEE,10.1109/jproc.2016.2558521,https://openalex.org/W1957358593,non-education,"Due to the broadcast nature of radio propagation, the wireless air interface is open and accessible to both authorized and illegitimate users. This completely differs from a wired network, where communicating devices are physically connected through cables and a node without direct association is unable to access the network for illicit activities. The open communications environment makes wireless transmissions more vulnerable than wired communications to malicious attacks, including both the passive eavesdropping for data interception and the active jamming for disrupting legitimate transmissions. Therefore, this paper is motivated to examine the security vulnerabilities and threats imposed by the inherent open nature of wireless communications and to devise efficient defense mechanisms for improving the wireless network security. We first summarize the security requirements of wireless networks, including their authenticity, confidentiality, integrity, and availability issues. Next, a comprehensive overview of security attacks encountered in wireless networks is presented in view of the network protocol architecture, where the potential security threats are discussed at each protocol layer. We also provide a survey of the existing security protocols and algorithms that are adopted in the existing wireless network standards, such as the Bluetooth, Wi-Fi, WiMAX, and the long-term evolution (LTE) systems. Then, we discuss the state of the art in physical-layer security, which is an emerging technique of securing the open communications environment against eavesdropping attacks at the physical layer. Several physical-layer security techniques are reviewed and compared, including information-theoretic security, artificial-noise-aided security, security-oriented beamforming, diversity-assisted security, and physical-layer key generation approaches. Since a jammer emitting radio signals can readily interfere with the legitimate wireless users, we also introduce the family of various jamming attacks and their countermeasures, including the constant jammer, intermittent jammer, reactive jammer, adaptive jammer, and intelligent jammer. Additionally, we discuss the integration of physical-layer security into existing authentication and cryptography mechanisms for further securing wireless networks. Finally, some technical challenges which remain unresolved at the time of writing are summarized and the future trends in wireless security are discussed.","openalex, scopus, wos",llm,1.000,unreviewed,
discarded,Assessing digital self-efficacy: Review and scale development,Anna‐Sophie Ulfert; Isabelle Schmidt,2022,Computers & Education,10.1016/j.compedu.2022.104626,https://openalex.org/W4293382597,education-technology-general,"Today, digitalization is affecting all areas of life, such as education or work. The competent use of digital systems (esp. information and communication technologies [ICT]) has thus become an essential skill. Despite longstanding research on human-technology interaction and diverse theoretical approaches describing competences for interacting with digital systems, research still offers mixed results regarding the structure of digital competences. Self-efficacy is described as one of the most critical determinants of competent digital system use, and various self-report scales for assessing digital self-efficacy have been suggested. Yet, these scales largely differ in their proposed specificity, structure, validation, and timeliness. The present study aims at providing a systematic overview and comparison of existing measures of digital self-efficacy (DSE) to current theoretical digital competence frameworks. Further, we present a newly developed scale that assesses digital self-efficacy in heterogeneous adult populations, theoretically founded in the DigComp 2.1 and social-cognition theory. The factorial structure of the DSE scale is assessed to investigate multidimensionality. Further, the scale is validated considering the nomological network (actual ICT use, technophobia). Implications for research and practice are discussed.","openalex, scopus, wos",llm,0.970,unreviewed,
discarded,The relationship between student interaction with generative artificial intelligence and learning achievement: serial mediating roles of self-efficacy and cognitive engagement,Jing Liang; Lili Wang; Jia Luo; Yufei Yan; Chao Fan,2023,Frontiers in Psychology,10.3389/fpsyg.2023.1285392,https://openalex.org/W4390111395,ai-chatbots-not-shell,"Generative artificial intelligence (GAI) shocked the world with its unprecedented ability and raised significant tensions in the education field. Educators inevitably transition to an educational future that embraces GAI rather than shuns it. Understanding the mechanism between students interacting with GAI tools and their achievement is important for educators and schools, but relevant empirical evidence is relatively lacking. Due to the characteristics of personalization and real-time interactivity of GAI tools, we propose that the students-GAI interaction would affect their learning achievement through serial mediators of self-efficacy and cognitive engagement. Based on questionnaire surveys that include 389 participants as the objective, this study finds that: (1) in total, there is a significantly positive relationship between student-GAI interaction and learning achievement. (2) This positive relationship is mediated by self-efficacy, with a significant mediation effect value of 0.015. (3) Cognitive engagement also acts as a mediator in the mechanism between the student-GAI interaction and learning achievement, evidenced by a significant and relatively strong mediating effect value of 0.046. (4) Self-efficacy and cognitive engagement in series mediate this positive association, with a serial mediating effect value of 0.011, which is relatively small in comparison but also shows significance. In addition, the propensity score matching (PSM) method is applied to alleviate self-selection bias, reinforcing the validity of the results. The findings offer empirical evidence for the incorporation of GAI in teaching and learning.","openalex, scopus, wos",llm,0.980,unreviewed,
discarded,Attacks on Self-Driving Cars and Their Countermeasures: A Survey,Abdullahi Chowdhury; Gour Karmakar; Joarder Kamruzzaman; Alireza Jolfaei; Rajkumar Das,2020,IEEE Access,10.1109/access.2020.3037705,https://openalex.org/W3100096660,non-education,"Intelligent Traffic Systems (ITS) are currently evolving in the form of a cooperative ITS or connected vehicles. Both forms use the data communications between Vehicle-to-Vehicle (V2V), Vehicle-to-Infrastructure (V2I/I2V) and other on-road entities, and are accelerating the adoption of self-driving cars. The development of cyber-physical systems containing advanced sensors, sub-systems, and smart driving assistance applications over the past decade is equipping unmanned aerial and road vehicles with autonomous decision-making capabilities. The level of autonomy depends upon the make-up and degree of sensor sophistication and the vehicle's operational applications. As a result, self-driving cars are being compromised perceived as a serious threat. Therefore, analyzing the threats and attacks on self-driving cars and ITSs, and their corresponding countermeasures to reduce those threats and attacks are needed. For this reason, some survey papers compiling potential attacks on VANETs, ITSs and self-driving cars, and their detection mechanisms are available in the current literature. However, up to our knowledge, they have not covered the real attacks already happened in self-driving cars. To bridge this research gap, in this paper, we analyze the attacks that already targeted self-driving cars and extensively present potential cyber-attacks and their impacts on those cars along with their vulnerabilities. For recently reported attacks, we describe the possible mitigation strategies taken by the manufacturers and governments. This survey includes recent works on how a self-driving car can ensure resilient operation even under ongoing cyber-attack. We also provide further research directions to improve the security issues associated with self-driving cars.","openalex, scopus, wos",llm,1.000,unreviewed,
discarded,A Survey of Automatic Parameter Tuning Methods for Metaheuristics,Changwu Huang; Yuanxiang Li; Xin Yao,2019,IEEE Transactions on Evolutionary Computation,10.1109/tevc.2019.2921598,https://openalex.org/W2961614712,non-education,"Parameter tuning, that is, to find appropriate parameter settings (or configurations) of algorithms so that their performance is optimized, is an important task in the development and application of metaheuristics. Automating this task, i.e., developing algorithmic procedure to address parameter tuning task, is highly desired and has attracted significant attention from the researchers and practitioners. During last two decades, many automatic parameter tuning approaches have been proposed. This paper presents a comprehensive survey of automatic parameter tuning methods for metaheuristics. A new classification (or taxonomy) of automatic parameter tuning methods is introduced according to the structure of tuning methods. The existing automatic parameter tuning approaches are consequently classified into three categories: 1) simple generate-evaluate methods; 2) iterative generate-evaluate methods; and 3) high-level generate-evaluate methods. Then, these three categories of tuning methods are reviewed in sequence. In addition to the description of each tuning method, its main strengths and weaknesses are discussed, which is helpful for new researchers or practitioners to select appropriate tuning methods to use. Furthermore, some challenges and directions of this field are pointed out for further research.","openalex, scopus, wos",llm,0.990,unreviewed,
