status,title,authors,year,venue,doi,url,tags,abstract,provider,decision_source,llm_confidence,llm_review_outcome,llm_change_direction
discarded,Listening: The key concepts,Parks E.S.,2024,Listening the Key Concepts,10.4324/9781003410775,https://www.scopus.com/inward/record.uri?partnerID=HzOxMe3b&scp=85198256269&origin=inward,other-discipline,"A vital and comprehensive starting place for understanding the key concepts, this book explores 177 diverse types and styles of listening named in academic scholarship to date.&nbsp; This book is an encyclopaedic-style synthesis of existing literature related to listening styles and types. Through online academic resource curation and literature review synthesis, this key reference work offers a deep dive into the interdisciplinary foundations of listening. By providing a brief descriptive overview of each of the identified listening styles and types as well as the inclusion of key scholars related to them, this book challenges assumptions about “listening” as a singular communicative activity and offers students and scholars alike a place from which to draw key listening concepts. No other text has attempted to bring together previous listening scholarship in this expansive interdisciplinary way. This book promotes both the field of listening itself while also expanding opportunities for students of many disciplines to embed listening scholarship in their knowledge and practical application.&nbsp;&nbsp; The first of its kind, Listening: The Key Concepts is an expansive, state-of the-field exploration of listening scholarship that can be used as a guidebook for undergraduate and graduate students in Listening, Public Speaking, Interpersonal Communication, and Intercultural Communication courses as well as other related disciplines.&nbsp;","openalex, scopus, wos",llm,0.990,unreviewed,
discarded,Communication in a Civil Society,Lane S.D.,2024,Communication in A Civil Society,10.4324/9781003401711,https://www.scopus.com/inward/record.uri?partnerID=HzOxMe3b&scp=105044899649&origin=inward,other-discipline,"Using the concept of “civility” as the major theme, this fully updated second edition offers a unique and alternative way to teach and learn about communication. The book brings together discrete areas that explore the fundamentals of communication and intrapersonal communication, interpersonal communication, small group communication, and public speaking. Every chapter includes theories, concepts, and examples that allow students to use civil and ethical communication skills in their personal relationships, in collaboration with colleagues, and in giving public speeches and professional presentations. This new edition highlights advances in and concepts related to mediated and technology-based communication, such as chatbots, technostress, and dating apps, and shows how students can engage in civil face-to-face and mediated interaction. Additionally, each chapter includes a real-world incident that students are asked to analyze in terms of specific chapter information and skills related to civility. Communication in a Civil Society is an ideal textbook for Introduction to Communication, Interpersonal Communication, and Public Speaking courses. Materials for instructors including PowerPoint slides, a test bank, and an instructor’s manual, are available at www.routledge.com/9781032513263.","openalex, scopus, wos",llm,0.990,unreviewed,
discarded,Exploring Norms and Family Laws across the Globe,Breger M.L.,2022,Exploring Norms and Family Laws Across the Globe,10.5040/9781666990089,https://www.scopus.com/inward/record.uri?partnerID=HzOxMe3b&scp=105027005447&origin=inward,other-discipline,"Bringing together some of the world’s leading family law scholars, as well as bright and emerging minds in the field of global family law, this book explores the differences and commonalities in the conceptualization and legal treatment of families throughout different legal traditions. Each chapter delves into topics integral to family law jurisprudence and serves as a novel examination into a deep slice of family law. Together, the four parts and sixteen chapters create a melodious and intriguing examination of groundbreaking and cutting-edge areas of law in the realm of the family. The four parts primarily focus upon a major family law topic with the authors examining the laws across jurisdictions, cross-nationally, or in some cases intra-jurisdictionally. It is through this comparative lens that we see how family law concepts are woven into the fabric of overall society around the globe. This book is of interest to family law, international law, sociology, and socio-legal scholars.","openalex, scopus, wos",llm,0.990,unreviewed,
discarded,Handbook of crime correlates,Ellis L.,2019,Handbook of Crime Correlates,10.1016/C2015-0-01432-0,https://www.scopus.com/inward/record.uri?partnerID=HzOxMe3b&scp=85081898180&origin=inward,other-discipline,,"openalex, scopus, wos",llm,0.990,unreviewed,
discarded,"Maritime Governance: Speed, Flow, Form Process",Roe M.,2015,Maritime Governance Speed Flow Form Process,10.1007/978-3-319-21747-5,https://www.scopus.com/inward/record.uri?partnerID=HzOxMe3b&scp=84960235484&origin=inward,non-computing-domain,,"openalex, scopus, wos",llm,0.990,unreviewed,
discarded,Theoretical nursing: Development and progress: Fifth edition,Meleis A.I.,2012,Theoretical Nursing Development and Progress Fifth Edition,,https://www.scopus.com/inward/record.uri?partnerID=HzOxMe3b&scp=84971212683&origin=inward,nursing-domain,,"openalex, scopus, wos",llm,0.990,unreviewed,
discarded,"The design and implementation of an information literacy training course that integrated Information and Library Science conceptions of information literacy, educational theory and information behaviour research: a Tanzanian pilot study",Mark Hepworth; Evans Wema,2006,Innovation in Teaching and Learning in Information and Computer Sciences,10.11120/ital.2006.05010005,https://openalex.org/W2064334433,non-target-topic,"This paper reviews the implementation of an Information Literacy Training course at the University of Dar Es Salaam in Tanzania. The training lasted seven days and involved Masters students from the Faculty of Education. The course was created as part of a PhD research project on information literacy that was undertaken by the second author of this paper at the Department of Information Science at Loughborough University. The objective was to develop a training course that inculcated information literacy and could be implemented by staff in the library. The success of the course was therefore partly judged on whether it effectively enabled knowledge transfer. This was tested by involving librarians in the pilot, and who took the entire course, and then seeing whether they were able to effectively implement the course themselves. This paper explores the implementation of the information literacy training programme attended by Master students from the Faculty of Education at the University of Dar Es Salaam. The course was innovative in that it integrated knowledge from information behaviour research and educational theory with current perspectives of information literacy from Information and Library Science. The style of training was influenced by the pedagogical theories of Kolb and Vygotsky that stress the importance of experiential and reflective learning and mediated communication. The notion that learning information literacy is more akin to learning a culture rather than skills and that learners are active participants in the learning process further emphasised the need for communication and sharing of learning throughout the course. All stages of the course were evaluated using quizzes, exercises, group reflection and presentations that related to each stage in the course. Trainees’ knowledge of information literacy was evaluated before and after the course to provide an indication of changes in knowledge. A review of the course content and its rationale is given here, challenges are identified, and questions about future initiatives are raised. The course, judging from the various forms of feedback, was effective. It also enabled the librarians to run subsequent courses, including the training of Masters students described in this paper. Hence, the programme proved successful in terms of knowledge transfer.","openalex, scopus, wos",llm,0.900,unreviewed,
discarded,Files Circulation and the Forms of Legal Experts,Leticia Barrera,2008,Journal of Legal Anthropology,10.3167/jla.2008.010101,https://openalex.org/W2504097641,non-education,"A common assumption in Western legal cultures is that judicial law-making is materialised in practices that resemble the operation of a professional bureaucracy, practices that are also central to the construction of knowledge in other systems, such as accounting, audit, science, and even ethnography (Dauber 1995; Strathern 2000; Riles 2000, 2004, 2006; Maurer 2002; Yngvesson and Coutin 2006). This argument situates the judiciary as a formalistic organization that builds its ambition of universality on the procurement and dissemination of knowledge on a rational basis. Drawing on ethnographic research in the Argentine Supreme Court, this paper seeks to unpack this assumption through a detailed look at how the figures of legal bureaucrats, in particular law clerks, become visible through the documentary practices they perform within the judicial apparatus. As these practices unfold, they render visible these subjects in different forms, though not always accessible to outsiders. Persons are displayed through a bureaucratic circuit of files that simultaneously furthers and denies human agency while reinforcing the division of labour within the institution. This dynamic, I argue, can be understood in light of Marilyn Strathern’s (1988) insights about the forms of objectification and personification that operate in two “ethnographically conceived” social domains (Pottage 2001:113): a Euro-American commodity-driven economy, and Melanesia’s economy based on gift-exchange.","openalex, scopus, wos",llm,0.980,unreviewed,
discarded,Student and staff perceptions of the effectiveness of plagiarism detection software,Doug Atkinson; Sue Yeoh,2008,Australasian Journal of Educational Technology,10.14742/ajet.1224,https://openalex.org/W2096175958,academic-integrity,"&lt;span&gt;The aim of this research was to determine student and staff perceptions of the effectiveness of plagiarism detection software. A mixed methods approach was undertaken, using a research model adapted from the literature. Eight hours of interviews were conducted with six students and six teaching staff from Curtin Business School at Curtin University of Technology, which had trialled the plagiarism detection software, &lt;/span&gt;&lt;em&gt;EVE2&lt;/em&gt;&lt;span&gt;. A survey questionnaire was completed by 171 students involved in the trial. The summary indication was that students perceived that plagiarism is an important issue; detection software makes it easier for lecturers; it is fair to use detection software; students support its use; and it will have some effect in preventing plagiarism. However, students' concerns included being caught for unintentional plagiarism, teaching staff placing too much emphasis on detection results above student ability, and the accuracy of the software at detecting plagiarism. Concerns for teaching staff included the time taken for the detection process, limitation of the software to publicly based Internet sources and direct copying, and the extra workload involved with pursuing academic misconduct.&lt;/span&gt;","openalex, scopus, wos",llm,0.970,unreviewed,
discarded,Facilitating digital collaboration through knowledge management: a case study,Yawar Abbas; Alberto Martinetti; Mohammad Rajabalinejad; Florian Schuberth; Leo van Dongen,2022,Knowledge Management Research & Practice,10.1080/14778238.2022.2029597,https://openalex.org/W4213288554,non-education,"Knowledge management (KM) can facilitate collaboration and enhance innovation. To manage knowledge, organisations typically implement knowledge management systems (KMSs). It has been shown that KMS facilitates the management of explicit knowledge. However, KMSs are at times not embraced because of issues such as long file search times and information overload. Moreover, managing tacit knowledge via KMS is hardly discussed in literature. To shed light on these issues, this paper conducts a case study at a railway infrastructure manager. Three key practical problems have been identified that hinder current KMS use and sharing of tacit knowledge. To overcome these problems, a KM platform was developed, and its usability was assessed with 17 experts. A paired-samples t-test reveals that the developed platform reduces the file search time compared to the current solution. Moreover, structured interviews show that the lesson-learned site component contributes to improved learning, and the KM platform facilitates collaboration building.","openalex, scopus, wos",llm,0.970,unreviewed,
discarded,Introducing The iPad in A Norwegian High School: How Do Students and Teachers React to This Technology,Henrik Valstad,2011,BIBSYS Brage (BIBSYS (Norway)),,https://openalex.org/W115645502,education-technology-general,"This thesis studies the use of iPad in a Norwegian classroom. The aim of this thesis is to evaluate how suitable the iPad is in a classroom, what are the advantages and disadvantages of using it and if it can produce increased motivation towards learning among students. To conduct this evaluation in a realistic setting, a class with 15 students together with 5 teachers were each provided with 1 iPad. A set of qualitative data gathering activities were selected; observations, focus group meetings and interviews. Through these activities empirical data was obtained for further analysis and discussion.Abstract The findings indicate that the iPad hold many advantages in a classroom, but not without disadvantages. iPad's convenient size made reading easier for the students. Multiple means of content representation and possible ways of expression provided students with options in learning. It was found an increase in motivation among several of the students. The disadvantages are that the iPad requires extensive training, if it would be used to it fullest potential and not as another substitute to a laptop computer. Lack of educational content, such as multimedia enriched books is needed to increase learning, simply because PDF versions of textbooks does not bring anything new except increased portability. Abstract The main challenge in this project was the balancing act of two somewhat conflicting goals: Acquiring knowledge of the pedagogical advantages of the iPad, thus covering the breadth of its features, while at the same time being constrained by very strict network restrictions, which resulted in that not all of iPad's features could be used. Abstract From this work, the project team has gained deep insight in how the iPad should be integrated into schools. We are particularly pleased with how many of the students used the iPad to solve tasks and used it with their schoolwork. The teachers in this thesis are positive towards the iPad's educational capabilities, and this thesis will provide useful information for anyone considering using the iPad in school and what kind of experiences and difficulties to expect.","openalex, scopus, wos",llm,0.970,unreviewed,
discarded,A study of selected teachers' perceptions of grade retention in a Florida school district,Julius L. Wynn,2010,Digital Commons - University of South Florida (University of South Florida),,https://openalex.org/W1485951527,general-education,"This study examined and analyzed selected middle school teachers' perceptions of grade retention, and informed teachers about current and past research on grade retention. Through analysis of teacher interviews and using a Likert scale instrument, responses indicated that teachers continue to support and to use retention when students do not master required objectives for promotion. Because of the new Florida retention policy and the No Child Left Behind policy, it was critical to measure teachers' levels of understanding and perceptions of grade retention.\nTheir perceptions gave insight into their thoughts and beliefs about the practice. Survey responses of 326 teachers in five selected middle schools in Florida and ten interviews clearly indicated that teachers believe children should be retained. A majority, nearly 83%, disagreed that students should not be retained. Although suspension and attendance have bearing, over 76% of teachers agreed that poor academics were the major reason for retention.\nOver 65% of teachers indicated that grade retention allows students who are behind academically to ""catch-up"" with peers. In addition, nearly 39% disagreed that retention is harmful to a child's self-concept/self-image. However, nearly 80% of teachers agreed grade retention affects a child's self-esteem. Data also indicated 56% of students who are more than two grades behind should not be retained. A chi-square statistics test used to measure significant differences based on teachers' years of teaching experience, grade level taught, race of teacher and socioeconomic status of the students, found significant differences only for student socioeconomic status. Although students have been retained since one-room schoolhouses, research on effectiveness of retention clearly points to instead of practicing grade retention, teachers, administrators, and parents need to analyze data in greater depth. Without more studies and analysis, teachers, administrators, and parents will continue a practice research has found harmful instead of beneficial to students.\nEducators must find a way to ensure that every child experiences academic success. Each educator must devise methods of working with students before they fail a grade. Tutoring, remediation, mentoring, small group work, after school programs, Saturday school, and summer school can help children learn.","openalex, scopus, wos",llm,0.980,unreviewed,
discarded,Automated formative feedback and summative assessment using individualised spreadsheet assignments,Paul Blayney; Mark Freeman,2004,Australasian Journal of Educational Technology,10.14742/ajet.1360,https://openalex.org/W1939994043,education-technology-general,"&lt;span&gt;This paper reports on the effects of automating formative feedback at the student's discretion and automating summative assessment with individualised spreadsheet assignments. Quality learning outcomes are achieved when students adopt deep approaches to learning (Ramsden, 2003). Learning environments designed to align assessment to learning objectives and learning activities encourage these approaches (Biggs 1999). A crucial part of any learning or assessment activity is the degree to which students receive timely and effective feedback. As academics have experienced more pressure, frequently feedback has been limited to a single score, achieved most commonly by auto-corrected multiple choice questions in ICT supported environments. Spreadsheet assignments are a good way to learn and demonstrate understanding of concepts requiring calculation and interaction of different elements. However, they can be an assessment nightmare either because of validity problems (the potential for cheating using the cell copy function) or because of marking time (if students are allowed individual choice in application topic). This paper responds to Higgins, Hartley and Skelton's (2002) observation on the lack of research on feedback and builds on work by Lehman and Herring (2003) in using interactive spreadsheets to provide immediate feedback by describing effects on students. Effects on academics and their productivity are considered, including Rogers' (1995) diffusion of innovation factors. Academics and academic managers seeking ways to improve learning by improving feedback, without an increasing workload, will find this research of interest.&lt;/span&gt;","openalex, scopus, wos",llm,0.970,unreviewed,
