status,title,authors,year,venue,doi,url,tags,abstract,provider,decision_source,llm_confidence,llm_review_outcome,llm_change_direction
discarded,"Behaviour change techniques: the development and evaluation of a taxonomic method for reporting and describing behaviour change interventions (a suite of five studies involving consensus methods, randomised controlled trials and analysis of qualitative data)",Susan Michie; Caroline E Wood; Marie Johnston; Charles Abraham; Jill Francis; Wendy Hardeman,2015,Health Technology Assessment,10.3310/hta19990,https://openalex.org/W2186580260,method-paper-outside-scope,"BACKGROUND: Meeting global health challenges requires effective behaviour change interventions (BCIs). This depends on advancing the science of behaviour change which, in turn, depends on accurate intervention reporting. Current reporting often lacks detail, preventing accurate replication and implementation. Recent developments have specified intervention content into behaviour change techniques (BCTs) - the 'active ingredients', for example goal-setting, self-monitoring of behaviour. BCTs are 'the smallest components compatible with retaining the postulated active ingredients, i.e. the proposed mechanisms of change. They can be used alone or in combination with other BCTs' (Michie S, Johnston M. Theories and techniques of behaviour change: developing a cumulative science of behaviour change. Health Psychol Rev 2012;6:1-6). Domain-specific taxonomies of BCTs have been developed, for example healthy eating and physical activity, smoking cessation and alcohol consumption. We need to build on these to develop an internationally shared language for specifying and developing interventions. This technology can be used for synthesising evidence, implementing effective interventions and testing theory. It has enormous potential added value for science and global health. OBJECTIVE: (1) To develop a method of specifying content of BCIs in terms of component BCTs; (2) to lay a foundation for a comprehensive methodology applicable to different types of complex interventions; (3) to develop resources to support application of the taxonomy; and (4) to achieve multidisciplinary and international acceptance for future development. DESIGN AND PARTICIPANTS: Four hundred participants (systematic reviewers, researchers, practitioners, policy-makers) from 12 countries engaged in investigating, designing and/or delivering BCIs. Development of the taxonomy involved a Delphi procedure, an iterative process of revisions and consultation with 41 international experts; hierarchical structure of the list was developed using inductive 'bottom-up' and theory-driven 'top-down' open-sort procedures (n = 36); training in use of the taxonomy (1-day workshops and distance group tutorials) (n = 161) was evaluated by changes in intercoder reliability and validity (agreement with expert consensus); evaluating the taxonomy for coding interventions was assessed by reliability (intercoder; test-retest) and validity (n = 40 trained coders); and evaluating the taxonomy for writing descriptions was assessed by reliability (intercoder; test-retest) and by experimentally testing its value (n = 190). RESULTS: Ninety-three distinct, non-overlapping BCTs with clear labels and definitions formed Behaviour Change Technique Taxonomy version 1 (BCTTv1). BCTs clustered into 16 groupings using a 'bottom-up' open-sort procedure; there was overlap between these and groupings produced by a theory-driven, 'top-down' procedure. Both training methods improved validity (both p < 0.05), doubled the proportion of coders achieving competence and improved confidence in identifying BCTs in workshops (both p < 0.001) but did not improve intercoder reliability. Good intercoder reliability was observed for 80 of the 93 BCTs. Good within-coder agreement was observed after 1 month (p < 0.001). Validity was good for 14 of 15 BCTs in the descriptions. The usefulness of BCTTv1 to report descriptions of observed interventions had mixed results. CONCLUSIONS: The developed taxonomy (BCTTv1) provides a methodology for identifying content of complex BCIs and a foundation for international cross-disciplinary collaboration for developing more effective interventions to improve health. Further work is needed to examine its usefulness for reporting interventions. FUNDING: This project was funded by the Medical Research Council Ref: G0901474/1. Funding also came from the Peninsula Collaboration for Leadership in Applied Health Research and Care.","openalex, scopus, wos",llm,0.980,unreviewed,
discarded,Monitoring Students at the University: Design and Application of a Moodle Plugin,María Consuelo Sáiz Manzanares; Raúl Marticorena Sánchez; César García‐Osorio,2020,Applied Sciences,10.3390/app10103469,https://openalex.org/W3025554125,education-technology-general,"Early detection of at-risk students is essential, especially in the university environment. Moreover, personalized learning has been shown to increase motivation and lower student dropout rates. At present, the average dropout rates among students following courses leading to the award of Spanish university degrees are around 18% and 42.8% for presential teaching and online courses, respectively. The objectives of this study are: (1) to design and to implement a Modular Object-Oriented Dynamic Learning Environment (Moodle) plugin, “eOrientation”, for the early detection of at-risk students; (2) to test the effectiveness of the “eOrientation” plugin on university students. We worked with 279 third-year students following health sciences degrees. A process for extracting information records was also implemented. In addition, a learning analytics module was developed, through which both supervised and unsupervised Machine Learning techniques can be applied. All these measures facilitated the personalized monitoring of the students and the easier detection of students at academic risk. The use of this tool could be of great importance to teachers and university governing teams, as it can assist the early detection of students at academic risk. Future studies will be aimed at testing the plugin using the Moodle environment on degree courses at other universities.","openalex, scopus, wos",llm,0.970,unreviewed,
discarded,"BeSocratic: An Intelligent Tutoring System for the Recognition, Evaluation, and Analysis of Free-Form Student Input.",Samuel Bryfczynski,2012,TigerPrints (Clemson University),,https://openalex.org/W1482885990,education-technology-general,"This dissertation describes a novel intelligent tutoring system, BeSocratic, which aims to help fill the gap between simple multiple-choice systems and free-response systems. BeSocratic focuses on targeting questions that are free-form in nature yet defined to the point which allows for automatic evaluation and analysis. The system includes a set of modules which provide instructors with tools to assess student performance. Beyond text boxes and multiple-choice questions, BeSocratic contains several modules that recognize, evaluate, provide feedback, and analyze student-drawn structures, including Euclidean graphs, chemistry molecules, computer science graphs, and simple drawings. Our system uses a visual, rule-based authoring system which enables the creation of activities for use within science, technology, engineering, and mathematics classrooms. BeSocratic records each action that students make within the system. Using a set of post-analysis tools, teachers have the ability to examine both individual and group performances. We accomplish this using hidden Markov model-based clustering techniques and visualizations. These visualizations can help teachers quickly identify common strategies and errors for large groups of students. Furthermore, analysis results can be used directly to improve activities through advanced detection of student errors and refined feedback. BeSocratic activities have been created and tested at several universities. We report specific results from several activities, and discuss how BeSocratic's analysis tools are being used with data from other systems. We specifically detail two chemistry activities and one computer science activity: (1) an activity focused on improving mechanism use, (2) an activity which assesses student understanding of Gibbs energy, and (3) an activity which teaches students the fundamentals of splay trees. In addition to analyzing data collected from students within BeSocratic, we share our visualizations and results from analyzing data gathered with another educational system, PhET.","openalex, scopus, wos",llm,0.940,unreviewed,
discarded,"A model, schema, and interface for metadata file systems",Stijn Dekeyser; Richard T. Watson; Lasse Motrøen,2008,University of Southern Queensland ePrints (University of Southern Queensland),,https://openalex.org/W1608438500,non-target-topic,"Modern computer systems are based on the traditional hierarchical file system model, but typically contain large numbers of files with complex interrelationships. This traditional model is not capable of meeting the needs of current computer system users, who need to be able to store and retrieve files based on flexible criteria. A metadata file system can associate an extensive and rich set of data with a file, thus enabling more effective file organisation and retrieval than traditional file systems.&#13;\nIn this paper we review a wide range of existing proposals to add metadata to files and make that metadata available for searching. We then propose a hierarchy of definitions for metadata file systems based on the reviewed prototypes. We introduce a data model for a database-oriented pure mdfss complete with operations and semantics. The model supports user-initiated instance and schema updates and file searches based on structured queries. We also explore the design space of a set of user interface operations intended to implement the pure model and facilitate the capturing of rich metadata. We argue that without such a simple method for users to create rich metadata, progress in this field will remain limited.","openalex, scopus, wos",llm,0.760,unreviewed,
discarded,"Mental disorder, psychological problems and terrorist behaviour: A systematic review and meta-analysis",Kiran Sarma; Sarah L. Carthy; Katie Cox,2022,Campbell Systematic Reviews,10.1002/cl2.1268,https://openalex.org/W4293194690,medicine-domain,"Background The link between mental health difficulties and terrorist behaviour has been the subject of debate for the last 50 years. Studies that report prevalence rates of mental health difficulties in terrorist samples or compare rates for those involved and not involved in terrorism, can inform this debate and the work of those responsible for countering violent extremism. Objectives To synthesise the prevalence rates of mental health difficulties in terrorist samples (Objective 1—Prevalence) and prevalence of mental health disorders pre-dating involvement in terrorism (Objective 2—Temporality). The review also synthesises the extent to which mental health difficulties are associated with terrorist involvement compared to non-terrorist samples (Objective 3—Risk Factor). Search Methods Searches were conducted between April and June 2022, capturing research until December 2021. We contacted expert networks, hand-searched specialist journals, harvested records from published reviews, and examined references lists for included papers to identify additional studies. Selection Criteria Studies needed to empirically examine mental health difficulties and terrorism. To be included under Objective 1 (Prevalence) and Objective 2 (Temporality), studies had to adopt cross-sectional, cohort, or case-control design and report prevalence rates of mental health difficulties in terrorist samples, with studies under Objective 2 also needing to report prevalence of difficulties before detection or involvement in terrorism. For Objective 3 (Risk Factor) studies where there was variability in terrorist behaviour (involved vs. not involved) were included. Data Collection and Analysis Captured records were screened in DisillterSR by two authors. Risk of bias was assessed using Joanna Briggs Institute checklists, and random-effects meta-analysis conducted in Comprehensive Meta-Analysis software. Results Fifty-six papers reporting on 73 different terrorist samples (i.e., studies) ( n = 13,648) were identified. All were eligible for Objective 1. Of the 73 studies, 10 were eligible for Objective 2 (Temporality) and nine were eligible for Objective 3 (Risk Factor). For Objective 1, the life-time prevalence rate of diagnosed mental disorder in terrorist samples ( k = 18) was 17.4% [95% confidence interval (CI) = 11.1%–26.3%]. When collapsing all studies reporting psychological problems, disorder, and suspected disorder into one meta-analyses ( k = 37), the pooled prevalence rate was 25.5% (95% CI = 20.2%–31.6%). When isolating studies reporting data for any mental health difficulty that emerged before either engagement in terrorism or detection for terrorist offences (Objective 2: Temporality), the life-time prevalence rate was 27.8% (95% CI = 20.9%–35.9%). For Objective 3 (Risk Factor), it was not appropriate to calculate a pooled effect size due the differences in comparison samples. Odds ratios for these studies ranged from 0.68 (95% CI = 0.38–1.22) to 3.13 (95% CI = 1.87–5.23). All studies were assessed as having high-risk of bias which, in part, reflects challenges conducting terrorism research. Author's Conclusions This review does not support the assertion that terrorist samples are characterised by higher rates of mental health difficulties than would be expected in the general population. Findings have implications for future research in terms of design and reporting. There are also implications for practice with regards the inclusion of mental health difficulties as indicators of risk.","openalex, scopus, wos",llm,1.000,unreviewed,
discarded,Teachers' Beliefs About Reading Assessment with Latino Language Minority Students,Robert Rueda; Erminda Garcia,1994,eScholarship (California Digital Library),,https://openalex.org/W1548729714,language-education,"Because of the psychometric bias in much of the work on assessment, much attention has been focused on the technical aspects of assessment to the exclusion of other aspects of the overall literacy context. In particular, little attention has been paid to test users, especially in classroom settings. To date, little is known about teachers' beliefs and everyday practices regarding assessment. There is even less known about how various factors such as professional background might influence these beliefs and practices. This information is important, especially in light of the changing paradigms impacting educational practice and the increasing linguistic and cultural diversity in many classrooms.Given this knowledge gap, the present study investigated teachers' belief systems or mental models and everyday practices regarding the nature, function, and uses of assessment with a special focus on reading with Latino language minority students. These mental models can be seen as integrated systems of concepts, scripts, and scenes which function to lend meaning to the action systems of classrooms.Three groups of teachers (special education pull-out, bilingual credentialed, and bilingual waivered) of Latino language minority students were included in the study (n = 18 per group). Multiple methods were used in the investigation, including semi-structured interviews, a written questionnaire, classroom observation, and analysis of documents and classroom products related to assessment.It was found that there were clear differences among the groups with the special education teachers most unlike the other two groups. In addition, there was a general discrepancy between the belief systems of a significant proportion of the teachers studied and the more constructivist and socioculturally-based principles underlying many recent theoretical and reform-based initiatives. The results are discussed in the context of both educational reform and teacher training efforts.","openalex, scopus, wos",llm,0.980,unreviewed,
discarded,The AI Ideal,Lidströmer N.,2026,AI Ideal Aidealism and the Governance of AI,10.1016/C2025-0-02242-1,https://www.scopus.com/inward/record.uri?partnerID=HzOxMe3b&scp=105036935802&origin=inward,ai-chatbots-not-shell,,"openalex, scopus, wos",llm,0.990,unreviewed,
discarded,Revisiting the impact of errors in L2/FL writing: A methodological review of five decades of research,Hong W.C.H.,2025,Research Methods in Applied Linguistics,10.1016/j.rmal.2025.100269,https://www.scopus.com/inward/record.uri?partnerID=HzOxMe3b&scp=105018230620&origin=inward,language-education,"Despite five decades of research into error gravity (EG) in writing, the field remains characterized by contradictory findings and limited practical applications. This methodology review critically examines the methods and their impact on findings across this fragmented research landscape. Through a two-phase approach-a selective review of studies from 1970-2015 (n = 21) and a PRISMA review of 2016-2025 research (n = 16)-four key constructs that have shaped the field are identified: reader perceptions, comprehension, awareness/sensitivity, and processing effort. Analyses reveal significant methodological limitations that have hindered progress, including over-reliance on subjective assessments, inconsistent error categorization, limited participant representativeness, and lack of theoretical grounding. The research trajectory shows a shifting focus from comprehension in early studies to reader preferences in the 2000s, followed by renewed interest in communication effectiveness and the emergence of processing effort as a novel yet critical construct, despite the persistent dominance of subjective ratings. Recommendations for future research are proposed, including the potential theories to frame studies, adoption of direct and validated methods and shifting focus to non-teacher participant populations. Only with genuine methodological advancements can this strand of study meaningfully inform L2/FL pedagogy and curriculum, providing evidence-based guidance for prioritizing certain L2 issues in instructions.","openalex, scopus, wos",llm,0.990,unreviewed,
discarded,Environmental leadership in a VUCA era: An interdisciplinary handbook,Miao Q.,2025,Environmental Leadership in A Vuca Era an Interdisciplinary Handbook,10.1007/978-981-96-0324-4,https://www.scopus.com/inward/record.uri?partnerID=HzOxMe3b&scp=105002202537&origin=inward,non-computing-domain,"This book addresses the fundamental philosophies and theories of environmental leadership, including how to develop capacity for its practice","openalex, scopus, wos",llm,0.990,unreviewed,
discarded,Health Equity and Health Inequity of Disabled People: A Scoping Review,Wolbring G.,2024,Sustainability Switzerland,10.3390/su16167143,https://www.scopus.com/inward/record.uri?partnerID=HzOxMe3b&scp=85202612905&origin=inward,medicine-domain,"Health equity is an important aspect of wellbeing and is impacted by many social determinants. The UN Convention on the Rights of Persons with Disabilities (CRPD) is a testament to the lack of health equity and the many health inequity issues based on social determinants experienced by disabled people. The health equity/health inequity situation of disabled people is even worse if their identities intersect with those of other marginalized groups. Many societal developments and discussions including discussions around the different sustainability pillars can influence the health equity/health inequity of disabled people. The general aim of this study was to better understand the academic engagement with the health equity and health inequity of disabled people beyond access to healthcare. To fulfill our aim, we performed a scoping review of academic abstracts using a hit count manifest coding and content analysis approach to abstracts obtained from SCOPUS, the 70 databases of EBSCO-HOST, Web of Science, and PubMed. Health equity and health inequity abstracts rarely cover disabled people as a group, less with many specific groups of disabled people, and even less or not at all with the intersectionality of disabled people belonging to other marginalized groups. Many social determinants that can influence the health equity and health inequity of disabled people were not present. Ability-based concepts beyond the term ableism, intersectionality-based concepts, and non-health based occupational concepts were not present in the abstracts. Our qualitative content analysis of the 162 abstracts containing health equity and disability terms and 177 containing health inequity and disability terms found 65 relevant abstracts that covered problems with health equity disabled people face, 17 abstracts covered factors of health inequity, and 21 abstracts covered actions needed to deal with health inequity. Our findings suggest a need as well as many opportunities for academic fields and academic, policy, and community discussions to close the gaps in the coverage of health equity and health inequity of disabled people.","openalex, scopus, wos",llm,1.000,unreviewed,
discarded,"Change dynamics in healthcare, technological innovations, and complex scenarios",Burrell D.N.,2024,Change Dynamics in Healthcare Technological Innovations and Complex Scenarios,10.4018/979-8-3693-3555-0,https://www.scopus.com/inward/record.uri?partnerID=HzOxMe3b&scp=85189132679&origin=inward,medicine-domain,,"openalex, scopus, wos",llm,0.990,unreviewed,
