status,title,authors,year,venue,doi,url,tags,abstract,provider,decision_source,llm_confidence,llm_review_outcome,llm_change_direction
discarded,Development and evaluation by a cluster randomised trial of a psychosocial intervention in children and teenagers experiencing diabetes: the DEPICTED study,J W Gregory; Michael Robling; Kristina Bennert; Sue Channon; David Cohen; Elizabeth Crowne; Helen Hambly; Kamila Hawthorne; Kerenza Hood; Mirella Longo; Lesley Lowes; Rachel McNamara; Timothy Pickles; Rebecca Playle; Stephen Rollnick; Emma Thomas‐Jones,2011,Health Technology Assessment,10.3310/hta15290,https://openalex.org/W2108906351,medicine-domain,"OBJECTIVE: To develop and evaluate a health-care communication training programme to help diabetes health-care professionals (HCPs) counsel their patients more skilfully, particularly in relation to behaviour change. DESIGN: The HCP training was assessed using a pragmatic, cluster randomised controlled trial. The primary and secondary analyses were intention-to-treat comparisons of outcomes using multilevel modelling to allow for cluster (service) and individual effects, and involved two-level linear models. SETTING: Twenty-six UK paediatric diabetes services. PARTICIPANTS: The training was delivered to HCPs (doctors, nurses, dietitians and psychologists) working in paediatric diabetes services and the effectiveness of this training was measured in 693 children aged 4-15 years and families after 1 year (95.3% follow-up). INTERVENTIONS: A blended learning programme was informed by a systematic review of the literature, telephone and questionnaire surveys of professional practice, focus groups with children and parents, experimental consultations and three developmental workshops involving a stakeholder group. The programme focused on agenda-setting, flexible styles of communication (particularly guiding) and a menu of strategies using web-based training and practical workshops. MAIN OUTCOME MEASURES: The primary trial outcome was a change in glycosylated haemoglobin (HbA1c) levels between the start and finish of a 12-month study period. Secondary trial outcomes included change in quality of life, other clinical [including body mass index (BMI)] and psychosocial measures (assessed at participant level as listed above) and cost (assessed at service level). In addition, patient details (HbA1c levels, height, weight, BMI, insulin regimen), health service contacts and patient-borne costs were recorded at each clinic visit, along with details of who patients consulted with, for how long, and whether or not patients consulted on their own at each visit. Patients and carers were also asked to complete an interim questionnaire assessing patient enablement (or feelings towards clinic visit for younger patients aged 7-10 years) at their first clinic visit following the start of the trial. The cost of the intervention included the cost of training intervention teams. RESULTS: Trained staff showed better skills than control subjects in agenda-setting and consultation strategies, which waned from 4 to 12 months. There was no effect on HbA1c levels (p = 0.5). Patients in intervention clinics experienced a loss of confidence in their ability to manage diabetes, whereas controls showed surprisingly reduced barriers (p = 0.03) and improved adherence (p = 0.05). Patients in intervention clinics reported short-term increased ability (p = 0.04) to cope with diabetes. Parents in the intervention arm experienced greater excitement (p = 0.03) about clinic visits and improved continuity of care (p = 0.01) without the adverse effects seen in their offspring. The mean cost of training was £13,145 per site or £2163 per trainee. There was no significant difference in total NHS costs (including training) between groups (p = 0.1). CONCLUSIONS: Diabetes HCPs can be trained to improve consultation skills, but these skills need reinforcing. Over 1 year, no benefits were seen in children, unlike parents, who may be better placed to support their offspring. Further modification of this training is required to improve outcomes that may need to be measured over a longer time to see effects. TRIAL REGISTRATION: Current Controlled Trials ISRCTN61568050. FUNDING: This project was funded by the NIHR Health Technology Assessment programme and will be published in full in Health Technology Assessment; Vol. 15, No. 29. See the HTA programme website for further project information.","openalex, scopus, wos",llm,1.000,unreviewed,
discarded,Supporting Collaborative Tailoring,Volkmar Pipek; Helge Kahler,2006,Human-computer interaction series,10.1007/1-4020-5386-x_15,https://openalex.org/W2143311044,non-education,,"openalex, scopus, wos",llm,0.980,unreviewed,
discarded,"A Movement Wrestling: American Labor's Enduring Struggle with Immigration, 1866–2007",Janice Fine; Daniel J. Tichenor,2009,Studies in American Political Development,10.1017/s0898588x09000042,https://openalex.org/W2085456029,non-education,"This article examines the American labor movement's struggles since the nineteenth century over how to respond to mass immigration. Labor's struggles have turned on whether it views new waves fundamentally as a threat, which elicits a strategy of restriction, or an opportunity, which elicits a strategy of solidarity. It also captures the advantages of a longue-duree approach for understanding the fraught and evolving relationship between American unionism and immigration. Rather than a Briggsian story of labor traditionally embracing a restrictionist position, our archival and interview research from the Reconstruction Era to present shows that labor's position on immigration has been in regular contention—with disagreements getting resolved in a restrictionist direction during certain periods and an expansionist one during others. Likewise, the familiar scholarly claim that an unprecedented “turnabout” in labor's response to immigration can be pinpointed to 1999 ignores more than a century of internal debate and variegated external activism on this issue. We lay out an analytical model for understanding why the labor movement has viewed new immigrant workers as a threat in certain contexts and an opportunity for growth in others. The model highlights how three external variables—the fluid structure of the labor market, immigration trends, and the state's disposition toward organized labor—establish either a secure or insecure environment within which unions respond to immigration. It also underscores the importance of how dominant modes of unionism within the movement interact with these external forces to shape its perception of “new” immigrants in restrictive or solidaristic terms. Significantly, the sequence and recombination of these forces during the past century or more have transformed how organized labor responds to new immigrant workers in an insecure environment today. Our research presents a diverse movement honestly wrestling with immigration's profound conundrums, including elemental issues of who it identifies as part of its fold (workers deserving of fraternity and sorority) and who it deems as permanent outsiders (workers who were a menace to the cause).","openalex, scopus, wos",llm,0.990,unreviewed,
discarded,Increasing the metacognitive awareness of high school students,M. Ferrer Mcfarland,2013,ThinkTech (Texas Tech University),,https://openalex.org/W2298056618,general-education,"Research has shown that many high school students are not prepared for college and/or the work force because they have not learned how to learn. Students who are unaware of the metacognitive process are usually underachievers who have lower academic goals, and are less accurate in assessing their own abilities. While metacognition is a learning strategy that has been shown to increase learning, comprehension, attention, motivation, and memory, it continues to be a missing component in today’s classrooms. In order to determine if metacognitive awareness – as measured by the Motivated Strategies for Learning Questionnaire (MSLQ) – could be increased, a quasi-experimental study was conducted to determine the effects of teaching a process-oriented metacognitive strategy to students at a public high school located in Massachusetts. The sample population consisted of 68 students in all four grade levels, with 32 in the control group, and 36 in the treatment group. The results of the study showed that less than half of the sample population initially reported being familiar with metacognition, and that there were no significant differences in metacognitve awareness between the four grade levels. It was also found that metacognitive awareness could be increased by providing direct instruction followed by exercises in the utilization of the strategy. These findings were consistent with the research that has shown metacognitive skills can be taught through carefully designed instructional activities.","openalex, scopus, wos",llm,0.970,unreviewed,
discarded,Who is Alien in the Developmental Classroom? A Comparison of Some Student/Teacher Values,Joseph G. R. Martinez; Nancy C. Martinez,1989,Journal of Basic Writing,10.37514/jbw-j.1989.8.2.07,https://openalex.org/W240876938,general-education,"A rom prehc ns ivc rhetoric -w ith ha ndho ,>k -for basic writing ;md freshma n compositio n. Dcvrlopiug Colltxe Writi1tg provides fu ll treatmen t o f the \\'fiting process. parag raphs. and css>1ys. a nd abo covers n iti cal tlun k ing and StKh s pcci>1li:cd \\'fit ing tasks as CLltn pt tcncy rcsrs","openalex, scopus, wos",llm,0.990,unreviewed,
discarded,Metadata Realities for Cyberinfrastructure: Data Authors as Metadata Creators,Matthew S. Mayernik,2011,SSRN Electronic Journal,10.2139/ssrn.2042653,https://openalex.org/W1777702858,non-education,,"openalex, scopus, wos",llm,0.980,unreviewed,
discarded,Common Ground at the Nexus of Information Literacy and Scholarly Communication,Stephanie Davis‐Kahl; Merinda Kaye Hensley,2013,Digital Commons at Illinois Wesleyan University (Illinois Wesleyan University),,https://openalex.org/W1616418930,higher-education-general,"Common Ground at the Nexus of Information Literacy and Scholarly Communication presents concepts, experiments, collaborations, and strategies at the crossroads of the fields of scholarly communication and information literacy. The seventeen essays and interviews in this volume engage ideas and describe vital partnerships that enrich both information literacy and scholarly communication programs within institutions of higher education. Contributions address core scholarly communication topics such as open access, copyright, authors’ rights, the social and economic factors of publishing, and scholarly publishing through the lens of information literacy. This volume is appropriate for all university and college libraries and for library and information school collections. (Please note: This record and pdf are for the Open Access edition. To purchase the print or e-book edition or to access ACRL's OA edition (with bookmarking capabilities), please visit the ALA Store.)","openalex, scopus, wos",llm,0.970,unreviewed,
discarded,Reinventing Research? Information Practices in the Humanities,Monica Bulger; Eric T. Meyer; Grace de la Flor; Melissa Terras; Sally Wyatt; Marina Jirotka; Kathryn Eccles; Christine Madsen,2011,SSRN Electronic Journal,10.2139/ssrn.1859267,https://openalex.org/W1519982170,non-target-topic,,"openalex, scopus, wos",llm,0.980,unreviewed,
discarded,The Noise of Silent Machines: A Case Study of LinkNYC,Audrey Amsellem,2021,Surveillance & Society,10.24908/ss.v19i2.14302,https://openalex.org/W3173797935,non-education,"In early 2016, the city of New York and the Google-backed consortium CityBridge launched LinkNYC, a communication network that enables residents and visitors to access Wi-Fi, charge their phones, and make domestic calls—all for free. The ten-feet tall kiosks scattered around the city are also equipped with screens, cameras, a tablet, speakers, and a microphone. Almost immediately after its launch, many raised concerns about LinkNYC: noise complaints concerning users listening to loud music, homeless people gathering around the kiosks, outrage regarding users watching pornography, as well as the potential threat to privacy the kiosks present. In this paper, I argue that LinkNYC functions as a neoliberal apparatus of listening and silencing in the public sphere through data collection and restrictions of usage of the kiosk in the name of accessibility. As Google’s first attempt at occupying the public space, LinkNYC reveals the aspirations for the neoliberal city. Through an ethnographic socio-technological study of LinkNYC, I engage sound studies in current discussions about surveillance. I theorize the modalities of listening in the neoliberal city and discuss competing notions of the public space in smart/responsive cities. I investigate the ideological difference between the smart city and the responsive city and trace the movement from a listening entity to a responsive one, analyzing the implications for privacy. I theorize unsilencing and its politics, discussing examples of re-appropriation of the kiosks. I conducted fieldwork by observing interactions with the kiosks and by doing interviews with citizens, homeless advocacy groups, CityBridge employees, and experts. In addition, I analyze the discourses of CityBridge, local politicians, activists, journalists, and citizens surrounding LinkNYC. This paper is at the theoretical intersection of sound studies, urban studies, science and technology studies, and surveillance studies. Through this case study, I open a theorization of the listening practices of surveillance to look at how power circulates through sound.","openalex, scopus, wos",llm,0.990,unreviewed,
discarded,Above and beyond the file: Preserving digital environments,Andrew Webster,2020,Mspace (University of Manitoba),,https://openalex.org/W3107563566,non-target-topic,"Digital Record formats have various dependencies tied to hardware and software that must be fulfilled if a record is to be rendered and therefore accessible. This relationship has proven difficult to preserve due to the fragility and obsolescence of digital records, media, and environments. In response to this challenge a consensus has formed within the digital preservation community around format management through format migration. To remain ahead of obsolescence and move away these dependencies digital records are often migrated to more open formats that are more platform independent. Format migration often does not preserve the original functionality of formats, which can also present difficulties rendering data, and removes the migrated record from the original context in which it was created. This raises two questions, which will be answered in this thesis: first, what are the effects of failing to preserve digital environments; and second, how might we go about preserving them? This thesis will examine, in addition to format managements, several alternative methods of preservation aimed at preserving digital environments and communicating original record-environment relationships to users. These include: preservation of legacy environments; emulation, including efforts to modern combine cloud computing power with the “as-a-service” model to enable widespread adoption of emulation; and, expanding upon existing archival descriptions by including existing data and materials and supplementary documentation. This thesis will conclude with a case study of the William O. Pruitt Jr. fonds at the University of Manitoba Archives and Special Collections (UMASC). This fonds was selected as a case study as it contains digital records from the early era of desktop computing. This offers a good example of what is gained and lost when preserving these records through format management, which is the approach to digital preservation followed by UMASC, or if preserved through environment-based methods such as emulation. Interviews were conducted via questionnaire with the University of Manitoba’s Libraries Research Services & Digital Strategies team (RSDS), so that they could explain their chosen mode of digital preservation and the specific strategies that they follow, including their use of Archivematica.","openalex, scopus, wos",llm,0.900,unreviewed,
discarded,Destruction/reconstruction: preservation of archaeological and zoological research data,Rebecca D. Frank; Elizabeth Yakel; Ixchel M. Faniel,2015,Archives and Museum Informatics,10.1007/s10502-014-9238-9,https://openalex.org/W2048392223,science-domain,"Archaeology and zoology are fields in which data collection and analysis involve destruction. In this study, we examine the results of 49 interviews with archaeologists and zoologists, focusing on researchers’ discussions of internal or disciplinary norms and external factors affecting their attitudes and actions concerning preservation. We identified two categories of disciplinary practices: data collection and data management/recordkeeping as key to shaping attitudes and activities about preservation. Likewise, we found three external factors: funding, legal requirements, and the status of museums and repositories, influencing attitudes toward preservation. We found that while archaeologists and zoologists are uniquely positioned to appreciate the value of data preservation, because data collection in both disciplines involves destruction, they are sceptical about whether preservation is possible and that these attitudes are influenced by both internal and external factors.","openalex, scopus, wos",llm,0.980,unreviewed,
discarded,The American Public Library and the Diffusion of Knowledge.,William S. Learned,1924,JAMA,10.1001/jama.1924.02660200063036,https://openalex.org/W563853226,general-education,"Librarians are facing today a problem similar to that which confronted the medical profession a quarter of a century ago; namely, the improvement of their professional status by the establishment of standards of education and possibly of licensure. Although differences of situation are numerous, the librarians have requested and received helpful advice based on the early experiences of the American Medical Association in the standardization of medical schools. One expression of the broad program of the American Library Association is Dr. Learned's report to the Carnegie Corporation. His analysis of methods of adult education will arouse the interest of the many physicians now pondering the need of postgraduate teaching for physicians in small urban and in rural areas. Dr. Learned foresees an intelligent and highly specialized educational service, adapted to the capabilities of the adult, wherever situated, and presenting him with the information which he needs and desires. He surveys","openalex, scopus, wos",llm,0.990,unreviewed,
discarded,Student Privacy’s History of Unintended Consequences,Amelia Vance; Casey Waughn,2019,Seton Hall University eRepository (Seton Hall University),,https://openalex.org/W3039757236,higher-education-general,"names on the honor roll or in school playbills; announce student athletes' names, heights, and weights at the start of a game; and share financial aid information with appropriate institutions to ensure that students can finance their education.Yet, in the months following the enactment of the Family Educational Rights and Privacy Act (FERPA) of 1974, and forty years later in the wake of more than one-hundred new state student privacy laws, schools at all levels have struggled with the scope of new student privacy mandates.These mandates have raised questions about the schools' ability to perform long-standing functions.The student privacy legal landscape over the past forty-five years tells a story of unintended consequences that have required legislative clarifications and changes.The story makes a case for nuance and careful deliberation in drafting laws, but also for creating a long-term culture of privacy that addresses real or potential harms, rather than responding to unfounded fears.Accordingly, this article examines the passage of the first major U.S. privacy law, FERPA.The article will address the initial questions FERPA raised as well as the concerns that prompted more than one-hundred new student privacy laws forty years after FERPA's passage and the unintended consequences of those laws.By analyzing the lessons from FERPA's first amendment and changes in recent student privacy laws, the article proposes strategies to avoid certain unintended consequences in privacy legislation.The evidence is derived from case studies of student privacy laws in Louisiana, Virginia, New Hampshire, and Connecticut, where significant unintended results of these laws occurred, prompting their amendment.The lessons from these cases also apply to wider current debates as the U.S. creates broad consumer privacy protections, including new and expanded privacy protections for children.II.","openalex, scopus, wos",llm,0.980,unreviewed,
