status,title,authors,year,venue,doi,url,tags,abstract,provider,decision_source,llm_confidence,llm_review_outcome,llm_change_direction
discarded,Exploring Indonesian student misconceptions in science concepts,"Soeharto, Soeharto; Csapo, Beno",2022,HELIYON,10.1016/j.heliyon.2022.e10720,https://www.webofscience.com/wos/woscc/full-record/WOS:000866417100024,pre-post-test; out-of-scope-single-topic-science-diagnostic-test-corroborates-instrument-typology-only,"This study aims to investigate the development and the differences in student misconceptions in science based on gender and grade level, and to evaluate the developed two-tier multiple-choice diagnostic test in confirming the test's validity and reliability. A sample of 856 participants from 10th-12th graders and prospective science teachers were collected. The two-tier multiple-choice diagnostic test with 32 items covering biology, chemistry, and physics was administered to evaluate students' science misconceptions at the senior high school and uni-versity levels. The results met validity and reliability criteria using confirmatory factor analysis and Rasch pa-rameters. The single-factor model has CFI = .973, RMSEA = .006, CI (.001, .014) and SRMR = .017 and the three -factor model has CFI = 0.939, RMSEA = .010, CI (.01, .017) and SRMR = .017. Based on the Rasch parameter, the infit and outfit MNSQ values achieve the acceptable fit (0.96 to 1) with good item reliability (.99) and person reliability (.80). All items have positive PTMA. Student misconceptions had significant differences in terms of grade and gender. We confirmed that prospective science teachers have higher misconceptions than 11th and 12th graders and slightly higher ones than 10th graders. Boys have a better conceptual understanding than girls based on the mean of correct answers. The multiple linear regression with the stepwise method confirmed that gender significantly predicted student misconceptions of science concepts, with 9% of variance explained. This study provided evidence that students and prospective teachers experience various misconceptions about science concepts.","openalex, scopus, wos",human,0.840,human,
discarded,The development and implementation of a two-tier multiple choice test related to the concepts of oxidation-reduction reactions and galvanic cells,"Sekerci, Ali Riza; Erdem, Ali Riza",2022,JOURNAL OF EDUCATIONAL SCIENCES & PSYCHOLOGY,10.51865/JESP.2022.1.05,https://www.webofscience.com/wos/woscc/full-record/WOS:000863331200005,pre-post-test; out-of-scope-single-topic-science-diagnostic-test-corroborates-instrument-typology-only,"In recent years there has been growing interest in research concerning students' understanding of electrochemistry concepts. The two-tier multiple choice tests have played an important role in helping researchers determine students' level of understanding and in identifying specific misconceptions. The aim of current research was to develop a two-tier multiple choice test related to the concepts of oxidation-reduction reactions and galvanic cells, and to examine the applicability of this test. For this aim, primarily the students' misconceptions about related issues were identified in consideration of the literature. Then, a two-tier multiple choice test consisting of 19 items was developed based on the misconceptions identified. As a result, a valid and reliable two-tier multiple choice test was confirmed for the identification of 11th grade students' misconceptions about the concepts of oxidation-reduction reactions and galvanic cells. In addition, the students' misconceptions were discussed by evaluating answers given during the test.","openalex, scopus, wos",human,0.850,human,
discarded,Development of Concept Maps Diagnostic Test for Identification of Students' Misconceptions,"Halim, A.; Elmi; Elisa; Wahyuni, A.; Ngadimin; Musdar; Balqis, Novi Nanda",2020,3RD INTERNATIONAL CONFERENCE ON MATHEMATICS AND SCIENCE EDUCATION (ICOMSE) 2019: STRENGTHENING MATHEMATICS AND SCIENCE EDUCATION RESEARCH FOR THE CHALLENGE OF GLOBAL SOCIETY,10.1063/5.0000613,https://www.webofscience.com/wos/woscc/full-record/WOS:000558062000073,pre-post-test; out-of-scope-single-topic-science-diagnostic-test-corroborates-instrument-typology-only,"Concept maps are usually used as learning media but rarely used as evaluation tools. In this study, concept maps were used as a substitute for diagnostic tests that are often applied to detect students' misconceptions. The research approaches used are quantitative, research & development and surveys. Diagnostic tests in the form of concept maps developed using the ADDIE model were tested for validity by using two-tier diagnostic tests as a The implementation of the CMDT (Concept Maps Diagnostic Test) uses a limited sample of 20 students of class XII 6 senior high school in Banda Aceh City. Based on the results of data analysis, it was found that students who experienced misconceptions were the relatively low category, knew the concepts in the medium category, lacked knowledge in the medium category and relatively low students who answered by guessing. These results did not differ significantly from the results of the two-tier diagnostic test. The findings through this study prove that the use of diagnostic concept maps to identify misconceptions is more effective in knowing the level of understanding and revealing student misconceptions.","openalex, scopus, wos",human,0.800,human,
discarded,Development of a three-tier number sense test for fifth-grade students,"Yang, Der-Ching",2019,EDUCATIONAL STUDIES IN MATHEMATICS,10.1007/s10649-018-9874-8,https://www.webofscience.com/wos/woscc/full-record/WOS:000473205200007,pre-post-test; out-of-scope-single-topic-science-diagnostic-test-corroborates-instrument-typology-only,"To assess the strength of conceptual understanding of number sense, a three-tier number sense test (TTNST) for fifth-grade students was developed and validated in this study. The three-tier test includes a content tier that assesses content knowledge of number sense, a reason tier that assesses a reason given for selecting a first-tier response, and a confidence tier that assesses how confident fifth-grade students are in their responses in the first two tiers. A total of 819 fifth-grade students from elementary schools in Taiwan participated in this study. Collected data showed that the test had good reliability and validity. The results revealed that many of the sample students performed poorly on number sense but maintained extremely high confidence; this indicated that many of the students held severe misconceptions and some were lacking in number sense. In addition, this study confirmed that the inclusion of a third tier (with confidence ratings) in the number sense test can mitigate the weaknesses of a previously used two-tier test. The educational implications of the findings are discussed in this paper.","openalex, scopus, wos",human,0.860,human,
discarded,Multilevel Rasch modeling of two-tier multiple choice test: A case study using Lawson's classroom test of scientific reasoning,"Xiao, Yang; Han, Jing; Koenig, Kathleen; Xiong, Jianwen; Bao, Lei",2018,PHYSICAL REVIEW PHYSICS EDUCATION RESEARCH,10.1103/PhysRevPhysEducRes.14.020104,https://www.webofscience.com/wos/woscc/full-record/WOS:000439289900001,pre-post-test; out-of-scope-single-topic-science-diagnostic-test-corroborates-instrument-typology-only,"Assessment instruments composed of two-tier multiple choice (TTMC) items are widely used in science education as an effective method to evaluate students' sophisticated understanding. In practice, however, there are often concerns regarding the common scoring methods of TTMC items, which include pair scoring and individual scoring schemes. The pair-scoring method is effective in suppressing ""false positives"" at the cost of missing possible middle states of progression of student understanding. On the other hand, the individual scoring method captures an undistinguished middle level but is prone to rewarding guessing, which leads to ""false positives"". In addition, this middle level does not discriminate the progression between knowing the result and explaining the reason, which limits the capacity of drawing meaningful implications from the assessment outcomes. To address the concerns with the current scoring methods, it is valuable to explore new scoring method(s) that can fully utilize the information measured with TTMC items. In this study, a number of scoring models are studied using Rasch analysis on data of a popular TTMC test, the Lawson classroom test of scientific reasoning (LCTSR), collected from four considerably different populations. The results show that the model fit quality of the scoring methods varies with student population and item design. In general, there is no one-fits-all solution; however, given the new information obtained in this study, a three-step process is suggested that can guide the development of new mixed scoring models tailored for a particular population and or test. The evaluation results show that the mixed models produce the most reliable model fitting and better than average goodness of fit. Furthermore, the results in this study also confirm previous studies, which suggest that it is harder to come up with a correct explanation than to just know the answer.","openalex, scopus, wos",human,0.820,human,
discarded,Development and Evaluation of the Diagnostic Power for a Computer-Based Two-Tier Assessment,"Lin, Jing-Wen",2016,JOURNAL OF SCIENCE EDUCATION AND TECHNOLOGY,10.1007/s10956-016-9609-5,https://www.webofscience.com/wos/woscc/full-record/WOS:000375574100012,pre-post-test; out-of-scope-single-topic-science-diagnostic-test-corroborates-instrument-typology-only,"This study adopted a quasi-experimental design with follow-up interview to develop a computer-based two-tier assessment (CBA) regarding the science topic of electric circuits and to evaluate the diagnostic power of the assessment. Three assessment formats (i.e., paper-and-pencil, static computer-based, and dynamic computer-based tests) using two-tier items were conducted on Grade 4 (n = 90) and Grade 5 (n = 86) students, respectively. One-way ANCOVA was conducted to investigate whether the different assessment formats affected these students' posttest scores on both the phenomenon and reason tiers, and confidence rating for an answer was assessed to diagnose the nature of students' responses (i.e., scientific answer, guessing, alternative conceptions, or knowledge deficiency). Follow-up interview was adopted to explore whether and how the various CBA representations influenced both graders' responses. Results showed that the CBA, in particular the dynamic representation format, allowed students who lacked prior knowledge (Grade 4) to easily understand the question stems. The various CBA representations also potentially encouraged students who already had learning experience (Grade 5) to enhance the metacognitive judgment of their responses. Therefore, CBA could reduce students' use of test-taking strategies and provide better diagnostic power for a two-tier instrument than the traditional paper-based version.","openalex, scopus, wos",human,0.860,human,
discarded,HELPING PRE-SERVICE SCIENCE TEACHERS TO UNDERSTAND ATOMISM THROUGH OBSERVATIONS AND EXPERIMENTS,"Unver, Ayse Oguz; Arabacioglu, Sertac",2015,JOURNAL OF BALTIC SCIENCE EDUCATION,,https://www.webofscience.com/wos/woscc/full-record/WOS:000355004600006,pre-post-test; out-of-scope-single-topic-science-diagnostic-test-corroborates-instrument-typology-only,"Current atom concept teachings haven't reached required levels from the points of both teaching methods and learning attainments. With this purpose in this research atom concept is conveyed to the classroom milieu through observations and experiments related to the atom concept during historical development process starting with the masterpiece of, the carrier of the atom thoughts of Antiquity to our age, Roman philosopher Lucretius, namely De Rerum Natura. The study has conducted thoughts regarding the atom in ancient and subsequent history under six headings teaching modules that would span over 11 weeks. The participants in the study were 73 pre-service science teachers. The two-tier multiple-choice diagnostic test was developed. In the analysis of the results of the test, after test hypotheses were proved, the single-factor ANOVA was employed for related samples, while frequency analysis was used for the content of the views of the participants and percentages were calculated to observe the change in alternative conceptions.","openalex, scopus, wos",human,0.800,human,
discarded,The Warwick-Edinburgh Mental Well-being Scale (WEMWBS): development and UK validation,Ruth Tennant; Louise Hiller; Ruth Fishwick; Stephen Platt; Stephen Joseph; Scott Weich; Jane Parkinson; Jenny Secker; Sarah Stewart‐Brown,2007,Health and Quality of Life Outcomes,10.1186/1477-7525-5-63,https://openalex.org/W2123552131,method-paper-outside-scope,"BACKGROUND: There is increasing international interest in the concept of mental well-being and its contribution to all aspects of human life. Demand for instruments to monitor mental well-being at a population level and evaluate mental health promotion initiatives is growing. This article describes the development and validation of a new scale, comprised only of positively worded items relating to different aspects of positive mental health: the Warwick-Edinburgh Mental Well-Being Scale (WEMWBS). METHODS: WEMWBS was developed by an expert panel drawing on current academic literature, qualitative research with focus groups, and psychometric testing of an existing scale. It was validated on a student and representative population sample. Content validity was assessed by reviewing the frequency of complete responses and the distribution of responses to each item. Confirmatory factor analysis was used to test the hypothesis that the scale measured a single construct. Internal consistency was assessed using Cronbach's alpha. Criterion validity was explored in terms of correlations between WEMWBS and other scales and by testing whether the scale discriminated between population groups in line with pre-specified hypotheses. Test-retest reliability was assessed at one week using intra-class correlation coefficients. Susceptibility to bias was measured using the Balanced Inventory of Desired Responding. RESULTS: WEMWBS showed good content validity. Confirmatory factor analysis supported the single factor hypothesis. A Cronbach's alpha score of 0.89 (student sample) and 0.91 (population sample) suggests some item redundancy in the scale. WEMWBS showed high correlations with other mental health and well-being scales and lower correlations with scales measuring overall health. Its distribution was near normal and the scale did not show ceiling effects in a population sample. It discriminated between population groups in a way that is largely consistent with the results of other population surveys. Test-retest reliability at one week was high (0.83). Social desirability bias was lower or similar to that of other comparable scales. CONCLUSION: WEMWBS is a measure of mental well-being focusing entirely on positive aspects of mental health. As a short and psychometrically robust scale, with no ceiling effects in a population sample, it offers promise as a tool for monitoring mental well-being at a population level. Whilst WEMWBS should appeal to those evaluating mental health promotion initiatives, it is important that the scale's sensitivity to change is established before it is recommended in this context.","openalex, scopus, wos, dblp",llm,0.970,unreviewed,
discarded,"Consumer Brand Engagement in Social Media: Conceptualization, Scale Development and Validation",Linda D. Hollebeek; Mark S. Glynn; Roderick J. Brodie,2014,Journal of Interactive Marketing,10.1016/j.intmar.2013.12.002,https://openalex.org/W2061289966,non-education,"In the last three decades, an influential research stream has emerged which highlights the dynamics of focal consumer/brand relationships. Specifically, more recently the ‘consumer brand engagement’ (CBE) concept has been postulated to more comprehensively reflect the nature of consumers’ particular interactive brand relationships, relative to traditional concepts, including ‘involvement.’ However, despite the growing scholarly interest regarding the undertaking of marketing research addressing ‘engagement,’ studies have been predominantly exploratory in nature, thus generating a lack of empirical research in this area to date. By developing and validating a CBE scale in specific social media settings, we address this identified literature gap. Specifically, we conceptualize CBE as a consumer's positively valenced brand-related cognitive, emotional and behavioral activity during or related to focal consumer/brand interactions. We derive three CBE dimensions, including cognitive processing, affection, and activation. Within three different social media contexts, we employ exploratory and confirmatory factor analyses to develop a reliable, 10-item CBE scale, which we proceed to validate within a nomological net of conceptual relationships and a rival model. The findings suggest that while consumer brand ‘involvement’ acts as a CBE antecedent, consumer ‘self-brand connection’ and ‘brand usage intent’ represent key CBE consequences, thus providing a platform for further research in this emerging area. We conclude with an overview of key managerial and scholarly implications arising from this research.","openalex, scopus, wos, dblp",llm,0.990,unreviewed,
discarded,"Best Practices for Developing and Validating Scales for Health, Social, and Behavioral Research: A Primer",Godfred O. Boateng; Torsten B. Neilands; Edward A. Frongillo; Hugo Melgar‐Quiñonez; Sera L. Young,2018,Frontiers in Public Health,10.3389/fpubh.2018.00149,https://openalex.org/W2801702920,method-paper-outside-scope,"Scale development and validation are critical to much of the work in the health, social, and behavioral sciences. However, the constellation of techniques required for scale development and evaluation can be onerous, jargon-filled, unfamiliar, and resource-intensive. Further, it is often not a part of graduate training. Therefore, our goal was to concisely review the process of scale development in as straightforward a manner as possible, both to facilitate the development of new, valid, and reliable scales, and to help improve existing ones. To do this, we have created a primer for best practices for scale development in measuring complex phenomena. This is not a systematic review, but rather the amalgamation of technical literature and lessons learned from our experiences spent creating or adapting a number of scales over the past several decades. We identified three phases that span nine steps. In the first phase, items are generated and the validity of their content is assessed. In the second phase, the scale is constructed. Steps in scale construction include pre-testing the questions, administering the survey, reducing the number of items, and understanding how many factors the scale captures. In the third phase, scale evaluation, the number of dimensions is tested, reliability is tested, and validity is assessed. We have also added examples of best practices to each step. In sum, this primer will equip both scientists and practitioners to understand the ontology and methodology of scale development and validation, thereby facilitating the advancement of our understanding of a range of health, social, and behavioral outcomes.","openalex, scopus, wos, dblp",llm,0.950,unreviewed,
discarded,Development and evaluation of the conceptual inventory of natural selection,Dianne L. Anderson; Kathleen Fisher; Gregory J. Norman,2002,Journal of Research in Science Teaching,10.1002/tea.10053,https://openalex.org/W2168110387,pre-post-test; non-computing-concept-inventory,"Abstract Natural selection as a mechanism of evolution is a central concept in biology; yet, most nonbiology‐majors do not thoroughly understand the theory even after instruction. Many alternative conceptions on this topic have been identified, indicating that the job of the instructor is a difficult one. This article presents a new diagnostic test to assess students' understanding of natural selection. The test items are based on actual scientific studies of natural selection, whereas previous tests have employed hypothetical situations that were often misleading or oversimplified. The Conceptual Inventory of Natural Selection (CINS) is a 20‐item multiple choice test that employs common alternative conceptions as distractors. An original 12‐item version of the test was field‐tested with 170 nonmajors in 6 classes and 43 biology majors in 1 class at 3 community colleges. The test scores of one subset of nonmajors ( n = 7) were compared with the students' performances in semistructured interviews. There was a positive correlation between the test scores and the interview scores. The current 20‐item version of the CINS was field‐tested with 206 students in a nonmajors' general biology course. The face validity, internal validity, reliability, and readability of the CINS are discussed. Results indicate that the CINS will be a valuable tool for instructors. © 2002 Wiley Periodicals, Inc. J Res Sci Teach 39: 952–978, 2002","openalex, scopus, wos, dblp",human,0.910,human,
