status,title,authors,year,venue,doi,url,tags,abstract,provider,decision_source,llm_confidence,llm_review_outcome,llm_change_direction
discarded,Development of computer based two-tier multiple choice diagnostic test to identify misconceptions on chemical bonding,Gina Utami; Harry Firman; Nahadi Nahadi,2019,Journal of Physics Conference Series,10.1088/1742-6596/1157/4/042033,https://openalex.org/W2921443584,pre-post-test; out-of-scope-single-topic-science-diagnostic-test-corroborates-instrument-typology-only,"This research aims to find a computer-based two-tier multiple choice diagnostic test of student misconceptions on chemical bonding. The process of developing diagnostic test is conducted by: (1) analyzing student misconceptions on chemical bonding including analysis of the literature of previous journals and misconception books, (2) identification of concept targets, (3) analysis of student misconception through essay question given, and (4) the diagnostic questions compilation of a computer-based two-tier multiple choice misconception analysis result from related reference and essay test which given to student got ten general misconceptions. There are four materials which are ionic bonds, covalent bonds, metal bonds and coordination bonds. A computer-based of two-tier multiple choice diagnostic test on chemical bonding will be tested the affectivity by tested, misconceptions identification from feedback and re-tested again.","openalex, scopus, wos",human,0.840,human,
discarded,Development and application of a two-tier multiple-choice diagnostic test for high school students’ understanding of cell division and reproduction,Ertuğrul Sesli; Yılmaz Kara,2012,Journal of Biological Education,10.1080/00219266.2012.688849,https://openalex.org/W1968074455,pre-post-test; out-of-scope-single-topic-science-diagnostic-test-corroborates-instrument-typology-only,"This study involved the development and application of a two-tier diagnostic test for measuring students’ understanding of cell division and reproduction. The instrument development procedure had three general steps: defining the content boundaries of the test, collecting information on students’ misconceptions, and instrument development. Misconception data were collected from interviews and multiple-choice questions with open response. The data were used to develop fourteen two-tier multiple-choice items. The conceptual knowledge examined was preliminary functions of cell division, basic processes in cell division, mitotic cell cycle and asexual reproduction, the role of meiosis in sexual life cycles, as well as cell types and cell division. The diagnostic instrument was administered to 403 high-school students. The reliability coefficient of the test was 0.81. Difficulty indices ranged from 0.31 to 0.72, and discrimination indices ranged from 0.23 to 0.61. Results of the cell division and reproduction diagnostic test suggested that students did not acquire a satisfactory understanding of cell division and reproduction concepts. The obtained misconceptions and the reasons for them were discussed in the analysis of the items which could inform biology instruction and resource.","openalex, scopus, wos",human,0.880,human,
discarded,Development and Validation of a Four-Tier Diagnostic Instrument for Chemical Kinetics (FTDICK),Habiddin Habiddin; E. M. Page,2019,Indonesian Journal of Chemistry,10.22146/ijc.39218,https://openalex.org/W2947075951,pre-post-test; out-of-scope-single-topic-science-diagnostic-test-corroborates-instrument-typology-only,"The present study outlines the development and validation of a four-tier diagnostic instrument to explore first year undergraduate students’ understanding of chemical kinetics (FTDICK). The four-tier instrument is a recent format and has been applied only sparsely in a limited number of subject areas, not including chemical kinetics. This study confirms the importance of a four-tier approach in fully investigating students’ poor knowledge and understanding. The FTDICK described here involves 20 questions with a confidence level linked to both the question tier and the reason tier. The development of the instrument followed the procedure used for the two-tier instrument developed by Treagust and involves (1) testing &amp; interviewing, (2) identifying &amp; collecting students’ unscientific ideas, (3) developing the prototype FTDICK, (4) validating the prototype FTDICK, and (5) developing the final FTDICK. The initial steps revealed a number of areas of misconceptions to be explored in the final instrument. The instrument has been developed and the prototype tested using international cohorts of students from the University of Reading, UK and two Indonesian Universities. Comprehensive item analysis on the results showed the instrument to be valid and reliable and suitable for identifying students’ understanding of chemical kinetics. This study confirms the importance of a four-tier approach for investigating students’ prior knowledge and understanding.","openalex, scopus, wos",human,0.880,human,
kept,A Review of Students’ Common Misconceptions in Science and Their Diagnostic Assessment Tools,Soeharto Soeharto; B. CsapÃ³; Eri Sarimanah; Figiati Indra Dewi; Tahmid Sabri,2019,Jurnal Pendidikan IPA Indonesia,10.15294/jpii.v8i2.18649,https://openalex.org/W2955464374,pre-post-test; diagnostic-instrument-typology-corroboration,"A misconception is well-known as a barrier to students in learning science. Some topics in science learning are always giving misconception to novice students, and there have been various kinds of diagnostic assessment used by researchers to identify student misconceptions in science. This present study provides information about an overview of the common topics that students usually get misconception in science, and diagnostic assessment used to identify studentsâ€™ misconception in science. This review also provides a comparison of every instrument with the weaknesses and the strengths reviewed from a total 111 articles that had published from the year 2015 to 2019 in the leading journal having the topic of studentsâ€™ misconceptions in science. This study revealed that 33 physics, 12 chemistry, and 15 biology concepts in science that mainly caused misconceptions to students. Furthermore, it found that interview (10.74%), simple multiple-choice tests (32.23%) and multiple tier tests (33.06%), and open-ended tests (23.97%) are commonly used as diagnostic tests. However, every kind of tests has benefits and drawbacks over the other when it is used in assessing student conception. An expert user like teachers and researchers must be aware when using diagnostic assessment in the learning process, exceptionally to construct student conception. This study is expected to help researchers and teachers to decide the best instrument to be used in assessing student misconceptions and to examine the common science topics that caused misconceptions.","openalex, scopus, wos",human,0.970,human,
discarded,The Misconception Diagnosis on Ionic and Covalent Bonds Concepts with Three Tier Diagnostic Test,Anti Kolonial Prodjosantoso; Artanti Mulia Hertina; Irwanto Irwanto,2018,International Journal of Instruction,10.29333/iji.2019.12194a,https://openalex.org/W2908366073,pre-post-test; out-of-scope-single-topic-science-diagnostic-test-corroborates-instrument-typology-only,"The purpose of this research was to understand the misconception level of 10th grade students in Yogyakarta province of Indonesia in understanding the concept of ionic and covalent bonds. The ionic and covalent bonds were chosen based on the need assessment on chemistry teachers. This study was inclueded qualitative descriptive research which described the level of students' misconceptions. The sample of this study was 56 students of 10th grade students. The sample was selected by using purposive random sampling technique. The data was collected by three-tier diagnostic test. The data was analysed to determine the percentage of misconception level. The results indicated that the 10th grade students in Yogyakarta suffered misconception with high, medium, and low categories of 19.05%, 42.86%, and 9.52%, respectively.","openalex, scopus, wos",human,0.850,human,
discarded,Cell Biology Diagnostic Test (CBD-Test) portrays pre-service teacher misconceptions about biology cell,Hadi Suwono; Triastono Imam Prasetyo; Umie Lestari; Betty Lukiati; Rifka Fachrunnisa; Sentot Kusairi; Muhammad Saefi; Ahmad Fauzi; Mochammad Fitri Atho’illah,2019,Journal of Biological Education,10.1080/00219266.2019.1643765,https://openalex.org/W2963030879,pre-post-test; out-of-scope-single-topic-science-diagnostic-test-corroborates-instrument-typology-only,"Cell biology is widely considered to be the most important subject for promoting current modern biology. This paper sheds new light on the subject with the development of a diagnostic test to investigate misconceptions among pre-service biology teachers in cell biology. In this study, we developed and validated a diagnostic test – known as the three-tier test – to investigate misconceptions. In developing the test, we modified the initial version of the Cell Biology Diagnosis Test (CBD-Test), comprising a two-tier construct, and then we added a certainty response index for each item. The initial CBD-test was a construct based on proportional knowledge, references, and concepts that have been identified as frequently misunderstood in cell biology. The three-tier test was then adjusted to distinguish a lack of knowledge from a misconception. Participants in this test were 204 pre-service student teachers in an undergraduate biology education program. The test highlighted the fact that most of the students shared misconceptions regarding the structure and function of cells, fundamental components of cells, material transport across the membrane, and cell division. Furthermore, the findings validate the advantages of the CBD-Test as a reliable and valid instrument to diagnose misconception on a broad range.","openalex, scopus, wos",human,0.860,human,
discarded,Development of two-tier diagnostic instrument and assess students' understanding in chemistry,Cengiz Tüysüz,2009,,,https://openalex.org/W2134916248,pre-post-test; out-of-scope-single-topic-science-diagnostic-test-corroborates-instrument-typology-only,"9th grade chemistry curriculum and to argue the efficiency of this test on students’ achievement. First, we interviewed 21 students to develop multiple-choice items. Secondly, 24 students were asked to select the most appropriate answer to each question and then they gave explanations for their choices to develop a two-tier test. At the third phase of this study, a two-tier test including 15 questions was developed and applied to141 students for collecting data. The results of the study showed that the twotier test was effective on determining the students’ misconceptions and also it might be used as an alternative to the traditional multiple choice test for of assessment and evaluation of alternative students’ achievement.","openalex, scopus, wos",human,0.860,human,
discarded,The transformation of two-tier test into four-tier test on Newton’s laws concepts,Nuzulira Janeusse Fratiwi; Ida Kaniawati; Endi Suhendi; Iyon Suyana; Achmad Samsudin,2017,AIP conference proceedings,10.1063/1.4983967,https://openalex.org/W2620535914,pre-post-test; out-of-scope-single-topic-science-diagnostic-test-corroborates-instrument-typology-only,"This research is based on other forms of diagnostic tests in the format of two-tier test about the concept of Newton’s Laws that the development still not yet well. Therefore, must be done a research to transform two-tier test into the four-tier test that refers to Kaltakci criteria. To achieve the purpose, the researchers used the 4D model (Defining, Designing, Developing, and Disseminating) as a method of research. The participants are 25 students at one of the senior high schools in Bandung. The result is the development of two-tier test format intothe four-tier test formatabout Newton’s Laws concept. At the disseminating, there are obtained the category of students who scientific knowledge, misconceptions, and errors of the Newton’s Laws concepts. The research will be the reference or preliminary research to conduct further research.","openalex, scopus, wos",human,0.850,human,
discarded,The development of five-tier diagnostic test to identify misconceptions and causes of students’ misconceptions in waves and optics materials,Andry S. Utama Putra; Ida Hamidah; Nahadi Nahadi,2020,Journal of Physics Conference Series,10.1088/1742-6596/1521/2/022020,https://openalex.org/W3026764398,pre-post-test; out-of-scope-single-topic-science-diagnostic-test-corroborates-instrument-typology-only,"Abstract This study aims to develop a five-tier diagnostic test that can that be used to identify misconceptions and causes of students’ misconception on waves and optics materials. This type of research is development research using a 4-D model. The study was conducted in two junior high schools which in West Bandung, West Java with a sample of 193 students. Data analysis used is quantitative analysis by looking at the quality of the items. The results of the study showed that the content validity test obtained a CVI value of 0.833 which was included in the criteria as very appropriate. The empirical validity test obtained the value of MNSQ 0.98 outfit and ZSTD 0.3 outfit which means that the item corresponds to the measured construct. Item reliability 0.86 and Alpha cronbach 0.87 show good reliability. The differentiating problem showed it was not necessary to remove the question. While Point Measure Correlation shows that the level of difficulty of the questions varies greatly. Overall, it can be concluded that the five-tier diagnostic test developed has met the criteria and was declared feasible for identifying misconceptions and causes of students’ misconceptions in waves and optics materials.","openalex, scopus, wos",human,0.860,human,
discarded,Development and Application of a Novel Rasch-based Methodology for Evaluating Multi-Tiered Assessment Instruments: Validation and utilization of an undergraduate diagnostic test of the water cycle,William L. Romine; Dane L. Schaffer; Lloyd H. Barrow,2015,International Journal of Science Education,10.1080/09500693.2015.1105398,https://openalex.org/W2179929402,pre-post-test; out-of-scope-single-topic-science-diagnostic-test-corroborates-instrument-typology-only,"We describe the development and validation of a three-tiered diagnostic test of the water cycle (DTWC) and use it to evaluate the impact of prior learning experiences on undergraduates’ misconceptions. While most approaches to instrument validation take a positivist perspective using singular criteria such as reliability and fit with a measurement model, we extend this to a multi-tiered approach which supports multiple interpretations. Using a sample of 130 undergraduate students from two colleges, we utilize the Rasch model to place students and items along traditional one-, two-, and three-tiered scales as well as a misconceptions scale. In the three-tiered and misconceptions scales, high confidence was indicative of mastery. In the latter scale, a ‘misconception’ was defined as mastery of an incorrect concept. We found that integrating confidence into mastery did little to change item functioning; however, three-tiered usage resulted in higher reliability and lower student ability estimates than two-tiered usage. The misconceptions scale showed high efficacy in predicting items on which particular students were likely to express misconceptions, and revealed several tenacious misconceptions that all students were likely to express regardless of ability. Previous coursework on the water cycle did little to change the prevalence of undergraduates’ misconceptions.","openalex, scopus, wos",human,0.880,human,
discarded,Diagnosing misconceptions in static electricity among junior high school students using a refined four – Tier test,Bessas N.,2026,Social Sciences and Humanities Open,10.1016/j.ssaho.2026.103216,https://www.scopus.com/inward/record.uri?partnerID=HzOxMe3b&scp=105043948371&origin=inward,pre-post-test; out-of-scope-single-topic-science-diagnostic-test-corroborates-instrument-typology-only,"This study examines misconceptions about static electricity among Greek junior high school students, as this topic is taught in the third grade of junior high school. A refined four-tier diagnostic test was administered to 92 students aged 13–14 in Athens during the 2024–25 school year prior to formal instruction. The instrument was developed on the basis of student interviews and relevant literature and was validated by four experts using Aiken's V index. Student responses were analyzed using SPSS version 26 and revealed several common misconceptions concerning fundamental concepts of static electricity. The findings underscore the importance of identifying students' conceptual difficulties before instruction and highlight the value of four-tier diagnostic assessment in providing detailed insight into patterns of misunderstanding. Based on these findings, the study offers a diagnostically informed foundation for instructional planning specifically targeted at the misconceptions identified, as well as for potential improvements to textbook content and curriculum design, in order to better align instruction with students' conceptual difficulties.","openalex, scopus, wos",human,0.860,human,
discarded,Scientific Conceptual Understanding in Physics through Momentum and Material-Dependent Collisions Using the Dual Situated Learning Model: A Mixed Methods Action Research Study,Kromkhan C.,2026,Asean Journal for Science and Engineering in Materials,,https://www.scopus.com/inward/record.uri?partnerID=HzOxMe3b&scp=105046776990&origin=inward,physics-domain,,"openalex, scopus, wos",llm,0.910,unreviewed,
discarded,Students’ knowledge of plant anatomy and physiology as a reflection of interest in the teaching profession,Kováčik J.,2026,Scientific Reports,10.1038/s41598-026-46091-y,https://www.scopus.com/inward/record.uri?partnerID=HzOxMe3b&scp=105043446675&origin=inward,science-domain,"Not only in Slovakia, there is a debate about the low interest in the teaching profession and the decline in students’ knowledge in international tests. The aim of this work was to find out what knowledge in the field of botany high school graduates (ISCED 3 A) have and compare their results with those of first-year biology teaching students at universities (ISCED 5 A). Students from seven high schools/gymnasiums (n = 96 respondents) had significantly better knowledge of plant anatomy and physiology than first-year students from three universities (n = 95 respondents): however, there was no interest in becoming a teacher among the former group. Some questions yielded a success rate of only a few percent among university students, indicating an insufficient basis for university studies. On the contrary, high school students preferring socially attractive fields of study (medicine or pharmacy) achieved higher scores in our test (up to 14% of the absolute score) but no significant difference was observed between high school students who plan to study abroad (27% of our respondents) and those who want to study at a Slovak university. Despite this partly pessimistic result, the finding that plant biology knowledge improves during university studies was positive, as evidenced by comparison of our students in the beginning and final year (23% increase in absolute score). In addition to the identified botanical shortcomings, we also discuss the socio-economic causes of low interest in the teaching profession and possibilities for improvement.","openalex, scopus, wos",llm,0.900,unreviewed,
