status,title,authors,year,venue,doi,url,tags,abstract,provider,decision_source,llm_confidence,llm_review_outcome,llm_change_direction
discarded,Self-Supervised Speech Representation Learning: A Review,Abdelrahman Mohamed; Hung-yi Lee; Lasse Borgholt; Jakob D. Havtorn; Joakim Edin; Christian Igel; Katrin Kirchhoff; Shang-Wen Li; Karen Livescu; Lars Maaløe; Tara N. Sainath; Shinji Watanabe,2022,IEEE Journal of Selected Topics in Signal Processing,10.1109/jstsp.2022.3207050,https://openalex.org/W4281492411,non-education,"Although supervised deep learning has revolutionized speech and audio processing, it has necessitated the building of specialist models for individual tasks and application scenarios. It is likewise difficult to apply this to dialects and languages for which only limited labeled data is available. Self-supervised representation learning methods promise a single universal model that would benefit a wide variety of tasks and domains. Such methods have shown success in natural language processing and computer vision domains, achieving new levels of performance while reducing the number of labels required for many downstream scenarios. Speech representation learning is experiencing similar progress in three main categories: generative, contrastive, and predictive methods. Other approaches rely on multi-modal data for pre-training, mixing text or visual data streams with speech. Although self-supervised speech representation is still a nascent research area, it is closely related to acoustic word embedding and learning with zero lexical resources, both of which have seen active research for many years. This review presents approaches for self-supervised speech representation learning and their connection to other research areas. Since many current methods focus solely on automatic speech recognition as a downstream task, we review recent efforts on benchmarking learned representations to extend the application beyond speech recognition.","openalex, scopus, wos",llm,0.990,unreviewed,
discarded,Entrepreneurship education and entrepreneurial intention: Do female students benefit?,Paul Westhead; Marina Z. Solesvik,2015,International Small Business Journal Researching Entrepreneurship,10.1177/0266242615612534,https://openalex.org/W3121529032,higher-education-general,"This article explores links between entrepreneurship education (EE) participation, alertness and risk-taking skills and the intensity of entrepreneurial intention relating to becoming an entrepreneur. Guided by insights from human capital and socially learned stereotypes theories, we conceptualize and test novel hypotheses that consider the potential moderating effect of gender and participation in EE. Business students participating in EE modules were compared with engineering students excluded from such programmes. Hierarchical regression analysis revealed that EE students reported high intensity of intention; however, EE did not generate equal benefits for all students. Women were significantly less likely to report high intensity of intention; however, those citing the alertness skill were more likely to report high intensity of intention than non-EE women students. Both male EE and non-EE students citing the risk perception skill reported higher intention, whereas women EE students citing the risk perception skill reported lower intention.","openalex, scopus, wos",llm,0.980,unreviewed,
discarded,Fostering student engagement with motivating teaching: an observation study of teacher and student behaviours,Miriam Cents-Boonstra; Anna Lichtwarck‐Aschoff; Eddie Denessen; Nathalie Aelterman; Leen Haerens,2020,Research Papers in Education,10.1080/02671522.2020.1767184,https://openalex.org/W3027350858,general-education,"Given the importance of student engagement for students’ current and future success, it is essential to explore how teachers can foster student engagement within lessons. This study relied on classroom observations to describe how teachers applied Self-Determination Theory (SDT) related (de)motivating teaching behaviours to foster students’ engagement. Results from 120 observed lessons of 43 teachers indicated there were distinct relations between motivating teaching behaviours and student engagement. Most striking regarding the use of motivating teaching behaviours were the higher levels of relatedness support and guidance during activities in lessons in which students showed the highest levels of engagement. Conversely, in lessons where students were least engaged, teachers showed higher levels of chaotic teaching behaviours. Analyses of behaviours within lowly and highly engaging lessons showed that teachers in highly engaging lessons were observed to start with high levels of enthusiasm and after about ten to fifteen minutes focused on activating their students by offering room for experimenting and support while students worked on assignments. In contrast, teachers in lowly engaging lessons seemed to have a tendency to employ demotivating teaching behaviour at the start of the lesson. Implications and directions for future research are discussed.","openalex, scopus, wos",llm,0.980,unreviewed,
discarded,"Household antimicrobial self-medication: a systematic review and meta-analysis of the burden, risk factors and outcomes in developing countries",Moses Ocan; Ekwaro A. Obuku; Freddie Bwanga; Dickens Akena; Richard Sennono; Jasper Ogwal‐Okeng; Celestino Obua,2015,BMC Public Health,10.1186/s12889-015-2109-3,https://openalex.org/W1942976844,medicine-domain,"BACKGROUND: Antimicrobial self-medication is common in most low and middle income countries (LMICs). However there has been no systematic review on non-prescription antimicrobial use in these settings. This review thus intended to establish the burden, risk factors and effects of antimicrobial self-medication in Low and Middle Income Countries. METHODS: In 2012, we registered a systematic review protocol in PROSPERO (CRD42012002508). We searched PubMed, Medline, Scopus, and Embase databases using the following terms; ""self-medication"", ""non-prescription"", 'self-treatment', ""antimicrobial"", ""antimalarial"", ""antibiotic"", ""antibacterial"" ""2002-2012"" and combining them using Boolean operators. We performed independent and duplicate screening and abstraction of study administrative data, prevalence, determinants, type of antimicrobial agent, source, disease conditions, inappropriate use, drug adverse events and clinical outcomes of antibiotic self-medication where possible. We performed a Random Effects Meta-analysis. RESULTS: A total of thirty four (34) studies involving 31,340 participants were included in the review. The overall prevalence of antimicrobial self-medication was 38.8 % (95 % CI: 29.5-48.1). Most studies assessed non-prescription use of antibacterial (17/34: 50 %) and antimalarial (5/34: 14.7 %) agents. The common disease symptoms managed were, respiratory (50 %), fever (47 %) and gastrointestinal (45 %). The major sources of antimicrobials included, pharmacies (65.5 %), leftover drugs (50 %) and drug shops (37.5 %). Twelve (12) studies reported inappropriate drug use; not completing dose (6/12) and sharing of medicines (4/12). The main determinants of antimicrobial self-medication include, level of education, age, gender, past successful use, severity of illness and income. Reported negative outcomes of antimicrobial self-medication included, allergies (2/34: 5.9 %), lack of cure (4/34: 11.8 %) and causing death (2/34: 5.9 %). The commonly reported positive outcome was recovery from illness (4/34: 11.8 %). CONCLUSION: The prevalence of antimicrobial self-medication is high and varies in different communities as well as by social determinants of health and is frequently associated with inappropriate drug use.","openalex, scopus, wos",llm,1.000,unreviewed,
discarded,"Mindfulness, self-efficacy, and self-regulation as predictors of psychological well-being in EFL learners",Lijuan Fan; Feng Cui,2024,Frontiers in Psychology,10.3389/fpsyg.2024.1332002,https://openalex.org/W4393229081,language-education,"Introduction: Mindfulness, self-efficacy, and self-regulation play vital roles in shaping the psychological well-being of English as a Foreign Language (EFL) learners. This study investigates the interconnections among these constructs and their implications for the psychological well-being of 527 Chinese EFL learners. Methods: A cross-sectional study was conducted among Chinese EFL learners enrolled in a university in China. Participants were recruited through a non-probability convenience sampling method from English language courses. They completed validated self-report questionnaires assessing mindfulness, self-efficacy, self-regulation, and psychological well-being. Structural Equation Modeling (SEM) and mediation analysis were employed to explore the relationships among these constructs. Results: The study found that mindfulness and self-efficacy independently and directly predicted psychological well-being among Chinese EFL learners. Additionally, self-regulation emerged as a significant mediator in the relationship between mindfulness and psychological well-being, suggesting that mindfulness enhances well-being indirectly through improved self-regulation skills. Discussion: These findings underscore the critical roles of mindfulness practices, self-efficacy beliefs, and self-regulation skills in promoting psychological well-being among EFL learners. The implications of this study extend to mindfulness-based interventions and programs designed. However, the study's cross-sectional design limits causal inference, and the use of self-report measures may introduce biases. Moreover, the sample's limited diversity and homogeneous demographic profile, attributed to the convenience sampling from a single university, may constrain the generalizability of the findings. Future research could adopt longitudinal designs and diverse participant samples to further elucidate these relationships and enhance the robustness of the findings.","openalex, scopus, wos",llm,0.980,unreviewed,
discarded,Promoting Self-Regulation Progress and Knowledge Construction in Blended Learning via ChatGPT-Based Learning Aid,Ting‐Ting Wu; Hsin‐Yu Lee; Pin‐Hui Li; Chia-Nan Huang; Yueh‐Min Huang,2023,Journal of Educational Computing Research,10.1177/07356331231191125,https://openalex.org/W4385548927,ai-chatbots-not-shell,"This study combines ChatGPT, Apple’s Shortcuts, and LINE to create the ChatGPT-based Intelligent Learning Aid (CILA), aiming to enhance self-regulation progress and knowledge construction in blended learning. CILA offers real-time, convergent information to learners’ inquiries, as opposed to traditional Google search engine that provide divergent information. By addressing questions promptly, CILA minimizes interruptions during the performance phase of self-regulation progress. The tool records learners’ questions and answers, aiding self-reflection in self-regulation progress. We evaluated self-regulation progress using motivation, engagement, and self-efficacy as indicators. Findings show that CILA’s intervention effectively improves self-regulation progress and knowledge construction, offering benefits over divergent information in blended learning contexts with respect to amotivation, intrinsic motivation, and behavioral engagement. This research highlights the potential of incorporating large language models like ChatGPT in educational settings to support teachers and students.","openalex, scopus, wos",llm,0.980,unreviewed,
discarded,MEDIATING EFFECT OF SELF-EFFICACY ON THE RELATIONSHIP BETWEEN INSTRUCTION AND STUDENTS’ MATHEMATICAL REASONING,Angel Mukuka; Védaste Mutarutinya; Sudi Balimuttajjo,2021,Journal on Mathematics Education,10.22342/jme.12.1.12508.73-92,https://openalex.org/W3119170297,single-discipline-diagnostic,"Literature is well-stocked with studies confirming that an instructional approach, self-efficacy, and mathematical reasoning skills are critical for enhancing students’ conceptual understanding and achievement in mathematics. However, there has been little emphasis on establishing whether being able to reason mathematically depends only on the instructional approach or students’ self-efficacy beliefs about mathematics also play a hidden role. A quasi-experimental study involving 301 grade 11 students from six public secondary schools in one district was carried out to investigate the mediating effect of self-efficacy on the relationship between instruction and students’ mathematical reasoning. Participants of the study were selected using the cluster random sampling method. Data were collected before and after the intervention via a mathematical reasoning test and a mathematics self-efficacy beliefs questionnaire. A Parallel Multiple Mediator Model in SPSS using the PROCESS custom dialogue version 3.4 was employed for data analysis. Findings suggest that mathematics self-efficacy and task-specific self-efficacy beliefs collectively and significantly mediate the effect of the instructional approach on students’ mathematical reasoning. The Student Teams-Achievement Division (STAD) was found to be an effective approach for enhancing students’ mathematical reasoning alongside self-efficacy beliefs. These findings provide evidence on the need to select an instructional approach that does not only focus on developing students’ cognitive abilities such as mathematical reasoning but also fosters students’ affective attributes such as maths self-efficacy beliefs.","openalex, scopus, wos",llm,0.970,unreviewed,
discarded,Promoting Time Management and Self-Efficacy Through Digital Competence in University Students: A Mediational Model,Héctor Galindo‐Domínguez; María José Bezanilla,2021,Contemporary Educational Technology,10.30935/cedtech/9607,https://openalex.org/W3125342489,higher-education-general,"It is though that those students who better manage their time and perceive themselves to be more effective in the tasks they perform are thought to be due, in part, to a stronger understanding and command of digital competence. This competence allows students to know and use a greater number of tools and techniques to respond to the problems that arise in their academic career, favouring the reduction of perceived stress. To test this hypothesis, a total of 200 students from different degrees of Education and universities participated in the study, who answered the Digital Competence Questionnaire in University Students, the Spanish version of Time Management Behaviour Questionnaire, the Scale of Perceived Self-efficacy in academic situations, and the Scale of Global Perception of Stress. The results show how the starting hypothesis is fulfilled in that time management and academic self-efficacy function as mediators between digital competence and types of positive or negative stressors. Finally, these findings implications are discussed.","openalex, scopus, wos",llm,0.970,unreviewed,
discarded,Technostress: negative effect on performance and possible mitigations,Monideepa Tarafdar; Ellen Bolman Pullins; T. S. Ragu‐Nathan,2014,Information Systems Journal,10.1111/isj.12042,https://openalex.org/W2164949797,non-education,"Abstract We investigate the effect of conditions that create technostress, on technology‐enabled innovation, technology‐enabled performance and overall performance. We further look at the role of technology self‐efficacy, organizational mechanisms that inhibit technostress and technology competence as possible mitigations to the effects of technostress creators. Our findings show a negative association between technostress creators and performance. We find that, while traditional effort‐based mechanisms such as building technology competence reduce the impact of technostress creators on technology‐enabled innovation and performance, more empowering mechanisms such as developing technology self‐efficacy and information systems (IS) literacy enhancement and involvement in IS initiatives are required to counter the decrease in overall performance because of technostress creators. Noting that the professional sales context offers increasingly high expectations for technology‐enabled performance in an inherently interpersonal‐oriented and relationship‐oriented environment with regard to overall performance, and high failure rates for IS acceptance/use, the study uses survey data collected from 237 institutional sales professionals.","openalex, scopus, wos",llm,0.970,unreviewed,
