status,title,authors,year,venue,doi,url,tags,abstract,provider,decision_source,llm_confidence,llm_review_outcome,llm_change_direction
discarded,The endophenotype concept in psychiatric genetics,Jonathan Flint; Marcus R. Munafò,2006,Psychological Medicine,10.1017/s0033291706008750,https://openalex.org/W2115948763,psychology-domain,"The idea that some phenotypes bear a closer relationship to the biological processes that give rise to psychiatric illness than diagnostic categories has attracted considerable interest. Much effort has been devoted to finding such endophenotypes, partly because it is believed that the genetic basis of endophenotypes will be easier to analyse than that of psychiatric disease. This belief depends in part on the assumption that the effect sizes of genetic loci contributing to endophenotypes are larger than those contributing to disease susceptibility, hence increasing the chance that genetic linkage and association tests will detect them. We examine this assumption by applying meta-analytical techniques to genetic association studies of endophenotypes. We find that the genetic effect sizes of the loci examined to date are no larger than those reported for other phenotypes. A review of the genetic architecture of traits in model organisms also provides no support for the view that the effect sizes of loci contributing to phenotypes closer to the biological basis of disease is any larger than those contributing to disease itself. While endophenotype measures may afford greater reliability, it should not be assumed that they will also demonstrate simpler genetic architecture.","openalex, dblp, scopus",llm,0.990,unreviewed,
discarded,The Precious and the Precocious: Understanding Cumulative Disadvantage and Cumulative Advantage Over the Life Course,Angela M. O’Rand,1996,The Gerontologist,10.1093/geront/36.2.230,https://openalex.org/W2131435032,non-education,"The explanation of increasing heterogeneity and inequality within aging cohorts is a central concern of the life-course perspective and common ground for demographers, economists, historians, sociologists, and psychologists alike. Income and wealth inequality among the aged is one area of shared interest where cross-disciplinary fertilization is occurring. While indices of aged economic inequality applied across different data sets replicate the level of inequality among the elderly, theoretical and methodological concerns are focused more and more on identifying and specifying the long-term interactions between institutional and life-course processes producing this outcome. Institutional mechanisms incorporated in opportunity structures such as labor markets and pensions stratify the availability of resources and rewards, and they interact with life-course processes related to labor force history and job mobility to produce complex patterns of cumulative advantage and cumulative disadvantage. However, the examination of long-term mechanisms of stratification requires finer-grained observations of work, employer, and pension histories than current data-collection strategies afford. Two biases--the steady worker bias and the one pension bias--are inherent in most longitudinal data bases and hamper progress in our understanding of the production of aged inequality.","openalex, dblp, scopus",llm,0.990,unreviewed,
discarded,Life cycle inventory of biodiesel and petroleum diesel for use in an urban bus. Final report,John Sheehan; V. Camobreco; James A. Duffield; Michael S. Graboski; Housein Shapouri,1998,,10.2172/658310,https://openalex.org/W1518083735,non-computing-domain,"This report presents the findings from a study of the life cycle inventories for petroleum diesel and biodiesel. It presents information on raw materials extracted from the environment, energy resources consumed, and air, water, and solid waste emissions generated. Biodiesel is a renewable diesel fuel substitute. It can be made from a variety of natural oils and fats. Biodiesel is made by chemically combining any natural oil or fat with an alcohol such as methanol or ethanol. Methanol has been the most commonly used alcohol in the commercial production of biodiesel. In Europe, biodiesel is widely available in both its neat form (100% biodiesel, also known as B1OO) and in blends with petroleum diesel. European biodiesel is made predominantly from rapeseed oil (a cousin of canola oil). In the United States, initial interest in producing and using biodiesel has focused on the use of soybean oil as the primary feedstock mainly because the United States is the largest producer of soybean oil in the world. 170 figs., 148 tabs.","openalex, dblp, scopus",llm,1.000,unreviewed,
discarded,Emerging CO2 capture systems,J.C. Abánades; B. Arias; Anders Lyngfelt; Tobias Mattisson; Dianne E. Wiley; Hongshou Li; Minh T. Ho; Enzo Mangano; Stefano Brandani,2015,International journal of greenhouse gas control,10.1016/j.ijggc.2015.04.018,https://openalex.org/W2175523005,science-domain,"• Some emerging CO 2 capture processes have increased their TRL from 2–3 to 6 since the publication of the IPCC SRCCS (2005). • Chemical looping, calcium looping, solid sorbents and membranes can rely on mature technologies in other industries. • Their cost structure confirms that they may become major technology competitors if there is ever a market for CCS . • New findings in the fields of functional materials, reactor improvements and process design may lead to new developments. In 2005, the IPCC SRCCS recognized the large potential for developing and scaling up a wide range of emerging CO 2 capture technologies that promised to deliver lower energy penalties and cost. These included new energy conversion technologies such as chemical looping and novel capture systems based on the use of solid sorbents or membrane-based separation systems. In the last 10 years, a substantial body of scientific and technical literature on these topics has been produced from a large number of R&D projects worldwide, trying to demonstrate these concepts at increasing pilot scales, test and model the performance of key components at bench scale, investigate and develop improved functional materials, optimize the full process schemes with a view to a wide range of industrial applications, and to carry out more rigorous cost studies etc. This paper presents a general and critical review of the state of the art of these emerging CO 2 capture technologies paying special attention to specific process routes that have undergone a substantial increase in technical readiness level toward the large scales required by any CO 2 capture system.","openalex, dblp, scopus",llm,0.990,unreviewed,
discarded,The Design of a Dynamic Emergency Response Management Information System (DERMIS),Murray Turoff; Michael Chumer; Bartel Van de Walle; Xiang Yao,2004,Journal of the Association for Information Systems,,https://openalex.org/W2773411043,non-education,"This paper systematically develops a set of general and supporting design principles and specifications for a âDynamic Emergency Response Management Information Systemâ (DERMIS) by identifying design premises resulting from the use of the âEmergency Management Information System and Reference Indexâ (EMISARI) and design concepts resulting from a comprehensive literature review. Implicit in crises of varying scopes and proportions are communication and information needs that can be addressed by todayâs information and communication technologies. However, what is required is organizing the premises and concepts that can be mapped into a set of generic design principles in turn providing a framework for the sensible development of flexible and dynamic Emergency Response Information Systems. A framework is presented for the system design and development that addresses the communication and information needs of first responders as well as the decision making needs of command and control personnel. The framework also incorporates thinking about the value of insights and information from communities of geographically dispersed experts and suggests how that expertise can be brought to bear on crisis decision making. Historic experience is used to suggest nine design premises. These premises are complemented by a series of five design concepts based upon the review of pertinent and applicable research. The result is a set of eight general design principles and three supporting design considerations that are recommended to be woven into the detailed specifications of a DERMIS. The resulting DERMIS design model graphically indicates the heuristic taken by this paper and suggests that the result will be an emergency response system flexible, robust, and dynamic enough to support the communication and information needs of emergency and crisis personnel on all levels. In addition it permits the development of dynamic emergency response information systems with tailored flexibility to support and be integrated across different sizes and types of organizations. This paper provides guidelines for system analysts and designers, system engineers, first responders, communities of experts, emergency command and control personnel, and MIS/IT researchers.","openalex, dblp, scopus",llm,0.990,unreviewed,
discarded,Geographical landslide early warning systems,Fausto Guzzetti; Stefano Luigi Gariano; Silvia Peruccacci; Maria Teresa Brunetti; Ivan Marchesini; Mauro Rossi; Massimo Melillo,2019,Earth-Science Reviews,10.1016/j.earscirev.2019.102973,https://openalex.org/W2982569617,science-domain,"The design, implementation, management, and verification of landslide early warning systems (LEWSs) are gaining increasing attention in the literature and among government officials, decision makers, and the public. Based on a critical analysis of nine main assumptions that form the rationale for landslide forecasting and early warning, we examine 26 regional, national, and global LEWSs worldwide from 1977 to August 2019. We find that currently only five nations, 13 regions, and four metropolitan areas benefit from LEWSs, while many areas with numerous fatal landslides, where landslide risk to the population is high, lack LEWSs. Operational LEWSs use information from rain gauge networks, meteorological models, weather radars, and satellite estimates; and most systems use two sources of rainfall information. LEWSs use one or more types of landslide forecast models, including rainfall thresholds, distributed slope stability models, and soil water balance models; and most systems use landslide susceptibility zonations. Most LEWSs have undergone some form of verification, but there is no accepted standard to check the performance and forecasting skills of a LEWS. Based on our review, and our experience in the design, implementation, management, and verification of geographical LEWSs in Italy, we conclude that operational forecast of weather-induced landslides is feasible, and it can help reduce landslide risk. We propose 30 recommendations to further develop and improve geographical LEWSs, and to increase their reliability and credibility. We encourage landslide forecasters and LEWSs managers to propose open standards for geographical LEWSs, and we expect our work to contribute to this endeavour.","openalex, dblp, scopus",llm,0.990,unreviewed,
discarded,"Global Surgery 2030: evidence and solutions for achieving health, welfare, and economic development",John G. Meara; Andrew Leather; Lars Hagander; Blake C. Alkire; Nivaldo Alonso; Emmanuel A. Ameh; Stephen W. Bickler; Lesong Conteh; Anna Dare; Justine Davies; Eunice Dérivois Mérisier; Shenaaz El‐Halabi; Paul E. Farmer; Atul A. Gawande; Rowan Gillies; Sarah Greenberg; Caris Grimes; Russell L. Gruen; Edna Adan Ismail; Thaim Buya Kamara; Chris Lavy; Ganbold Lundeg; Nyengo Mkandawire; Nakul Raykar; Johanna N. Riesel; Edgar B. Rodas; John Rose; Nobhojit Roy; Mark G. Shrime; Richard Sullivan; Stéphane Verguet; David Watters; Thomas G. Weiser; Iain H. Wilson; Gavin Yamey; Winnie Yip,2015,The Lancet,10.1016/s0140-6736(15)60160-x,https://openalex.org/W2043861297,medicine-domain,,"openalex, dblp, scopus",llm,0.990,unreviewed,
discarded,A survey of socially interactive robots,Terrence Fong; Illah Nourbakhsh; Kerstin Dautenhahn,2003,Robotics and Autonomous Systems,10.1016/s0921-8890(02)00372-x,https://openalex.org/W2099019320,non-education,,"openalex, dblp, scopus",llm,0.980,unreviewed,
discarded,Nurse core competency cultivation using the checklist-based Kirkpatrick model under the “cross-departmental bed-sharing” mode,Wang M.,2026,BMC Nursing,10.1186/s12912-026-04682-0,https://www.scopus.com/inward/record.uri?partnerID=HzOxMe3b&scp=105041046217&origin=inward,nursing-domain,,"openalex, dblp, scopus",llm,0.990,unreviewed,
discarded,"Large Language Models in Electrical and Computer Engineering Education: Opportunities, Challenges and the Road Ahead",Alwarafy A.,2026,European Journal of Education,10.1111/ejed.70761,https://www.scopus.com/inward/record.uri?partnerID=HzOxMe3b&scp=105044314416&origin=inward,ai-chatbots-not-shell,,"openalex, dblp, scopus",llm,0.970,unreviewed,
discarded,Using Small Explanatory Interpreters Inspired by Programming Language Education to Teach Operating Systems,Sane A.,2026,Iticse 2026 Proceedings of the 31st ACM Conference on Innovation and Technology in Computer Science Education V 1,10.1145/3803400.3809398,https://www.scopus.com/inward/record.uri?partnerID=HzOxMe3b&scp=105045577631&origin=inward,programming-learning-not-shell,,"openalex, dblp, scopus",llm,0.850,unreviewed,
discarded,SSDVis: Teaching Students Modern OS Concepts in a Flash,Woychyshyn M.,2026,Iticse 2026 Proceedings of the 31st ACM Conference on Innovation and Technology in Computer Science Education V 1,10.1145/3803400.3809309,https://www.scopus.com/inward/record.uri?partnerID=HzOxMe3b&scp=105045587929&origin=inward,programming-learning-not-shell,,"openalex, dblp, scopus",llm,0.820,unreviewed,
discarded,Emotional Intelligence as a Driver of Pro-Environmental Behavior: A Conceptual Review for Climate Action,Limata P.,2026,Sustainability Switzerland,10.3390/su18136904,https://www.scopus.com/inward/record.uri?partnerID=HzOxMe3b&scp=105045278487&origin=inward,non-computing-domain,,"openalex, dblp, scopus",llm,0.990,unreviewed,
discarded,Digitally analyzing psychological data for mental health prediction: A comprehensive review on depression and suicide detection,Shah S.,2026,Neurocomputing,10.1016/j.neucom.2026.133395,https://www.scopus.com/inward/record.uri?partnerID=HzOxMe3b&scp=105033427234&origin=inward,medicine-domain,,"openalex, dblp, scopus",llm,0.990,unreviewed,
discarded,Local and network neural activations and their associations with sleep parameters during threat conditioning and extinction in persons with generalized anxiety disorder with and without insomnia disorder,Seo J.,2026,Psychiatry Research Neuroimaging,10.1016/j.pscychresns.2026.112152,https://www.scopus.com/inward/record.uri?partnerID=HzOxMe3b&scp=105029252668&origin=inward,medicine-domain,,"openalex, dblp, scopus",llm,0.990,unreviewed,
discarded,A critical review of technological advancements and challenges in geothermal power generation,Long X.,2026,Renewable and Sustainable Energy Reviews,10.1016/j.rser.2026.116810,https://www.scopus.com/inward/record.uri?partnerID=HzOxMe3b&scp=105029570573&origin=inward,engineering-report,,"openalex, dblp, scopus",llm,0.990,unreviewed,
discarded,Presimulation Instruction of Technical Skills to Enhance Simulation-Based Education of Non-Technical Skills: A Convergent Mixed Method Study,Robillard N.,2026,Simulation in Healthcare,10.1097/SIH.0000000000000893,https://www.scopus.com/inward/record.uri?partnerID=HzOxMe3b&scp=105028783761&origin=inward,medicine-domain,,"openalex, dblp, scopus",llm,0.990,unreviewed,
discarded,The Lancet Commission on improving population health post-COVID-19,Rutter H.,2026,Lancet,10.1016/S0140-6736(25)02061-6,https://www.scopus.com/inward/record.uri?partnerID=HzOxMe3b&scp=105027806392&origin=inward,medicine-domain,,"openalex, dblp, scopus",llm,0.990,unreviewed,
discarded,"Nuclear Energy: An Introduction to the Concepts, Systems, and Applications of Nuclear Processes",Murray R.L.,2026,Nuclear Energy an Introduction to the Concepts Systems and Applications of Nuclear Processes,10.1016/C2022-0-01164-8,https://www.scopus.com/inward/record.uri?partnerID=HzOxMe3b&scp=105040003503&origin=inward,engineering-report,,"openalex, dblp, scopus",llm,0.990,unreviewed,
discarded,EEG Correlates of Upper Limb Function during the Box and Block Test after Stroke,Savina G.,2026,IEEE Transactions on Neural Systems and Rehabilitation Engineering,10.1109/TNSRE.2026.3693302,https://www.scopus.com/inward/record.uri?partnerID=HzOxMe3b&scp=105039314393&origin=inward,medicine-domain,,"openalex, dblp, scopus",llm,0.990,unreviewed,
discarded,PLATFORM CRIMINALITY AND POST-CRIME: How Cybercrime (and Everything Else) Changed,McGuire M.R.,2026,Platform Criminality and Post Crime how Cybercrime and Everything Else Changed,10.4324/9781003034834,https://www.scopus.com/inward/record.uri?partnerID=HzOxMe3b&scp=105034955890&origin=inward,non-education,,"openalex, dblp, scopus",llm,0.990,unreviewed,
discarded,Agro-Waste Management and Valorization,Agrawal P.S.,2026,Agro Waste Management and Valorization,10.1002/9783527854226,https://www.scopus.com/inward/record.uri?partnerID=HzOxMe3b&scp=105028077222&origin=inward,non-computing-domain,,"openalex, dblp, scopus",llm,0.990,unreviewed,
discarded,"Research Methods for Criminal Justice and Criminology: A Text and Reader, Second Edition",Tartaro C.,2026,Research Methods for Criminal Justice and Criminology A Text and Reader Second Edition,10.4324/9781003661511,https://www.scopus.com/inward/record.uri?partnerID=HzOxMe3b&scp=105040330201&origin=inward,method-paper-outside-scope,,"openalex, dblp, scopus",llm,0.990,unreviewed,
discarded,Common Challenges in IPECP Clinical Supervision: A Critical Analysis,Babar M.G.,2026,Interprofessional Education and Collaborative Practice Effective Clinical Supervision,10.1007/978-981-95-6953-3_11,https://www.scopus.com/inward/record.uri?partnerID=HzOxMe3b&scp=105042009031&origin=inward,medicine-domain,,"openalex, dblp, scopus",llm,0.990,unreviewed,
discarded,"Social Media as Fragile State: Vulnerabilities, Pressures, and Human Rights",Haythornthwaite C.,2026,De Gruyter Contemporary Social Sciences Handbooks,10.1515/9783111829920,https://www.scopus.com/inward/record.uri?partnerID=HzOxMe3b&scp=105045717061&origin=inward,non-education,,"openalex, dblp, scopus",llm,0.990,unreviewed,
discarded,Renewable Energy in the Process Industry,van Steen E.,2026,Renewable Energy in the Process Industry,10.1002/9783527849574,https://www.scopus.com/inward/record.uri?partnerID=HzOxMe3b&scp=105034828041&origin=inward,engineering-report,,"openalex, dblp, scopus",llm,0.990,unreviewed,
discarded,"Analog Computing: Development, Programming, Applications, and Future Directions",Ulmann B.,2026,Analog Computing Development Programming Applications and Future,10.1515/9783112210178,https://www.scopus.com/inward/record.uri?partnerID=HzOxMe3b&scp=105031040240&origin=inward,non-target-topic,,"openalex, dblp, scopus",llm,0.990,unreviewed,
discarded,Global Competencies and Intercultural Learning,Yünkül E.,2026,Global Competencies and Intercultural Learning,10.4018/979-8-3373-2622-1,https://www.scopus.com/inward/record.uri?partnerID=HzOxMe3b&scp=105032364780&origin=inward,general-education,,"openalex, dblp, scopus",llm,0.990,unreviewed,
kept,Computer science concept inventories: past and future,Cynthia Taylor; Daniel Zingaro; Leo Porter; Kevin C. Webb; Chaewon Lee; Michael Clancy,2014,Computer Science Education,10.1080/08993408.2014.970779,https://openalex.org/W2097616364,computing-diagnostic-instrument; CS-concept-inventory-review,"Concept Inventories (CIs) are assessments designed to measure student learning of core concepts. CIs have become well known for their major impact on pedagogical techniques in other sciences, especially physics. Presently, there are no widely used, validated CIs for computer science. However, considerable groundwork has been performed in the form of identifying core concepts, analyzing student misconceptions, and developing CI assessment questions. Although much of the work has been focused on CS1 and a CI has been developed for digital logic, some preliminary work on CIs is underway for other courses. This literature review examines CI work in other STEM disciplines, discusses the preliminary development of CIs in computer science, and outlines related research in computer science education that contributes to CI development.","openalex, dblp, scopus",human,1.000,human,
discarded,"A review on genetic algorithm: past, present, and future",Sourabh Katoch; Sumit Singh Chauhan; Vijay Kumar,2020,Multimedia Tools and Applications,10.1007/s11042-020-10139-6,https://openalex.org/W3094704314,non-education,,"openalex, dblp, scopus",llm,0.990,unreviewed,
