status,title,authors,year,venue,doi,url,tags,abstract,provider,decision_source,llm_confidence,llm_review_outcome,llm_change_direction
discarded,"University students’ epistemic profiles, conceptions of learning, and academic performance",Kirsti Lonka; Elina Ketonen; Jan D. Vermunt,2020,Higher Education,10.1007/s10734-020-00575-6,https://openalex.org/W3038869567,higher-education-general,"Abstract University students’ epistemic beliefs may have practical consequences for studying and success in higher education. Such beliefs constitute epistemic theories that may empirically manifest themselves as epistemic profiles. This study examined university students’ epistemic profiles and their relations to conceptions of learning, age, gender, discipline, and academic achievement. The participants were 1515 students from five faculties who completed questionnaires about epistemic beliefs, including a subsample who also completed a questionnaire that included conceptions of learning. We measured epistemic beliefs: reflective learning, collaborative knowledge-building, valuing metacognition, certain knowledge, and practical value. First, we analyzed structural validity by using confirmatory factor analysis. Second, we conducted latent profile analysis that revealed three epistemic profiles: Pragmatic (49%), reflective-collaborative (26%) and fact-oriented (25%). Then, we compared the conceptions of learning across the profiles as well as demographic information, credits, and grades. The profiles’ conceptions of learning varied: The reflective-collaborative group scored high on conception of learning named “construction of knowledge.” Its members were more likely to be females, teachers, and mature students, and they had the highest academic achievement. The fact-oriented group (mostly engineering/science students) scored highest on “intake of knowledge.” The pragmatic group scored highest on “use of knowledge:” During the second year, their academic achievement improved. In sum, the epistemic profiles were closely related to conceptions of learning and also associated with academic achievement.","openalex, scopus, wos",llm,0.980,unreviewed,
discarded,A phenomenographical inquiry into experiences of using game based approaches among physical education teachers in England and Australia,Kendall Jarrett,2016,UC Research Repository  (University of Canterbury),10.26021/9438,https://openalex.org/W2311088223,other-discipline,"This study focuses on the analysis of collective meaning associated with secondary physical education teachers’ (N=12) experiences of teaching games using a Game Based Approach (GBA). Participants taught in one of two different international contexts, southeast Australia or southeast England, and all had some experience of using a GBA to teach games. An elicitation interview technique was used to help understand experience ‘in context’ within a phenomenographic research framework with the purpose being to uncover the qualitatively finite number of ways that GBA-related teaching was/can be experienced. As guided by use of a phenomenographic analysis framework three conceptions of awareness were identified that detail the collective meaning associated with participants’ experiences of teaching using a GBA, namely that of a Learner, a Collaborator, and/or a Catalyst. An analysis of findings is presented with discussion focusing on the context and meaning of GBA-related teaching experience. Implications for both GBA-related teaching practice and physical education teacher education programmes are presented. A number of recommendations from findings are offered for physical education teachers and teacher educators.","openalex, scopus, wos",llm,0.990,unreviewed,
discarded,Teaching Introductory Programming to IS Students: Java Problems and Pitfalls,Mark Pendergast,2006,Journal of Information Technology Education Research,10.28945/261,https://openalex.org/W1519212649,programming-learning-not-shell,"An international association advancing the multidisciplinary study of informing systems. Founded in 1998, the Informing Science Institute (ISI) is a global community of academics shaping the future of informing science.","openalex, scopus, wos",llm,0.820,unreviewed,
discarded,Place and Space in the Design of New Learning Environments,Peter Jamieson; Kenn Fisher; Tony Gilding; Peter Taylor; Chris Trevitt,2000,Higher Education Research & Development,10.1080/072943600445664,https://openalex.org/W2042821207,education-technology-general,"The development of online and virtual teaching and learning environments to augment formal face-to-face environments raises questions about the way the new communication and information technologies (CITs) are being incorporated into the on-campus environment. More importantly, this development challenges the meaning of the on-campus student learning experience. The new CITs require institutions, teachers and researchers to reconsider the relationship of the physical setting to the student learning experience. This paper highlights examples of recent developments of new learning environments which have been enhanced by the contribution of educational developers at several Australian universities. It also proposes a set of pedagogically informed principles to guide the development of on-campus teaching and learning environments which may feature the use of CITs.","openalex, scopus, wos",llm,0.980,unreviewed,
discarded,"Helping our students : learning, metalearning, and threshold concepts.",Jan H. F. Meyer,2010,Durham Research Online (Durham University),,https://openalex.org/W2281341084,general-education,"Supporting students through responding to variation in students' disciplinary learning, developing metalearning capacity, and focusing on the effective teaching and learning of threshold concepts - concepts that transform student understanding.","openalex, scopus, wos",llm,0.910,unreviewed,
discarded,Self-Regulation and Regulatory Teaching as Determinants of Academic Behavioral Confidence and Procrastination in Undergraduate Students,Jesús de la Fuente; Paul Sander; Angélica Garzón-Umerenkova; Manuel Mariano Vera-Martínez; Salvatore Fadda; Martha Leticia Gaetha,2021,Frontiers in Psychology,10.3389/fpsyg.2021.602904,https://openalex.org/W3127431226,general-education,"The combination of student Self-Regulation (SR) and the context of Regulatory Teaching (RT), each in varying degree, has recently been demonstrated to have effects on achievement emotions, factors and symptoms of stress, and coping strategies. The aim of the present research study is to verify its possible further effects, on academic behavioral confidence and procrastination. A total of 1193 university students completed validated online questionnaires with regard to specific subjects in their degree program. Using an ex post facto design, multivariate analyses and structural equation modeling (SEM) were carried out in order to test the relationships predicted by the model. SR and RT had a significant joint effect in determining the degree of academic behavioral confidence and of procrastination. Academic behavioral confidence also significantly predicted reasons for procrastinating, and these in turn predicted activities of procrastination. Conclusions are discussed, insisting on the combined weight of the two variables in determining academic behavioral confidence, reasons for procrastinating and activities subject to procrastination, in university students. Implications for guidance and educational support of university students and teachers are analyzed.","openalex, scopus, wos",llm,0.990,unreviewed,
discarded,English language teachers’ conceptualizations of one-to-one private tutoring: An international phenomenographic study,Dorota Werbińska; Elif Bozyiğit; Luís Guerra; Małgorzata Ekiert; Serhan Köse,2019,Glottodidactica,10.14746/gl.2019.46.2.11,https://openalex.org/W3000730043,language-education,"Private English tutoring, understood as the paid English teaching service offered to students to supplement their learning of English at school or prepare them for an examination in English, has become a popular out-of-school learning activity. In order to obtain deeper insights into its intricacies, the need arises to examine the experience of one of its pivotal stakeholders – the private tutors. This article is based on a phenomenographic study with a view to investigating the conceptions of private tutoring held by 15 English teachers from three countries (Poland, Portugal, and Turkey) who offer private teaching services in English in their local contexts. The findings suggest that there are at least three conceptions according to which private tutoring can be experienced by the participants: as a source of income, as helping, and as professional development. The study also poses the question if there is space for formal training of private tutors and calls for further research into English private tutoring.","openalex, scopus, wos",llm,1.000,unreviewed,
discarded,Teachers’ conceptions of history education : a phenomenographic inquiry,James Harding,2009,cIRcle (University of British Columbia),10.14288/1.0055004,https://openalex.org/W2276442736,other-discipline,"This research examines three central questions: What are teachers' conceptions of history education?, What are the constituent components of these conceptions?, and Upon what sources of teacher knowledge are these conceptions based? To elicit data relevant to these questions a phenomenographic research methodology is utilised. In this phenomenographic inquiry, a conception is defined as the broadest possible understanding teachers have of what they teach, why they teach it, and how they teach it. The phenomenon in this inquiry is history education. Of primary interest are the ways in which teachers understand their purpose for history education. This inquiry utilises teachers' descriptions of their agendas and curriculum scripts to examine conceptions of history education. Certain foundational elements are used to analyse the data: a broad understanding of history education in which purpose is a salient feature; a tactical plan or the parts of instruction necessary to accomplish their purpose; reflective rationalisation which explains the knowledge upon which the purpose is predicated; and the extent to which the conception is consistent. Data is analysed from fourteen teachers who represent a cross section of teachers in secondary schools. Teachers have six ways of seeing their purposes. The conceptions include purposes focusing upon historiography, developing social studies methodology, developing a national collective identity, developing a non - national identity, developing an understanding of antecedents of current issues, and developing lessons from the past. Within conceptions representing more than one teacher, individual variations are found in the tactical plan, yet each retains enough similarity to suggest the broad categorisation. Teachers were asked to reflect upon the likely source of this conception. As phenomenography seeks to examine understanding, there is no need nor is there a way to confirm if the results reflect the actual source of their conception. However, it is significant that teachers state they believe they have developed their conception based upon certain sources. University scholarship, educational materials, the wisdom of practice, the role of students and collegial interaction are discussed as prominent in shaping conceptions. This research has important implications for teacher education and educational policy.","openalex, scopus, wos",llm,1.000,unreviewed,
discarded,Organizational performance improvement in higher education student affairs: a phenomenographic study.,Jill Carrie Menk Froehlich,2011,University of Minnesota Digital Conservancy (University of Minnesota),,https://openalex.org/W1602030168,higher-education-general,"University of Minnesota Ph.D. dissertation. August 2011. Major: Education, Work/Community/Family Education. Advisor: Gary N. McLean. 1 computer file (PDF); vi, 221 pages, appendices A-E.","openalex, scopus, wos",llm,0.990,unreviewed,
discarded,Assessing the Approaches to Learning of Twinning Programme Students in Malaysia,Pauline Goh Swee Choo,2006,Malaysian Journal of Learning and Instruction,10.32890/mjli.3.2006.7585,https://openalex.org/W45143276,higher-education-general,"The study set out to examine the psychometric properties of the scores obtained on the modified 20-item Revised Two Factor Study Process Questionnaire (R-SPQ-2F). The study also investigated the relationship between scores on the R-SPQ-2F and students’ learning-related outcomes. In addition, it also examined for any relationships among student’s background variables of gender, choice of academic discipline, age, English language competency, approaches to learning, and learning-related outcomes. Data based on responses of 368 Malaysian students undertaking the twinning mode of study showed the modified R-SPQ-2F to be reliable and factorially valid. The findings also found deep approaches to learning were positively related to students’ learning-related outcomes, while surface approaches to learning were negatively associated. Students’ background characteristics such as choice of academic discipline and English language competency, and approaches to learning were good predictors of students’ learning-related outcomes.","openalex, scopus, wos",llm,0.970,unreviewed,
discarded,"Epa2000: A multilingual, programmable computer assessment of off-line metacognition in children with mathematical-learning disabilities",Armand De Clercq; Annemie Desoete; Herbert Roeyers,2000,"Behavior Research Methods, Instruments, & Computers",10.3758/bf03207799,https://openalex.org/W2087957031,other-discipline,"EPA2000 is a program for the assessment of off-line measured metacognitive skills and arithmetical performances in primary school children with mathematical-learning disabilities. The program is designed as a script engine. The concept makes it possible to modify and translate the test into different languages without reprogramming. A user-friendly script editor is built-in, with which all of the parameters of the test can be modified and translated in different languages.","openalex, scopus, wos",llm,0.980,unreviewed,
discarded,College of Education Students’Approaches to Learning and Study Skills,Nuray Senemoğlu,2011,TED EĞİTİM VE BİLİM,10.15390/es.2011.928,https://openalex.org/W3161215671,general-education,"Öğrencilerin öğrenme yaklaşımları ve çalışma becerilerinin, öğrenmenin niteliğini etkileyen önemli bir değişken olduğu birçok araştırmayla ortaya konmuştur. Öğretmen yetiştiren eğitimcilerin, öğrencilerinin eğitim yaşantılarını geliştirebilmeleri için onların nasıl öğrendiklerini, öğrenme yaklaşımlarını ve bu yaklaşımlarının gelişimine öğrenme çevresinin etkilerini anlamaları gerekmektedir. Bu nedenle, bu araştırmada, Türk ve Amerikan eğitim fakültesi öğrencilerinin öğrenme yaklaşımları ve çalışma becerileri belirlenmeye çalışılmıştır. Ayrıca, öğrencilerin tercih ettikleri öğrenme yaklaşımlarının alanlarına, sınıf düzeylerine ve cinsiyetlerine göre farklılık gösterip göstermediği de araştırılmıştır. Çalışmada, Türk öğrencilerin öğrenme yaklaşımlarını belirlemek üzere ASSIST Türkçeye adapte edilmiş, Amerikalı öğrenciler için ölçeğin orijinali kullanılmıştır. Elde edilen bulgular, Türk ve Amerikan öğrencilerin derinlemesine ve stratejik öğrenme yaklaşımlarını, yüzeysel öğrenme yaklaşımından anlamlı düzeyde daha çok tercih ettiklerini; sınıf düzeyi arttıkça derinlemesine öğrenme yaklaşımını kullanma düzeyinin arttığını; kız öğrencilerin stratejik, erkeklerin ise derinlemesine öğrenme yaklaşımını tercih ettiklerini göstermektedir.","openalex, scopus, wos",llm,0.980,unreviewed,
discarded,The effect of work placements on the academic performance of Chinese students in UK higher education,Ian Crawford; Zhiqi Wang,2015,Teaching in Higher Education,10.1080/13562517.2015.1045860,https://openalex.org/W1749578863,higher-education-general,"The main controversy as a result of the commercialisation of international education markets is that international students especially those from China are unable to perform as well as UK students in UK universities. So far, research has yet to identify the influence of placements on the academic performance of Chinese students from entry to graduation. Using four cohorts of accounting and finance students in a UK university, this present work is the first to find that Chinese students who undertake placements in the third year are seven times more likely to achieve good degrees (2.1 or 1st) than those who opt out of work placements. It is also found that Chinese students who have a high prior academic achievement and better academic results from years 1 and 2 are likely to undertake placements. Finally, the results show that the academic performance of international students is influenced by domicile.","openalex, scopus, wos",llm,0.990,unreviewed,
discarded,Teach to use CAD or through using CAD: An interview study with technology teachers,Helen Brink; Nina Kilbrink; Niklas Gericke,2022,International Journal of Technology and Design Education,10.1007/s10798-022-09770-1,https://openalex.org/W4291167966,other-discipline,"Abstract Today, many technology teachers in compulsory technology education teach design and design processes using a digital design tool, such as computer aided design (CAD). Teaching involving CAD is a relatively new element and not very much is known about what teachers intend pupils to learn in compulsory education. Thus, the aim of this study is to investigate technology teachers’ experiences in order to gain insight into their teaching practices involving CAD. A phenomenographic approach was used and twelve semi-structured interviews with lower secondary technology teachers were conducted. The interviews were analyzed and categories of description were hierarchically organized into the phenomenographic outcome space. The results show that teachers have different experiences of the intended learning outcomes when CAD is used in teaching, and four hierarchical categories emerged: (1) Handling the software, (2) Using ready-made models, (3) Manufacturing and creating printed models, and (4) Designing. The four categories describe teaching to use CAD and/or through using CAD. Further, the hierarchical categories indicate a teaching progression and the categories can be used as a basis for further discussions among teachers, teacher educators and researchers to develop CAD pedagogies within compulsory technology education.","openalex, scopus, wos",llm,0.960,unreviewed,
discarded,Environmental Sustainability and the Hospitality Customer Experience: A Study in Tourist Accommodation,Miguel Ángel Moliner Tena; Diego Monferrer; Marta Estrada; Rosa María Rodríguez Artola,2019,Sustainability,10.3390/su11195279,https://openalex.org/W2975037607,non-education,"Academic research on sustainability in the hospitality industry is scarce and fragmented, and requires a general structure to lend coherence to its approach. There is a need for empirical research to fathom the question of environmental sustainability and customer experience in the hospitality industry and to study the interaction between the two concepts. This paper aims to close these gaps by establishing the nature of the relationship between customers’ perceptions of the environmental practices in tourism accommodation and their customer experiences and levels of satisfaction. The working hypotheses, based on a review of the literature on environmental sustainability and customer experience in the hospitality industry, are tested in an empirical study of 412 Spanish customers who stayed in various types of tourist accommodation. The main conclusion is that the relationship between environmental sustainability and customer experience in the hospitality industry can be demonstrated. This paper also validates a measurement scale based on the most accepted dimensionality of the construct: cognitive (think), affective (feel), behavioral (act), sensory (sense) and social (relate).","openalex, scopus, wos",llm,1.000,unreviewed,
