status,title,authors,year,venue,doi,url,tags,abstract,provider,decision_source,llm_confidence,llm_review_outcome,llm_change_direction
discarded,"""I hate to be cynical about technology, but I've seen too much of it not driven by pedagogy"": A 60-year history of McMaster University's educational technologies",Will Teal; Alise de Bie; Joanne Kehoe; Jon Kruithof; Alek Montes,2022,,10.15173/mi.v1i1.5373,https://openalex.org/W7133664336,higher-education-general,"This chapter recovers and reflects on nearly 65 years of instructional uses of technology at McMaster University, from the launch of McMaster’s remote television learning experiment in the 1960s, to the rapid mass-migration onto virtual environments during the COVID-19 pandemic. We draw on archival material, literature on educational technologies (edtech) published by McMaster educators, oral history interviews, and some of our own experiences with edtech to review four eras of evolution: Initial Experimentation (1958-1969), Early Adoption (1970-1989), Centralized Infrastructure (1990-2009), and Ubiquity of Online Learning Technologies (2010-2020). Rather than a comprehensive listing of changing tech, we focus on themes that have repeated over time in the human and social context surrounding educational technology development and use. We end by discussing how we might carry lessons from the pandemic into the university’s strategy for digital learning.","openalex, scopus, wos, dblp",llm,0.960,unreviewed,
discarded,,,,,,,non-target-topic,,"openalex, scopus, wos, dblp",llm,0.500,unreviewed,
kept,Developing a pre- and post-course concept inventory to gauge operating systems learning,Kevin C. Webb; Cynthia Taylor,2014,SIGCSE,10.1145/2538862.2538886,https://openalex.org/W1971239853,computing-diagnostic-instrument; pre-post-test; OS-concept-inventory-nearest-instrument,"Operating systems courses often present students with multiple approaches to solve a problem, often with differing trade-offs. While students are more than capable of memorizing the details of these competing approaches, they often struggle to recommend a specific approach and analyze its implications. In particular, we find that students exhibit difficultly in interpreting text-based scenario descriptions in a way that allows them to correctly choose between potential solutions when presented with a high-level, conceptual scenario.","openalex, dblp, scopus",human,0.980,human,
discarded,Unmanned aerial systems for photogrammetry and remote sensing: A review,I. Colomina; P. Molina,2014,ISPRS Journal of Photogrammetry and Remote Sensing,10.1016/j.isprsjprs.2014.02.013,https://openalex.org/W1998943389,science-domain,"We discuss the evolution and state-of-the-art of the use of Unmanned Aerial Systems (UAS) in the field of Photogrammetry and Remote Sensing (PaRS). UAS, Remotely-Piloted Aerial Systems, Unmanned Aerial Vehicles or simply, drones are a hot topic comprising a diverse array of aspects including technology, privacy rights, safety and regulations, and even war and peace. Modern photogrammetry and remote sensing identified the potential of UAS-sourced imagery more than thirty years ago. In the last five years, these two sister disciplines have developed technology and methods that challenge the current aeronautical regulatory framework and their own traditional acquisition and processing methods. Navety and ingenuity have combined off-the-shelf, low-cost equipment with sophisticated computer vision, robotics and geomatic engineering. The results are cm-level resolution and accuracy products that can be generated even with cameras costing a few-hundred euros. In this review article, following a brief historic background and regulatory status analysis, we review the recent unmanned aircraft, sensing, navigation, orientation and general data processing developments for UAS photogrammetry and remote sensing with emphasis on the nano-micro-mini UAS segment.","openalex, dblp, scopus",llm,1.000,unreviewed,
discarded,Resilience: A Bridging Concept or a Dead End?“Reframing” Resilience: Challenges for Planning Theory and PracticeInteracting Traps: Resilience Assessment of a Pasture Management System in Northern AfghanistanUrban Resilience: What Does it Mean in Planning Practice?Resilience as a Useful Concept for Climate Change Adaptation?The Politics of Resilience for Planning: A Cautionary Note,Simin Davoudi; Simin Davoudi; Keith Shaw; L. Jamila Haider; Allyson Quinlan; Garry D. Peterson; Cathy Wilkinson; Hartmut Fünfgeld; Darryn McEvoy; Libby Porter; Simin Davoudi; Simin Davoudi,2012,Planning Theory & Practice,10.1080/14649357.2012.677124,https://openalex.org/W2160085528,method-paper-outside-scope,"Introduction The world breaks everyone and afterward many are strong at the broken places. (Ernest Hemingway, A Farewell to Arms, 1929) We live in challenging times with a heightened sense of uncer...","openalex, dblp, scopus",llm,0.980,unreviewed,
discarded,"The Ice, Cloud, and land Elevation Satellite-2 (ICESat-2): Science requirements, concept, and implementation",T. Markus; Tom Neumann; Anthony J. Martino; W. Abdalati; Kelly M. Brunt; B. M. Csathó; S. L. Farrell; H. A. Fricker; Alex Gardner; David J. Harding; Michael F. Jasinski; R. Kwok; Lori A. Magruder; Dan Lubin; S. B. Luthcke; J. Morison; Ross Nelson; Amy Neuenschwander; Stephen P. Palm; Sorin Popescu; C. K. Shum; B. E. Schutz; B. E. Smith; Yuekui Yang; J. Zwally,2017,Remote Sensing of Environment,10.1016/j.rse.2016.12.029,https://openalex.org/W2568967893,science-domain,"The Ice, Cloud, and land Elevation Satellite (ICESat) mission used laser altimetry measurements to determine changes in elevations of glaciers and ice sheets, as well as sea ice thickness distribution. These measurements have provided important information on the response of the cryopshere (Earth's frozen surfaces) to changes in atmosphere and ocean condition. ICESat operated from 2003 to 2009 and provided repeat altimetry measurements not only to the cryosphere scientific community but also to the ocean, terrestrial and atmospheric scientific communities. The conclusive assessment of significant ongoing rapid changes in the Earth's ice cover, in part supported by ICESat observations, has strengthened the need for sustained, high accuracy, repeat observations similar to what was provided by the ICESat mission. Following recommendations from the National Research Council for an ICESat follow-on mission, the ICESat-2 mission is now under development for planned launch in 2018. The primary scientific aims of the ICESat-2 mission are to continue measurements of sea ice freeboard and ice sheet elevation to determine their changes at scales from outlet glaciers to the entire ice sheet, and from 10s of meters to the entire polar oceans for sea ice freeboard. ICESat carried a single beam profiling laser altimeter that produced ~ 70 m diameter footprints on the surface of the Earth at ~ 150 m along-track intervals. In contrast, ICESat-2 will operate with three pairs of beams, each pair separated by about 3 km cross-track with a pair spacing of 90 m. Each of the beams will have a nominal 17 m diameter footprint with an along-track sampling interval of 0.7 m. The differences in the ICESat-2 measurement concept are a result of overcoming some limitations associated with the approach used in the ICESat mission. The beam pair configuration of ICESat-2 allows for the determination of local cross-track slope, a significant factor in measuring elevation change for the outlet glaciers surrounding the Greenland and Antarctica coasts. The multiple beam pairs also provide improved spatial coverage. The dense spatial sampling eliminates along-track measurement gaps, and the small footprint diameter is especially useful for sea surface height measurements in the often narrow leads needed for sea ice freeboard and ice thickness retrievals. The ICESat-2 instrumentation concept uses a low energy 532 nm (green) laser in conjunction with single-photon sensitive detectors to measure range. Combining ICESat-2 data with altimetry data collected since the start of the ICESat mission in 2003, such as Operation IceBridge and ESA's CryoSat-2, will yield a 15 + year record of changes in ice sheet elevation and sea ice thickness. ICESat-2 will also provide information of mountain glacier and ice cap elevations changes, land and vegetation heights, inland water elevations, sea surface heights, and cloud layering and optical thickness.","openalex, dblp, scopus",llm,1.000,unreviewed,
discarded,Taking Stock: A Critical Assessment of Recent Research on Inventories,Alan S. Blinder; Louis J. Maccini,1991,The Journal of Economic Perspectives,10.1257/jep.5.1.73,https://openalex.org/W1965254863,non-education,"Empirical and theoretical aspects of inventory behavior became hot topics in the 1950s and early 1960s. No one seemed to notice the tension that was developing between the emerging macroeconomic and microeconomic views of inventories. Macroeconomists routinely thought of inventories as a destabilizing factor, yet the prevailing micro theory viewed inventories as a stabilizing factor. It was a fascinating question that was barely explored. Instead somewhat inexplicably, interest in inventories dried up, as if inventories were of minor economic significance and little intrinsic interest. By the early 1980s, then, economists once again knew something they had known in the 1950s: that inventory investment is of first-order importance in business cycles. But they were also beginning to realize that the standard production-smoothing/buffer-stock model of inventories was in deep trouble. This paper focuses on developments since that realization.","openalex, dblp, scopus",llm,0.990,unreviewed,
discarded,Life Cycle Inventory of Biodiesel and Petroleum Diesel for Use in an Urban Bus,"USDOE Office of Energy Efficiency and Renewable Energy (EERE), Office of Sustainable Transportation. Bioenergy Technologies Office (BETO); John Sheehan; USDA; V. Camobreco; James A. Duffield; Michael S. Graboski; Housein Shapouri",1998,,10.2172/1218369,https://openalex.org/W2303343883,non-computing-domain,"This report presents the findings from a study of the life cycle inventories (LCIs) for petroleum diesel and biodiesel. An LCI is a comprehensive quantification of all the energy and environmental flows associated with a product from “cradle to grave.” It provides information on raw materials extracted from the environment; energy resources consumed; air, water, and solid waste emissions generated.","openalex, dblp, scopus",llm,1.000,unreviewed,
discarded,On the unique features of post‐disaster humanitarian logistics,José Holguín‐Veras; Miguel Jaller; Luk N. Van Wassenhove; Noel Pérez; Tricia Wachtendorf,2012,Journal of Operations Management,10.1016/j.jom.2012.08.003,https://openalex.org/W1964119131,non-computing-domain,"Abstract Logistic activity can be thought of as a socio‐technical process whereby a social network of individuals orchestrates a series of technical activities using supporting systems such as transportation and communications. To understand the functioning of the entire system requires proper consideration of all its components. We identify seven key components: the objectives being pursued, the origin of the commodity flows to be transported, knowledge of demand, the decision‐making structure, periodicity and volume of logistic activities, and the state of the social networks and supporting systems. Based on our analysis of the differences between commercial and humanitarian logistics, we pinpoint research gaps that need to be filled to enhance both the efficiency of humanitarian logistics and the realism of the mathematical models designed to support it. We argue that humanitarian logistics is too broad a field to fit neatly into a single definition of operational conditions. At one end of the spectrum we find humanitarian logistic efforts of the kind conducted in long‐term disaster recovery and humanitarian assistance, where operational efficiency – akin to commercial logistics – is a prime consideration. At the other, post‐disaster humanitarian logistic operations involved in disaster response and short‐term recovery activities represent a vastly different operational environment, often in chaotic settings where urgent needs, life‐or‐death decisions and scarce resources are the norm. The huge contrast between these operational environments requires that they be treated separately.","openalex, dblp, scopus",llm,0.990,unreviewed,
discarded,The last planner system of production control,Herman Glenn Ballard,2000,University of Birmingham Institutional Research Archive (University of Birmingham),,https://openalex.org/W2124060079,non-computing-domain,Available from British Library Document Supply Centre-DSC:DXN044307 / BLDSC - British Library Document Supply Centre,"openalex, dblp, scopus",llm,0.990,unreviewed,
discarded,Using concept inventories to measure understanding,David Sands; Mark Parker; Holly Hedgeland; Sally Jordan; Ross Galloway,2018,Higher Education Pedagogies,10.1080/23752696.2018.1433546,https://openalex.org/W2787671366,pre-post-test; general-concept-inventory-background-physics,"Measuring understanding is notoriously difficult. Indeed, in formulating learning outcomes the word ‘understanding’ is usually avoided, but in the sciences, developing understanding is one of the main aims of instruction. Scientific knowledge is factual, having been tested against empirical observation and experimentation, but knowledge of facts alone is not enough. There are also models and theories containing complex ideas and interrelationships that must be understood, and considerable attention has been devoted across a range of scientific disciplines to measuring understanding. This case study will focus on one of the main tools employed: the concept inventory and in particular the Force Concept Inventory (FCI). The success of concept inventories in physics has spawned concept inventories in chemistry, biology, astronomy, materials science and maths, to name a few. We focus here on the FCI and ask how useful concept inventories are for evaluating learning gains. Finally, we report on recent work by the authors to extend conceptual testing beyond the multiple-choice format.","openalex, dblp, scopus",human,0.960,human,
discarded,Psychological therapies for chronic post-traumatic stress disorder (PTSD) in adults,Jonathan I. Bisson; Neil P. Roberts; Martin Andrew; Rosalind Cooper; Catrin Lewis,2013,Cochrane Database of Systematic Reviews,10.1002/14651858.cd003388.pub4,https://openalex.org/W1561672713,medicine-domain,"BACKGROUND: Post-traumatic stress disorder (PTSD) is a distressing condition, which is often treated with psychological therapies. Earlier versions of this review, and other meta-analyses, have found these to be effective, with trauma-focused treatments being more effective than non-trauma-focused treatments. This is an update of a Cochrane review first published in 2005 and updated in 2007. OBJECTIVES: To assess the effects of psychological therapies for the treatment of adults with chronic post-traumatic stress disorder (PTSD). SEARCH METHODS: For this update, we searched the Cochrane Depression, Anxiety and Neurosis Group's Specialised Register (CCDANCTR-Studies and CCDANCTR-References) all years to 12th April 2013. This register contains relevant randomised controlled trials from: The Cochrane Library (all years), MEDLINE (1950 to date), EMBASE (1974 to date), and PsycINFO (1967 to date). In addition, we handsearched the Journal of Traumatic Stress, contacted experts in the field, searched bibliographies of included studies, and performed citation searches of identified articles. SELECTION CRITERIA: Randomised controlled trials of individual trauma-focused cognitive behavioural therapy (TFCBT), eye movement desensitisation and reprocessing (EMDR), non-trauma-focused CBT (non-TFCBT), other therapies (supportive therapy, non-directive counselling, psychodynamic therapy and present-centred therapy), group TFCBT, or group non-TFCBT, compared to one another or to a waitlist or usual care group for the treatment of chronic PTSD. The primary outcome measure was the severity of clinician-rated traumatic-stress symptoms. DATA COLLECTION AND ANALYSIS: We extracted data and entered them into Review Manager 5 software. We contacted authors to obtain missing data. Two review authors independently performed 'Risk of bias' assessments. We pooled the data where appropriate, and analysed for summary effects. MAIN RESULTS: We include 70 studies involving a total of 4761 participants in the review. The first primary outcome for this review was reduction in the severity of PTSD symptoms, using a standardised measure rated by a clinician. For this outcome, individual TFCBT and EMDR were more effective than waitlist/usual care (standardised mean difference (SMD) -1.62; 95% CI -2.03 to -1.21; 28 studies; n = 1256 and SMD -1.17; 95% CI -2.04 to -0.30; 6 studies; n = 183 respectively). There was no statistically significant difference between individual TFCBT, EMDR and Stress Management (SM) immediately post-treatment although there was some evidence that individual TFCBT and EMDR were superior to non-TFCBT at follow-up, and that individual TFCBT, EMDR and non-TFCBT were more effective than other therapies. Non-TFCBT was more effective than waitlist/usual care and other therapies. Other therapies were superior to waitlist/usual care control as was group TFCBT. There was some evidence of greater drop-out (the second primary outcome for this review) in active treatment groups. Many of the studies were rated as being at 'high' or 'unclear' risk of bias in multiple domains, and there was considerable unexplained heterogeneity; in addition, we assessed the quality of the evidence for each comparison as very low. As such, the findings of this review should be interpreted with caution. AUTHORS' CONCLUSIONS: The evidence for each of the comparisons made in this review was assessed as very low quality. This evidence showed that individual TFCBT and EMDR did better than waitlist/usual care in reducing clinician-assessed PTSD symptoms. There was evidence that individual TFCBT, EMDR and non-TFCBT are equally effective immediately post-treatment in the treatment of PTSD. There was some evidence that TFCBT and EMDR are superior to non-TFCBT between one to four months following treatment, and also that individual TFCBT, EMDR and non-TFCBT are more effective than other therapies. There was evidence of greater drop-out in active treatment groups. Although a substantial number of studies were included in the review, the conclusions are compromised by methodological issues evident in some. Sample sizes were small, and it is apparent that many of the studies were underpowered. There were limited follow-up data, which compromises conclusions regarding the long-term effects of psychological treatment.","openalex, dblp, scopus",llm,1.000,unreviewed,
discarded,Force Concept Inventory-based multiple-choice test for investigating students’ representational consistency,Pasi Nieminen; Antti Savinainen; Jouni Viiri,2010,Physical Review Special Topics - Physics Education Research,10.1103/physrevstper.6.020109,https://openalex.org/W2020631265,pre-post-test; non-computing-concept-inventory,"This study investigates students' ability to interpret multiple representations consistently (i.e., representational consistency) in the context of the force concept. For this purpose we developed the Representational Variant of the Force Concept Inventory (R-FCI), which makes use of nine items from the 1995 version of the Force Concept Inventory (FCI). These original FCI items were redesigned using various representations (such as motion map, vectorial and graphical), yielding 27 multiple-choice items concerning four central concepts underpinning the force concept: Newton's first, second, and third laws, and gravitation. We provide some evidence for the validity and reliability of the R-FCI; this analysis is limited to the student population of one Finnish high school. The students took the R-FCI at the beginning and at the end of their first high school physics course. We found that students' $(n=168)$ representational consistency (whether scientifically correct or not) varied considerably depending on the concept. On average, representational consistency and scientifically correct understanding increased during the instruction, although in the post-test only a few students performed consistently both in terms of representations and scientifically correct understanding. We also compared students' $(n=87)$ results of the R-FCI and the FCI, and found that they correlated quite well.","openalex, dblp, scopus",human,0.880,human,
