status,title,authors,year,venue,doi,url,tags,abstract,provider,decision_source,llm_confidence,llm_review_outcome,llm_change_direction
discarded,Understanding and debugging concurrent programs through visualisation,Jan Lönnberg,2012,Aaltodoc (Aalto University),,https://openalex.org/W2601825425,programming-learning-not-shell,"In this thesis, the development and evaluation of a visualisation system intended to support students in understanding and debugging concurrent programs is presented. The first phase of development consisted of examining how students understand and develop concurrent programs through phenomenographic research. The resulting outcome spaces included the students' understandings of tuple spaces, the purpose of a programming assignment and what developing, debugging and testing a concurrent program involves. The outcome spaces included categories ranging from simple understandings containing only what is necessary to complete the assignments to understandings that placed the program in a larger context beyond the assignment.&#13;\nThese outcome spaces were used in a classification of defects in students' concurrent programs. The defects found in the students' programs were classified by the underlying human error and by the type of program failure the defect causes. This analysis of defects was used to determine appropriate measures to support students in avoiding such defects. Many of the students' defects were related to misunderstanding the goals of the assignment, so they were rewritten to clarify the goals. To give the students a more concrete demonstration of the situations their programs had to deal with, test packages were provided to them.&#13;\nMany of the students' defects were related to incorrect use of concurrency. To help students understand and correct these defects and learn from their mistakes, the visualisation system Atropos was developed. Atropos is intended to help students understand concurrent program behaviour in Java. Atropos supports backward debugging of concurrent Java programs through interactive exploration of a dynamic dependence graph. A solution for replay and dynamic dependence analysis of concurrent Java programs that may include data races was devised.&#13;\nAtropos was evaluated through a mixed-methods analysis of the behaviour of pairs of students using Atropos to debug concurrent programs. The results include a description of the ways in which students successfully made use of Atropos and suggestions for how it could be improved to better support their debugging approaches. While students appear to understand the dependence graph representation and how to apply it in debugging, they need more support from Atropos for eliding the implementation of data structures in order to examine their use.","openalex, scopus, wos, dblp",llm,0.930,unreviewed,
discarded,What Affects Student Self Efficacy In An Honors First Year Engineering Course?,Melissa Sumpter; Deborah Follman; Mica Hutchison,2020,,10.18260/1-2--1039,https://openalex.org/W2625327867,engineering-report,"Self-efficacy, an individual's belief in his or her ability to perform certain tasks, has been linked to student achievement, interest, and retention in the fields of science, engineering, and mathematics. The more positive a student's self-efficacy, the better the student will perform in class and in other aspects of his or her life. Helping engineering students develop their sense of self-efficacy requires an understanding of what influences students' efficacy beliefs and how students form their beliefs. Previously, we identified nine factors affecting the efficacy beliefs of first-year engineering students enrolled in Engineering Problem Solving and Computer Tools at Purdue University: understanding or mastery of the material; drive or motivation toward success; teaming issues; computer skills relevant to the material; the availability of help and ability to access it; issues surrounding the attempt and completion of assignments; student problem-solving abilities; enjoyment, interest, and satisfaction associated with the course and its material; and grades related to aspects of the course. Some factors promoted students' efficacy; others reduced it. A parallel study has been conducted with first-year honors engineering students at the same university. A survey was administered as a required homework assignment to students in the first-year engineering class, Honors Engineering Problem Solving and Computer Tools. Students were asked to rate their confidence in their ability to succeed in the course as well as to list and rank the factors they perceived as influencing their self-efficacy beliefs. This paper will present the influences of honors first-year engineering student self-efficacy beliefs and compare them to the beliefs and influences of non-honors first-year engineering students. Such information may help educators construct a learning environment that promotes positive self-efficacy, and thus the achievement and retention of their first-year engineering students.","openalex, scopus, wos, dblp",llm,0.980,unreviewed,
discarded,Pasifika Tertiary Students' Use of Information and Communication Technologies,Kerese Tuifaktoga Manueli,2012,,10.26686/wgtn.17000668.v1,https://openalex.org/W4320405619,education-technology-general,"&lt;p&gt;Information and Communication Technologies (ICT) are pervasive in our daily lives. In New Zealand tertiary education institutions, the adoption of ICT is widespread. Meanwhile, Pasifika students’ participation in tertiary education has been increasing. Yet, for this group of students, academic success has been a concern to successive governments, tertiary institutions, and Pasifika peoples. ICT may offer an opportunity to improve Pasifika students’ academic achievement. The study is premised on the belief that positive learning experiences will lead to improved academic outcomes. Consequently, the study explored ways of using ICT to enhance Pasifika students’ learning experiences. Adopting an interpretivist approach, the case study investigated the ICT skills and the use of ICT for learning enhancements of a group of Pasifika students at a New Zealand institute of technology. Over a period of eighteen months, data was gathered through talanoa, participant observation, and the researcher’s reflective journal. The three method approach enabled data triangulation. Data analysis adhered to the theoretical propositions of the study. Among the key findings, is the disturbing realization that Pasifika students’ ICT skill levels were not at the level assumed by the institution. The main uses of ICT by the Pasifika students in this study were for personal communication and entertainment. The students’ use of ICT for educational purposes was limited due to the mismatch of their ICT skills and those required by the institution. Inadvertently, this has further disadvantaged the students’ learning experiences. The study concludes by offering an ICT skills development framework for use with Pasifika students. Moreover, the study proposes a number of recommendations for practice, policy, and further research.&lt;/p&gt;","openalex, scopus, wos, dblp",llm,0.970,unreviewed,
discarded,Deprecating Misconceptions through Context-Dependent Accounts of Productive Knowledge,Brian A. Danielak,2019,Icer 2019 Proceedings of the 2019 ACM Conference on International Computing Education Research,10.1145/3291279.3339424,https://openalex.org/W2965098349,method-paper-outside-scope,"This paper aims to expand our sense of what's possible in modeling cognition within computing education research. We argue that research approaches that privilege canonical knowledge do so at the expense of other productive knowledge and ways of knowing that students have. We explore applicable cognitive theory by showing how manifold models of cognition can be powerful frameworks for analysis in Computing Education (CEd). Finally, we conclude with an exploration of epistemological concerns, arguing that a fundamental concern for our research community should be paying attention to what counts as knowledge and knowing in computing learning environments.","openalex, scopus, wos, dblp",llm,0.910,unreviewed,
discarded,Which Way with Informatics in High Schools in the Netherlands? The Dutch Dilemma,Nico van Diepen; Jacob Perrenet; Bert Zwaneveld,2011,Informatics in Education,10.15388/infedu.2011.09,https://openalex.org/W1834762056,general-education,"Informatics is currently being taught in high schools all over the world. In the Dutch curriculum, computer literacy is taught in the lower grades as a compulsory subject, Informatics is taught as an elective in the higher grades of some schools. As a follow-up to the outline of Grgurina and Tolboom (2008), the discussion about the future of Informatics education in the Netherlands is investigated and elaborated in this paper. Our research brings forward four positions of the stakeholders in the field: the negative-critical view, the positive-realistic view, the no-nonsense view and the innovative view. Extreme positions are either `to terminate the school subject, because teachers are not qualified and there is little relation with Informatics as a scientific discipline', or `to strengthen the school subject because of its social relevance'. The latter position will be substantiated by a discussion of the novice-expert approach for teaching and the importance of enculturation and situated learning. As a way to strengthen secondary Informatics teaching, especially in the Netherlands, Schoenfeld's framework is advised (Schoenfeld, 2010).","openalex, scopus, wos, dblp",llm,0.950,unreviewed,
discarded,El estilo cognitivo dependencia-independencia en el proceso de enseñanza-aprendizaje,Carolina Tinajero; María Fernanda Páramo Fernández,2013,Revista Colombiana de Educación,10.17227/01203916.64rce57.78,https://openalex.org/W1603034989,general-education,"This work offers a research review about the implication of dependenceindependence cognitive style field on the teaching-learning process. After clarifying the idea of psychological style, cognitive style and justifying its importance for the educational context, then it is shown the important results available about the differences of the subjects that belong to different styles in relation to learning strategies, material preferences and instructional methodology are shown and apparently are at the base of the differences of school performance.","openalex, scopus, wos, dblp",llm,0.980,unreviewed,
discarded,C in CS1: Snags and Viable Solution,Shumail Naveed; Muhammad Sarim; Adnan Nadeem,2018,Mehran University Research Journal of Engineering and Technology,10.22581/muet1982.1801.01,https://openalex.org/W4301818685,programming-learning-not-shell,"Programming is one of the career rewarding skills; however, learning programming skill is extremely hard and arduous as supported by several studies. The first programming language has an everlasting impact on the programmer's program's development abilities. In most of the universities the imperative paradigm is used for introductory programming courses and generally C language is used as a base language of a first programming course. The C language is a leading programming language and extensively utilized for commercial applications. The majority of the programming languages are highly motivated from the C language, yet its intrinsic complexities and non-pedagogic origin evidently makes it hard and a complex choice for a first programming course. This paper proposed a rational and realizable solution that can make a C language a suitable choice for a first the course of programming.","openalex, scopus, wos, dblp",llm,0.970,unreviewed,
discarded,Reflective teacher using the computer-network in teaching; how the psycho-epistemological learning styles help to better design learning environments,Kari Kilpinen,2004,Tampere University Institutional Repository (Tampere University),,https://openalex.org/W78464470,education-technology-general,"Tutkija on tutkinut usean vuoden ajan tietoverkko-opetusta oppilaillaan. Tutkimuksessa on analysoitu noin 600 opiskelijan oppimista. Tutkimuksessa on käytetty tutkimusmenetelmänä Reflection-in-Action-menetelmää. Menetelmässä tutkija tarkastelee itse suunnittelemiensa opetussivujen vaikutusta oppimiseen ja tulosten perusteella muuttaa sivujaan analyysien perusteella.&#13;\n&#13;\nTutkimuksessa hyväksi kehittämisperusteeksi nousi opiskelijoiden epistemolooginen oppimistyyli. Oppimistyylissä on kolme perusluokkaa: 1. empiiriset oppijat (, jotka oppivat havaintojensa sekä kokemustensa avulla) 2. rationaaliset oppijat (, jotka oppivat järkeilyn ja loogisen päättelyn avulla) sekä 3. metafooriset oppijat (, joiden oppiminen perustuu symboolisiin ja vertauskuvainnollisiin kokemuksiin ja jotka oppivat näkemyksen perusteella). Luonnollisesti on oppijoita, joiden oppimistyylissä ei mikään näistä oppimistyyleistä ole hallitseva.&#13;\n&#13;\nHyväksi oppimisen pohjaksi tutkimuksessa havaittiin tekemällä oppimisen metodi. Opettaja opettaa asian perusteet (orientaatio-perusta) ja antaa riittävän väljästi toteutettavan oppimistehtävän. Opiskelijat etsivät tietoverkon avulla vastauksia tehtävään. Tärkeintä on, että jokainen oppija voi oppia omalla tavallaan. Tutkimuksessa nousi myös esille se, että oppimisympäristöä suunniteltaessa tärkeämpää on lähteä opiskelijoiden oppimistyylistä kuin opiskeltavan aiheen luonteesta. Vaikka esimerkiksi matematiikka on varsin rationaalinen/deduktiivinen aine, niin empiirisvaltaiselle opiskelijaryhmälle sitä kannattaa opettaa enemmän havainnoinnin kuin teorioiden ja järkeilyn kautta.&#13;\n&#13;\nTietokone auttaa oikein suunniteltuna joustavuuden laajentamisessa. Kuitenkin tietokone on vain väline muiden joukossa. Kursseja ei kannata suunnitella tekniikasta lähtien, vaan tärkeämpää on pedagoogisesta prosessista lähteminen. Ei kannata suunnitella kerralla uutta järjestelmää, vaan mieluummin vaihe vaiheelta siirtyä käyttämään tietokonetta opettamisen apuna.","openalex, scopus, wos, dblp",llm,0.960,unreviewed,
discarded,Motivated and Self-Regulated Learning of Adult Learners in a Collective Online Environment,Marko Susimetsä,2006,Tampere University Institutional Repository (Tampere University),,https://openalex.org/W147814056,education-technology-general,"Opiskelussa menestymisen kannalta tärkeimpiä elementtejä ovat perinteisen ajattelun mukaan opiskelijan oma innostus ja motivaatio sekä tämän käyttämät opiskelumenetelmät. Viime vuosina on sekä koulutuksessa että työelämässä kuitenkin siirrytty kohden tiimipohjaista työskentelyä, jossa yksin oppiminen tai työskentely ei enää ole useinkaan mahdollista. Opiskelijoiden ja työntekijöiden tulee ottaa huomioon myös muut ryhmän jäsenet, osata kertoa heille omasta työstään ja omista ajatuksistaan ja kuunnella vuorostaan muiden ajatuksia ja mielipiteitä. Vain tällaisen yhdessä toimimisen kulttuurin kautta voi opiskelu- tai työtiimi päästä parhaaseen lopputulokseen.\n\nTämän muutoksen myötä on viime aikoina nähty tärkeäksi tutkia motivaation ja oppimismenetelmien sosiaalista ja kollektiivista puolta. Tällöin huomio kiinnittyy esimerkiksi opiskelijoiden kykyyn nähdä tavoitteet, esimerkiksi oppimistehtävät, yhteisinä tavoitteina yksilöllisten tavoitteiden sijaan. Samoin opiskelijoiden tulee osata käyttää hyödyksi ryhmän muiden jäsenten tietoja ja taitoja, antaa omat tietonsa ja taitonsa ryhmän käytettäväksi, sekä tukea sosiaalisesti ryhmän yhteistä motivaatiota työskennellä työtehtävän parissa.\n\nTämän tutkimuksen päätarkoitus oli syventää olemassaolevaa tietoa aikuisopiskelijoiden motivaatio- ja opiskelustrategioista. Ilmiötä tutkittiin verkko-oppimisympäristössä, jossa opiskelijaryhmät työskentelivät yhteisten oppimistehtävien parissa. Aiempi alueen tutkimus on keskittynyt määrällisiin tutkimusmenetelmiin ja yksittäisiin opiskelijoihin, kun tämä tutkimus käytti laadullisia tutkimusmenetelmiä ja keskittyi laajempaan, opiskelun kollektiiviset ominaisuudet huomioonottavaan käsitykseen oppimisesta. Päätavoitteen lisäksi tutkimuksessa käsiteltiin motivaatio- ja oppimisstrategioiden eri tasoja eri opiskelijoilla ja niitä tekijöitä jotka erottavat hyvin menestyvät opiskelijat muista. Lisäksi tutkimuksessa kuvattiin laadullisesti tutkimukseen osallistuneen viiden opiskelijaryhmän yhteistoiminnallisuutta näiden opintojen aikana.\n\nTutkimuksen tuloksena syntyi Kollektiivisen verkko-oppimisen malli, joka koostuu neljästä tasosta, joilla kaikilla on vaikutus oppimismenestykseen: henkilökohtainen motivaatio, henkilökohtaiset oppimisstrategiat, kollektiivinen motivaatio ja kollektiiviset oppimisstrategiat. Tulokset lisäävät tietoa siitä miten opiskelijaryhmät toimivat ja millaiset sisäiset voimat vaikuttavat ryhmien toimintaan opiskelun aikana ja ryhmän kehityskaarella. Tulokset ovat hedelmälliset myös verkko-oppimissovellusten ja erilaisten tukijärjestelmien jatkuvan kehityksen kannalta, erityisesti aikuisopiskelijoiden kohdalla, ja niitä voidaan osaltaan hyödyntää myös työelämän tiimityön kehittämisessä.","openalex, scopus, wos, dblp",llm,0.970,unreviewed,
discarded,Supporting Media Computation in Programming Education: A Class Library for Bitmap Processing Using Scala,Aleksi Lukkarinen,2016,Aaltodoc (Aalto University),10.13140/rg.2.2.19311.43680,https://openalex.org/W2595545413,programming-learning-not-shell,"The objective of the Thesis was to identify opportunities for applying Media Computation in four courses that teach introductory computer science and programming with the Scala programming language and are aimed at computer science majors at Aalto. Media Computation is an approach for contextualizing computer science and programming education to make it appear more interesting and motivating for students.&#13;\n&#13;\nThe main components of this thesis are (1) a classification of the currently available teaching contextualization methods for programming and computer science, with a focus on Media Computation; and (2) a research prototype which supports students by offering cognitive scaffolding and improves the presentation of bitmap-based media on the interactive Scala shell of Scala IDE.&#13;\n&#13;\nThe Thesis examines the foundation of contextualization and Media Computation in theories of motivation. This thesis formulates a classification that provides a coarse-grained overall picture of tool-based contextualization methods and a more fine-grained description of ways to integrate media inside integrated development environments, a form of Media Computation. In addition, on the basis of several textbooks that apply Media Computation, the Thesis presents a classification of current genres of Media Computation. Moreover, it reviews software applications that have already been used, or would be suitable to be used, for Media Computation.&#13;\n&#13;\nThe research prototype consists of two Scala-based class libraries and a bespoke version of the Eclipse-based Scala IDE. The first of the class libraries, SMCL (Scala Media Computation Library), enables the actual bitmap processing. The latter one, in turn, offers an interface for the interactive Scala shell both to query SMCL for and to display metadata, such as bitmaps, that is related to the execution results of code fragments. SMCL enables both pixel- and compositing-based Media Computation with RGBA-formatted (red, green, blue, aplha) bitmaps. It also contains a simple bitmap viewer for cases in which the development environment cannot display bitmaps or does not support SMCL.&#13;\n&#13;\nThe requirements set for the prototype were almost fully realized, and a small-scale pilot testing proved the functionality offered by the prototype to be useful. With further development of the prototype it is most likely possible to produce a tool, with which programming education can be improved to be more diverse, interesting, and motivating.","openalex, scopus, wos, dblp",llm,0.890,unreviewed,
discarded,Positie van het vak informatica in havo/vwo,Bert Zwaneveld; Jacob Perrenet; Nico van Diepen,2009,University of Twente Research Information,,https://openalex.org/W2154172175,general-education,"De vraag van dit artikel is: hoe moet het verder met het vak informatica in de bovenbouw\nvan havo en van vwo? Deze vraag is relevant om een aantal redenen. Enerzijds gaat het\nom een tamelijk marginaal vak; slechts ongeveer 60% van de scholen biedt informatica\naan. Anderzijds is er een discussie op gang aan het komen over de positie van het vak.\nZo zijn er mensen die zich afvragen of informatica in de huidige vorm moet blijven\nbestaan, maar ook mensen die vinden dat de maatschappelijke relevantie van informatica\nzo groot is dat de positie ervan versterkt moet worden. In dit artikel geven we na een\nbeschrijving van de huidige positie van het schoolvak informatica vooral argumenten pro\nhet laatste standpunt en hoe dat vorm kan krijgen.","openalex, scopus, wos, dblp",llm,0.960,unreviewed,
