status,title,authors,year,venue,doi,url,tags,abstract,provider,decision_source,llm_confidence,llm_review_outcome,llm_change_direction
discarded,C + Go = An Alternate Approach Toward the Linux Programming Course,Saverio Perugini; Brandon M. Williams,2020,SIGCSE 2020 Proceedings of the 51st ACM Technical Symposium on Computer Science Education,10.1145/3328778.3366944,https://openalex.org/W3010310341,programming-learning-not-shell,"The use of the C programming language in a Linux programming course---common in most undergraduate computer science programs---has been the standard practice for nearly thirty years. The use of C is appropriate because Linux is written in C and, thus, programming with the system (i.e., accessing operating system structures and making calls to the kernel) is natural in C. However, this seamless integration of Linux and C can inhibit student assimilation of course concepts---through conflation of concepts with language (e.g., system calls with C, or libraries with gcc, respectively)---and, ultimately, student learning outcomes for a variety of reasons. We challenge the idea of the exclusive use of C in the Linux programming course and alternatively propose the use of the Go programming language, in strategic conjunction with C, to both achieve student learning outcomes and address some of the issues with an exclusive C approach. We explored and studied this approach---the use of Go in the Linux course---over the course of seven consecutive offerings of it. We present our experience with this approach including a collection of desiderata resulting from it as well as student survey data as an evaluation of its use in practice. Overall, the results indicate this approach is feasible, is no worse than an exclusive C approach, and yields advantages. We anticipate this experience report will inspire adoption of the use of Go in similar Linux programming courses.","openalex, dblp, scopus",llm,0.920,unreviewed,
discarded,,,2019,Journal of computing sciences in colleges,10.36614/jcsc/35.5,https://openalex.org/W4244199958,engineering-report,"at beautiful Benedictine University in Lisle, IL. It is my pleasure to be the Chair for this conference for a second time. Much has changed since I chaired this conference fifteen years ago. There are new languages like Kotlin, Rust, and Go. Software engineering has become a discipline of its own with cybersecurity well on its way. Interactive lab environments with auto-grading are now ubiquitous. One thing that has not changed is that the CCSC conferences provide a fertile ground for sharing ideas and techniques in our ever-changing world. There is always something for everyone, and I hope you will find something that will be helpful to you.","openalex, dblp, scopus",llm,0.810,unreviewed,
discarded,The Linux Luminarium: Learning Linux by Leveraging Lightweight Labs and Ludicrous Lessons,Shoshitaishvili Y.,2026,SIGCSE TS 2026 Proceedings of the 57th ACM Technical Symposium on Computer Science Education V 1,10.1145/3770762.3772655,https://www.scopus.com/inward/record.uri?partnerID=HzOxMe3b&scp=105031882596&origin=inward,cs1-learning-outcomes; teaching-curriculum-abstract-unavailable-ACM,,"openalex, dblp, scopus",human,0.720,human,
kept,Assessing Student Proficiency in Foundational Developer Tools Through Live Checkoffs,McMahon C.,2026,SIGCSE TS 2026 Proceedings of the 57th ACM Technical Symposium on Computer Science Education V 1,10.1145/3770762.3772618,https://www.scopus.com/inward/record.uri?partnerID=HzOxMe3b&scp=105031885727&origin=inward,cs1-learning-outcomes; skill-checkoff-assessment-qualifies-claim,,"openalex, dblp, scopus",human,0.760,human,
discarded,Checkpoint: A Tool for Supporting Terminal-Based Capture-the-Flag Assessments,Bernard C.R.,2025,SIGCSE TS 2025 Proceedings of the 56th ACM Technical Symposium on Computer Science Education,10.1145/3641555.3705142,https://www.scopus.com/inward/record.uri?partnerID=HzOxMe3b&scp=86000267174&origin=inward,cs1-learning-outcomes; assessment-tooling-abstract-unavailable,,"openalex, dblp, scopus",human,0.800,human,
discarded,TermiTeach: Natural Language Command Line Interface Tutoring Via Generative AI Simulations,Singh V.K.,2025,Ised 2025 13th International Conference on Intelligent Systems and Embedded Design Proceedings,10.1109/ISED67359.2025.11405208,https://www.scopus.com/inward/record.uri?partnerID=HzOxMe3b&scp=105035834279&origin=inward,cs1-learning-outcomes; tutoring-framework-evaluates-system-not-learners,,"openalex, dblp, scopus",human,0.740,human,
kept,The Shell Tutor: An Intelligent Tutoring System For The UNIX Command Shell And Git,Winder J.,2024,Annual Conference on Innovation and Technology in Computer Science Education Iticse,10.1145/3649217.3653631,https://www.scopus.com/inward/record.uri?partnerID=HzOxMe3b&scp=85198906289&origin=inward,cs1-learning-outcomes; perception-survey-corroboration-shell-tutor-already-cited,,"openalex, dblp, scopus",human,0.830,human,
discarded,XM: A Customised Software Tool to Facilitate Learning and Professional Skills Development in Operating Systems,Calin A.D.,2024,International Conference on Computer Supported Education Csedu Proceedings,10.5220/0012590300003693,https://www.scopus.com/inward/record.uri?partnerID=HzOxMe3b&scp=85193966749&origin=inward,programming-learning-not-shell,,"openalex, dblp, scopus",llm,0.700,unreviewed,
discarded,DynamiQue–A Technical Intervention To Augment Static Textbook with Dynamic Q&A,Venigalla A.S.M.,2022,Interactive Learning Environments,10.1080/10494820.2020.1744016,https://www.scopus.com/inward/record.uri?partnerID=HzOxMe3b&scp=85082849647&origin=inward,education-technology-general,,"openalex, dblp, scopus",llm,0.860,unreviewed,
discarded,"TermAdventure: Interactively Teaching UNIX Command Line, Text Adventure Style",Šuppa M.,2021,Annual Conference on Innovation and Technology in Computer Science Education Iticse,10.1145/3430665.3456387,https://www.scopus.com/inward/record.uri?partnerID=HzOxMe3b&scp=85109032390&origin=inward,cs1-learning-outcomes; teaching-tool-abstract-truncated-measure-not-stated,,"openalex, dblp, scopus",human,0.880,human,
kept,Toolset for Collecting Shell Commands and Its Application in Hands-on Cybersecurity Training,Svabensky V.,2021,Proceedings Frontiers in Education Conference Fie,10.1109/FIE49875.2021.9637052,https://www.scopus.com/inward/record.uri?partnerID=HzOxMe3b&scp=85115803075&origin=inward,cs1-learning-outcomes; command-log-tooling-already-cited,,"openalex, dblp, scopus",human,0.910,human,
kept,Teaching Cybersecurity to Computer Science Students Utilizing Terminal Sessions Recording Software as a Pedagogical Tool,Hassan I.,2020,Proceedings Frontiers in Education Conference Fie,10.1109/FIE44824.2020.9274268,https://www.scopus.com/inward/record.uri?partnerID=HzOxMe3b&scp=85098568802&origin=inward,cs1-learning-outcomes; perception-survey-corroboration,,"openalex, dblp, scopus",human,0.860,human,
kept,Uassign: Scalable interactive activities for teaching the unix terminal,Bailey J.,2019,SIGCSE 2019 Proceedings of the 50th ACM Technical Symposium on Computer Science Education,10.1145/3287324.3287458,https://www.scopus.com/inward/record.uri?partnerID=HzOxMe3b&scp=85064391076&origin=inward,cs1-learning-outcomes; perception-survey-confidence,,"openalex, dblp, scopus",human,0.970,human,
