status,title,authors,year,venue,doi,url,tags,abstract,provider,decision_source,llm_confidence,llm_review_outcome,llm_change_direction
discarded,Third-generation database system manifesto,Michael Stonebraker; Lawrence A. Rowe; Bruce G. Lindsay; Jim Gray; Michael J. Carey; Michael L. Brodie; Philip A. Bernstein; David Beech,1990,ACM SIGMOD Record,10.1145/101077.390001,https://openalex.org/W1505177095,non-education,"We call the older hierarchical and network systems first generation datftha~ systems and refer to the current collection of relmional systems as the second generation. In this paper we consider the characteristics that must be ~ri~fied by the next generation of data managexs, which we call third generation database systems.","openalex, scopus, wos",llm,0.990,unreviewed,
discarded,Discourse-mediation of the mapping between language and the visual world: Eye movements and mental representation,Gerry T. M. Altmann; Yuki Kamide,2009,Cognition,10.1016/j.cognition.2008.12.005,https://openalex.org/W2156037038,psychology-domain,"Two experiments explored the mapping between language and mental representations of visual scenes. In both experiments, participants viewed, for example, a scene depicting a woman, a wine glass and bottle on the floor, an empty table, and various other objects. In Experiment 1, participants concurrently heard either 'The woman will put the glass on the table' or 'The woman is too lazy to put the glass on the table'. Subsequently, with the scene unchanged, participants heard that the woman 'will pick up the bottle, and pour the wine carefully into the glass.' Experiment 2 was identical except that the scene was removed before the onset of the spoken language. In both cases, eye movements after 'pour' (anticipating the glass) and at 'glass' reflected the language-determined position of the glass, as either on the floor, or moved onto the table, even though the concurrent (Experiment 1) or prior (Experiment 2) scene showed the glass in its unmoved position on the floor. Language-mediated eye movements thus reflect the real-time mapping of language onto dynamically updateable event-based representations of concurrently or previously seen objects (and their locations).","openalex, scopus, wos",llm,1.000,unreviewed,
discarded,Psychological therapies for the treatment of mental disorders in low- and middle-income countries affected by humanitarian crises,Marianna Purgato; Chiara Gastaldon; Davide Papola; Mark van Ommeren; Corrado Barbui; Wietse A. Tol,2018,Cochrane Database of Systematic Reviews,10.1002/14651858.cd011849.pub2,https://openalex.org/W1788921434,medicine-domain,"BACKGROUND: People living in humanitarian settings in low- and middle-income countries (LMICs) are exposed to a constellation of stressors that make them vulnerable to developing mental disorders. Mental disorders with a higher prevalence in these settings include post-traumatic stress disorder (PTSD) and major depressive, anxiety, somatoform (e.g. medically unexplained physical symptoms (MUPS)), and related disorders. A range of psychological therapies are used to manage symptoms of mental disorders in this population. OBJECTIVES: To compare the effectiveness and acceptability of psychological therapies versus control conditions (wait list, treatment as usual, attention placebo, psychological placebo, or no treatment) aimed at treating people with mental disorders (PTSD and major depressive, anxiety, somatoform, and related disorders) living in LMICs affected by humanitarian crises. SEARCH METHODS: We searched the Cochrane Common Mental Disorders Controlled Trials Register (CCMDCTR), the Cochrane Central Register of Controlled Trials (Wiley), MEDLINE (OVID), Embase (OVID), and PsycINFO (OVID), with results incorporated from searches to 3 February 2016. We also searched the World Health Organization (WHO) trials portal (ICTRP) and ClinicalTrials.gov to identify any unpublished or ongoing studies. We checked the reference lists of relevant studies and reviews. SELECTION CRITERIA: All randomised controlled trials (RCTs) comparing psychological therapies versus control conditions (including no treatment, usual care, wait list, attention placebo, and psychological placebo) to treat adults and children with mental disorders living in LMICs affected by humanitarian crises. DATA COLLECTION AND ANALYSIS: We used standard Cochrane procedures for collecting data and evaluating risk of bias. We calculated standardised mean differences for continuous outcomes and risk ratios for dichotomous data, using a random-effects model. We analysed data at endpoint (zero to four weeks after therapy); at medium term (one to four months after therapy); and at long term (six months or longer). GRADE (Grades of Recommendation, Assessment, Development, and Evaluation) was used to assess the quality of evidence for post-traumatic stress disorder (PTSD), depression, anxiety and withdrawal outcomes. MAIN RESULTS: We included 36 studies (33 RCTs) with a total of 3523 participants. Included studies were conducted in sub-Saharan Africa, the Middle East and North Africa, and Asia. Studies were implemented in response to armed conflicts; disasters triggered by natural hazards; and other types of humanitarian crises. Together, the 33 RCTs compared eight psychological treatments against a control comparator.Four studies included children and adolescents between 5 and 18 years of age. Three studies included mixed populations (two studies included participants between 12 and 25 years of age, and one study included participants between 16 and 65 years of age). Remaining studies included adult populations (18 years of age or older).Included trials compared a psychological therapy versus a control intervention (wait list in most studies; no treatment; treatment as usual). Psychological therapies were categorised mainly as cognitive-behavioural therapy (CBT) in 23 comparisons (including seven comparisons focused on narrative exposure therapy (NET), two focused on common elements treatment approach (CETA), and one focused on brief behavioural activation treatment (BA)); eye movement desensitisation and reprocessing (EMDR) in two comparisons; interpersonal psychotherapy (IPT) in three comparisons; thought field therapy (TFT) in three comparisons; and trauma or general supportive counselling in two comparisons. Although interventions were described under these categories, several psychotherapeutic elements were common to a range of therapies (i.e. psychoeducation, coping skills).In adults, psychological therapies may substantially reduce endpoint PTSD symptoms compared to control conditions (standardised mean difference (SMD) -1.07, 95% confidence interval (CI) -1.34 to -0.79; 1272 participants; 16 studies; low-quality evidence). The effect is smaller at one to four months (SMD -0.49, 95% CI -0.68 to -0.31; 1660 participants; 18 studies) and at six months (SMD -0.37, 95% CI -0.61 to -0.14; 400 participants; five studies). Psychological therapies may also substantially reduce endpoint depression symptoms compared to control conditions (SMD -0.86, 95% CI -1.06 to -0.67; 1254 participants; 14 studies; low-quality evidence). Similar to PTSD symptoms, follow-up data at one to four months showed a smaller effect on depression (SMD -0.42, 95% CI -0.63 to -0.21; 1386 participants; 16 studies). Psychological therapies may moderately reduce anxiety at endpoint (SMD -0.74, 95% CI -0.98 to -0.49; 694 participants; five studies; low-quality evidence) and at one to four months' follow-up after treatment (SMD -0.53, 95% CI -0.66 to -0.39; 969 participants; seven studies). Dropout rates are probably similar between study conditions (19.5% with control versus 19.1% with psychological therapy (RR 0.98 95% CI 0.82 to 1.16; 2930 participants; 23 studies, moderate quality evidence)).In children and adolescents, we found very low quality evidence for lower endpoint PTSD symptoms scores in psychotherapy conditions (CBT) compared to control conditions, although the confidence interval is wide (SMD -1.56, 95% CI -3.13 to 0.01; 130 participants; three studies;). No RCTs provided data on major depression or anxiety in children. The effect on withdrawal was uncertain (RR 1.87 95% CI 0.47 to 7.47; 138 participants; 3 studies, low quality evidence).We did not identify any studies that evaluated psychological treatments on (symptoms of) somatoform disorders or MUPS in LMIC humanitarian settings. AUTHORS' CONCLUSIONS: There is low quality evidence that psychological therapies have large or moderate effects in reducing PTSD, depressive, and anxiety symptoms in adults living in humanitarian settings in LMICs. By one to four month and six month follow-up assessments treatment effects were smaller. Fewer trials were focused on children and adolescents and they provide very low quality evidence of a beneficial effect of psychological therapies in reducing PTSD symptoms at endpoint. Confidence in these findings is influenced by the risk of bias in the studies and by substantial levels of heterogeneity. More research evidence is needed, particularly for children and adolescents over longer periods of follow-up.","openalex, scopus, wos",llm,1.000,unreviewed,
discarded,The US National Comorbidity Survey Replication (NCS‐R): design and field procedures,Ronald C. Kessler; Patricia A. Berglund; Wai Tat Chiu; Olga Demler; Steven G. Heeringa; Eva Hiripi; Robert Jin; Beth‐Ellen Pennell; Ellen E. Walters; Alan M. Zaslavsky; Hui Zheng,2004,International Journal of Methods in Psychiatric Research,10.1002/mpr.167,https://openalex.org/W2033377029,method-paper-outside-scope,"The National Comorbidity Survey Replication (NCS-R) is a survey of the prevalence and correlates of mental disorders in the US that was carried out between February 2001 and April 2003. Interviews were administered face-to-face in the homes of respondents, who were selected from a nationally representative multi-stage clustered area probability sample of households. A total of 9,282 interviews were completed in the main survey and an additional 554 short non-response interviews were completed with initial non-respondents. This paper describes the main features of the NCS-R design and field procedures, including information on fieldwork organization and procedures, sample design, weighting and considerations in the use of design-based versus model-based estimation. Empirical information is presented on non-response bias, design effect, and the trade-off between bias and efficiency in minimizing total mean-squared error of estimates by trimming weights.","openalex, scopus, wos",llm,0.990,unreviewed,
discarded,Ubiquitous User Modeling,Dominikus Heckmann,2005,Publications of the UdS (Saarland University),10.22028/d291-25847,https://openalex.org/W1941994672,non-education,"More and more interactions take place between humans and mobile or connected IT-systems in daily life. This offers a great opportunity, especially to user modeling, to reach better adaptation with ongoing evaluation of user behavior. This work develops a complete framework to realize the newly defined concept of ubiquitous user modeling. The developed tools cover methods for the uniform exchange and the semantic integration of partial user models. They also account for the extended needs for privacy and the right of every human for introspection and control of their collected data. The SITUATIONALSTATEMENTS and the exchange language USERML have been developed on the syntactical level, while the general user model ontology GUMO and the UBISWORLD ontology have been developed on the semantical level. A multilevel conflict resolution method, which handles the problem of contradictory statements, has been implemented together with a web-based user model service, such that the road capability and the scalability can be proven with this approach.","openalex, scopus, wos",llm,0.980,unreviewed,
discarded,DiffusionDB: A Large-scale Prompt Gallery Dataset for Text-to-Image Generative Models,Zijie J. Wang; Evan Montoya; David Munechika; Haoyang Yang; Benjamin Hoover; Duen Horng Chau,2023,,10.18653/v1/2023.acl-long.51,https://openalex.org/W4385570204,llm-prompting,"Zijie J. Wang, Evan Montoya, David Munechika, Haoyang Yang, Benjamin Hoover, Duen Horng Chau. Proceedings of the 61st Annual Meeting of the Association for Computational Linguistics (Volume 1: Long Papers). 2023.","openalex, scopus, wos",llm,1.000,unreviewed,
discarded,What is Qualitative Interviewing?,Rosalind Edwards; Janet Holland,2013,Bloomsbury Publishing Plc eBooks,10.5040/9781472545244,https://openalex.org/W1549941057,method-paper-outside-scope,"<JATS1:p>This book makes clear the procedures and practices surrounding qualitative interviewing. Qualitative interviews are a critical part of qualitative research, but understandings of what it means to carry out interviews have shifted over time. This book provides the latest studies and practical guidance on how to cater for a broad range of research. It shows researchers and students how to begin with key questions and theories and the best interviewing tactic to take.</JATS1:p> <JATS1:p>What is Qualitative Interviewing? addresses the changes brought by new technologies as well as enduring issues such as asking and listening, the implications of power dynamics, and the broader social relations for research and interviewer-interviewee relations.</JATS1:p>","openalex, scopus, wos",llm,0.990,unreviewed,
discarded,HyperLabels: Browsing of Dense and Hierarchical Molecular 3D Models,David Kouřil; Tobias Isenberg; Barbora Kozlíková; Miriah Meyer; M. Eduard Gröller; Ivan Viola,2020,IEEE Transactions on Visualization and Computer Graphics,10.1109/tvcg.2020.2975583,https://openalex.org/W3007306575,non-education,"We present a method for the browsing of hierarchical 3D models in which we combine the typical navigation of hierarchical structures in a 2D environment-using clicks on nodes, links, or icons-with a 3D spatial data visualization. Our approach is motivated by large molecular models, for which the traditional single-scale navigational metaphors are not suitable. Multi-scale phenomena, e. g., in astronomy or geography, are complex to navigate due to their large data spaces and multi-level organization. Models from structural biology are in addition also densely crowded in space and scale. Cutaways are needed to show individual model subparts. The camera has to support exploration on the level of a whole virus, as well as on the level of a small molecule. We address these challenges by employing HyperLabels: active labels that-in addition to their annotational role-also support user interaction. Clicks on HyperLabels select the next structure to be explored. Then, we adjust the visualization to showcase the inner composition of the selected subpart and enable further exploration. Finally, we use a breadcrumbs panel for orientation and as a mechanism to traverse upwards in the model hierarchy. We demonstrate our concept of hierarchical 3D model browsing using two exemplary models from meso-scale biology.","openalex, scopus, wos",llm,0.990,unreviewed,
discarded,Advancing the Formulation and Testing of Multilevel Mediation and Moderated Mediation Models,Nicholas Rockwood,2017,OhioLink ETD Center (Ohio Library and Information Network),,https://openalex.org/W2649569571,method-paper-outside-scope,"Researchers in the social sciences are often interested in explaining causal processes in which the effect of one variable is transmitted to another through one or more intervening (or mediator) variables.Statistical mediation analysis can be used by researchers to gain a better understanding of these causal processes.The methods traditionally used to quantify and test a mediation process, or indirect effect, are not directly applicable when the data are nested hierarchically, which is common in educational, organizational, and behavioral sciences where students may be nested within classrooms, employees may be nested within companies, or repeated measurements may be nested within individuals.Multilevel modeling (MLM) is a method for","openalex, scopus, wos",llm,0.980,unreviewed,
discarded,Co-Production within Child and Adolescent Mental Health: A Systematic Review,Michael John Norton,2021,International Journal of Environmental Research and Public Health,10.3390/ijerph182211897,https://openalex.org/W3213435246,medicine-domain,"Background: Mental health services are currently experiencing much systemic and organisational change. Many countries have adopted a recovery approach to service provision through the development of national policies and frameworks. Within an Irish context, co-production has been identified as one of the four pillars required for services to become recovery orientated. However, there is a paucity of literature relating to the concept within child and adolescent mental health services. This paper aims to synthesise the peer-reviewed evidence on co-production within such services. Methods: A PRISMA compliant systematic review was undertaken. This includes how the reviewer retrieved, shortlisted, and selected studies for inclusion in the review. It outlines the inclusion/exclusion criteria and how these were further developed through the PICO framework. Finally, the methods also outline how the reviewer assessed bias and quality, as well as the process of data synthesis. Results: Two studies were included in this review, both focusing on co-production, but in different contexts within child and adolescent mental health. Two themes were identified: ‘road less travelled’ and ‘co-producing equality’. These themes and the associated sub-themes describe how co-production works in these services. Discussion: These results highlight the paucity of quality literature in co-production within child and adolescent mental health. Both studies scored poorly in terms of quality. Resulting from this review, a number of actions relating to the therapeutic environment need to be taken into account for co-production to be further implemented. Other: The reviewer has not received any funding for this paper. A protocol was not created or registered for this review.","openalex, scopus, wos",llm,1.000,unreviewed,
