status,title,authors,year,venue,doi,url,tags,abstract,provider,decision_source,llm_confidence,llm_review_outcome,llm_change_direction
discarded,Web xKaliBurr: An Online Platform for Information Gathering in Pentest for Internet Applications,Barros D.R.,2026,Journal of the Brazilian Computer Society,10.5753/jbcs.2026.5550,https://www.scopus.com/inward/record.uri?partnerID=HzOxMe3b&scp=105036702751&origin=inward,non-target-topic,"The Information Gathering stage in web Pentests is crucial as it lays the foundation for all subsequent activities. However, comprehensive information gathering requires the manual use of various tools that demand advanced technical knowledge. In this context, we propose Web xKaliBurr, an open-source web tool that automates the information gathering stage of web Pentest. With a simple and user-friendly interface, the proposed tool performs extensive scans from the site's URL, providing a wide range of information and recommendations, allowing users without advanced knowledge to assess their site's security and detect potential flaws or vulnerabilities. To evaluate Web xKaliBurr, we applied the System Usability Scale (SUS) questionnaire to measure aspects of usability in accordance with the user's subjective assessment and the Net Promoter Score (NPS) method to measure user satisfaction and willingness to recommend it to others. This study involved 10 respondents. The SUS method had a score of 80, which indicates a good to excellent product, and the results of using NPS reached a value of 70%, reflecting a very good level of user satisfaction. Besides, we performed an evaluation with 3 experts in web Pentests.","openalex, scopus, wos, dblp",llm,0.960,unreviewed,
discarded,Examining the Use of DanMu for Crowdsourcing Control in Virtual Gatherings,Li Y.,2025,International Journal of Human Computer Interaction,10.1080/10447318.2024.2375700,https://www.scopus.com/inward/record.uri?partnerID=HzOxMe3b&scp=85198753463&origin=inward,education-technology-general,"Abstract The advent of web-based interactive technologies has opened up new possibilities for virtual gatherings in 3D environments. Live-streaming, in particular, has gained increasing attention due to its effectiveness in engaging a large number of users in collective online activities. With an emphasis on audience participation, live-streaming shares common characteristics of the outlook of the metaverse and is driving new waves of interaction in virtual gatherings, such as engaging users through crowdsourcing control. However, this type of social interaction has not been examined in the Asian context, and it lacks systematic investigation of user experience with different crowdsourcing control methods. In this paper, we present a novel crowdsourcing control method based on DanMu, the subtitle system of Bilibili, one of the most successful and prevalent live-streaming platforms in Asia. We organized virtual gatherings by live-streaming a Minecraft virtual campus and examined the use of DanMu for crowdsourcing control. Our first study investigated the influence of three crowdsourcing control methods (First Come First Served, Vote, and Super Command) on collective navigation task efficiency and user experience. These influences were further discussed with user activeness and group sizes in a follow-up study. The results showed that Super Command, a representative mode on top of the democratic voting mechanism, offers better user experiences and social richness in large groups. Participants also rated its usability higher in small groups. Besides, virtual gathering in small groups allows greater pragmatic quality, usability, and a sense of agency than in large groups. Our work provides design guidelines for developers and HCI practitioners to develop crowdsourcing control methods and improve novel virtual gathering experiences in virtual worlds and the future metaverse.","openalex, scopus, wos, dblp",llm,0.990,unreviewed,
discarded,The Ansible Workshop: Hands-On Learning For Rapid Mastery,Amri A.E.,2024,Ansible Workshop Hands on Learning for Rapid Mastery,,https://www.scopus.com/inward/record.uri?partnerID=HzOxMe3b&scp=105028347017&origin=inward,non-target-topic,,"openalex, scopus, wos, dblp",llm,0.780,unreviewed,
discarded,A review: Monitoring situational awareness of smart grid cyber-physical systems and critical asset identification,Alrowaili Y.,2023,Iet Cyber Physical Systems Theory and Applications,10.1049/cps2.12059,https://www.scopus.com/inward/record.uri?partnerID=HzOxMe3b&scp=85159096099&origin=inward,non-education,"Alrow aili, Yazee d , S axe n a, N e e t e s h , S rivas t ava, Anur a g, Conti, M a u ro a n d Bur n a p, Pe t e r ORCID: h t t p s://o rcid.o rg/00 0 0-0 0 0 3-0 3 9 6-6 3 3X 2 0 2 3. Review: Mo ni to ring si tu a tion al a w a r e n e s s of s m a r t g rid cyb e r-p hysical sys t e m s a n d c ri tic al a s s e t ide n tifica tion. IET Cybe r-P hysical Sys t e m s: Theo ry & Applica tions 1 0.10 4 9/cps 2.12 0 5 9 file","openalex, scopus, wos, dblp",llm,0.990,unreviewed,
discarded,Introduction to multicopter design and control,Quan Q.,2017,Introduction to Multicopter Design and Control,10.1007/978-981-10-3382-7,https://www.scopus.com/inward/record.uri?partnerID=HzOxMe3b&scp=85042074321&origin=inward,engineering-report,,"openalex, scopus, wos, dblp",llm,0.990,unreviewed,
discarded,Social Recruitment in HRM: A Theoretical Approach and Empirical Analysis,Gravili G.,2016,Social Recruitment in Hrm A Theoretical Approach and Empirical Analysis,,https://www.scopus.com/inward/record.uri?partnerID=HzOxMe3b&scp=105043789029&origin=inward,non-education,,"openalex, scopus, wos, dblp",llm,0.990,unreviewed,
discarded,System for Automated Geoscientific Analyses (SAGA) v. 2.1.4,Conrad O.,2015,Geoscientific Model Development,10.5194/gmd-8-1991-2015,https://www.scopus.com/inward/record.uri?partnerID=HzOxMe3b&scp=84936887732&origin=inward,science-domain,"Abstract. The System for Automated Geoscientific Analyses (SAGA) is an open source geographic information system (GIS), mainly licensed under the GNU General Public License. Since its first release in 2004, SAGA has rapidly developed from a specialized tool for digital terrain analysis to a comprehensive and globally established GIS platform for scientific analysis and modeling. SAGA is coded in C++ in an object oriented design and runs under several operating systems including Windows and Linux. Key functional features of the modular software architecture comprise an application programming interface for the development and implementation of new geoscientific methods, a user friendly graphical user interface with many visualization options, a command line interpreter, and interfaces to interpreted languages like R and Python. The current version 2.1.4 offers more than 600 tools, which are implemented in dynamically loadable libraries or shared objects and represent the broad scopes of SAGA in numerous fields of geoscientific endeavor and beyond. In this paper, we inform about the system's architecture, functionality, and its current state of development and implementation. Furthermore, we highlight the wide spectrum of scientific applications of SAGA in a review of published studies, with special emphasis on the core application areas digital terrain analysis, geomorphology, soil science, climatology and meteorology, as well as remote sensing.","openalex, scopus, wos, dblp",llm,1.000,unreviewed,
discarded,Ecology of fishes on coral reefs,Mora C.,2015,Ecology of Fishes on Coral Reefs,10.1017/CBO9781316105412,https://www.scopus.com/inward/record.uri?partnerID=HzOxMe3b&scp=84954128588&origin=inward,science-domain,"The local diversity and global richness of coral reef fishes, along with the diversity manifested in their morphology, behaviour and ecology, provides fascinating and diverse opportunities for study. Reflecting the very latest research in a broad and ever-growing field, this comprehensive guide is a must-read for anyone interested in the ecology of fishes on coral reefs. Featuring contributions from leaders in the field, the 36 chapters cover the full spectrum of current research. They are presented in five parts, considering coral reef fishes in the context of ecology; patterns and processes; human intervention and impacts; conservation; and past and current debates. Beautifully illustrated in full-colour, this book is designed to summarise and help build upon current knowledge and to facilitate further research. It is an ideal resource for those new to the field as well as for experienced researchers.","openalex, scopus, wos, dblp",llm,1.000,unreviewed,
discarded,Statistical mechanics on temporal and spatial activities of human,Zhou T.,2013,Dianzi Keji Daxue Xuebao Journal of the University of Electronic Science and Technology of China,10.3969/j.issn.1001-0548.2013.04.001,https://www.scopus.com/inward/record.uri?partnerID=HzOxMe3b&scp=84884492993&origin=inward,non-education,,"openalex, scopus, wos, dblp",llm,0.980,unreviewed,
discarded,Security-Aware Systems Applications and Software Development Methods,Khan K.M.,2012,Security Aware Systems Applications and Software Development Methods,10.4018/978-1-4666-1580-9,https://www.scopus.com/inward/record.uri?partnerID=HzOxMe3b&scp=105012532514&origin=inward,non-education,"With the prevalence of cyber crime and cyber warfare, software developers must be vigilant in creating systems which are impervious to cyber attacks. Thus, security issues are an integral part of every phase of software development and an essential component of software design. Security-Aware Systems Applications and Software Development Methods facilitates the promotion and understanding of the technical as well as managerial issues related to secure software systems and their development practices. This book, targeted toward researchers, software engineers, and field experts, outlines cutting-edge industry solutions in software engineering and security research to help overcome contemporary challenges.","openalex, scopus, wos, dblp",llm,0.990,unreviewed,
discarded,Cybersieves,Bambauer D.E.,2009,Duke Law Journal,,https://www.scopus.com/inward/record.uri?partnerID=HzOxMe3b&scp=77954789140&origin=inward,non-education,,"openalex, scopus, wos, dblp",llm,0.990,unreviewed,
discarded,Handbook of Research on Electronic Collaboration and Organizational Synergy: Volume I-II,Salmons J.,2008,Handbook of Research on Electronic Collaboration and Organizational Synergy Volume I II,10.4018/978-1-60566-106-3,https://www.scopus.com/inward/record.uri?partnerID=HzOxMe3b&scp=105013716087&origin=inward,education-technology-general,"In this chapter, we consider two multi-institution, multinational education research projects in Europe that used a variety of technology to facilitate online collaboration as virtual communities of practice. While judged as successes by their funding bodies, the projects both exhibited symptoms of conflict that were subsequently resolved. We apply a personal inquiry technique and draw on situational analysis to identify and explore the conflict resolution processes associated with issues of leadership, organization, and technology in e-research. We contend that the communication technologies themselves must support the development of a collaborative community; and that the social, technical, and cultural facets of electronic collaboration evolve integrally over time. We conclude by proposing strategies that may assist colleagues in setting up a successful e-research project.","openalex, scopus, wos, dblp",llm,0.970,unreviewed,
discarded,21st century management: A reference handbook,Wankel C.,2008,21st Century Management A Reference Handbook,10.4135/9781412954006,https://www.scopus.com/inward/record.uri?partnerID=HzOxMe3b&scp=84950283955&origin=inward,non-education,"21st Century Management provides an authoritative insight into the key issues for students in college or on corporate courses with a particular emphasis on the current structure of the topic in the literature, key threads of discussion and research on the topic as well as emerging trends. This resource will assist lecturers in structuring exciting and meaningful papers and presentations that will engage and enthuse their classes. 21st Century Management provides an authoritative reference source that serves students' research needs with more detailed information than encyclopedia entries but not as much jargon, detail or density as a journal article or a research handbook chapter. It also assists readers in deciding on management areas to take elective coursework in or areas to orient themselves towards for a career, Throughout, the book looks at topics through the prisms of globalization and new information technologies, so issues such as remote leadership are explained. Ethical and ecological approaches to topics such as entrepreneurship reflect cutting-edge interest.This valuable resource: Addresses the post-9//11 context and associated security and crisis management issues Offers insights into 21st century business issues such as excessive work and outsourcing Discusses diversity including gender, ethnic and age Includes issues of managing non-profit arts, medical sports and philanthropic organizations in the 21st century. A free online Teaching Resource Guide, available through the SAGE website, provides suggested teaching and learning activities for each chapter to help instructors tie the content of the handbook to courses within the business and management curriculum. The guide provides suggested lecture ideas, homework assignments, ideas for in-class case studies or workshops, team assignments and more.","openalex, scopus, wos, dblp",llm,0.990,unreviewed,
discarded,A Survey of Statistical Network Models,Anna Goldenberg; Alice X. Zheng; Stephen E. Fienberg; Edoardo M. Airoldi,2010,Foundations and Trends® in Machine Learning,10.1561/2200000005,https://openalex.org/W2032005951,non-education,"Networks are ubiquitous in science and have become a focal point for discussion in everyday life. Formal statistical models for the analysis of network data have emerged as a major topic of interest in diverse areas of study, and most of these involve a form of graphical representation. Probability models on graphs date back to 1959. Along with empirical studies in social psychology and sociology from the 1960s, these early works generated an active “network community” and a substantial literature in the 1970s. This effort moved into the statistical literature in the late 1970s and 1980s, and the past decade has seen a burgeoning network literature in statistical physics and computer science. The growth of the World Wide Web and the emergence of online “networking communities” such as Facebook, MySpace, and LinkedIn, and a host of more specialized professional network communities has intensified interest in the study of networks and network data. Our goal in this review is to provide the reader with an entry point to this burgeoning literature. We begin with an overview of the historical development of statistical network modeling and then we introduce a number of examples that have been studied in the network literature. Our subsequent discussion focuses on a number of prominent static and dynamic network models and their interconnections. We emphasize formal model descriptions, and pay special attention to the interpretation of parameters and their estimation. We end with a description of some open problems and challenges for machine learning and statistics.","openalex, scopus, wos",llm,0.990,unreviewed,
discarded,A multi-modal open dataset for mental-disorder analysis,Hanshu Cai; Zhenqin Yuan; Yiwen Gao; Shuting Sun; Na Li; Fuze Tian; Han Xiao; Jianxiu Li; Zhengwu Yang; Xiaowei Li; Qinglin Zhao; Zhenyu Liu; Zhijun Yao; Minqiang Yang; Hong Peng; Jing Zhu; Xiaowei Zhang; Guo‐Ping Gao; Fang Zheng; Rui Li; Zhihua Guo; Rong Ma; Jing Yang; Lan Zhang; Xiping Hu; Yumin Li; Bin Hu,2022,Scientific Data,10.1038/s41597-022-01211-x,https://openalex.org/W4224247713,non-computing-domain,"According to the WHO, the number of mental disorder patients, especially depression patients, has overgrown and become a leading contributor to the global burden of disease. With the rising of tools such as artificial intelligence, using physiological data to explore new possible physiological indicators of mental disorder and creating new applications for mental disorder diagnosis has become a new research hot topic. We present a multi-modal open dataset for mental-disorder analysis. The dataset includes EEG and recordings of spoken language data from clinically depressed patients and matching normal controls, who were carefully diagnosed and selected by professional psychiatrists in hospitals. The EEG dataset includes data collected using a traditional 128-electrodes mounted elastic cap and a wearable 3-electrode EEG collector for pervasive computing applications. The 128-electrodes EEG signals of 53 participants were recorded as both in resting state and while doing the Dot probe tasks; the 3-electrode EEG signals of 55 participants were recorded in resting-state; the audio data of 52 participants were recorded during interviewing, reading, and picture description.","openalex, scopus, wos",llm,1.000,unreviewed,
discarded,The analytic hierarchy and analytic network measurement processes: Applications to decisions under Risk,Thomas L. Saaty,2007,European Journal of Pure and Applied Mathematics,10.29020/nybg.ejpam.v1i1.6,https://openalex.org/W438970167,method-paper-outside-scope,"Mathematics applications largely depend on scientific practice. In science measurement depends on the use of scales, most frequently ratio scales. A ratio scale there is applied to measure various physical attributes and assumes a zero and an arbitrary unit used uniformly throughout an application. Different ratio scales are combined by means of formulas. The formulas apply within structures involving variables and their relations under natural law. The meaning and use of the outcome is then interpreted according to the judgment of an expert as to how well it meets understanding and experience or satisfies laws of nature that are always there. Science derives results objectively, but interprets their significance is subjectively. In decision making, there are no set laws to characterize structures in which relations are predetermined for every decision. Understanding is needed to structure a problem and then also to use judgments to represent importance and preference quantitatively so that a best outcome can be derived by combining and trading off different factors or attributes. From numerical representations of judgments, priority scales are derived and synthesized according to given rules of composition. In decision making the priority scales can only be derived objectively after subjective judgments are made. The process is the opposite of what we do in science. This paper summarizes a mathematical theory of measurement in decision making and applies it to real-life examples of complex decisions.","openalex, scopus, wos",llm,0.980,unreviewed,
discarded,LEMS: a language for expressing complex biological models in concise and hierarchical form and its use in underpinning NeuroML 2,Robert C. Cannon; Padraig Gleeson; Sharon Crook; Gautham Ganapathy; Bóris Marin; Eugenio Piasini; R. Angus Silver,2014,Frontiers in Neuroinformatics,10.3389/fninf.2014.00079,https://openalex.org/W1984374486,science-domain,"Computational models are increasingly important for studying complex neurophysiological systems. As scientific tools, it is essential that such models can be reproduced and critically evaluated by a range of scientists. However, published models are currently implemented using a diverse set of modeling approaches, simulation tools, and computer languages making them inaccessible and difficult to reproduce. Models also typically contain concepts that are tightly linked to domain-specific simulators, or depend on knowledge that is described exclusively in text-based documentation. To address these issues we have developed a compact, hierarchical, XML-based language called LEMS (Low Entropy Model Specification), that can define the structure and dynamics of a wide range of biological models in a fully machine readable format. We describe how LEMS underpins the latest version of NeuroML and show that this framework can define models of ion channels, synapses, neurons and networks. Unit handling, often a source of error when reusing models, is built into the core of the language by specifying physical quantities in models in terms of the base dimensions. We show how LEMS, together with the open source Java and Python based libraries we have developed, facilitates the generation of scripts for multiple neuronal simulators and provides a route for simulator free code generation. We establish that LEMS can be used to define models from systems biology and map them to neuroscience-domain specific simulators, enabling models to be shared between these traditionally separate disciplines. LEMS and NeuroML 2 provide a new, comprehensive framework for defining computational models of neuronal and other biological systems in a machine readable format, making them more reproducible and increasing the transparency and accessibility of their underlying structure and properties.","openalex, scopus, wos",llm,0.990,unreviewed,
