status,title,authors,year,venue,doi,url,tags,abstract,provider,decision_source,llm_confidence,llm_review_outcome,llm_change_direction
discarded,Artificial Multienzyme Scaffolds: Pursuing <i>in Vitro</i> Substrate Channeling with an Overview of Current Progress,Gregory A. Ellis; William P. Klein; Guillermo Lasarte‐Aragonés; Meghna Thakur; Scott A. Walper; Igor L. Medintz,2019,ACS Catalysis,10.1021/acscatal.9b02413,https://openalex.org/W2989326857,chemistry-domain,"Artificial multienzyme scaffolds are being developed for in vitro cascaded biocatalytic activity and, in particular, accessing substrate channeling. This review covers progress in this field over the last 5 years with a specific focus on the scaffold materials themselves and the benefits they can provide for assembling multienzyme cascades in vitro. These benefits include improving biocatalytic efficiency, bypassing potential cellular toxicity, directed catalysis, modularity, incorporating enzymes from different prokaryotic and eukaryotic sources, and potentially the ability to create de novo designer cascades. We begin with an overview of the strongest impetus currently driving the rapid development of this field, namely, biomanufacturing and cell-free synthetic biology. We then discuss in detail pertinent mechanisms responsible for the benefits of artificial multienzyme scaffolds. In particular, we focus on substrate channeling, including the evolving debate about what leads to substrate channeling in artificial systemsproximity, confinement, or both and whether sequential enzyme order is really needed. How different scaffold materials/chemistries can in turn affect enzyme activity is also discussed. The bulk of the review then details progress in the development of different biotic (e.g., cells) and abiotic (e.g., nanoparticles) scaffolding materials and is divided up by class and subtype as needed. Within each material class of scaffolds, attention is given to their inherent chemical diversity, how they are engineered, how they allow for enzymatic attachment, their ease of use, their benefits (e.g., inherent three-dimensional architecture) and liabilities where appropriate, and other relevant issues. For each scaffolding material, a detailed overview of current progress is provided using examples of multienzyme cascades and data/schematics reproduced from the literature. Special attention is also given to the use of DNA scaffolds, as they can potentially provide the most versatile designer three-dimensional scaffold architectures. Finally, a short perspective on how this rapidly moving field will evolve in the near and long terms is provided.","openalex, scopus, wos",llm,0.990,unreviewed,
discarded,Bespoke: Interactively Synthesizing Custom GUIs from Command-Line Applications By Demonstration,Priyan Vaithilingam; Philip J. Guo,2019,ACM Symposium on User Interface Software and Technology,10.1145/3332165.3347944,https://openalex.org/W2981244488,non-target-topic,"Programmers, researchers, system administrators, and data scientists often build complex workflows based on command-line applications. To give these power users the well-known benefits of GUIs, we created Bespoke, a system that synthesizes custom GUIs by observing user demonstrations of command-line apps. Bespoke unifies the two main forms of desktop human-computer interaction (command-line and GUI) via a hybrid approach that combines the flexibility and composability of the command line with the usability and discoverability of GUIs. To assess the versatility of Bespoke, we ran an open-ended study where participants used it to create their own GUIs in domains that personally motivated them. They made a diverse set of GUIs for use cases such as cloud computing management, machine learning prototyping, lecture video transcription, integrated circuit design, remote code deployment, and gaming server management. Participants reported that the benefit of these bespoke GUIs was that they exposed only the most relevant subset of options required for their specific needs. In contrast, vendor-made GUIs usually include far more panes, menus, and settings since they must accommodate a wider range of use cases.","openalex, scopus, wos",llm,0.830,unreviewed,
kept,Comparing lesson plan-driven and ask-me-anything chatbots: teaching a UNIX Shell course,Jose Berengueres,2025,Discover Education,10.1007/s44217-025-00492-9,https://openalex.org/W4409964157,cs1-learning-outcomes; perception-survey-NPS,"GPT-based models have enabled the creation of natural language chatbots that support both Inquiry-Based and Structured Learning approaches. This study offers a direct comparison of these two paradigms within a UNIX Shell scripting course by means of two chatbots: a Lesson Plan-Driven chatbot that ensures all students cover the same topics systematically, and an Ask-Me-Anything (AMA) chatbot more suited to exploratory learning. We compared two particular chatbots—Harvard’s CS50 (as an AMA chatbot) and OS315 (ours), as a lesson plan-driven chatbot—through four surveys. Results show a Net Promoter Score (NPS) of + 45 CI[25, 66] (N = 55) for the least performing lesson plan-driven chatbot and + 35 CI[11, 58.5] (N = 40) for the AMA chatbot. The majority of students favored a blend of human and chatbot instruction. Additionally, we discuss factors such as cost, accessibility, and why the same chatbot architecture, when applied to a Data Visualization course yields a lower NPS of + 9 CI[−6, + 23].","openalex, scopus, wos",human,0.980,human,
discarded,Proceedings of the 13th Python in Science Conference,,2014,Proceedings of the Python in Science Conferences,10.25080/majora-14bd3278-011,https://openalex.org/W4300096145,physics-domain,"The physics community is working to improve the undergraduate curriculum to include computer skills that graduates will need in the workforce. At Penn State Erie, The Behrend College, we have added computational tools to our Junior/Senior physics laboratory, PHYS421w Research Methods. The course emphasizes Python software tools (SciPy) for data analysis rather than traditional programming. The course uses real experiments to motivate the mastery of these tools.","openalex, scopus, wos",llm,0.960,unreviewed,
kept,Student assessment in cybersecurity training automated by pattern mining and clustering,Valdemar Švábenský; Jan Vykopal; Pavel Čeleda; Kristián Tkáčik; Daniel Popovič,2022,Education and Information Technologies,10.1007/s10639-022-10954-4,https://openalex.org/W4220973199,cs1-learning-outcomes; command-log-tooling,"Hands-on cybersecurity training allows students and professionals to practice various tools and improve their technical skills. The training occurs in an interactive learning environment that enables completing sophisticated tasks in full-fledged operating systems, networks, and applications. During the training, the learning environment allows collecting data about trainees’ interactions with the environment, such as their usage of command-line tools. These data contain patterns indicative of trainees’ learning processes, and revealing them allows to assess the trainees and provide feedback to help them learn. However, automated analysis of these data is challenging. The training tasks feature complex problem-solving, and many different solution approaches are possible. Moreover, the trainees generate vast amounts of interaction data. This paper explores a dataset from 18 cybersecurity training sessions using data mining and machine learning techniques. We employed pattern mining and clustering to analyze 8834 commands collected from 113 trainees, revealing their typical behavior, mistakes, solution strategies, and difficult training stages. Pattern mining proved suitable in capturing timing information and tool usage frequency. Clustering underlined that many trainees often face the same issues, which can be addressed by targeted scaffolding. Our results show that data mining methods are suitable for analyzing cybersecurity training data. Educational researchers and practitioners can apply these methods in their contexts to assess trainees, support them, and improve the training design. Artifacts associated with this research are publicly available.","openalex, scopus, wos",human,0.920,human,
discarded,The Unicode Cookbook For Linguists: Managing Writing Systems Using Orthography Profiles,Steven Moran; Michael Cysouw,2017,OAPEN (The OAPEN Foundation),10.17169/refubium-345,https://openalex.org/W2791402825,non-target-topic,"The text is meant as a practical guide for linguists, and programmers, who work with data in multilingual computational environments. We introduce the basic concepts needed to understand how writing systems and character encodings function, and how they work together.","openalex, scopus, wos",llm,0.950,unreviewed,
discarded,Sandstone HPC,Zebula Sampedro; Thomas Häuser; Saurabh Sood,2017,Practice and Experience in Advanced Research Computing,10.1145/3093338.3093360,https://openalex.org/W2733135638,cs1-learning-outcomes; HPC-gateway-usability-not-learner-understanding,"The complexity of high-performance computing (HPC) resources poses many challenges to new users. A number of science gateways have been developed to increase the productivity of novice users by hiding the underlying infrastructure, however these solutions tend not to teach HPC skills that transfer easily outside of the gateway. In this paper we introduce a domain-general gateway, Sandstone HPC, that represents the HPC environment more naturally to novice users by abstracting the command-line interface and providing contextual help. We assess the degree to which Sandstone HPC improves upon the usability of the command-line interface by analyzing the results of a usability study conducted on both environments. We will also detail how the architecture promotes long-term sustainability and a community-development model.","openalex, scopus, wos",human,0.880,human,
discarded,Navigating the landscape of enzyme design: from molecular simulations to machine learning,Jiahui Zhou; Meilan Huang,2024,Chemical Society Reviews,10.1039/d4cs00196f,https://openalex.org/W4400535551,chemistry-domain,"Global environmental issues and sustainable development call for new technologies for fine chemical synthesis and waste valorization. Biocatalysis has attracted great attention as the alternative to the traditional organic synthesis. However, it is challenging to navigate the vast sequence space to identify those proteins with admirable biocatalytic functions. The recent development of deep-learning based structure prediction methods such as AlphaFold2 reinforced by different computational simulations or multiscale calculations has largely expanded the 3D structure databases and enabled structure-based design. While structure-based approaches shed light on site-specific enzyme engineering, they are not suitable for large-scale screening of potential biocatalysts. Effective utilization of big data using machine learning techniques opens up a new era for accelerated predictions. Here, we review the approaches and applications of structure-based and machine-learning guided enzyme design. We also provide our view on the challenges and perspectives on effectively employing enzyme design approaches integrating traditional molecular simulations and machine learning, and the importance of database construction and algorithm development in attaining predictive ML models to explore the sequence fitness landscape for the design of admirable biocatalysts.","openalex, scopus, wos",llm,0.990,unreviewed,
discarded,Fostering Programming Practice through Games,José Carlos Paiva; José Paulo Leal; Ricardo Queirós,2020,Information,10.3390/info11110498,https://openalex.org/W3093481345,programming-learning-not-shell,"Loss of motivation is one of the most prominent concerns in programming education as it negatively impacts time dedicated to practice, which is crucial for novice programmers. Of the distinct techniques introduced in the literature to engage students, gamification, is likely the most widely explored and fruitful. Game elements that intrinsically motivate students, such as graphical feedback and game-thinking, reveal more reliable long-term positive effects, but those involve significant development effort. This paper proposes a game-based assessment environment for programming challenges, built on top of a specialized framework, in which students develop a program to control the player, henceforth called Software Agent (SA). During the coding phase, students can resort to the graphical feedback demonstrating how the game unfolds to improve their programs and complete the proposed tasks. This environment also promotes competition through competitive evaluation and tournaments among SAs, optionally organized at the end by the teacher. Moreover, the validation of the effectiveness of Asura in increasing undergraduate students’ motivation and, consequently, the practice of programming is reported.","openalex, scopus, wos",llm,0.960,unreviewed,
discarded,A Microservice-Based Big Data Analysis Platform for Online Educational Applications,Kehua Miao; Jie Li; Wenxing Hong; Mingtao Chen,2020,Scientific Programming,10.1155/2020/6929750,https://openalex.org/W3032937621,education-technology-general,"The booming development of data science and big data technology stacks has inspired continuous iterative updates of data science research or working methods. At present, the granularity of the labor division between data science and big data is more refined. Traditional work methods, from work infrastructure environment construction to data modelling and analysis of working methods, will greatly delay work and research efficiency. In this paper, we focus on the purpose of the current friendly collaboration of the data science team to build data science and big data analysis application platform based on microservices architecture for education or nonprofessional research field. In the environment based on microservices that facilitates updating the components of each component, the platform has a personal code experiment environment that integrates JupyterHub based on Spark and HDFS for multiuser use and a visualized modelling tools which follow the modular design of data science engineering based on Greenplum in-database analysis. The entire web service system is developed based on spring boot.","openalex, scopus, wos",llm,0.990,unreviewed,
discarded,NextflowWorkbench: Reproducible and Reusable Workflows for Beginners and Experts,Jason P. Kurs; Manuele Simi; Fabien Campagne,2016,bioRxiv (Cold Spring Harbor Laboratory),10.1101/041236,https://openalex.org/W2308670510,science-domain,"ABSTRACT Computational workflows and pipelines are often created to automate series of processing steps. For instance, workflows enable one to standardize analysis for large projects or core facilities, but are also useful for individual biologists who need to perform repetitive data processing. Some workflow systems, designed for beginners, offer a graphical user interface and have been very popular with biologists. In practice, these tools are infrequently used by more experienced bioinformaticians, who may require more flexibility or performance than afforded by the user interfaces, and seem to prefer developing workflows with scripting or command line tools. Here, we present a workflow system, the NextflowWorkbench (NW), which was designed for both beginners and experts, and blends the distinction between user interface and scripting language. This system extends and reuses the popular Nextflow workflow description language and shares its advantages. In contrast to Nextflow, NextflowWorkbench offers an integrated development environment that helps complete beginners get started with workflow development. Auto-completion helps beginners who do not know the syntax of the Nextflow language. Reusable processes provide modular workflows. Programmers will benefit from unique interactive features that help users work more productively with docker containers. We illustrate this tool with a workflow to estimate RNA-Seq counts using Kallisto. We found that beginners can be taught how to assemble this workflow in a two hours training session. NW workflows are portable and can execute on laptop/desktop computers with docker, on a lab cluster, or in the cloud to facilitate training. NextflowWorkbench is open-source and available at http://workflow.campagnelab.org .","openalex, scopus, wos",llm,0.960,unreviewed,
discarded,A Systematic Literature Review of Student’ Performance Prediction Using Machine Learning Techniques,Balqis Albreiki; Nazar Zaki; Hany Alashwal,2021,Education Sciences,10.3390/educsci11090552,https://openalex.org/W3201153983,education-technology-general,"Educational Data Mining plays a critical role in advancing the learning environment by contributing state-of-the-art methods, techniques, and applications. The recent development provides valuable tools for understanding the student learning environment by exploring and utilizing educational data using machine learning and data mining techniques. Modern academic institutions operate in a highly competitive and complex environment. Analyzing performance, providing high-quality education, strategies for evaluating the students’ performance, and future actions are among the prevailing challenges universities face. Student intervention plans must be implemented in these universities to overcome problems experienced by the students during their studies. In this systematic review, the relevant EDM literature related to identifying student dropouts and students at risk from 2009 to 2021 is reviewed. The review results indicated that various Machine Learning (ML) techniques are used to understand and overcome the underlying challenges; predicting students at risk and students drop out prediction. Moreover, most studies use two types of datasets: data from student colleges/university databases and online learning platforms. ML methods were confirmed to play essential roles in predicting students at risk and dropout rates, thus improving the students’ performance.","openalex, scopus, wos",llm,0.980,unreviewed,
discarded,Several Aspects of Technical and Pedagogical Evaluation of Virtual Learning Environments,Eugenijus Kurilovas,2005,Informatics in Education,10.15388/infedu.2005.12,https://openalex.org/W19642669,education-technology-general,Currently virtual learning environments (VLEs) and learning objects (LOs) repositories are under active implementation into general education and vocational training system in Lithuania. The article aims to review LOs interoperability standards development tendencies as well as to compare VLEs under existing well-developed pedagogical and technical evaluation frameworks in order to suggest the most suitable one for wider implementation to support active socio-constructivist pedagogies in in-service teacher training and overall in Lithuanian general education and vocational training systems.,"openalex, scopus, wos",llm,0.970,unreviewed,
discarded,Course design: Considerations for trainers – a Professional Guide,Allegra Via; Patricia M. Palagi; Jessica M. Lindvall; Rochelle E. Tractenberg; Teresa K. Attwood,2020,,10.7490/f1000research.1118395.1,https://openalex.org/W3108808136,method-paper-outside-scope,"<ns3:p>This Professional Guide in the Resources for Training Trainers series introduces a structured approach to course design, highlighting the importance of articulating learning outcomes commensurate with the cognitive complexity of the target learning, prior to devising learning experiences and course content. The specific focus here is on face-to-face activities, but the guidance is also relevant for those designing online courses. </ns3:p> <ns3:p/> <ns3:p> Specifically, this Guide outlines a series of steps that can help trainers to devise and deploy effective courses. On reading this Guide, and engaging with the reflective exercises, you will be able to: <ns3:list list-type=""bullet""> <ns3:list-item> <ns3:p> <ns3:italic>list </ns3:italic> five key phases of curriculum &amp; course development; </ns3:p> </ns3:list-item> <ns3:list-item> <ns3:p> <ns3:italic>expl</ns3:italic> <ns3:italic>ain </ns3:italic> the primary role of learning outcomes; </ns3:p> </ns3:list-item> <ns3:list-item> <ns3:p> <ns3:italic>write </ns3:italic> learning outcomes for a course; <ns3:italic> </ns3:italic> </ns3:p> </ns3:list-item> <ns3:list-item> <ns3:p> <ns3:italic>identify </ns3:italic> the Bloom’s-level accomplishments that different types of learning experience are likely to support; </ns3:p> </ns3:list-item> <ns3:list-item> <ns3:p> <ns3:italic>describe </ns3:italic> the role of learning outcomes in selecting relevant content; </ns3:p> </ns3:list-item> <ns3:list-item> <ns3:p> <ns3:italic>distinguish </ns3:italic> different types of assessment &amp; their role in supporting learner progression towards learning outcomes; and </ns3:p> </ns3:list-item> <ns3:list-item> <ns3:p> <ns3:italic>summarise</ns3:italic> the benefits of course evaluation. </ns3:p> </ns3:list-item> </ns3:list> </ns3:p>","openalex, scopus, wos",llm,0.950,unreviewed,
