status,title,authors,year,venue,doi,url,tags,abstract,provider,decision_source,llm_confidence,llm_review_outcome,llm_change_direction
discarded,Race and the Politics of Fear: A History of an American Oligarchic Construct,Hubler J.N.,2025,Race and the Politics of Fear A History of an American Oligarchic Construct,10.4324/9781003590965,https://www.scopus.com/inward/record.uri?partnerID=HzOxMe3b&scp=105005669712&origin=inward,non-education,"Race and the Politics of Fear is a study of the role of race in American political history. It takes a novel approach by using Aristotle’s theory of the mixed regime to analyze the American system. Aristotle’s mixed regime—containing elements of oligarchy and democracy—was well-known to the Founders, who used it to design the Constitution. Accordingly, American political history has unfolded as a struggle between oligarchic and democratic forces. Oligarchs have frequently used race to divide the people and maintain power. This book traces the oligarchic construction of race from its creation in the Colonial period and through a study of four major figures. James Madison helped formulate the Constitution to provide protection for the Southern oligarchies and was a founder of the Democratic-Republican party dominated by Southern interests. John C. Calhoun’s theory of the concurrent majority provided a blueprint for the South’s political strategy in the Jim Crow era. Ben Tillman redefined race primarily as a feeling as an excuse for the South’s violent oppression of the black community. Ronald Reagan retooled the traditional racist myths and made them palatable to a national audience. Readable yet extensively documented, it is appropriate for general audiences and scholars.","openalex, scopus, wos",llm,0.990,unreviewed,
discarded,Variations on active learning,Joseph G. Deck; Marc M. Sebrechts,1984,"Behavior Research Methods, Instruments, & Computers",10.3758/bf03202395,https://openalex.org/W2024985655,method-paper-outside-scope,,"openalex, scopus, wos, dblp",llm,0.970,unreviewed,
discarded,The Influnce of Metacognition on Managerial Hiring Decision Making: Implications for Management Development,Angela Ewell Kumar,1998,VTechWorks (Virginia Tech),,https://openalex.org/W2587292649,management,"Cognitive processing has a primary role in decision making. In addition, metacognition, the regulation and knowledge of cognition, affects decision making in a consistent and predictable way. Novices explain situations in a simple way. Novices are more likely to make inappropriate decisions. Research suggests that training the novice on efficient use of metacognitive strategies can improve decision outcomes. The influence of metacognitive strategies on managerial decisions has received little attention. Two questions developed to guide this research. First, how do expert and novice managers differ on metacognitive awareness? And second, how does the level of metacognitive awareness influence successful hiring decisions? Subjects for this study were thirty-one hiring managers employed by a large national corporation. And two hundred eight-five hiring professionals from an association. Data collection involved four sources: (1) A hiring ratio used to report hiring outcomes, (2) Five hiring scenarios provided a measure of managers' ability to select the most appropriate candidate; (3) A 52-item instrument designed to assess metacognitive awareness in both knowledge of cognition and regulation of cognition; and (4) demographic data relating to expertise and experience in hiring. The results identified that metacognition has three underlying structures that influence hiring decision making. Expert and novice managers differ in a consistent way on metacognitive awareness. In exploring and testing the ill-defined mental process model of hiring decision making a methodological tool was established. And the results provided important implications for human resource development professionals with respect to the relevance of metacognitive awareness on managerial development and instructional design.","openalex, scopus, wos, dblp",llm,0.950,unreviewed,
discarded,Conception and Implementation of a Usability Problem Analysis Tool and its Comparison with another Usability Technique on the Example of a Workflow-driven Integration Environment,Oliver Seebach,2013,elib (German Aerospace Center),,https://openalex.org/W102395269,non-education,"The demand for good usability has become indisputable as usable products are more profitable, secure and enhance the reputation of its producing company. For many applications abstract usability problems like ""Users have problems using the online shop"" are known, but bringing in concrete design improvements is hard. Thus, it would be desirable to transfer it to concrete problems like ""The meaning of text field ’ID’ in form ’Payment’ is unclear"". Deriving concrete redesign ideas from such a concrete problem is not that hard anymore. The thesis provides a concept and a prototypical implementation of a tool to analyze an existing abstract usability problem to enable an analyst to submit substantiated improvement suggestions. The tool is automatically and remotely applicable. This reduces travel expenses and accelerates data collection. To evaluate the results the proven Think Aloud method is taken as reference usability technique. The Track-Analysis-Tool is applied on the example of the workflow-driven integration environment RCE. A user task representing the Abstract usability problem ""Users have problems getting started with RCE"" is defined. A study with 13 participants divided into two iterations is conducted. The investigation of the results shows that the Track-Analysis-Tool reveals the same crucial usability problems as the Think Aloud method does and is particularly useful when it comes to quantifications like task completion times. The Track-Analysis-Tool lacks to gather subtle usability problems which can be detected with other techniques like the Think Aloud method.","openalex, scopus, wos, dblp",llm,0.980,unreviewed,
discarded,An educator’s perspective of the tidyverse,Mine Çetinkaya-Rundel; Johanna Hardin; Benjamin S. Baumer; Amelia McNamara; Nicholas J. Horton; Colin Rundel,2022,Technology Innovations in Statistics Education,10.5070/t514154352,https://openalex.org/W3192696361,programming-learning-not-shell,"Computing makes up a large and growing component of data science and statistics courses. Many of those courses, especially when taught by faculty who are statisticians by training, teach R as the programming language. A number of instructors have opted to build much of their teaching around use of the tidyverse . The tidyverse, in the words of its developers, ""is a collection of R packages that share a high-level design philosophy and low-level grammar and data structures, so that learning one package makes it easier to learn the next"" (Wickham et al. 2019). The shared principles have led to the widespread adoption of the tidyverse ecosystem. No small part of this usage is because the tidyverse tools have been intentionally designed to ease the learning process and cognitive load for users as they engage with each new piece of the larger ecosystem. Moreover, the functionality offered by the packages within the tidyverse spans the entire data science cycle, which includes data import, visualisation, wrangling, modeling, and communication. We believe the tidyverse provides an effective and efficient pathway to data science mastery for students at a variety of different levels of experience. In this paper, we introduce the tidyverse from an educator's perspective, touching on the what (a brief introduction to the tidyverse), the why (pedagogical benefits, opportunities, and challenges), the how (scoping and implementation options), and the where (details on courses, curricula, and student populations).","openalex, scopus, wos, dblp",llm,0.900,unreviewed,
discarded,Question-answering for intelligent on-line help: The process of intelligent responding,Rachel Pilkington,1992,Cognitive Science,10.1016/0364-0213(92)90029-t,https://openalex.org/W4205204386,cs1-learning-outcomes; help-system-design-not-learner-measurement,"This article examines the process of specifying a question-answering help facility in the context of UNIX mail. The specification was based upon experimental expert-user facilitative dialogues. These dialogues were analyzed using a classification scheme developed for the purpose. The scheme provides a metalanguage for describing patterns of intent and rhetorical structure in dialogue. Using the scheme as a tool, common patterns in expert-user dialogue emerged, providing insights into both tutoring strategy and the linguistic forms required to generate help output. These were refined to form a set of frames consisting of stereotypical patterns of rhetorical predicates to answer different types of questions which could be adapted to the needs of a particular user. The significance of the system developed from this specification is discussed.","openalex, scopus, wos, dblp",human,0.900,human,
discarded,Augmentative and alternative communication for Aboriginal Australians: Developing core vocabulary for Yolŋu speakers,Rebecca Amery; Julie Gungungbuy Wunungmurra; Parimala Raghavendra; Gurimaŋu Bukuḻatjpi; Rachel Dikul Baker; Farrah Gumbula; Ruth Barker; Deborah Theodoros; Howard Amery; Libby Massey; Anne Lowell,2022,Augmentative and Alternative Communication,10.1080/07434618.2022.2128410,https://openalex.org/W4313477132,language-education,"Yolŋu, Aboriginal people from Arnhem Land, Australia are at risk of Machado-Joseph disease, with progressive loss of speech. Yolŋu are interested in developing augmentative and alternative communication (AAC) systems in their own languages. This research aimed to develop a culturally responsive process to explore and create a core vocabulary word list for Yolŋu adults living with the disease for inclusion in AAC system prototypes. A list of 243 Yolŋu words and morphemes was created. In this highly collaborative, mixed methods, participatory action research, Balanda (the Yolŋu word for non-Aboriginal people) and Yolŋu researchers conducted cycles of transcription and analysis of a language sample, with oral group discussions to identify which words to include, omit, or add, based on Yolŋu perceptions of the structure and use of their languages. A Yolŋu metaphor, Gulaka-buma (“Harvesting yams”), was identified by Yolŋu researchers to represent and share the research process and findings. Three key themes were identified that summarize the main cultural and linguistic considerations related to changes made to the core vocabulary. Study findings emphasized the role of language as an expression of culture and identity for Indigenous peoples and the importance of considering cultural and linguistic factors in selecting vocabulary for AAC systems.","openalex, scopus, wos, dblp",llm,0.990,unreviewed,
discarded,Intelligent Tutoring System Effects on the Learning Process,Ali Talib Qasim al-Aqbi,2017,CORE Scholar (Wright State University),,https://openalex.org/W2883440361,education-technology-general,"The traditional education systems that have been used for several centuries have evolved very slowly and might be ineffective for addressing diverse learning styles and levels of preparation. This system is characterized by many students interacting with a single teacher, who is unable to address the individual needs of every student. Therefore, some students can become frustrated and fail to reach their educational potential. An Intelligent Tutoring System (ITS), which is a computer application used to provide students with one-to-one supplemental tutoring tailored to the student's learning style and pace, is of interest to educators for improving student learning. To evaluate the effectiveness of ITS, a systematic review of the recent literature was performed using a carefully crafted protocol designed to provide data to support a meta-study of the effectiveness of ITS. The research question guiding this study is: ""Does an intelligent tutoring system improve students' learning abilities more than traditional learning?"" A t-test, one-way ANOVA test, and KNIME program that does Latent Dirichlet allocation were performed. The results support the conclusion that ITS causes a significant improvement in learning over traditional instructional methods.","openalex, scopus, wos, dblp",llm,0.970,unreviewed,
discarded,An educator's perspective of the tidyverse,Mine Çetinkaya-Rundel; Johanna Hardin; Benjamin S. Baumer; Amelia McNamara; Nicholas J. Horton; Colin Rundel,2021,arXiv (Cornell University),10.48550/arxiv.2108.03510,https://openalex.org/W4303685249,programming-learning-not-shell,"Computing makes up a large and growing component of data science and statistics courses. Many of those courses, especially when taught by faculty who are statisticians by training, teach R as the programming language. A number of instructors have opted to build much of their teaching around use of the tidyverse. The tidyverse, in the words of its developers, ""is a collection of R packages that share a high-level design philosophy and low-level grammar and data structures, so that learning one package makes it easier to learn the next"". These shared principles have led to the widespread adoption of the tidyverse ecosystem. A large part of this usage is because the tidyverse tools have been intentionally designed to ease the learning process and make it easier for users to learn new functions as they engage with additional pieces of the larger ecosystem. Moreover, the functionality offered by the packages within the tidyverse spans the entire data science cycle, which includes data import, visualisation, wrangling, modeling, and communication. We believe the tidyverse provides an effective and efficient pathway for undergraduate students at all levels and majors to gain computational skills and thinking needed throughout the data science cycle. In this paper, we introduce the tidyverse from an educator's perspective. We provide a brief introduction to the tidyverse, demonstrate how foundational statistics and data science tasks are accomplished with the tidyverse, and discuss the strengths of the tidyverse, particularly in the context of teaching and learning.","openalex, scopus, wos, dblp",llm,0.900,unreviewed,
discarded,Non-Visual Representation of Complex Documents for Use in Digital Talking Books,Azadeh Nazemi,2015,eSpace (Curtin University),,https://openalex.org/W2618817734,education-technology-general,"Essential written information such as text books, bills, and catalogues needs to be accessible by everyone. However, access is not always available to vision-impaired people. As they require electronic documents to be available in specific formats. In order to address the accessibility issues of electronic documents, this research aims to design an affordable, portable, standalone and simple to use complete reading system that will convert and describe complex components in electronic documents to print disabled users.","openalex, scopus, wos, dblp",llm,0.960,unreviewed,
discarded,Expert Performance in System Administration,Tuomas Husu,2020,Työväentutkimus Vuosikirja,,https://openalex.org/W3175733494,non-target-topic,"System administration is a traditional and demanding profession in information technology that has gained little attention from human-computer interaction (HCI) research. System administrators operate in a highly complex environment to keep business applications running and data available and safe. In order to understand the essence of system administrators&apos; skill, this thesis reports individual differences in 20 professional system administrators’ task performance, task solutions, verbal reports, and learning histories. A set of representative tasks were designed to measure individual differences, and structured interviews were used to collect retrospective information about system administrators’ skill acquisition and level of deliberate practice. Based on the measured performance, the participants were divided into three performance groups. A group of five system administrators stood out from the 20 participants. They completed more tasks successfully, they were faster, they predicted their success more accurately, and they expressed more confidence during performance and anticipation. Although they had extensive professional experience, the study found no relationship between duration of experience and level of expertise. The results are aligned with expert-performance research from other domains — the highest levels of performance in system administration are attained as a result of a systematic practice. This involves an investment of effort and makes the activity less enjoyable than competing activities. When studying the learning histories, the quantity and quality of the programming experience and other high-effort computer-related problem-solving activities were found to be the main differentiating factors between the &apos;expert&apos; and less-accomplished participants.","openalex, scopus, wos, dblp",llm,0.890,unreviewed,
discarded,Modelling Physical Activity in Virtual Reality Games,Soojeong Yoo,2019,The Sydney eScholarship Repository (The University of Sydney),,https://openalex.org/W3001963605,non-education,"This thesis was inspired by the possibility that virtual reality (VR) games, which are designed primarily to be fun, could also provide exercise. It aimed to gain insights about this by exploring whether people can gain beneficial levels of exercise while playing VR games and how they might use VR games for exercise over several weeks. Furthermore, this work also focuses on how the level of physical activity that can be captured during gameplay and how a long-term user model can be created for individual players, as a foundation for supporting the user in gaining personal informatics insights about their exertion as well as being used for personalisation and external recommendation for VR games. The key contributions of this research are: • The first study of a diverse set of commercial VR games to gain insights about the level of actual and perceived exertion players have. • The first long-term study of VR games in a sedentary workplace to gain insights about the ways people utilise it and the levels of exertion they gain. • Based on reflections on the above studies, this thesis presents a framework and guidelines for designing physical activity VR games. • The systematic creation of a user model for representing a person’s long-term fitness and their VR gameplay, exertion and preferences. • A study of the ways that people can scrutinise their long-term personal informatics user model of exertion from VR game play and incidental walking. These contributions provide a foundation for future researchers and industry practitioners to design VR games that provide beneficial levels of exertion and allow people to gain insights into the relative contribution of the exercise from gameplay.","openalex, scopus, wos, dblp",llm,0.990,unreviewed,
discarded,Authoring of semantic mathematical content for learning on the web,Paul Libbrecht,2012,Publications of the UdS (Saarland University),10.22028/d291-26390,https://openalex.org/W2108423938,education-technology-general,"This thesis explores how a mathematician can create content which lets students learn via ActiveMath. This software runs on the web, and employs semantics mathematical technologies and artificial intelligence to support the student. The thesis describes not only a tool to edit content but also studies the workflows of authors when creating content. An important authoring paradigm introduced here is called WYCIWYG -- What You Check is What You Get. This places the target learning environment as the central concern. Indeed, the learning environment, which is the assembly of content and software, represents the final product of the authoring work. This thesis exploits and develops classical paradigms: copy-and-paste, search, and collaborative authoring. To support the authoring workflows, several software pieces have been implemented and tested: within an editing tool and the ActiveMath software. The following work describes their usages, their technical facets, and case studies of how current authors have used them in their day-to-day activities.","openalex, scopus, wos, dblp",llm,0.950,unreviewed,
discarded,"C-Division annual review and operating plan, August 1990",Ned Morse,1990,,10.2172/6475757,https://openalex.org/W2264812015,engineering-report,"The Computing and Communications Division is responsible for the Laboratory's Integrated Computing Network as well as Laboratory-wide communications. Our computing network, used by 8000 people distributed throughout the nation, constitutes one of the most powerful scientific computing facilities in the world. The purpose of this publication is to inform our clients of our strategic and operating plans. We review major accomplishments since early 1989 and describe our strategic planning goals and specific projects that will guide our operations over the next couple of years. Our mission statement, planning considerations, and management policies and practices are also included.","openalex, scopus, wos, dblp",llm,0.990,unreviewed,
