status,title,authors,year,venue,doi,url,tags,abstract,provider,decision_source,llm_confidence,llm_review_outcome,llm_change_direction
discarded,Impact of a philosophical didactic approach on the development of critical thinking: qualitative evidence from the teaching of quantum physics,Tuero-O´Donnell J.D.,2026,Journal of New Approaches in Educational Research,10.1007/s44322-026-00059-y,https://www.scopus.com/inward/record.uri?partnerID=HzOxMe3b&scp=105030828382&origin=inward,physics-domain,"Critical thinking remains an underdeveloped cognitive skill among engineering students whose deficit is often associated with academic difficulties and school dropouts. This qualitative study evaluated the evolution of higher-order critical thinking skills —analysis, synthesis, and evaluation— using a philosophical strategy based on Socratic dialogue, oriented toward the learning of quantum physics basic principles. For this purpose, a ten-session didactic sequence was designed, focusing on the wave-particle duality topic and using an expert-validated assessment instrument composed of open-ended questions. The research was conducted with students from various engineering programs at a university from the Colombian Caribbean, in two cohorts of 14 and 11 students respectively. Based on content analysis and deductive categorization from Bloom's taxonomy, a polarisation ratio (varying between -1 and + 1 points) was used to assess response quality. Results showed an average increase in the analytical cognitive level, starting from the fourth session of 0.16 points/session in one cohort, and 0.20 points/session in the other. The synthesis cognitive level also showed improvements, although smaller, while the evaluation yielded less consistent results, with fluctuations in the range of (-0.33,0.17)\documentclass[12pt]{minimal} \usepackage{amsmath} \usepackage{wasysym} \usepackage{amsfonts} \usepackage{amssymb} \usepackage{amsbsy} \usepackage{mathrsfs} \usepackage{upgreek} \setlength{\oddsidemargin}{-69pt} \begin{document}$$(-0.33, 0.17)$$\end{document} points. With the help of ATLAS.ti software, the content analysis demonstrated the positive effect of the philosophical strategy on the development of the analysis elements and principles, as well as the importance of gathering and communicating information on the synthesis level. Accordingly, this proposal provides a flexible and replicable teaching sequence that allows for integration of philosophical reflection into STEM contexts, offering a practical path to foster critical thinking and understanding of the principles of quantum physics without relying on mathematical formalism.","openalex, scopus, wos",llm,0.900,unreviewed,
discarded,Nature of heat inventory: Assessing students’ understanding of thermal processes in kinetic molecular terms,Volfson A.,2026,Physical Review Physics Education Research,10.1103/q4n2-d2w3,https://www.scopus.com/inward/record.uri?partnerID=HzOxMe3b&scp=105046957361&origin=inward,pre-post-test; out-of-scope-single-topic-science-diagnostic-test-corroborates-instrument-typology-only,"The present study describes the development and field testing of the (NOHI) that examines high school and undergraduate students’ understanding of heat transfer processes in the terms of kinetic molecular theory. NOHI comprises 10 items. Based on preliminary study and the history of science, the 30 distractors of NOHI were designed to reflect the following three categories of possible misconceptions regarding heat: (a) , (b) , and (c) . Field testing, carried out on 81 students for science teaching, showed the materialistic misconceptions of heat still to be the most popular. NOHI has been proven to be a valid and reliable tool that could be used to determine students’ thinking regarding classical heat processes.","openalex, scopus, wos",human,0.900,human,
discarded,Evaluating Person-Parameter Estimation Methods in Cognitive-Diagnostic Models with Testlet Effects,You M.,2026,Education Sciences,10.3390/educsci16071128,https://www.scopus.com/inward/record.uri?partnerID=HzOxMe3b&scp=105045675514&origin=inward,method-paper-outside-scope,"Testlet-based cognitive-diagnostic models involve both discrete attribute profiles and continuous testlet effects, making person-parameter estimation more challenging than in standard cognitive-diagnostic models. This study compares maximum likelihood estimation (MLE), maximum a posteriori (MAP), and expected a posteriori (EAP) under the IT-DINA model. A simulation study was conducted to evaluate the recovery of testlet effects and the accuracy of attribute classification under varying testlet lengths, numbers of testlets, and parameter settings. Furthermore, an empirical analysis using TIMSS 2023 mathematics data was carried out. Results showed that, under the studied model specifications and simulation conditions, Bayesian methods provided more stable recovery of continuous testlet effects than MLE. For attribute-pattern classification, Bayesian methods achieved higher accuracy in the baseline and moderately misspecified conditions, whereas their advantage weakened when the assumed attribute-profile prior was inconsistent with the true population distribution. In the empirical analysis, the IT-DINA model showed better relative fit than the DINA model and produced different person-level diagnostic classifications. These findings support considering Bayesian estimation in testlet-based cognitive diagnosis and highlight the importance of accounting for testlet effects in practice.","openalex, scopus, wos",llm,0.910,unreviewed,
discarded,"A Comparative Analysis of Mental Models in Floating, Suspending, and Sinking Phenomena: Evidence from Students and Large Language Models (ChatGPT and DeepSeek)",Kaharu S.N.,2026,European Journal of Educational Research,10.12973/eu-jer.15.3.941,https://www.scopus.com/inward/record.uri?partnerID=HzOxMe3b&scp=105041196398&origin=inward,ai-chatbots-not-shell,"The increasingly widespread use of Large Language Models (LLMs) in education creates opportunities for further investigation into epistemic reasoning abilities, particularly the characteristics of mental models. Therefore, this study aimed to characterize the mental models of LLMs, specifically the AI models DeepSeek and ChatGPT. The technologies were also compared to students in relation to the phenomena of floating, suspending, and sinking using descriptive-quantitative and a partial descriptive analysis. This study was conducted in a descriptive-quantitative design employing a cross-sectional comparative design.  The quantitative analysis compares test scores across all subject groups, while the descriptive analysis is used to characterize students’ and AIs’ mental models.  The study subjects consisted of 709 students and 120 chats for two AI models as respondents. Each AI was treated as comprising 60 respondents, with the item–test pair regarded as a distinct, independent chat instance. Based on the data analysis, mental models of students were predominantly categorized as initial, with only a limited decline following an increase in educational level. This decline was accompanied by a similarly limited increase in the proportion of scientific mental models, showing a modest influence of curricular interventions experienced by the students. The AI models exhibited higher proportions of scientific categories, but the mental models showed inconsistency when contexts changed, and the underlying aspects remained the same. Therefore, the reasoning was not classified as global coherence. The students and the AI models exhibited misapplications of density-based reasoning and Archimedes’ principle in several cases or phenomena presented in the test. The results showed that students and AI models have limitations in their mental models.","openalex, scopus, wos",llm,0.970,unreviewed,
discarded,Analysis of students' conceptions and conceptional changes of chemical equilibrium materials on the temperature factor in physical chemistry study,Novita D.,2026,Aip Conference Proceedings,10.1063/5.0330185,https://www.scopus.com/inward/record.uri?partnerID=HzOxMe3b&scp=105043502844&origin=inward,chemistry-domain,,"openalex, scopus, wos",llm,0.900,unreviewed,
discarded,"Effect of e-readiness skills, self-efficacy, and physics literacy on pre-service teachers’ misconceptions",Sunarti T.,2026,Physics Education,10.1088/1361-6552/ae62e9,https://www.scopus.com/inward/record.uri?partnerID=HzOxMe3b&scp=105038943225&origin=inward,physics-domain,"This study investigates the influence of e-readiness skills (ERS), physics literacy (PL), and self-efficacy (SE) on pre-service teachers’ misconceptions in physics. This study utilised a quantitative design using a survey method. Data were collected from 122 participants using validated instruments measuring ERS, SE, PL, and misconceptions. Descriptive results indicate high ERS and SE levels, moderate PL proficiency, and persistent misconceptions across several physics topics. Multiple linear regression analysis reveals that PL significantly predicts misconceptions, whereas ERS and SE show no significant effects. The model accounts for 16.5% of the variance in misconceptions, suggesting that content mastery exerts greater influence than digital readiness or teaching confidence. These findings underscore the importance of strengthening pre-service teachers’ conceptual understanding and scientific reasoning through curriculum and teacher education programmes that integrate digital skills and scientific-based learning.","openalex, scopus, wos",llm,0.910,unreviewed,
discarded,Developing an Artificial Intelligence Model to Determine Misconceptions About Cell Division of Secondary School Students,Kadirhanoğulları M.K.,2026,European Journal of Education,10.1111/ejed.70696,https://www.scopus.com/inward/record.uri?partnerID=HzOxMe3b&scp=105039951022&origin=inward,science-domain,"
 The aim of this study is to develop an AI‐based model to identify students' misconceptions about mitosis and meiosis and to evaluate their responses to open‐ended questions. The sample consisted of 400 secondary school students in a city in eastern Turkey. Two open‐ended questions with answers rated from 0 to 3 by the teacher were prepared and entered into a 3‐column Microsoft Excel spreadsheet. The responses were then examined for OCR errors and organized on a 6‐column table. Student responses were compared with all possible responses to determine similarity rates, and OCR errors were corrected. The responses were then used to build a model using the SequenceMatcher structure. Data analysis, including descriptive statistics, violin plots, box plots, and statistical metrics, was performed via Mathworks Matlab software. The results showed that the developed model was highly effective in identifying students' misconceptions and was both valid and high‐performing in assessing student understanding.","openalex, scopus, wos",llm,0.880,unreviewed,
discarded,Assessing Chemistry Teachers’ Understanding of Electrochemistry,Shan Y.,2026,Science and Education,10.1007/s11191-025-00680-x,https://www.scopus.com/inward/record.uri?partnerID=HzOxMe3b&scp=105013587467&origin=inward,chemistry-domain,"Electrochemistry, a fundamental subject in chemistry education, is frequently regarded as challenging by chemistry teachers. This study developed an assessment instrument to measure chemistry teachers' understanding of electrochemistry. By examining essential questions, we delineated four fundamental sub-domains of electrochemistry and constructed a three-level hypothetical model using the historical, educational, and systems thinking perspectives. The instrument underwent a pilot test with 54 chemistry teachers and received feedback for the instrument revision. Subsequently, a field test encompassed a broader demographic of 138 chemistry teachers. This study employed the Rasch modeling approach to analyze the data that provides evidence for the instrument's reliability and validity. The final vision of the Teachers' Understanding of Electrochemistry Measurement (TUEM) comprises four two-tier multiple-choice questions and eleven open-ended questions, with empirical results that align well with the hypothetical understanding levels. The findings have practical implications for chemistry teachers' assessment, professional development, and electrochemistry education.","openalex, scopus, wos",llm,0.910,unreviewed,
discarded,The Effects of Cooperative Learning in Synchronous Online and Classroom Environments on Thirteen-Year-old Students’ Understanding of Dissolution at the Submicroscopic Level,Ralević L.,2026,Journal of Science Education and Technology,10.1007/s10956-025-10277-2,https://www.scopus.com/inward/record.uri?partnerID=HzOxMe3b&scp=105021341006&origin=inward,chemistry-domain,"This study examined the impact of cooperative learning on 13-year-old students' understanding of the dissolution process at the submicroscopic level in synchronous online versus classroom settings. A quasi-experimental design was conducted with 318 students from seven primary schools in Serbia, with classes randomly assigned to online (Group A) or classroom (Group B) conditions. Within each class, small heterogeneous groups of three or four members were formed based on students' previous chemistry grades. Pre- and post-tests were administered, and results analyzed using ANCOVA. Findings showed that online groups achieved significantly higher post-test scores than classroom groups, even after controlling for pre-test differences. Notably, three-membered online groups demonstrated improvement, while four-membered online groups, despite lower initial scores, exhibited the greatest overall progress. These results indicate that synchronous online environments can effectively support cooperative learning in chemistry and may offer advantages over traditional face-to-face settings.","openalex, scopus, wos",llm,0.900,unreviewed,
discarded,Investigating the Change in Pre-Service Teachers’ Understanding of the Logical Structure of Proof: A Longitudinal Study,Atasoy E.,2026,International Journal of Research in Undergraduate Mathematics Education,10.1007/s40753-025-00275-5,https://www.scopus.com/inward/record.uri?partnerID=HzOxMe3b&scp=105013460395&origin=inward,single-discipline-diagnostic,"This study aimed to examine the change in the knowledge of pre-service middle school teachers regarding the logical structure of proof during their undergraduate education using the longitudinal research method. The theoretical framework regarding the logical structure of the proof was developed based on the context specified by Dreyfus and Hadas (1987), Lesseig (2016), and McCrone and Martin (2004). Additionally, a data collection tool was created using this theoretical framework. The study sample consisted of 53 pre-service middle school teachers. These candidates were enrolled in 16 courses that covered the nature of proof and the proof of various theorems in different semesters over a four-year (eight-semester). The study's data were collected using seven questions from the same candidates in the first and eighth semesters. The data were analysed by applying a dependent (related) groups t-test. As a result of the analysis, it was seen that there was no significant difference in the teacher candidates' knowledge of the logical structure of proof in the first and eighth semesters. In addition, this paper explores that teacher candidates in the 8th semester still had difficulties identifying a proposition into hypothesis and conclusion parts, knowing that experimental verification is not proof and that the conclusion part of the proposition should not be used when proving. Our study contributes to understanding the difficulties of the logical structure of proof that pre-service middle school teachers have and the challenges that resist change in undergraduate education. Documenting the change in teacher candidate's understanding of the logical structure of proofs can provide insights into improving teacher education.","openalex, scopus, wos",llm,0.880,unreviewed,
discarded,Effectiveness of integrated STEM and problem-based learning in improving students’ conceptual understanding in science,Funa A.A.,2026,Social Sciences and Humanities Open,10.1016/j.ssaho.2026.102599,https://www.scopus.com/inward/record.uri?partnerID=HzOxMe3b&scp=105030483951&origin=inward,science-domain,"Persistent gaps in Philippine science performance and competency demands under the Department of Education (DepEd) K-12 curriculum have signaled the need for interdisciplinary, problem-centered instruction. This study designed and evaluated an Integrated Science, Technology, Engineering, and Mathematics with Problem-Based Learning (I-STEM-PBL) module for General Biology 1 (Biomolecules) in Grade 11 Senior High School (SHS). The module was informed by the 3C3R problem design model (content, context, and connection; researching, reasoning, and reflecting; affect, difficulty, and teamwork) and adapted PBL scaffolds appropriate for SHS. Using a quasi-experimental one-group pretest–posttest design, Grade 11 STEM students (n = 38) completed the six-week intervention. Conceptual understanding served as the primary outcome. A paired-samples analysis showed statistically significant gains from pretest to posttest, with a medium effect size (Cohen's d = 0.539). These results indicate that the I-STEM-PBL module improved learners' understanding of biomolecules while remaining aligned with DepEd K–12 expectations. The findings contribute evidence that structured PBL, when integrated with explicit STEM connections and scaffolded inquiry, can enhance concept learning in senior high school biology.","openalex, scopus, wos",llm,0.900,unreviewed,
discarded,Exploring the regulation of learning within mobile mixed-reality environments: Insights from dynamic engagement transitions,Liu Y.,2026,Computers and Education,10.1016/j.compedu.2025.105519,https://www.scopus.com/inward/record.uri?partnerID=HzOxMe3b&scp=105023836585&origin=inward,education-technology-general,"Analyzing transitions in multidimensional engagement states across regulated learning phases offers valuable insights into learning behaviors at a granular level. Nevertheless, the extraction of multimodal trigger signals to evaluate engagement dynamics remains a critical challenge, particularly within mixed-reality environments. Hence, this study developed a mixed-reality learning system using multi-scaffolding tools as system architectures to integrate regulatory mechanisms along the immersive learning trajectory. Specifically, the color-coded concept maps were designed as the user interface to support planning and goal orientation, while two-tier tests were incorporated as a content structuring mechanism to help learners monitor, evaluate, and adapt learning status. A comprehensive six-dimensional engagement framework was proposed to incorporate interactive, constructive, active, passive, emotional, and behavioral engagement, serving as the theoretical underpinning for the extraction of trigger signals within regulated learning phases and subprocesses. Empirical research was conducted to assess the effectiveness and learner perceptions of this novel mixed-reality learning system, utilizing a 2 x 2 mixed factorial design, with regulation type (self-regulated vs. peer-scaffolded) as the between-subjects factor and device type (smartphones vs. tablets) as the within-subjects factor. Results from 64 high school students indicated that multi-scaffolding tools significantly enhanced learning achievement across conditions. Smartphones, due to lighter weight and smaller displays, encouraged more physical behavioral engagement, while tablets, with higher resolution and larger displays, fostered greater constructive engagement. Learners in peer-scaffolded learning exhibited higher engagement transition among emotional, active, and constructive states but inefficient learning adaption, whereas learners in self-regulated learning concentrated more on task-oriented behaviors.","openalex, scopus, wos",llm,0.880,unreviewed,
