status,title,authors,year,venue,doi,url,tags,abstract,provider,decision_source,llm_confidence,llm_review_outcome,llm_change_direction
discarded,A bacterial genome assembly and annotation laboratory using a virtual machine,Ellina Trofimova; Shahla Asgharzadeh Kangachar; Karen D. Weynberg; Robert D. Willows; Paul R. Jaschke,2023,Biochemistry and Molecular Biology Education,10.1002/bmb.21720,https://openalex.org/W4323036571,cs1-learning-outcomes; domain-lab-no-measurement-of-shell-understanding,"With the global increase of infections caused by antibiotic-resistant bacterial strains, there is an urgent need for new methods of tackling the issue. Genomic analysis of bacterial strains can help to understand their virulence and antibiotic resistance profile. Bioinformatic skills are in great demand across the biological sciences. We designed a workshop that allows university students to learn the process of genome assembly using command-line tools within a virtual machine on a Linux operating system. We use Illumina and Nanopore short and long-read raw sequences to reveal the advantages and disadvantages of short, long, and hybrid assembly methods. The workshop teaches how to assess read and assembly quality, perform genome annotation, and analyze pathogenicity, antibiotic and phage resistance. The workshop is intended for a five-week teaching period and is concluded by a student poster presentation assessment.","openalex, scopus, wos",human,0.840,human,
discarded,Challenges and potential for human–robot collaboration in timber prefabrication,Yang X.,2024,Automation in Construction,10.1016/j.autcon.2024.105333,https://www.scopus.com/inward/record.uri?partnerID=HzOxMe3b&scp=85185400807&origin=inward,engineering-report,"Recent advancements in robotics and human–machine interfaces enable new collaborative procedures that combine the strengths of machines and humans. Compared to existing automation technologies in the timber prefabrication industry, human–robot collaboration (HRC) offers new possibilities for increased flexibility and productivity. This paper aims to map out the challenges and opportunities for HRC within the context of timber prefabrication by constructing a conceptual framework. The framework is based on three pillars: (1) existing HRC theories and frameworks, (2) a literature review of HRC research in robotic timber fabrication, and (3) perspectives of human labour in the timber construction industry. The relevant topics among these three areas are triangulated to construct a conceptual framework that bridges the system-, design-, and human-centred considerations. The framework serves as an organising device to support future explorations and research on human–robot collaboration in robotic timber construction.","openalex, scopus, wos",llm,0.990,unreviewed,
discarded,Foundations of Artificial Intelligence and Robotics: A Holistic View: Volume 1,Chun W.H.,2024,Foundations of Artificial Intelligence and Robotics A Holistic View Volume 1,10.1201/9781032673134,https://www.scopus.com/inward/record.uri?partnerID=HzOxMe3b&scp=85215230351&origin=inward,ai-chatbots-not-shell,(a) Estimating a probability density function by observing a finite set of samples (b) Predicting future exchange rates given the history of past exchange rates (c) Identification of products frequently bought together (d) Chess computer capable of learning from previous games (e) Spam recognition and filtering (f) Classification of applicants as credit-worthy or unworthy (g) Object recognition in computer vision (h) Segmentation of images according to the color value of their pixels (i) Finding out the lever of a three-armed bandit with the highest victory-pobability,"openalex, scopus, wos",llm,0.990,unreviewed,
discarded,Species Identification in Plant-Associated Prokaryotes and Fungi Using DNA,Inderbitzin P.,2020,Phytobiomes Journal,10.1094/PBIOMES-12-19-0067-RVW,https://www.scopus.com/inward/record.uri?partnerID=HzOxMe3b&scp=85091319339&origin=inward,science-domain,"Species names are fundamental to managing biological information. The surge of interest in microbial diversity has resulted in an increase in the number of microbes that need to be identified and assigned a species name. This article provides an introduction to the principles of DNA-based identification of Archaea and Bacteria traditionally known as prokaryotes, and Fungi, the Oomycetes and other protists, collectively referred to as fungi. The prokaryotes and fungi are the most commonly studied microbes from plants, and we introduce the most relevant concepts of prokaryote and fungal taxonomy and nomenclature. We first explain how prokaryote and fungal species are defined, delimited, and named, and then summarize the criteria and methods used to identify prokaryote and fungal organisms to species.","openalex, scopus, wos",llm,0.990,unreviewed,
discarded,Energy savings by energy management systems: A review,Lee D.,2016,Renewable and Sustainable Energy Reviews,10.1016/j.rser.2015.11.067,https://www.scopus.com/inward/record.uri?partnerID=HzOxMe3b&scp=84951185008&origin=inward,non-education,"This study investigated energy saving effects of published papers related to energy management system (EMS), building energy management system (BEMS), industrial, company and factory energy management system (I/C/F/EMS); and EMS for heating, ventilation, air conditioning (HVAC) and refrigerating equipment, artificial lighting systems, motors and others (EMS for equipment). From 1976 to 2014, management performance reported by 305 EMS cases (105 BEMS cases, 103 I/C/F EMS cases and 97 cases of EMS for equipment) is analyzed to evaluate varied energy saving effects. Statistical results show that saving effects of BEMS increased from 1139% to 16.22% yearly. Inversely, saving effects of I/C/F EMS decreased from 18.89% to 1035%. Regarding to EMS for equipment, there is no obvious trend but only the averaged saving effect can be reported. EMS for artificial lighting systems has the highest saving effect up to 39.5% in average. For HVAC and other equipment,, energy saving effects are around 14.07% and 16.66% respectively. These energy saving performances are correlated with developed EMS functions. The key EMS functions could be identified from their developing progress for effective energy savings. Based on the quantitative analysis, the future trends of EMS are discussed. (C) 2015 Elsevier Ltd. All rights reserved.","openalex, scopus, wos",llm,1.000,unreviewed,
discarded,Approaches for community decision making and collective reasoning: Knowledge technology support,Yearwood J.,2012,Approaches for Community Decision Making and Collective Reasoning Knowledge Technology Support,10.4018/978-1-4666-1818-3,https://www.scopus.com/inward/record.uri?partnerID=HzOxMe3b&scp=84898088582&origin=inward,non-education,"Technology currently encourages the capture and storage of vast quantities of data and information and so thinkers, reasoners, and decision-makers have available large resources to support their tasks. At the same time, there is a need to engage with an enormous range of complex issues that require reasoning and decisions that are actionable to address them. Approaches for Community Decision Making and Collective Reasoning: Knowledge Technology Support acts to provide knowledge for each individual in a group with the broad structural wealth of reasoning. It also acts as an explicit structure that technological devices for supporting reasoning within a group can hook onto. If you are interested in how groups can structure their activities towards making better decisions or in developing technologies for the support of decision-making in groups, then this book is an excellent way to understand the state of the art and possible ways forward.","openalex, scopus, wos",llm,0.990,unreviewed,
discarded,Language as shaped by the brain,Christiansen M.H.,2008,Behavioral and Brain Sciences,10.1017/S0140525X08004998,https://www.scopus.com/inward/record.uri?partnerID=HzOxMe3b&scp=48349127567&origin=inward,psychology-domain,"It is widely assumed that human learning and the structure of human languages are intimately related. This relationship is frequently suggested to derive from a language-specific biological endowment, which encodes universal, but communicatively arbitrary, principles of language structure (a Universal Grammar or UG). How might such a UG have evolved? We argue that UG could not have arisen either by biological adaptation or non-adaptationist genetic processes, resulting in a logical problem of language evolution. Specifically, as the processes of language change are much more rapid than processes of genetic change, language constitutes a ""moving target"" both over time and across different human populations, and, hence, cannot provide a stable environment to which language genes could have adapted. We conclude that a biologically determined UG is not evolutionarily viable. Instead, the original motivation for UG--the mesh between learners and languages--arises because language has been shaped to fit the human brain, rather than vice versa. Following Darwin, we view language itself as a complex and interdependent ""organism,"" which evolves under selectional pressures from human learning and processing mechanisms. That is, languages themselves are shaped by severe selectional pressure from each generation of language users and learners. This suggests that apparently arbitrary aspects of linguistic structure may result from general learning and processing biases deriving from the structure of thought processes, perceptuo-motor factors, cognitive limitations, and pragmatics.","openalex, scopus, wos",llm,0.990,unreviewed,
discarded,Machine Learning and Data Mining,Kononenko I.,2007,Machine Learning and Data Mining,,https://www.scopus.com/inward/record.uri?partnerID=HzOxMe3b&scp=85049765689&origin=inward,non-target-topic,,"openalex, scopus, wos",llm,0.990,unreviewed,
discarded,Machine learning and data mining,Kononenko I.,2007,Machine Learning and Data Mining,10.1533/9780857099440,https://www.scopus.com/inward/record.uri?partnerID=HzOxMe3b&scp=84882637032&origin=inward,non-target-topic,,"openalex, scopus, wos",llm,0.990,unreviewed,
discarded,SeqKit2: A Swiss army knife for sequence and alignment processing,Wei Shen; Botond Sipos; Liuyang Zhao,2024,iMeta,10.1002/imt2.191,https://openalex.org/W4393995158,science-domain,"In the era of ubiquitous high-throughput sequencing studies, there is a growing need for analysis tools that are not just performant but also comprehensive and user-friendly enough to cater to both novice and advanced users. This article introduces SeqKit2, the next iteration of the widely used sequence analysis tool SeqKit, featuring expanded functionality, performance optimizations, and support for additional compression methods. Retaining a pragmatic subcommand architecture, SeqKit2 represents substantial enhancement through the inclusion of 19 additional subcommands, expanding its overall repertoire to a total of 38 in eight categories. The new subcommands add functionality such as amplicon processing and robust, error-tolerant parsing of sequence records. In addition, three subcommands designed for real-time analysis are added for periodic monitoring of properties of FASTQ and Binary Alignment/Map alignment records and real-time streaming from multiple sequence files. The performance of SeqKit2 is benchmarked against the old version of SeqKit, Bioawk, Seqtk, and SeqFu tools. SeqKit2 consistently outperforms its predecessor, albeit with marginally higher memory usage, while maintaining competitive runtimes against other tools. With its broad functionality, proven usability, and ongoing development driven by user feedback, we hope that bioinformaticians will find SeqKit2 useful as a ""Swiss army knife"" of sequence and alignment processing-equally adept at facilitating ad hoc analyses and seamlessly integrating into larger pipelines.","openalex, scopus, wos",llm,0.980,unreviewed,
discarded,Integrating a Command Shell into a Web Browser,Robert C. Miller; Brad A. Myers,2018,Figshare,10.1184/r1/6622568,https://openalex.org/W2157837521,non-target-topic,"The transition from command-line interfaces to graphical interfaces has resulted in programs that are easier to learn and use, but harder to automate and reuse. Another transition is now underway, to HTML interfaces hosted by a web browser. To help users automate HTML interfaces, we propose the <em>browser-shell</em>, a web browser that integrates a command interpreter into the browser’s Location box. The browser-shell’s command language is designed for extracting and manipulating HTML and text, and commands can also invoke local programs. Command input is drawn from the current browser page, and command output is displayed as a new page. The browser-shell brings to web browsing many advantages of the Unix shell, including scripting web services and creating pipelines of web services and local programs. A browser-shell also allows legacy command-line programs to be wrapped with an HTML/CGI interface that is graphical but still scriptable, and offers a new shell interaction model, different from the conventional type-script model, which may improve usability in some respects.","openalex, scopus, wos",llm,0.860,unreviewed,
discarded,Unix shell programming,Michael Greenberg; Κωνσταντίνος Καλλάς; Nikos Vasilakis,2021,USENIX Workshop on Hot Topics in Operating Systems,10.1145/3458336.3465294,https://openalex.org/W3169128101,non-target-topic,"The Unix shell is a powerful, ubiquitous, and reviled tool for managing computer systems. The shell has been largely ignored by academia and industry. While many replacement shells have been proposed, the Unix shell persists. Two recent threads of formal and practical research on the shell enable new approaches. We can help manage the shell's essential shortcomings (dynamism, power, and abstruseness) and address its inessential ones. Improving the shell holds much promise for development, ops, and data processing.","openalex, scopus, wos",llm,0.940,unreviewed,
kept,Using Terminal Histories to Monitor Student Progress on Hands-on Exercises,Jelena Mirković; Aashray Aggarwal; David Weinman; Paul Lepe; Jens Mache; Richard Weiss,2020,Technical Symposium on Computer Science Education,10.1145/3328778.3366935,https://openalex.org/W3009139727,cs1-learning-outcomes; command-log-tooling,"Hands-on exercises are often used to improve student engagement and knowledge retention in systems, networking and cybersecurity classes. Even when students comprehend the concepts, they may lack the skills to complete an exercise. Teachers need effective tools to identify these problemsduring an assignment and offer targeted and timely help.","openalex, scopus, wos",human,0.990,human,
discarded,"Multiscale modeling of enzymes: QM‐cluster, QM/MM, and QM/MM/MD: A tutorial review",Shideh Ahmadi; Lizandra Barrios-Herrera; Morteza Chehelamirani; Jiří Hostaš; Said Jalife; Dennis R. Salahub,2018,International Journal of Quantum Chemistry,10.1002/qua.25558,https://openalex.org/W2791815609,chemistry-domain,"Abstract Exemplars of the state of the art in modeling enzymes are reviewed through a selection of works from leading schools using QM‐only cluster models, QM/MM models and QM/MM/MD models. A computational protocol is proposed, intended to guide neophytes through the myriad of methodological choices that are necessary for the successful study of chemical reactions in the complex enzymatic environment.","openalex, scopus, wos",llm,0.990,unreviewed,
discarded,The Unicode Cookbook For Linguists: Managing Writing Systems Using Orthography Profiles,Steven L. Moran; Michael Cysouw,2017,BiblioBoard Library Catalog (Open Research Library),10.5167/uzh-135400,https://openalex.org/W4299529712,non-target-topic,"This text is a practical guide for linguists, and programmers, who work with data in multilingual computational environments. We introduce the basic concepts needed to understand how writing systems and character encodings function, and how they work together at the intersection between the Unicode Standard and the International Phonetic Alphabet. Although these standards are often met with frustration by users, they nevertheless provide language researchers and programmers with a consistent computational architecture needed to process, publish and analyze lexical data from the world's languages. Thus we bring to light common, but not always transparent, pitfalls which researchers face when working with Unicode and IPA. Having identified and overcome these pitfalls involved in making writing systems and character encodings syntactically and semantically interoperable (to the extent that they can be), we created a suite of open-source Python and R tools to work with languages using orthography profiles that describe author- or document-specific orthographic conventions. In this cookbook we describe a formal specification of orthography profiles and provide recipes using open source tools to show how users can segment text, analyze it, identify errors, and to transform it into different written forms for comparative linguistics research.","openalex, scopus, wos",llm,0.950,unreviewed,
discarded,A metabolic modeling platform for the computation of microbial ecosystems in time and space (COMETS),Ilija Dukovski; Djordje Bajić; Jeremy M. Chacón; Michael Quintin; Jean C. C. Vila; Snorre Sulheim; Alan R. Pacheco; David B. Bernstein; William J. Riehl; Kirill S. Korolev; Álvaro Sánchez; William R. Harcombe; Daniel Segrè,2021,Nature Protocols,10.1038/s41596-021-00593-3,https://openalex.org/W3206959204,science-domain,"Genome-scale stoichiometric modeling of metabolism has become a standard systems biology tool for modeling cellular physiology and growth. Extensions of this approach are emerging as a valuable avenue for predicting, understanding and designing microbial communities. Computation of microbial ecosystems in time and space (COMETS) extends dynamic flux balance analysis to generate simulations of multiple microbial species in molecularly complex and spatially structured environments. Here we describe how to best use and apply the most recent version of COMETS, which incorporates a more accurate biophysical model of microbial biomass expansion upon growth, evolutionary dynamics and extracellular enzyme activity modules. In addition to a command-line option, COMETS includes user-friendly Python and MATLAB interfaces compatible with the well-established COBRA models and methods, as well as comprehensive documentation and tutorials. This protocol provides a detailed guideline for installing, testing and applying COMETS to different scenarios, generating simulations that take from a few minutes to several days to run, with broad applicability to microbial communities across biomes and scales. This protocol explains how to use and apply COMETS (computation of microbial ecosystems in time and space), which extends dynamic flux balance analysis to generate simulations of multiple microbial species in molecularly complex and spatially structured environments.","openalex, scopus, wos",llm,0.980,unreviewed,
discarded,Ten simple rules for biologists learning to program,Maureen A. Carey; Jason A. Papin,2018,PLoS Computational Biology,10.1371/journal.pcbi.1005871,https://openalex.org/W2781968731,science-domain,"As big data and multi-omics analyses are becoming mainstream, computational proficiency and literacy are essential skills in a biologist’s tool kit. All “omics” studies require computational biology: the implementation of analyses requires programming skills, while experimental design and interpretation require a solid understanding of the analytical approach. While academic cores, commercial services, and collaborations can aid in the implementation of analyses, the computational literacy required to design and interpret omics studies cannot be replaced or supplemented. However, many biologists are only trained in experimental techniques. We write these 10 simple rules for traditionally trained biologists, particularly graduate students interested in acquiring a computational skill set.","openalex, scopus, wos",llm,0.950,unreviewed,
discarded,Estimating Pangenomes with Roary,Farrah Sitto; Fabia U. Battistuzzi,2019,Molecular Biology and Evolution,10.1093/molbev/msz284,https://openalex.org/W2995795539,science-domain,"A description of the genetic makeup of a species based on a single genome is often insufficient because it ignores the variability in gene repertoire among multiple strains. The estimation of the pangenome of a species is a solution to this issue as it provides an overview of genes that are shared by all strains and genes that are present in only some of the genomes. These different sets of genes can then be analyzed functionally to explore correlations with unique phenotypes and adaptations. This protocol presents the usage of Roary, a Linux-native pangenome application. Roary is a straightforward software that provides 1) an overview about core and accessory genes for those interested in general trends and, also, 2) detailed information on gene presence/absence in each genome for in-depth analyses. Results are provided both in text and graphic format.","openalex, scopus, wos",llm,0.980,unreviewed,
