status,title,authors,year,venue,doi,url,tags,abstract,provider,decision_source,llm_confidence,llm_review_outcome,llm_change_direction
discarded,Strategy for learning microcontroller programming—a graphical or a textual start?,Vrbančič F.,2024,Education and Information Technologies,10.1007/s10639-023-12024-9,https://www.scopus.com/inward/record.uri?partnerID=HzOxMe3b&scp=85164827788&origin=inward,programming-learning-not-shell,"Microcontroller programming competencies contribute to the sustainable employability of engineering graduates of both higher and secondary education. To develop the required programming skills, one of the challenges for educators is to determine which programming environments should be implemented in introductory programming courses. Conceptually, graphical (e.g. iconic or diagrammatic) environments appear to be very different from textual environments. Our study focused on a programming course in a mechatronics vocational training programme at the secondary school level in Slovenia. To investigate the expectations of potential employers towards our graduates, we surveyed local companies. Out of 104 respondents, 90 (86.5%) expected graduates to be able to use various programming environments, including upcoming ones. In our study, we divided 114 students into two groups of equal prior knowledge. Group A started the course with a textual programming environment and switched to a graphical one in the second sequence, while group B followed a reverse sequence. Group A achieved better test results after both sequences. Knowledge transfer, as measured by normalised learning gains, was also in favour of group A. We concluded that it is more efficient to start with the textual environment and then continue with the graphical environment. The results of this study open up some challenges for further research to investigate the effectiveness of introductory programming courses based on programmable electronics with students of similar ages. Further research should consider the specific requirements of the different courses but should also the effectiveness of knowledge transfer between different programming environments.","openalex, scopus, wos",llm,0.970,unreviewed,
kept,"Design and Evaluation of ""The Missing CS Class,"" A Student-led Undergraduate Course to Reduce the Academia-industry Gap","Gilson, Grant; Ott, Stephen; Ledesma, Noah Rose; Prabhu, Aakash; Porquet-Lupine, Joel",2022,"PROCEEDINGS OF THE 53RD ACM TECHNICAL SYMPOSIUM ON COMPUTER SCIENCE EDUCATION (SIGCSE 2022), VOL 1",10.1145/3478431.3499422,https://www.webofscience.com/wos/woscc/full-record/WOS:000884263800068,cs1-learning-outcomes; perception-survey-self-efficacy,"One notable part of the academia-industry gap is the deficiency in computing ecosystem literacy, which may result in college graduates exhibiting little technical knowledge of software development tools and practices commonly used in industry. This paper presents our experience developing and teaching ""The Missing CS Class,"" the student-led 1-unit course that we created at our university to address computing ecosystem literacy. This course primarily targets lower-division students and, based on our observations as peer tutors, covers four common but crucial gaps in technical knowledge: (1) Unix-like command-line environments and tools, (2) Software testing and debugging, (3) Scripting, and (4) Version control. Based on the collected feedback from two consecutive offerings of this course during the winter and spring quarters of 2021, most surveyed students reported having increased their self-efficacy on all course topics and incorporated them into their software development workflow.

To benefit the community at large, we have published all the lecture materials online at https://missing.cs.ucdavis.edu.","openalex, scopus, wos",human,0.960,human,
discarded,"A Three-Tier Diagnostic Test to Assess Pre-Service Teachers’ Misconceptions about Global Warming, Greenhouse Effect, Ozone Layer Depletion, and Acid Rain",Harika Özge Arslan; Ceyhan Çiğdemoğlu; Christine Moseley,2012,International Journal of Science Education,10.1080/09500693.2012.680618,https://openalex.org/W2043828830,pre-post-test; out-of-scope-single-topic-science-diagnostic-test-corroborates-instrument-typology-only,"This study describes the development and validation of a three-tier multiple-choice diagnostic test, the atmosphere-related environmental problems diagnostic test (AREPDiT), to reveal common misconceptions of global warming (GW), greenhouse effect (GE), ozone layer depletion (OLD), and acid rain (AR). The development of a two-tier diagnostic test procedure as described by Treagust constitutes the framework for this study. To differentiate a lack of knowledge from a misconception, a certainty response index is added as a third tier to each item. Based on propositional knowledge statements, related literature, and the identified misconceptions gathered initially from 157 pre-service teachers, the AREPDiT was constructed and administered to 256 pre-service teachers. The Cronbach alpha reliability coefficient of the pre-service teachers’ scores was estimated to be 0.74. Content and face validations were established by senior experts. A moderate positive correlation between the participants’ both-tiers scores and their certainty scores indicated evidence for construct validity. Therefore, the AREPDiT is a reliable and valid instrument not only to identify pre-service teachers’ misconceptions about GW, GE, OLD, and AR but also to differentiate these misconceptions from lack of knowledge. The results also reveal that a majority of the respondents demonstrated limited understandings about atmosphere-related environmental problems and held six common misconceptions. Future studies could test the AREPDiT as a tool for assessing the misconceptions held by pre-service teachers from different programs as well as in-service teachers and high school students.","openalex, scopus, wos",human,0.880,human,
discarded,Development and application of a two‐tier diagnostic test measuring college biology students' understanding of diffusion and osmosis after a course of instruction,Arthur Louis Odom; Lloyd H. Barrow,1995,Journal of Research in Science Teaching,10.1002/tea.3660320106,https://openalex.org/W2068231696,pre-post-test; out-of-scope-single-topic-science-diagnostic-test-corroborates-instrument-typology-only,"Abstract This study involved the development and application of a two‐tier diagnostic test measuring college biology students' understanding of diffusion and osmosis after a course of instruction. The development procedure had three general steps: defining the content boundaries of the test, collecting information on students' misconceptions, and instrument development. Misconception data were collected from interviews and multiple‐choice questions with free response answers. The data were used to develop 12 two‐tier multiple choice items in which the first tier examined content knowledge and the second examined understanding of that knowledge. The conceptual knowledge examined was the particulate and random nature of matter, concentration and tonicity, the influence of life forces on diffusion and osmosis, membranes, kinetic energy of matter, the process of diffusion, and the process of osmosis. The diagnostic instrument was administered to 240 students (123 non‐biology majors and 117 biology majors) enrolled in a college freshman biology laboratory course. The students had completed a unit on diffusion and osmosis. The content taught was carefully defined by propositional knowledge statements, and was the same content that defined the content boundaries of the test. The split‐half reliability was .74. Difficulty indices ranged from 0.23 to 0.95, and discrimination indices ranged from 0.21 to 0.65. Each item was analyzed to determine student understanding of, and identify misconceptions about, diffusion and osmosis.","openalex, scopus, wos",human,0.900,human,
discarded,Development of<i>Two-Tier</i>Diagnostic Test Pictorial-Based for Identifying High School Students Misconceptions on the Mole Concept,Wiwi Siswaningsih; Harry Firman; Zackiyah; Azizah Nurul Khoirunnisa,2017,Journal of Physics Conference Series,10.1088/1742-6596/812/1/012117,https://openalex.org/W2601358336,pre-post-test; out-of-scope-single-topic-science-diagnostic-test-corroborates-instrument-typology-only,"The aim of this study was to develop the two-tier pictorial-based diagnostic test for identifying student misconceptions on mole concept. The method of this study is used development and validation. The development of the test Obtained through four phases, development of any items, validation, determination key, and application test. Test was developed in the form of pictorial consisting of two tier, the first tier Consist of four possible answers and the second tier Consist of four possible reasons. Based on the results of content validity of 20 items using the CVR (Content Validity Ratio), a number of 18 items declared valid. Based on the results of the reliability test using SPSS, Obtained 17 items with Cronbach's Alpha value of 0703, the which means that items have accepted. A total of 10 items was conducted to 35 students of senior high school students who have studied the mole concept on one of the high schools in Cimahi. Based on the results of the application test, student misconceptions were identified in each label concept in mole concept with the percentage of misconceptions on the label concept of mole (60.15%), Avogadro's number (34.28%), relative atomic mass (62, 84%), relative molecule mass (77.08%), molar mass (68.53%), molar volume of gas (57.11%), molarity (71.32%), chemical equation (82.77%), limiting reactants (91.40%), and molecular formula (77.13%).","openalex, scopus, wos",human,0.880,human,
kept,A Review and Comparison of Diagnostic Instruments to Identify Students’ Misconceptions in Science,Derya Kaltakci-Gurel; Ali Eryılmaz; Lillian C. McDermott,2015,Eurasia Journal of Mathematics Science and Technology Education,10.12973/eurasia.2015.1369a,https://openalex.org/W2472851532,pre-post-test; diagnostic-instrument-typology,"Different diagnostic tools have been developed and used by researchers to identify students' conceptions. The present study aimed to provide an overview of the common diagnostic instruments in science to assess students' misconceptions. Also the study provides a brief comparison of these common diagnostic instruments with their strengths and weaknesses. A total of 273 articles published (from the year 1980 to 2014) in main journals were investigated thoroughly through document analysis method. The study reveals interviews (53%), open-ended tests (34%), multiple-choice tests (32%) and multiple tier tests (13%) as the most commonly used diagnostic tools. However, each tool has some advantages as well as disadvantages over the others that should be kept in mind in their usages. A careful user of a diagnostic instrument such as a classroom teacher or a researcher would be aware of the diagnostic instruments and selects the most effective one for his/her purposes.","openalex, scopus, wos",human,1.000,human,
discarded,DEVELOPMENT OF A TWO-TIER MULTIPLE-CHOICE (TTMC) DIAGNOSTIC TEST FOR GEOMETRY MATERIALS TO IDENTIFY MISCONCEPTIONS OF MIDDLE SCHOOL STUDENTS,Mohammad Syaifuddin; Rani Darmayanti; Nopia Rizki,2022,Jurnal Silogisme Kajian Ilmu Matematika dan Pembelajarannya,10.24269/silogisme.v7i2.5456,https://openalex.org/W4364321620,pre-post-test; out-of-scope-single-topic-science-diagnostic-test-corroborates-instrument-typology-only,"Tujuan dari penelitian ini adalah untuk membuat instrumen diagnostik two-tier yang dapat mendeteksi miskonsepsi siswa tentang materi segitiga dan segiempat. Metode deskriptif digunakan untuk membuat instrumen dari bahan segitiga, sedangkan metode RD digunakan untuk membuat instrumen dari bahan segi empat. Validitas dan reliabilitas instrumen diagnostik two-tier dievaluasi. Uji validitas instrumen menunjukkan bahwa 8 soal dari 10 soal materi segitiga dan 7 soal dari 10 soal materi segi empat dinyatakan valid. Instrumen tersebut kemudian diujicobakan pada siswa SMP kelas tujuh dan delapan. Hasil tes dianalisis dan ditafsirkan untuk mengidentifikasi kesalahpahaman. Berdasarkan temuan penelitian ini, miskonsepsi siswa tentang materi segitiga antara lain mengidentifikasi jenis-jenis segitiga berdasarkan panjang sisi dan besar sudut, serta menentukan tinggi segitiga yang menyebabkan mereka salah menghitung luas segitiga. Kesalahpahaman tentang materi segi empat di kalangan siswa termasuk indikator teoritis untuk mendefinisikan segiempat dan jajaran genjang.","openalex, scopus, wos",human,0.850,human,
discarded,Development and Application of a Two-Tier Diagnostic Test for High School Students’ Understanding of Flowering Plant Growth and Development,Sheau‐Wen Lin,2004,International Journal of Science and Mathematics Education,10.1007/s10763-004-6484-y,https://openalex.org/W2077278326,pre-post-test; out-of-scope-single-topic-science-diagnostic-test-corroborates-instrument-typology-only,,"openalex, scopus, wos",human,0.830,human,
discarded,Development and use of a three-tier diagnostic test to assess high school students’ misconceptions about the photoelectric effect,Erdal Taşlıdere,2016,Research in Science & Technological Education,10.1080/02635143.2015.1124409,https://openalex.org/W2320552923,pre-post-test; out-of-scope-single-topic-science-diagnostic-test-corroborates-instrument-typology-only,"Background: In the last few decades, researchers have turned their attention to students’ understanding of scientific concepts at different school levels. The results indicate that the learners have different ideas, and most of them are inaccurate in terms of those generally accepted by the scientific community.Purpose: This study was undertaken to describe the development, validation and use of a three-tier multiple-choice diagnostic test (PEMT) to reveal Turkish high school students’ common misconceptions in terms of the photoelectric effect.Sample: In this study, 243 students (male=86, female=137) from six high schools made up the sample which comprised approximately 76% of the 11th grade population.Design and Methods: Based on findings from the literature, open-ended questions and interviews, the PEMT was developed and administered to 243 students. The data was analysed descriptively.Results: The Cronbach’s alpha reliability coefficient of the scores was estimated as .83. Construct, content and face validities were established by senior experts and through the use of statistical techniques. The findings denoted that the test is a valid and reliable measure of students’ qualitative understanding of the photoelectric concept. The results revealed that the majority of the students demonstrated a limited understanding of the photoelectric effect and have five prevalent misconceptions. These are: (1) an increase in intensity would provide the photon with enough energy to release electrons; (2) the photoelectric effect results from the ionization of atoms through the interaction with light; (3) a light beam whose photons have smaller energies than the work function would release electrons with the help of a voltage source; (4) the number of photoelectrons depends on the energy of the photon and (5) the photon has kinetic energy and it depends on the colour of light. The last two misconceptions were discovered in the current study.Conclusion: The findings indicated that the PEMT is a reliable and valid measuring tool for investigating high school students’ conceptual understanding and misconceptions. Future studies could use the PEMT as a tool for assessing the misconceptions of high school students, pre-service science or pre-service physics teachers.","openalex, scopus, wos",human,0.890,human,
discarded,Using Three-Tier Diagnostic Test to Assess Students’ Misconceptions of States of Matter,Zübeyde Demet Kırbulut; Ömer Geban,2014,Eurasia Journal of Mathematics Science and Technology Education,10.12973/eurasia.2014.1128a,https://openalex.org/W2157719821,pre-post-test; out-of-scope-single-topic-science-diagnostic-test-corroborates-instrument-typology-only,"This study involves the development of a three-tier diagnostic test to measure high school students’ understanding of states of matter concepts. The States of Matter Diagnostic Test (SMDT) is a 19-item three-tier diagnostic test consisting of three-tier items for assessing students’ understanding of states of matter concepts. The SMDT was administered to 195 10th grade high school students in the pilot study and 102 10th grade high school students in the main study. Cronbach alpha reliability indexes for the SMDT were estimated to be .78 and .83 for the pilot and main study, respectively. Point-biserial coefficients ranged from .20 to .69 with an average of .44 for the pilot study and with an average of .49 for the main study.","openalex, scopus, wos",human,0.880,human,
discarded,Development and application of a four-tier test to assess pre-service physics teachers’ misconceptions about geometrical optics,Derya Kaltakci-Gurel; Ali Eryılmaz; Lillian C. McDermott,2017,Research in Science & Technological Education,10.1080/02635143.2017.1310094,https://openalex.org/W2606708742,pre-post-test; out-of-scope-single-topic-science-diagnostic-test-corroborates-instrument-typology-only,"Background: Correct identification of misconceptions is an important first step in order to gain an understanding of student learning. More recently, four-tier multiple choice tests have been found to be effective in assessing misconceptions.Purpose: The purposes of this study are (1) to develop and validate a four-tier misconception test to assess the misconceptions of pre-service physics teachers (PSPTs) about geometrical optics, and (2) to assess and identify PSPTs’ misconceptions about geometrical optics.Sample: The Four-Tier Geometrical Optics Test (FTGOT) was developed based on findings from the interviews (n = 16), open-ended testing (n = 52), pilot testing (n = 53) and administered to 243 PSPTs from 12 state universities in Turkey.Design and Methods: The first phase of the study was the development of a four-tier test. In the second phase of this study, a cross-sectional survey design was used.Results: Validity of the FTGOT scores was established by means of some qualitative and quantitative methods. These are: (1) content and face validations by six experts; (2) Positive correlations between the PSPTs’ correct scores considering only first tiers of the FTGOT and their confidence score for this tier (r = .194) and between correct scores considering first and third tiers and confidence scores for both of those tiers (r = .218) were found as evidences for construct validity. (3) False positive (3.5%), false negative (3.3%) and lack of knowledge (5.1%) percentages were found to be less than 10% as an evidence for content validity of the test scores. (4) Explanatory factor analysis conducted over correct and misconception scores yielded meaningful factors for the correct scores as an evidence for construct validity. Additionally, the Cronbach alpha coefficients were calculated for correct scores (r = 0.59) and misconception scores (r = 0.42) to establish the reliability of the test scores. Six misconceptions about geometrical optics, which were held by more than 10% of the PSPTs, were identified and considered to be significant.Conclusions: The results from the present investigation demonstrate that the FTGOT is a valid and reliable instrument in assessing misconceptions in geometrical optics.","openalex, scopus, wos",human,0.900,human,
discarded,The Use of Cronbach’s Alpha When Developing and Reporting Research Instruments in Science Education,Keith S. Taber,2017,Research in Science Education,10.1007/s11165-016-9602-2,https://openalex.org/W2623703952,method-paper-outside-scope,"Cronbach’s alpha is a statistic commonly quoted by authors to demonstrate that tests and scales that have been constructed or adopted for research projects are fit for purpose. Cronbach’s alpha is regularly adopted in studies in science education: it was referred to in 69 different papers published in 4 leading science education journals in a single year (2015)—usually as a measure of reliability. This article explores how this statistic is used in reporting science education research and what it represents. Authors often cite alpha values with little commentary to explain why they feel this statistic is relevant and seldom interpret the result for readers beyond citing an arbitrary threshold for an acceptable value. Those authors who do offer readers qualitative descriptors interpreting alpha values adopt a diverse and seemingly arbitrary terminology. More seriously, illustrative examples from the science education literature demonstrate that alpha may be acceptable even when there are recognised problems with the scales concerned. Alpha is also sometimes inappropriately used to claim an instrument is unidimensional. It is argued that a high value of alpha offers limited evidence of the reliability of a research instrument, and that indeed a very high value may actually be undesirable when developing a test of scientific knowledge or understanding. Guidance is offered to authors reporting, and readers evaluating, studies that present Cronbach’s alpha statistic as evidence of instrument quality.","openalex, scopus, wos",llm,0.950,unreviewed,
