status,title,authors,year,venue,doi,url,tags,abstract,provider,decision_source,llm_confidence,llm_review_outcome,llm_change_direction
kept,Interaction between the learners’ initial grasp of the object of learning and the learning resource afforded,Ming Fai Pang; Ference Marton,2013,Instructional Science,10.1007/s11251-013-9272-7,https://openalex.org/W2055066724,pre-post-test; learning-study-corroboration,"Two studies are reported in this paper. The object of learning in both is the economic principle of changes in price as a function of changes in the relative magnitude of changes in demand and supply. The patterns of variation and invariance, defining the conditions compared were built into pedagogical tools (text, graphs, and worksheets). The first study is the latest in a series of studies aiming to test the fundamental conjecture of the Variation Theory of Learning that new meanings are acquired from experiencing differences against a background of sameness, rather than experiencing sameness against a background of differences. The study compares the learning outcomes under conditions consistent with the basic conjecture with the learning outcomes under conditions not consistent with the theory. The results support the conjecture. The second study shows, however, that the conditions that are consistent with the theory cannot be decided unless the learners’ pre-requisites for the task in question are taken into consideration. One set of the pedagogical tools was found to be highly effective for learners with a better initial grasp of the object of learning, while another set was found to be equally effective for learners with a weaker initial grasp of the object of learning. The two sets were equally ineffective when used for the “wrong” group of learners.","openalex, scopus, wos",human,0.980,human,
kept,The Learning study: recent trends and developments,Ming Fai Pang; Ulla Runesson,2019,International Journal for Lesson and Learning Studies,10.1108/ijlls-07-2019-093,https://openalex.org/W2955982781,pre-post-test; learning-study-corroboration,,"openalex, scopus, wos",human,0.800,human,
kept,"Meanings are acquired from experiencing differences against a background of sameness, rather than from experiencing sameness against a background of difference: Putting a conjecture to the test by embedding it in a pedagogical tool",Ference Marton; Ming Fai Pang,2013,Frontline Learning Research,10.14786/flr.v1i1.16,https://openalex.org/W1991349500,pre-post-test; learning-study-corroboration,"In helping learners to make a novel meaning their own, such as when helping children to understand what a word means or teaching students a new concept in school, we frequently point to examples that share the aimed-at meaning but differ otherwise. This type of approach rests on the assumption that novel meanings can be acquired through the experience of sameness against a background of difference. This paper argues that this assumption is unfounded and that the opposite is the case: we make novel meanings our own through the experience of differences against a background of sameness. We put this conjecture to the test in an experimental study by embedding it in a computer game and the results support the conjecture.","openalex, scopus, wos",human,0.970,human,
kept,Improving teacher learning: variation in conceptions of learning study,Guy Durden,2017,International Journal for Lesson and Learning Studies,10.1108/ijlls-09-2017-0041,https://openalex.org/W2767779118,pre-post-test; learning-study-corroboration,Purpose The purpose of this paper is to identify teachers’ conceptions of learning study in order to provide the basis for an application of phenomenography/variation theory (PVT) to the improvement of teachers’ learning about learning study. Design/methodology/approach A phenomenographic study based on semi-structured interviews with 18 beginner teachers of business and economics in England taking part in a learning study during their initial teacher education. Findings The study identified five conceptions of learning study and five associated critical aspects. Results raise questions about the relationship between the process and instructional design elements of learning study. Originality/value The study offers a framework for exploring differences in the quality of learning studies and the relationship between teacher conceptions of learning study and the degree of conceptual change in students in a learning study. It also enables facilitator/researchers to design and manage interventions to develop teacher understanding of learning study that are consistent with the principles of PVT.,"openalex, scopus, wos",human,0.890,human,
discarded,Modulation of learning and memory by natural polyamines,Gustavo Petri Guerra; Maribel Antonello Rubin; Carlos Fernando Mello,2016,Pharmacological Research,10.1016/j.phrs.2016.03.023,https://openalex.org/W2311117491,science-domain,"Spermine and spermidine are natural polyamines that are produced mainly via decarboxylation of L-ornithine and the sequential transfer of aminopropyl groups from S-adenosylmethionine to putrescine by spermidine synthase and spermine synthase. Spermine and spermidine interact with intracellular and extracellular acidic residues of different nature, including nucleic acids, phospholipids, acidic proteins, carboxyl- and sulfate-containing polysaccharides, Therefore, multiple actions have been suggested for these polycations, including modulation of the activity of ionic channels, protein synthesis, protein kinases, and cell proliferation/death, within others. In this review we summarize these neurochemical/neurophysiological/morphological findings, particularly those that have been implicated in the improving and deleterious effects of spermine and spermidine on learning and memory of naive animals in shock-motivated and nonshock-motivated tasks, from a historical perspective. The interaction with the opioid system, the facilitation and disruption of morphine-induced reward and the effect of polyamines and putative polyamine antagonists on animal models of cognitive diseases, such as Alzheimer's, Huntington, acute neuroinflammation and brain trauma are also reviewed and discussed. The increased production of polyamines in Alzheimer's disease and the biphasic nature of the effects of polyamines on memory and on the NMDA receptor are also considered. In light of the current literature on polyamines, which include the description of an inborn error of the metabolism characterized by mild-to moderate mental retardation and polyamine metabolism alterations in suicide completers, we can anticipate that polyamine targets may be important for the development of novel strategies and approaches for understanding the etiopathogenesis of important central disorders and their pharmacological treatment. (C) 2016 Elsevier Ltd. All rights reserved.","openalex, scopus, wos",llm,1.000,unreviewed,
discarded,What matters for students’ learning in the laboratory? Do not neglect the role of experimental equipment!,Jonte Bernhard,2018,Instructional Science,10.1007/s11251-018-9469-x,https://openalex.org/W2883602567,pre-post-test; variation-theory-application-other-domain-not-design-precedent,"According to variation theory, it is essential to enable students to focus on the object of learning and discern its critical features, but the features that it is possible to discern often depend on the equipment used. Thus, in labs, the experimental technologies used may shape students’ experience of focal phenomena, in a human–mediating tools–world manner, by placing some aspects of reality in the foreground, others in the background, and visualizing certain aspects that would otherwise be invisible. However, this mediating role is often neglected, and instruments and devices are often seen as having little cognitive value. Hence, the role of experimental technologies in labs as tools for learning is examined here through a case study, in which three sets of students investigated the same physical relationships (Newtonian motion in an inclined plane), but using different measurement technologies. The results demonstrate that what it is possible for students to experience in a laboratory is heavily influenced by the chosen technology. Some technologies do not afford the discernment of features regarded as crucial for students to learn. Furthermore, analysis of video recordings shows that the three sets of students’ discourses differed, although they studied the “same physics”. Hence, the role of experimental technologies in students’ learning in labs should not be neglected, and their courses of action should be seen as material-discursive practice. Moreover, general conclusions about learning in labs should be drawn cautiously, specifying the conditions and technology used, and discussions about learning technologies should not be limited to the use of computers.","openalex, scopus, wos",human,0.900,human,
discarded,ICME international survey on teachers working and learning through collaboration: June 2016,Ornella Robutti; Annalisa Cusi; Alison Clark‐Wilson; Barbara Jaworski; Olive Chapman; Cristina Esteley; Merrilyn Goos; Masami Isoda; Marie Joubert,2016,ZDM,10.1007/s11858-016-0797-5,https://openalex.org/W2472655993,general-education,"This article presents preliminary results from a survey commissioned for ICME 13 (2016) focusing on “Teachers Working and Learning Through Collaboration”. It takes as a starting point a previous survey, commissioned for ICME 10 in 2004 that focused on Mathematics Teacher Education. The current survey focuses centrally on teachers involved in collaborations, sometimes in formal settings of professional development, but also in a more diverse range of collaborative settings including research initiatives. The roles of teachers involved in the collaboration, survey methods, decisions and limitations are described. While some of the findings to date resonate with those of the earlier survey, other findings highlight characteristics and issues relating to the differing ways in which teachers collaborate, either with other teachers or the various ‘others’, most notably mathematics teacher educator researchers. The roles and relationships that contribute to learning in such collaborations, as well as theories and methodologies found in survey sources, are a focus of the findings presented here. Studies rarely theorised collaboration, and few of those that did so reported explicitly on how their theoretical frame shaped the design of research methodologies/approaches guiding activities with teachers. One significant outcome has been the difficulty of relating teachers’ learning to collaboration within a project, although many initiatives report developments in teaching, teacher learning and students’ learning.","openalex, scopus, wos",llm,0.920,unreviewed,
discarded,A teacher’s learning process in dual design research: learning to scaffold language in a multilingual mathematics classroom,Jantien Smit; H.A.A. van Eerde,2011,ZDM,10.1007/s11858-011-0350-5,https://openalex.org/W1535110412,pre-post-test; variation-theory-application-other-domain-not-design-precedent,"In this paper, we argue that dual design research (DDR) is a fruitful way to promote and trace the development of a mathematics teacher’s expertise. We address the question of how a teacher participating in dual design research can learn to scaffold students’ development of the language required for mathematical learning in multilingual classrooms. Empirical data were collected from two teaching experiments (each with 8 lessons, and 21 and 22 students, aged 11–12 years), for which lesson series about line graphs were co-designed by the researchers and the teacher. The teacher’s learning process was promoted (e.g. by conducting stimulated recall interviews and providing feedback) and traced (e.g. by carrying out 5 pre- and post-interviews before and after the teaching experiments). An analytic framework for teachers’ reported and derived learning outcomes was used to analyse pre- and post-interviews. The teacher’s learning process was analysed in terms of changes in knowledge and beliefs, changes in practice and intentions for practice. Further analysis showed that this learning process could be attributed to the characteristics of dual design research, for instance the cyclic and interventionist character, the continuous process of prediction and reflection that lies at its heart, and the process of co-designing complemented with stimulated recall interviews.","openalex, scopus, wos",human,0.890,human,
kept,What is taught and what is learned. Professional insights gained and shared by teachers of mathematics.,Angelika Kullberg,2010,Gothenburg University Publications Electronic Archive (Gothenburg University),10.13140/rg.2.2.17823.76967,https://openalex.org/W1571477092,pre-post-test; learning-study-corroboration,"The aim of the thesis is to contribute to knowledge about relationships between teaching and learning in school. The framework used in this research, variation theory, states that, to improve student learning, attention must be paid to what is being learned, the capability that is to be improved and the features (critical features) that it is necessary for the learner to discern. The studies reported here focus on the significance of critical features and are based on two ‘learning studies’ in mathematics, one of the density of rational numbers and one of the addition and subtraction of negative numbers. In a learning study, teachers work together with design, analysis and revision of their teaching of a single lesson with the aim of enhancing students’ learning by gaining insight about features that are assumed to be critical and enacting them in their teaching. \nThe question answered in this research is whether the insight gained in the learning studies about critical features can be shared by other teachers and used to enhance other students’ learning. Two studies based on the previous studies were carried out together with a total of eight teachers and sixteen groups of students. Each teacher enacted two lessons with different conditions in terms of the critical features made use of. The lessons were video recorded and analysed with respect to which critical features were enacted in the lessons and what the students learned as indicated in pre and post tests. \nIt is suggested that the critical features were transferable in two regards, in terms of student learning and in terms of a means of communication that could be shared among teachers. It was indicated that the critical features that were enacted in the teaching constrained what it was possible to experience in the classroom and what students learned. What was taught seemed to be reflected in what the students learned. Furthermore, the analysis indicates that it was not sufficient to simply name the critical features to the students; it seems that they must be discerned in order for learning to take place. It was found that the teachers made use of the critical features that were identified by other teachers in a learning study as a means to plan and teach lessons. This suggests that teachers can make use of the notion of critical features in their own teaching to enhance student learning.","openalex, scopus, wos",human,0.950,human,
discarded,A Comprehensive Review on 3D Object Detection and 6D Pose Estimation With Deep Learning,Sabera Hoque; Md. Yasir Arafat; Shuxiang Xu; Ananda Maiti; Yu-Chen Wei,2021,IEEE Access,10.1109/access.2021.3114399,https://openalex.org/W3200754113,non-education,"Nowadays, computer vision with 3D (dimension) object detection and 6D (degree of freedom) pose assumptions are widely discussed and studied in the field. In the 3D object detection process, classifications are centered on the object’s size, position, and direction. And in 6D pose assumptions, networks emphasize 3D translation and rotation vectors. Successful application of these strategies can have a huge impact on various machine learning-based applications, including the autonomous vehicles, the robotics industry, and the augmented reality sector. Although extensive work has been done on 3D object detection with a pose assumption from RGB images, the challenges have not been fully resolved. Our analysis provides a comprehensive review of the proposed contemporary techniques for complete 3D object detection and the recovery of 6D pose assumptions of an object. In this review research paper, we have discussed several proposed sophisticated methods in 3D object detection and 6D pose estimation, including some popular data sets, evaluation matrix, and proposed method challenges. Most importantly, this study makes an effort to offer some possible future directions in 3D object detection and 6D pose estimation. We accept the autonomous vehicle as the sample case for this detailed review. Finally, this review provides a complete overview of the latest in-depth learning-based research studies related to 3D object detection and 6D pose estimation systems and also points out a comparison between some popular frameworks. To be more concise, we propose a detailed summary of the state-of-the-art techniques of modern deep learning-based object detection and pose estimation models.","openalex, scopus, wos",llm,0.990,unreviewed,
discarded,Teachers learning to apply neuroscience to classroom instruction: case of professional development in British Columbia,Yuen Sze Michelle Tan; Joshua J. Amiel,2019,Professional Development in Education,10.1080/19415257.2019.1689522,https://openalex.org/W2982963611,pre-post-test; variation-theory-application-other-domain-not-design-precedent,"Little is known about the integration of current neuroscience knowledge to classroom teaching, although many teachers rely on neuromyths to shape their pedagogies. Through a professional development approach, the learning study, we explored how teachers learned to apply neuroscience to teaching instruction. The teachers collaborated to design, enact and evaluate neuroscience-framed lessons as part of classroom research. Theories relating to neural plasticity, including the neural network hypothesis for memory and learning, hierarchical relational binding theory, and attention and awareness acted as the theoretical frame for the study. Borrowing phenomenographic methods, we drew on a variety of data sources to construct categories describing the teachers’ engagement with neuroscience. Findings highlighted the pivotal role analogies played in the teachers’ interpretation of neuroscience content and its application. Through the analogies of the ‘rose’, ‘butcher on the bus’, ‘deepening the trenches’, and ‘walking the pathway’, we illustrated how teacher learning manifested as the teachers’ deepened understandings of knowledge construction, moving away from didactic forms of instruction and increasing the use of multiple modalities, and creating coherent student learning experiences. Findings suggest how neuroscience holds the potential to support teachers’ development of theoretical coherence in their understandings of learning and pedagogy. Implications are discussed.","openalex, scopus, wos",human,0.880,human,
discarded,Critical stance within a community of inquiry in an advanced mathematics course for pre-service teachers,Simon Goodchild; Naneh Apkarian; Chris Rasmussen; Brian P. Katz,2020,Journal of Mathematics Teacher Education,10.1007/s10857-020-09456-2,https://openalex.org/W3011635803,single-discipline-diagnostic,"Abstract This paper reports a study of university students’ experiences of learning mathematics in an introductory differential equations course that takes an inquiry approach to learning and teaching. The students are on a trajectory leading toward a bachelor’s degree in mathematics to be followed by a year-long teacher education credential program. The analysis of students’ end of course presentations and written portfolios is framed with community of practice theory, complemented with analytic categories from community of inquiry, including notions of inquiry stance and critical alignment. Our social theorization of university mathematics education adds a complementary perspective to the more conventional cognitive and discursive analyses and is necessitated by the very nature of inquiry approaches to education. The analysis of students’ presentations and writing leads to exploring their development of the notion of critical stance, which the students are seen to take toward the mathematics, their learning, and approaches to teaching mathematics. We find that the notion of critical stance can be distilled into three components: awareness, self-evaluation, and agency.","openalex, scopus, wos",llm,0.880,unreviewed,
