status,title,authors,year,venue,doi,url,tags,abstract,provider,decision_source,llm_confidence,llm_review_outcome,llm_change_direction
discarded,Tools and methods for assessing the usability and related aspects of usability of extended reality and telerehabilitation technologies in stroke rehabilitation: a scoping review,Ouédraogo F.,2026,Journal of Neuroengineering and Rehabilitation,10.1186/s12984-025-01861-z,https://www.scopus.com/inward/record.uri?partnerID=HzOxMe3b&scp=105028875472&origin=inward,medicine-domain,"Extended reality (XR) and telerehabilitation (TR) technologies are increasingly being used into stroke rehabilitation. These technologies have the potential to enhance therapy intensity, motivate users through engaging and interactive environments, and improve access to rehabilitation services in both clinical and home settings. Usability assessment is essential to ensure effective, engaging, and accessible interventions. This scoping review aims to identify tools used to evaluate XR and TR technologies in stroke rehabilitation. This scoping review was conducted following the methodological framework of Arksey and O’Malley, further refined by Levac et al. and the Joanna Briggs Institute. A literature search was performed across five databases (MEDLINE, Embase, CINAHL, PsycINFO, and Web of Science) using keywords and their variations related to stroke, virtual reality, augmented reality, mixed reality, telerehabilitation, and usability evaluation. Peer-reviewed articles and conference abstracts published up to December 2024 were included if they reported on the usability evaluation of XR or TR technologies in neurological rehabilitation. Two reviewers independently screened studies for eligibility. Relevant data were extracted using a standardized data charting framework. The search yielded 2,290 articles, of which 111 were included in the review. Twenty-eight tools were identified, encompassing both direct usability assessments and complementary tools addressing related aspects. These tools were grouped into six categories: (1) standardized questionnaires, (2) custom questionnaires, (3) semi-structured interviews, (4) task-based usability testing, (5) modified standardized questionnaires, and (6) think-aloud protocols. The most frequently used tool was the System Usability Scale (SUS), followed by custom questionnaires. Among studies explicitly evaluating usability, 55.9% combined two to six tools to capture multiple facets of usability. Usability was assessed in 67.6% of publications using quantitative methods (e.g., questionnaires), in 4.5% using qualitative methods (e.g., interviews, focus groups), and in 27.9% using mixed methods approaches. Usability of XR and TR technologies is assessed with a wide variety of tools. Combining tools helps capture different aspects of usability, highlighting the importance of addressing its multifaceted nature in stroke rehabilitation. Future research could develop and validate a framework integrating multiple aspects of usability to ensure both relevance and comparability across studies.","openalex, scopus, wos, dblp",llm,0.990,unreviewed,
discarded,How academic motivation and self-efficacy predict learning burnout: an empirical study of senior English majors in Chinese independent colleges,Chen B.,2026,BMC Psychology,10.1186/s40359-026-04424-6,https://www.scopus.com/inward/record.uri?partnerID=HzOxMe3b&scp=105038447153&origin=inward,language-education,"Introduction Amid growing expectations for English majors, senior students at independent colleges face substantial pressure from graduation and career development, making learning burnout an increasingly salient concern. This study aims to investigate the levels of academic motivation, self-efficacy, and learning burnout among these students, and explore the predictive effects of motivation and self-efficacy on burnout, to inform targeted interventions for reducing burnout and promoting sustainable learning. Methods Adopting an explanatory sequential mixed-methods design, this study collected questionnaire data from 64 senior English majors using three validated scales. Data were analyzed via descriptive statistics, Pearson correlation, and hierarchical regression. Five students were then interviewed to explain unexpected quantitative results and explore underlying psychological mechanisms. Results Participants exhibited moderately high academic motivation dominated by extrinsic motivation and low amotivation, moderately high self-efficacy and learning burnout. Academic motivation negatively predicted burnout, while amotivation and self-efficacy were positive predictors, with amotivation showing a stronger effect. Intrinsic and extrinsic motivation were not significantly associated with burnout. Interviews revealed heterogeneous effects of intrinsic motivation, the structural role of extrinsic motivation, and a paradoxical positive link between self-efficacy and burnout due to complacency and procrastination. Conclusions This study identifies the unique motivational, self-efficacy, and burnout profiles of senior English majors at independent colleges. Amotivation and self-efficacy positively predict learning burnout, with amotivation as the stronger predictor. These context-dependent findings offer practical implications for alleviating learning burnout among language learners under sustained academic pressure.","openalex, scopus, wos, dblp",llm,0.990,unreviewed,
discarded,Psychological readiness for AI in health professions education: the role of innovativeness and cognitive flexibility among Turkish students,Çavuş Alan S.,2026,BMC Medical Education,10.1186/s12909-026-09258-9,https://www.scopus.com/inward/record.uri?partnerID=HzOxMe3b&scp=105040541463&origin=inward,medicine-domain,"Despite the increasing integration of artificial intelligence (AI) into healthcare systems, limited research has examined how individual and cognitive factors jointly shape health science students’ attitudes towards AI. This study aimed to investigate the relationships between students’ attitudes toward AI, individual innovativeness, and cognitive flexibility. A cross-sectional correlational design was employed with 1026 undergraduate students enrolled in health science programs at a public university in Türkiye. Data were analysed using correlational and hierarchical regression methods. The findings indicated that students’ attitudes toward AI were characterized by a balanced structure, reflecting both positive expectations and concerns. Hierarchical regression analyses indicated that individual innovativeness was consistently associated with attitudes toward AI, whereas cognitive flexibility showed smaller and mixed effects across its subdimensions, with the control dimension exhibiting opposite associations with positive and negative attitudes. In addition, technological curiosity, frequency of AI use, and support for AI course inclusion were significant contextual factors associated with AI attitudes. Overall, the findings suggest that students’ attitudes toward AI are shaped not only by knowledge but also by individual and cognitive characteristics. The study contributes to the literature by proposing an integrated psychological framework explaining AI readiness in health professions education. From a practical perspective, the results highlight the importance of designing AI-integrated curricula that address individual differences while fostering adaptive expertise, critical thinking, and reflective engagement with AI technologies.","openalex, scopus, wos, dblp",llm,0.980,unreviewed,
discarded,Seeking pleasure or seeking compensation: a dual-pathway model of problematic social networks use,Klein L.,2026,Addictive Behaviors Reports,10.1016/j.abrep.2026.100720,https://www.scopus.com/inward/record.uri?partnerID=HzOxMe3b&scp=105042383376&origin=inward,psychology-domain,"Social networks (SN) are used for different reasons in everyday life, often resulting in higher usage time and sometimes in a problematic use of social networks (PSNU). The I-PACE model outlines that specific predisposing variables (e.g., usage motives, personality traits, stress-appraisal, coping strategies) and affective and cognitive mechanisms (e.g., use expectancies, gratification, compensation) as well as their interactions contribute to the development and maintenance of PSNU. Our aim was to test a structural equation model with two different paths of reinforcement mechanisms: pleasure-seeking for achieving specific emotional experiences and compensation-seeking to avoid or reduce negative states. Both pathways are assumed to lead to higher symptom severity of PSNU and usage time of SN. In a pre-registered, multi-center study (DFG-funded research unit) with a mixed-method, cross-sectional, between-subject design in Germany, 306 (81% female; Age: M = 26.41 years; SD = 07.76, Range: 16–64 years) participants underwent the study procedure, including a diagnostic interview based on DSM-5 criteria for gaming disorder (modified for PSNU), thereby identifying individuals with problematic use of SN. Additional constructs were assessed by self-reports. The structural equation model provided an acceptable fit with the data. It showed that positive reinforcement mediates the effect of usage motives on SN usage time. Negative reinforcement mediates the effect of stress-appraisal and coping on PSNU and the effect of usage motives on PSNU. The pleasure-seeking pathway significantly leads to higher usage time of SN while the compensation-seeking pathway results in higher symptom severity. The results emphasize the relevance of different predisposing factors and reinforcement processes, and expands existing theoretical models.","openalex, scopus, wos, dblp",llm,0.990,unreviewed,
discarded,Mixed-methods analysis on psychedelic-augmented meditation experiences from a randomized controlled mindfulness retreat,Schlomberg J.T.T.,2026,Scientific Reports,10.1038/s41598-026-39261-5,https://www.scopus.com/inward/record.uri?partnerID=HzOxMe3b&scp=105038115071&origin=inward,psychology-domain,"The acute subjective effects (ASEs) of psychedelic substances are assumed to play a critical role for their therapeutic and well-being enhancing benefits. However, recent work voiced critique regarding the validity and adequacy of conventional measures and modalities utilized to study ASEs of psychedelics, and call for data-driven, unbiased, and experience-based research approaches. The emergence of advanced Natural Language Processing techniques as an enabler of data-driven qualitative research holds promise for addressing the current biases and limitations in the investigation of ASEs of psychedelics. In the present study, we employed an NLP-driven, multi-method analytical paradigm to study the subjective experiences of participants in an ecologically valid RCT examining the effect of DMT/harmine on meditative states in experienced meditators using phenomenological interviews. Our analysis showed differences in the thematic landscape and experiential diversity of meditation under placebo and meditation under DMT-harmine while showing overlap in their semantic topographies. The mixed-modal analysis successfully identified a wide range of well-established primary subjective effects while also detecting subtle, patterned regularities in language that traditional hypothesis-driven approaches alone may overlook. It revealed a pronounced use of Buddhist concepts and spiritual jargon to describe and integrate the subjective experience, independent of the experimental condition. Findings suggested shared experiential features between meditative and psychedelic states, a strong drug-context interconnection and potential synergistic effects of meditation and psychedelics. We advocate for using NLP-augmented, data-driven paradigms to deepen the understanding of psychedelic subjectivity and emphasize the importance of extra-pharmacological factors in shaping therapeutic outcomes. Supplementary Information The online version contains supplementary material available at 10.1038/s41598-026-39261-5.","openalex, scopus, wos, dblp",llm,0.990,unreviewed,
discarded,Enhancing School Students’ Self-Regulated Learning through Generative AI Support: A Randomized Controlled Trial,Fütterer T.,2026,Educational Psychology Review,10.1007/s10648-026-10133-8,https://www.scopus.com/inward/record.uri?partnerID=HzOxMe3b&scp=105036193129&origin=inward,ai-chatbots-not-shell,"Abstract Self-regulated learning (SRL) is a critical competency for academic success and lifelong learning, yet providing personalized SRL support in real-time classroom settings remains challenging. In this randomized controlled trial, we investigated whether generative-AI-(GenAI)-based interventions can effectively support SRL in secondary school students. Drawing on an integrative model of self-regulation in education, the study contrasted two types of GenAI-supported interventions—targeting either motivational (utility value) or strategic (cognitive-learning-strategy-based) aspects of SRL—with a control condition using standard ChatGPT. A total of 371 students (Grades 7–9) were randomly assigned to one of the three conditions and participated in six 45-min sessions during regular physics or English lessons. Outcome measures included self-reported utility value, strategy use (self-reported and tested performance), interest, effort, and tested domain-specific knowledge, assessed at pre- and posttest. The results showed that students in the utility value condition reported more favorable development of perceived utility value than those in the cognitive strategy condition. However, no statistically significant advantages of either intervention over the control condition were found for effort, domain-specific knowledge, or elaboration-based strategy use. Exploratory analyses indicated that students who engaged more meaningfully with the GenAI tended to have more sustained interest than those in the control group. No subject-specific (physics or English) differences in intervention effects were observed. Findings suggest GenAI-based interventions may help preserve motivational aspects of SRL under certain conditions, but further development is needed to effectively support cognitive strategies and improve learning outcomes in secondary school settings.","openalex, scopus, wos, dblp",llm,0.980,unreviewed,
discarded,Evaluation and Treatment of Compulsive Sexual Behavior Disorder and Co-Morbid Addictive Disorders: A Narrative Review,Baenas I.,2026,Current Addiction Reports,10.1007/s40429-026-00717-3,https://www.scopus.com/inward/record.uri?partnerID=HzOxMe3b&scp=105035019107&origin=inward,medicine-domain,"Abstract Purpose of Review This review aimed to synthesize recent literature on the comorbidity between compulsive sexual behavior disorder (CSBD) and addictive disorders, including substance use disorders (SUD) and behavioral addictions (BA). It sought to examine assessment practices, clinical profiles, treatment strategies, and transdiagnostic mechanisms to inform integrated interventions. Recent Findings CSBD frequently co-occurs with SUD, though less research has emerged on the co-existence with BA. Compulsive sexual behavior often occurs as a maladaptive coping strategy for emotional distress and shared transdiagnostic factors—such as emotion regulation difficulties, impulsivity, and specific personality traits—underlie these comorbidities. Clinical assessments are heterogeneous and evidence for integrated treatment in dual diagnosis remains scarce, though interventions targeting emotion regulation and impulsivity emerged as useful strategies. Summary The literature reveals substantial gaps in standardized assessment and integrated treatment for CSBD with comorbid addictive disorders. Findings underscore the need for multidisciplinary, transdiagnostic care frameworks and further research on shared mechanisms. Future studies should evaluate combined psychotherapeutic and pharmacological interventions to improve clinical outcomes and guide public mental health strategies.","openalex, scopus, wos, dblp",llm,0.990,unreviewed,
kept,Developing and validating test items for first-year computer science courses,"Vahrenhold, Jan; Paul, Wolfgang",2014,COMPUTER SCIENCE EDUCATION,10.1080/08993408.2014.970782,https://www.webofscience.com/wos/woscc/full-record/WOS:000211835900005,computing-diagnostic-instrument; CS1-test-items-corroboration,"We report on the development, validation, and implementation of a collection of test items designed to detect misconceptions related to first-year computer science courses. To this end, we reworked the development scheme proposed by Almstrum et al. (SIGCSE Bulletin 38(4): 132-145, 2006) to include students' artifacts and to simultaneously incorporate think-aloud interviews and flash tests. We also investigated to what extent the practical efficiency of detecting certain misconceptions could be increased without significantly affecting the sensitivity of the instrument, and present positive and negative results regarding this goal. The results of a first transfer and implementation study suggest that it is indeed possible to use the test items in a large-scale practical setting - both as diagnostic instruments and as interventions.","openalex, scopus, wos, dblp",human,0.980,human,
kept,"Learning study: helping teachers to use theory, develop professionally, and produce new knowledge to be shared",Ming Fai Pang; Lo Mun Ling,2011,Instructional Science,10.1007/s11251-011-9191-4,https://openalex.org/W2085394039,pre-post-test; learning-study-corroboration,"The lesson study approach is a systematic process for producing professional knowledge about teaching by teachers, and has spread rapidly and extensively in the United States. The learning study approach is essentially a kind of lesson study with an explicit learning theory—the variation theory of learning. In this paper, we argue that having an explicit learning theory adds value to lesson study, as the variation theory of learning serves as a source of guiding principles for the teachers when they engage in pedagogical design, lesson analysis and evaluation. Through the use of two Hong Kong learning study cases, one from each of the two major ways of conducting learning study, we demonstrate the power of variation theory in explaining and predicting the relationship between what has taken place in the classroom and what the learners learn, and subsequently identifying ways to improve student learning through promoting teacher professional learning in a learning study setting.","openalex, scopus, wos",human,0.980,human,
kept,Learning Theory as Teaching Resource: Enhancing Students’ Understanding of Economic Concepts,Ming-fai Pang; Ference Marton,2005,Instructional Science,10.1007/s11251-005-2811-0,https://openalex.org/W2077778489,pre-post-test; learning-study-pre-post-test,"A group of experienced secondary school teachers used a novel learning theory as a resource for planning and carrying out their teaching of a difficult economic concept. Their students’ mastery of this concept after a series of three lessons was compared with the mastery of the same concept by students who were taught by another group of teachers under the same conditions except for the use of the theory. The difference in learning outcomes was extreme. Observations of what was happening in the classrooms showed subtle but decisive differences correlated with the differences in outcome. These differences were interpreted in terms of the theory used by the first group, and the results seem to give support to the theoretical claim that for any specific object of learning there is a necessary pattern of variation and invariance that the learners must experience in order to appropriate the object of learning in question and thus by bringing out that pattern in the learning situation, the likelihood of that object of learning being appropriated is enhanced. Furthermore, this study shows how the understanding of the simultaneous change in the supply of and the demand for a certain good affects its market price can be brought about in a powerful way.","openalex, scopus, wos",human,0.980,human,
kept,What is made possible to learn when using the variation theory of learning in teaching mathematics?,Angelika Kullberg; Ulla Runesson Kempe; Ference Marton,2017,ZDM,10.1007/s11858-017-0858-4,https://openalex.org/W2605824804,pre-post-test; learning-study-pre-post-test,"The variation theory of learning emphasizes variation as a necessary condition for learners to be able to discern new aspects of an object of learning. In a substantial number of studies, the theory has been used to analyze teaching and students’ learning in classrooms. In mathematics education, variation theory has also been used to explore variation in sets of instructional examples. For example, it has been reported how teachers, by using variation and invariance within and between examples, can help learners to engage with mathematical structure. In this paper, we describe the variation theory of learning, its underlying principles, and how it might be appropriated by teachers. We illustrate this by an analysis of one teacher’s teaching before and after he participated in three lesson studies based on variation theory. Both the theory and the empirical illustration focus on ‘what is made possible to learn’ in different learning situations. We show that in the two analyzed lessons, different things were made possible to learn.","openalex, scopus, wos",human,0.960,human,
