status,title,authors,year,venue,doi,url,tags,abstract,provider,decision_source,llm_confidence,llm_review_outcome,llm_change_direction
discarded,The Development and Initial Validation of the Cognitive Fusion Questionnaire,David Gillanders; Helen Bolderston; Frank W. Bond; Maria Dempster; Paul E. Flaxman; Lindsey Campbell; Sian Kerr; Louise Tansey; Penelope Noel; Clive Ferenbach; Samantha Masley; Louise Roach; Joda Lloyd; Lauraine May; Susan Clarke; Bob Remington,2013,Behavior Therapy,10.1016/j.beth.2013.09.001,https://openalex.org/W1993606944,psychology-domain,"Acceptance and Commitment Therapy (ACT) emphasizes the relationship a person has with their thoughts and beliefs as potentially more relevant than belief content in predicting the emotional and behavioral consequences of cognition. In ACT, ""defusion"" interventions aim to ""unhook"" thoughts from actions and to create psychological distance between a person and their thoughts, beliefs, memories, and self-stories. A number of similar concepts have been described in the psychology literature (e.g., decentering, metacognition, mentalization, and mindfulness) suggesting converging evidence that how we relate to mental events may be of critical importance. While there are some good measures of these related processes, none of them provides an adequate operationalization of cognitive fusion. Despite the centrality of cognitive fusion in the ACT model, there is as yet no agreed-upon measure of cognitive fusion. This paper presents the construction and development of a brief, self-report measure of cognitive fusion: The Cognitive Fusion Questionnaire (CFQ). The results of a series of studies involving over 1,800 people across diverse samples show good preliminary evidence of the CFQ's factor structure, reliability, temporal stability, validity, discriminant validity, and sensitivity to treatment effects. The potential uses of the CFQ in research and clinical practice are outlined.","openalex, scopus, wos, dblp",llm,0.990,unreviewed,
discarded,A Cross-Media Presence Questionnaire: The ITC-Sense of Presence Inventory,Jane Lessiter; Jonathan Freeman; Edmund Keogh; Jules Davidoff,2001,PRESENCE Virtual and Augmented Reality,10.1162/105474601300343612,https://openalex.org/W2154502005,non-education,"The presence research community would benefit from a reliable and valid cross-media presence measure that allows results from different laboratories to be compared and a more comprehensive knowledge base to be developed. The ITC-Sense of Presence Inventory (ITC-SOPI) is a new state questionnaire measure whose development has been informed by previous research on the determinants of presence and current self-report measures. It focuses on users' experiences of media, with no reference to objective system parameters. More than 600 people completed the ITC-SOPI following an experience with one of a range of noninteractive and interactive media. Exploratory analysis (principal axis factoring) revealed four factors: Sense of Physical Space, Engagement, Ecological Validity, and Negative Effects. Relations between the factors and the consistency of the factor structure with others reported in the literature are discussed. Preliminary analyses described here demonstrate that the ITC-SOPI is reliable and valid, but more rigorous testing of its psychometric properties and applicability to interactive virtual environments is required. Subject to satisfactory confirmatory analyses, the ITC-SOPI will offer researchers using a range of media systems a tool with which to measure four facets of a media experience that are putatively related to presence.","openalex, scopus, wos, dblp",llm,0.980,unreviewed,
discarded,"Not Another Inventory, Rather a Catalyst for Reflection",Neil D. Fleming; Colleen Mills,1992,To improve the academy,10.1002/j.2334-4822.1992.tb00213.x,https://openalex.org/W1604331748,general-education,Developing a Technique The Catalyst A Pattern for Discussion Help Sheets Using the Technique Discussion Conclusion References Appendix A: How Do I Learn Best Appendix B,"openalex, scopus, wos, dblp",llm,0.960,unreviewed,
discarded,Development and validation of the player experience inventory: A scale to measure player experiences at the level of functional and psychosocial consequences,Vero Vanden Abeele; Katta Spiel; Lennart E. Nacke; Daniel Johnson; Kathrin Gerling,2019,International Journal of Human-Computer Studies,10.1016/j.ijhcs.2019.102370,https://openalex.org/W2980615522,non-education,"Games User Research (GUR) focuses on measuring, analysing and understanding player experiences to optimise game designs. Hence, GUR experts aim to understand how specific game design choices are experienced by players, and how these lead to specific emotional responses. An instrument, providing such actionable insight into player experience, specifically designed by and for GUR was thus far lacking. To address this gap, the Player Experience Inventory (PXI) was developed, drawing on Means-End theory and measuring player experience both at the level of Functional Consequences, (i.e., the immediate experiences as a direct result of game design choices, such as audiovisual appeal or ease-of-control) and at the level of Psychosocial Consequences, (i.e., the second-order emotional experiences, such as immersion or mastery). Initial construct and item development was conducted in two iterations with 64 GUR experts. Next, the scale was validated and evaluated over five studies and populations, totalling 529 participants. Results support the theorized structure of the scale and provide evidence for both discriminant and convergent validity. Results also show that the scale performs well over different sample sizes and studies, supporting configural invariance. Hence, the PXI provides a reliable and theoretically sound tool for researchers to measure player experience and investigate how game design choices are linked to emotional responses.","openalex, scopus, wos, dblp",llm,0.980,unreviewed,
discarded,"Measurement Instruments for the Anthropomorphism, Animacy, Likeability, Perceived Intelligence, and Perceived Safety of Robots",Christoph Bartneck; Dana Kulić; Elizabeth A. Croft; Susana Zoghbi,2008,International Journal of Social Robotics,10.1007/s12369-008-0001-3,https://openalex.org/W2032568497,non-education,"This study emphasizes the need for standardized measurement tools for human robot interaction (HRI). If we are to make progress in this field then we must be able to compare the results from different studies. A literature review has been performed on the measurements of five key concepts in HRI: anthropomorphism, animacy, likeability, perceived intelligence, and perceived safety. The results have been distilled into five consistent questionnaires using semantic differential scales. We report reliability and validity indicators based on several empirical studies that used these questionnaires. It is our hope that these questionnaires can be used by robot developers to monitor their progress. Psychologists are invited to further develop the questionnaires by adding new concepts, and to conduct further validations where it appears necessary.","openalex, scopus, wos, dblp",llm,0.980,unreviewed,
discarded,"Development, Validation, and Application of the Microbiology Concept Inventory",Timothy D. Paustian; Amy G. Briggs; Robert Brennan; Nancy Boury; John Buchner; Shannon Harris; Rachel E. A. Horak; Lee E. Hughes; D. Sue Katz-Amburn; Maria J. Massimelli; Ann H. McDonald; Todd P. Primm; Ann C. Smith; Ann M. Stevens; Sunny B. Yung,2017,Journal of Microbiology and Biology Education,10.1128/jmbe.v18i3.1320,https://openalex.org/W2763518402,pre-post-test; non-computing-concept-inventory,"If we are to teach effectively, tools are needed to measure student learning. A widely used method for quickly measuring student understanding of core concepts in a discipline is the concept inventory (CI). Using the American Society for Microbiology Curriculum Guidelines (ASMCG) for microbiology, faculty from 11 academic institutions created and validated a new microbiology concept inventory (MCI). The MCI was developed in three phases. In phase one, learning outcomes and fundamental statements from the ASMCG were used to create T/F questions coupled with open responses. In phase two, the 743 responses to MCI 1.0 were examined to find the most common misconceptions, which were used to create distractors for multiple-choice questions. MCI 2.0 was then administered to 1,043 students. The responses of these students were used to create MCI 3.0, a 23-question CI that measures students' understanding of all 27 fundamental statements. MCI 3.0 was found to be reliable, with a Cronbach's alpha score of 0.705 and Ferguson's delta of 0.97. Test item analysis demonstrated good validity and discriminatory power as judged by item difficulty, item discrimination, and point-biserial correlation coefficient. Comparison of pre- and posttest scores showed that microbiology students at 10 institutions showed an increase in understanding of concepts after instruction, except for questions probing metabolism (average normalized learning gain was 0.15). The MCI will enable quantitative analysis of student learning gains in understanding microbiology, help to identify misconceptions, and point toward areas where efforts should be made to develop teaching approaches to overcome them.","openalex, scopus, wos, dblp",human,0.900,human,
discarded,"Burnout Assessment Tool (BAT)—Development, Validity, and Reliability",Wilmar B. Schaufeli; Steffie Desart; Hans De Witte,2020,International Journal of Environmental Research and Public Health,10.3390/ijerph17249495,https://openalex.org/W3113208589,non-education,"This paper introduces a new definition for burnout and investigates the psychometric properties of the Burnout Assessment Tool (BAT). In a prior qualitative study, 49 practitioners were interviewed about their conceptualization of burnout (part 1). Using a dialectical approach, four core dimensions-exhaustion, mental distance, and impaired emotional and cognitive impairment-and three secondary dimensions-depressed mood, psychological distress, and psychosomatic complaints-emerged, which constitute the basis of the BAT. In the second study, the psychometric characteristics of the BAT were investigated in a representative sample of 1500 Flemish employees, focusing on factorial validity, reliability, and construct validity, respectively. Results demonstrate the assumed four-factor structure for the core dimensions, which is best represented by one general burnout factor. Contrary to expectations, instead of a three-factor structure, a two-factor structure was found for the secondary dimensions. Furthermore, the BAT and its subscales show adequate reliability. Convergent validity and discriminant validity with other burnout measures-including the MBI and OLBI-was demonstrated, as well as discriminant validity with other well-being constructs, such as work engagement and workaholism.","openalex, scopus, wos, dblp",llm,0.990,unreviewed,
discarded,Quantifying critical thinking: Development and validation of the physics lab inventory of critical thinking,Cole Walsh; Katherine N. Quinn; Carl Wieman; N. G. Holmes,2019,Physical Review Physics Education Research,10.1103/physrevphyseducres.15.010135,https://openalex.org/W2964194810,pre-post-test; non-computing-concept-inventory,"Introductory physics lab instruction is undergoing a transformation, with increasing emphasis on developing experimentation and critical thinking skills. These changes present a need for standardized assessment instruments to determine the degree to which students develop these skills through instructional labs. In this article, we present the development and validation of the physics lab inventory of critical thinking (PLIC). We define critical thinking as the ability to use data and evidence to decide what to trust and what to do. The PLIC is a 10-question, closed-response assessment that probes student critical thinking skills in the context of physics experimentation. Using interviews and data from 5584 students at 29 institutions, we demonstrate, through qualitative and quantitative means, the validity and reliability of the instrument at measuring student critical thinking skills. This establishes a valuable new assessment instrument for instructional labs.","openalex, scopus, wos, dblp",human,0.860,human,
discarded,"Not Another Inventory, Rather a Catalyst for Reflection",Neil D. Fleming,1992,To improve the academy,10.3998/tia.17063888.0011.014,https://openalex.org/W4254456324,general-education,"In this article the authors focus on the use of a modal preferences questionnaire as a catalyst to empower students to reflect on their own sensory preferences and modify their study methods accordingly. The authors discuss the development and use of the questionnaire, strategies for students to use in modifying their learning behavior, responses of students and faculty to the technique, and directions for further investigation of modal preferences.","openalex, scopus, wos, dblp",llm,0.960,unreviewed,
discarded,Development and Validation of the Single Item Narcissism Scale (SINS),Sara Konrath; Brian P. Meier; Brad J. Bushman,2014,PLoS ONE,10.1371/journal.pone.0103469,https://openalex.org/W2133776849,psychology-domain,"MAIN OBJECTIVES: The narcissistic personality is characterized by grandiosity, entitlement, and low empathy. This paper describes the development and validation of the Single Item Narcissism Scale (SINS). Although the use of longer instruments is superior in most circumstances, we recommend the SINS in some circumstances (e.g. under serious time constraints, online studies). METHODS: In 11 independent studies (total N = 2,250), we demonstrate the SINS' psychometric properties. RESULTS: The SINS is significantly correlated with longer narcissism scales, but uncorrelated with self-esteem. It also has high test-retest reliability. We validate the SINS in a variety of samples (e.g., undergraduates, nationally representative adults), intrapersonal correlates (e.g., positive affect, depression), and interpersonal correlates (e.g., aggression, relationship quality, prosocial behavior). The SINS taps into the more fragile and less desirable components of narcissism. SIGNIFICANCE: The SINS can be a useful tool for researchers, especially when it is important to measure narcissism with constraints preventing the use of longer measures.","openalex, scopus, wos, dblp",llm,0.990,unreviewed,
discarded,Validity of the behavior rating inventory of executive function in children with ADHD and/or Tourette syndrome,E. Mark Mahone,2002,Archives of Clinical Neuropsychology,10.1016/s0887-6177(01)00168-8,https://openalex.org/W2111929652,psychology-domain,"The dynamic, multidimensional nature of executive function (EF), thought to be characteristically impaired in those with attention deficit hyperactivity disorder (ADHD), has been challenging to operationalize and assess in a clinical setting [Barkley, R. A. (1997). ADHD and the nature of self-control. New York: Guilford Press.]. Gioia, Isquith, Guy, and Kenworthy [Gioia, G. A., Isquith, P. K., Guy, S. C., & Kenworthy, L. (2000) Behavior Rating Inventory of Executive Function. Odessa, FL: Psychological Assessment Resources.] developed the Behavior Rating Inventory of Executive Function (BRIEF) to address these concerns. In order to provide concurrent validity information on the BRIEF, parents of 76 children (ADHD=18; Tourette syndrome (TS)=21; TS+ADHD=17; controls=20) completed the BRIEF, additional behavior rating scales and interviews, measures of psychoeducational (PE) competence, and performance-based measures of EF. Both ADHD and TS+ADHD groups were rated as more impaired (P<.0001) than the other groups on the five primary BRIEF indices. BRIEF index scores showed no significant correlation with performance-based EF or PE measures, with the exception of math achievement; however, the BRIEF showed a strong relationship with interviews and other parent rating measures of behaviors seen in ADHD. Future attempts to validate the BRIEF should focus on differences within subtypes of ADHD (e.g., inattentive, combined subtypes), and separating ADHD from other clinical groups in which EF is reported to be a problem.","openalex, scopus, wos, dblp",llm,0.990,unreviewed,
discarded,Mixing interview and questionnaire methods: Practical problems in aligning data,Lois Ruth Harris; Gavin Brown,2020,Scholarworks (University of Massachusetts Amherst),10.7275/959j-ky83,https://openalex.org/W1604239391,method-paper-outside-scope,"Structured questionnaires and semi-structured interviews are often used in mixed method studies to generate confirmatory results despite differences in methods of data collection, analysis, and interpretation. A review of 19 questionnaire-interview comparison studies found that consensus and consistency statistics were generally weak between methods. Problems in aligning data from the two different methods are illustrated in a questionnaire-interview study of teacher conceptions of assessment. Poor alignment appeared attributable to: differences in data collection procedures, the complexity and instability of the construct being investigated, difficulties in making data comparable, lack of variability in participant responses, greater sensitivity to context and seemingly emotive responses within the interview, possible misinterpretation of some questionnaire prompts, and greater control of content exposure in the questionnaire. Results indicated that if ‘confirmatory’ results are being sought, researchers must create tightly aligned and structured instruments; present the construct in a simple, concrete, and highly contextualised manner; collect the two types of data with a minimal time gap; and estimate agreement between methods using consistency statistics. However, the cost of confirmation through strong alignment may lead to the loss of rich complementary data obtained through allowing each method to be analysed in its own right.Accessed 152,051 times on https://pareonline.net from January 12, 2010 to December 31, 2019. For downloads from January 1, 2020 forward, please click on the PlumX Metrics link to the right.","openalex, scopus, wos, dblp",llm,0.950,unreviewed,
discarded,Adaptive Environmental Assessment and Management,C. S. Holling,1980,Forest Science,10.1093/forestscience/26.3.435,https://openalex.org/W1530529744,non-computing-domain,,"openalex, scopus, wos, dblp",llm,0.990,unreviewed,
discarded,Psychological characteristics of metacognitive strategy use and vocabulary development paths among vocational university students in a personalized english teaching environment,Zhao X.,2026,BMC Psychology,10.1186/s40359-026-04595-2,https://www.scopus.com/inward/record.uri?partnerID=HzOxMe3b&scp=105041882156&origin=inward,language-education,"This mixed-methods quasi-experimental study examined the psychological correlates of metacognitive strategy use and the vocabulary development paths of vocational college students learning English within a personalized teaching environment. Two intact non-English-major classes at a vocational college in eastern China (N = 120) were randomly assigned at the class level to an experimental condition receiving a 16-week personalized intervention and a control condition receiving conventional whole-class instruction. Quantitative data were gathered through a vocabulary-oriented adaptation of the Metacognitive Awareness Listening Questionnaire, a psychological characteristics inventory assessing self-efficacy, intrinsic motivation, and learning anxiety, and the Vocabulary Levels Test and Vocabulary Knowledge Scale, administered at pretest, midpoint (Week 8), and posttest (Week 16). A qualitative strand comprising semi-structured interviews with 18 stratified-purposive participants supplemented the quantitative measures, and independent observer-rated treatment fidelity was documented across 25% of sessions. Correlation analyses indicated dimension-specific associations: self-efficacy co-varied most strongly with monitoring, whereas learning anxiety was inversely associated primarily with planning. The experimental group showed significantly higher posttest scores on all three metacognitive dimensions and on both vocabulary breadth and depth, with medium-to-large effect sizes. Stepwise regressions revealed divergent predictor profiles: breadth was associated with self-efficacy and monitoring, while depth was associated with intrinsic motivation and evaluation. Qualitative accounts converged with these patterns, pointing to self-efficacy repair, reduced evaluative threat, and volitional shift as experiential correlates of the observed changes. Given the correlational and group-based nature of the analyses, the findings are interpreted associatively rather than causally; they nonetheless offer theoretical refinement to models of L2 vocabulary acquisition and practical guidance for vocational English program design.","openalex, scopus, wos, dblp",llm,0.980,unreviewed,
