status,title,authors,year,venue,doi,url,tags,abstract,provider,decision_source,llm_confidence,llm_review_outcome,llm_change_direction
discarded,The Space Physics Environment Data Analysis System (SPEDAS),V. Angelopoulos; P. Cruce; Alexander Drozdov; E. W. Grimes; Nick Hatzigeorgiu; David A. King; D. E. Larson; James W. Lewis; J. M. McTiernan; D. A. Roberts; Chuck Russell; Tomoaki Hori; Yoshiya Kasahara; Atsushi Kumamoto; Ayako Matsuoka; Yukinaga Miyashita; Yoshizumi Miyoshi; Iku Shinohara; M. Teramoto; J. B. Faden; Alexa Halford; M. McCarthy; R. M. Millan; J. G. Sample; David M. Smith; L. A. Woodger; A. Masson; Ayris Narock; Kazushi Asamura; T. F. Chang; C. Chiang; Y. Kazama; K. Keika; Shoya Matsuda; Takehiko Segawa; K. Seki; Masafumi Shoji; Sunny W. Y. Tam; Norio Umemura; B.‐J. Wang; Shiang‐Yu Wang; R. J. Redmon; J. V. Rodriguez; H. J. Singer; J. D. Vandegriff; Shuji Abe; M. Nosé; Atsuki Shinbori; Yoshimasa Tanaka; S. Ueno; L. Andersson; P. Dunn; C. M. Fowler; J. S. Halekas; Takuya Hara; Yuki Harada; Christina O. Lee; R. J. Lillis; D. L. Mitchell; M. R. Argall; K. R. Bromund; J. L. Burch; I. J. Cohen; Michael Galloy; B. L. Giles; A. N. Jaynes; O. Le Contel; M. Oka; T. D. Phan; Brian M. Walsh; J. H. Westlake; F. D. Wilder; S. D. Bale; R. Livi; M. Pulupa; P. L. Whittlesey; A. W. DeWolfe; B. Harter; Edson Mello Lucas; U. Auster; J. W. Bonnell; C. M. Cully; E. Donovan; R. E. Ergun; H. U. Frey; B. J. Jackel; A. Keiling; H. Korth; J. P. McFadden; Y. Nishimura; Ferdinand Plaschke; P. Robert; D. L. Turner; J. M. Weygand; R. M. Candey; R. C. Johnson; T. J. Kovalick; M. H. Liu; R. E. McGuire; A. W. Breneman,2019,Space Science Reviews,10.1007/s11214-018-0576-4,https://openalex.org/W2914748536,science-domain,"With the advent of the Heliophysics/Geospace System Observatory (H/GSO), a complement of multi-spacecraft missions and ground-based observatories to study the space environment, data retrieval, analysis, and visualization of space physics data can be daunting. The Space Physics Environment Data Analysis System (SPEDAS), a grass-roots software development platform (www.spedas.org), is now officially supported by NASA Heliophysics as part of its data environment infrastructure. It serves more than a dozen space missions and ground observatories and can integrate the full complement of past and upcoming space physics missions with minimal resources, following clear, simple, and well-proven guidelines. Free, modular and configurable to the needs of individual missions, it works in both command-line (ideal for experienced users) and Graphical User Interface (GUI) mode (reducing the learning curve for first-time users). Both options have ""crib-sheets,"" user-command sequences in ASCII format that can facilitate record-and-repeat actions, especially for complex operations and plotting. Crib-sheets enhance scientific interactions, as users can move rapidly and accurately from exchanges of technical information on data processing to efficient discussions regarding data interpretation and science. SPEDAS can readily query and ingest all International Solar Terrestrial Physics (ISTP)-compatible products from the Space Physics Data Facility (SPDF), enabling access to a vast collection of historic and current mission data. The planned incorporation of Heliophysics Application Programmer's Interface (HAPI) standards will facilitate data ingestion from distributed datasets that adhere to these standards. Although SPEDAS is currently Interactive Data Language (IDL)-based (and interfaces to Java-based tools such as Autoplot), efforts are under-way to expand it further to work with python (first as an interface tool and potentially even receiving an under-the-hood replacement). We review the SPEDAS development history, goals, and current implementation. We explain its ""modes of use"" with examples geared for users and outline its technical implementation and requirements with software developers in mind. We also describe SPEDAS personnel and software management, interfaces with other organizations, resources and support structure available to the community, and future development plans. ELECTRONIC SUPPLEMENTARY MATERIAL: The online version of this article (10.1007/s11214-018-0576-4) contains supplementary material, which is available to authorized users.","openalex, scopus, wos, dblp",llm,0.980,unreviewed,
discarded,Guide to integrating forensic techniques into incident response,Karen Kent; Sébastien Chevalier; T Grance; H Dang,2006,,10.6028/nist.sp.800-86,https://openalex.org/W2628759714,non-target-topic,"The Information Technology Laboratory (ITL) at the National Institute of Standards and Technology (NIST) promotes the U.S. economy and public welfare by providing technical leadership for the nation's measurement and standards infrastructure. ITL develops tests, test methods, reference data, proof of concept implementations, and technical analysis to advance the development and productive use of information technology. ITL's responsibilities include the development of technical, physical, administrative, and management standards and guidelines for the cost-effective security and privacy of sensitive unclassified information in Federal computer systems. This Special Publication 800-series reports on ITL's research, guidance, and outreach efforts in computer security and its collaborative activities with industry, government, and academic organizations.","openalex, scopus, wos, dblp",llm,0.990,unreviewed,
discarded,Sparks of Artificial General Intelligence: Early experiments with GPT-4,Sébastien Bubeck; Varun Chandrasekaran; Ronen Eldan; Johannes Gehrke; Eric Horvitz; Ece Kamar; Peter Lee; Yin Tat Lee; Yuanzhi Li; Scott Lundberg; Harsha Nori; Hamid Palangi; Marco Túlio Ribeiro; Yi Zhang,2023,arXiv (Cornell University),10.48550/arxiv.2303.12712,https://openalex.org/W4360836968,ai-chatbots-not-shell,"Artificial intelligence (AI) researchers have been developing and refining large language models (LLMs) that exhibit remarkable capabilities across a variety of domains and tasks, challenging our understanding of learning and cognition. The latest model developed by OpenAI, GPT-4, was trained using an unprecedented scale of compute and data. In this paper, we report on our investigation of an early version of GPT-4, when it was still in active development by OpenAI. We contend that (this early version of) GPT-4 is part of a new cohort of LLMs (along with ChatGPT and Google's PaLM for example) that exhibit more general intelligence than previous AI models. We discuss the rising capabilities and implications of these models. We demonstrate that, beyond its mastery of language, GPT-4 can solve novel and difficult tasks that span mathematics, coding, vision, medicine, law, psychology and more, without needing any special prompting. Moreover, in all of these tasks, GPT-4's performance is strikingly close to human-level performance, and often vastly surpasses prior models such as ChatGPT. Given the breadth and depth of GPT-4's capabilities, we believe that it could reasonably be viewed as an early (yet still incomplete) version of an artificial general intelligence (AGI) system. In our exploration of GPT-4, we put special emphasis on discovering its limitations, and we discuss the challenges ahead for advancing towards deeper and more comprehensive versions of AGI, including the possible need for pursuing a new paradigm that moves beyond next-word prediction. We conclude with reflections on societal influences of the recent technological leap and future research directions.","openalex, scopus, wos, dblp",llm,1.000,unreviewed,
discarded,"InChI, the IUPAC International Chemical Identifier",Stephen R. Heller; Alan D. Mcnaught; И. В. Плетнев; Stephen E. Stein; Dmitrii V. Tchekhovskoi,2015,Journal of Cheminformatics,10.1186/s13321-015-0068-4,https://openalex.org/W1508604947,chemistry-domain,"This paper documents the design, layout and algorithms of the IUPAC International Chemical Identifier, InChI.","openalex, scopus, wos, dblp",llm,1.000,unreviewed,
discarded,iTaxoTools 0.1: Kickstarting a specimen-based software toolkit for taxonomists,Miguel Vences; Aurélien Miralles; Sophie Brouillet; Jacques Ducasse; Alexander Fedosov; Vladimir Kharchev; Ivaylo Kostadinov; Sangeeta Kumari; Stefanos Patmanidis; Mark D. Scherz; Nicolas Puillandre; Susanne S. Renner,2021,Megataxa,10.11646/megataxa.6.2.1,https://openalex.org/W3184219711,science-domain,"While powerful and user-friendly software suites exist for phylogenetics, and an impressive cybertaxomic infrastructure of online species databases has been set up in the past two decades, software targeted explicitly at facilitating alpha-taxonomic work, i.e., delimiting and diagnosing species, is still in its infancy. Here we present a project to develop a bioinformatic toolkit for taxonomy, based on open-source Python code, including tools focusing on species delimitation and diagnosis and centered around specimen identifiers. At the core of iTaxoTools is user-friendliness, with numerous autocorrect options for data files and with intuitive graphical user interfaces. Assembled standalone executables for all tools or a suite of tools with a launcher window will be distributed for Windows, Linux, and Mac OS systems, and in the future also implemented on a web server. The initial version (iTaxoTools 0.1) distributed with this paper (https://github.com/iTaxoTools/iTaxoTools-Executables) contains graphical user interface (GUI) versions of six species delimitation programs (ABGD, ASAP, DELINEATE, GMYC, PTP, tr2) and a simple threshold-clustering delimitation tool. There are also new Python implementations of existing algorithms, including tools to compute pairwise DNA distances, ultrametric time trees based on non-parametric rate smoothing, species-diagnostic nucleotide positions, and standard morphometric analyses. Other utilities convert among different formats of molecular sequences, geographical coordinates, and units; merge, split and prune sequence files, tables and species partition files; and perform simple statistical tests. As a future perspective, we envisage iTaxoTools to become part of a bioinformatic pipeline for next-generation taxonomy that accelerates the inventory of life while maintaining high-quality species hypotheses. The open source code and binaries of all tools are available from Github (https://github.com/iTaxoTools) and further information from the website (http://itaxotools.org).","openalex, scopus, wos, dblp",llm,1.000,unreviewed,
discarded,OpenDrift v1.0: a generic framework for trajectory modelling,Knut‐Frode Dagestad; Johannes Röhrs; Øyvind Breivik; Bjørn Ådlandsvik,2018,Geoscientific model development,10.5194/gmd-11-1405-2018,https://openalex.org/W2751385606,science-domain,"Abstract. OpenDrift is an open-source Python-based framework for Lagrangian particle modelling under development at the Norwegian Meteorological Institute with contributions from the wider scientific community. The framework is highly generic and modular, and is designed to be used for any type of drift calculations in the ocean or atmosphere. A specific module within the OpenDrift framework corresponds to a Lagrangian particle model in the traditional sense. A number of modules have already been developed, including an oil drift module, a stochastic search-and-rescue module, a pelagic egg module, and a basic module for atmospheric drift. The framework allows for the ingestion of an unspecified number of forcing fields (scalar and vectorial) from various sources, including Eulerian ocean, atmosphere and wave models, but also measurements or a priori values for the same variables. A basic backtracking mechanism is inherent, using sign reversal of the total displacement vector and negative time stepping. OpenDrift is fast and simple to set up and use on Linux, Mac and Windows environments, and can be used with minimal or no Python experience. It is designed for flexibility, and researchers may easily adapt or write modules for their specific purpose. OpenDrift is also designed for performance, and simulations with millions of particles may be performed on a laptop. Further, OpenDrift is designed for robustness and is in daily operational use for emergency preparedness modelling (oil drift, search and rescue, and drifting ships) at the Norwegian Meteorological Institute.","openalex, scopus, wos, dblp",llm,1.000,unreviewed,
discarded,Guide to Industrial Control Systems (ICS) Security,Keith Stouffer; Victoria Pillitteri; Suzanne Lightman; Marshall D. Abrams; Adam Hahn,2015,,10.6028/nist.sp.800-82r2,https://openalex.org/W2619874920,non-target-topic,"3541 et seq., Public Law (P.L.) 113-283. NIST is responsible for developing information security standards and guidelines, including minimum requirements for federal information systems, but such standards and guidelines shall not apply to national security systems without the express","openalex, scopus, wos, dblp",llm,1.000,unreviewed,
discarded,lidR: An R package for analysis of Airborne Laser Scanning (ALS) data,Jean-Romain Roussel; David Auty; Nicholas C. Coops; Piotr Tompalski; Tristan R.H. Goodbody; Andrew J. Sánchez Meador; Jean-François Bourdon; Florian de Boissieu; Alexis Achim,2020,Remote Sensing of Environment,10.1016/j.rse.2020.112061,https://openalex.org/W3088507381,science-domain,"Airborne laser scanning (ALS) is a remote sensing technology known for its applicability in natural resources management. By quantifying the three-dimensional structure of vegetation and underlying terrain using laser technology, ALS has been used extensively for enhancing geospatial knowledge in the fields of forestry and ecology. Structural descriptions of vegetation provide a means of estimating a range of ecologically pertinent attributes, such as height, volume, and above-ground biomass. The efficient processing of large, often technically complex datasets requires dedicated algorithms and software. The continued promise of ALS as a tool for improving ecological understanding is often dependent on user-created tools, methods, and approaches. Due to the proliferation of ALS among academic, governmental, and private-sector communities, paired with requirements to address a growing demand for open and accessible data, the ALS community is recognising the importance of free and open-source software (FOSS) and the importance of user-defined workflows. Herein, we describe the philosophy behind the development of the lidR package. Implemented in the R environment with a C/C++ backend, lidR is free, open-source and cross-platform software created to enable simple and creative processing workflows for forestry and ecology communities using ALS data. We review current algorithms used by the research community, and in doing so raise awareness of current successes and challenges associated with parameterisation and common implementation approaches. Through a detailed description of the package, we address the key considerations and the design philosophy that enables users to implement user-defined tools. We also discuss algorithm choices that make the package representative of the ‘state-of-the-art’ and we highlight some internal limitations through examples of processing time discrepancies. We conclude that the development of applications like lidR are of fundamental importance for developing transparent, flexible and open ALS tools to ensure not only reproducible workflows, but also to offer researchers the creative space required for the progress and development of the discipline.","openalex, scopus, wos, dblp",llm,1.000,unreviewed,
discarded,A landslide inventory system as a base for automated process and risk analyses,Thomas Kreuzer; Martina Wilde; Birgit Terhorst; Bodo Damm,2017,Earth Science Informatics,10.1007/s12145-017-0307-5,https://openalex.org/W2736232758,science-domain,"Landslide research requires consistent and widespread data. Many countries within the European Union have national landslide inventories to fulfill these demands for their respective research. However, those inventories were usually not intended to provide the technical basis for automated process and risk analyses during their design phase. The ongoing development of Germany’s national landslide database offers the opportunity to do this differently. This paper introduces a landslide inventory system called WISL suitable for data handling as well as for novel automated process and risk analyses on a national scale. WISL is designated to form the technical infrastructure for a German national database. Its core consists of an open source relational database management system (PostgreSQL), standardized input and registration methods as well as integrated analyses modules, which avoid large data movement and allow for rapid risk analyses. We present proof-of-concept results of endangered infrastructure related to automated risk mappings based on topography and proximity of active landslides. The use of open source software and the application of a standardized input and data acquisition system for experts, coupled with custom analysis modules, constitutes a step toward automated risk maps by a mere ‘button-press’. Future developments for the inventory lie in the field of refining and inventing analysis modules and collecting data, for which WISL provides a firm technical base.","openalex, scopus, wos, dblp",llm,1.000,unreviewed,
discarded,Smart Sensors Applications for a New Paradigm of a Production Line,Marina Indri; Luca Lachello; Ivan Lazzero; Fiorella Sibona; Stefano Trapani,2019,Sensors,10.3390/s19030650,https://openalex.org/W2912159108,engineering-report,"Industrial plants are going to face a deep renewing process within the Industry 4.0 scenario. New paradigms of production lines are foreseen in the very near future, characterized by a strict collaboration between humans and robots and by a high degree of flexibility. Such envisaged improvements will require the smart use of proper sensors at very different levels. This paper investigates three different aspects of this industrial renewing process, based on three different ways of exploiting sensors, toward a new paradigm of a production line. The provided contributions, offering various types of innovation and integration, are relative to: (i) a virtual sensor approach for manual guidance, increasing the potentialities of a standard industrial manipulator, (ii) a smart manufacturing solution to assist the operator's activity in manual assembly stations, through an original exploitation of multiple sensors, and (iii) the development of an advanced robotic architecture for a flexible production line, in which a team of autonomous mobile robots acts as a meta-sensor net supporting traditional automated guided vehicles. Accurate analyses of existing state-of-the-art solutions compared with the proposed ones are offered for the considered issues.","openalex, scopus, wos, dblp",llm,0.990,unreviewed,
discarded,FLUKA: A multi-particle transport code (program version 2005),"Fassò, A; Ferrari, A; Johannes Ranft; P. Sala",2005,International Linear Collider,10.5170/cern-2005-010,https://openalex.org/W2139421188,non-education,"This report describes the 2005 version of the Fluka particle transport code. The first part introduces the basic notions, describes the modular structure of the system, and contains an installation and beginner’s guide. The second part complements this initial information with details about the various components of Fluka and how to use them. It concludes with a detailed history and bibliography.","openalex, scopus, wos, dblp",llm,1.000,unreviewed,
discarded,"Understanding O-RAN: Architecture, Interfaces, Algorithms, Security, and Research Challenges",Michele Polese; Leonardo Bonati; Salvatore D’Oro; Stefano Basagni; Tommaso Melodia,2023,IEEE Communications Surveys & Tutorials,10.1109/comst.2023.3239220,https://openalex.org/W4317796310,non-education,"The Open Radio Access Network (RAN) and its embodiment through the O-RAN Alliance specifications are poised to revolutionize the telecom ecosystem. O-RAN promotes virtualized RANs where disaggregated components are connected via open interfaces and optimized by intelligent controllers. The result is a new paradigm for the RAN design, deployment, and operations: O-RAN networks can be built with multivendor, interoperable components, and can be programmatically optimized through a centralized abstraction layer and datadriven closed-loop control. Therefore, understanding O-RAN, its architecture, its interfaces, and workflows is key for researchers and practitioners in the wireless community. In this article, we present the first detailed tutorial on O-RAN. We also discuss the main research challenges and review early research results. We provide a deep dive of the O-RAN specifications, describing its architecture, design principles, and the O-RAN interfaces. We then describe how the O-RAN RAN Intelligent Controllers (RICs) can be used to effectively control and manage 3GPP-defined RANs. Based on this, we discuss innovations and challenges of O-RAN networks, including the Artificial Intelligence (AI) and Machine Learning (ML) workflows that the architecture and interfaces enable, security, and standardization issues. Finally, we review experimental research platforms that can be used to design and test O-RAN networks, along with recent research results, and we outline future directions for O-RAN development.","openalex, scopus, wos, dblp",llm,1.000,unreviewed,
