status,title,authors,year,venue,doi,url,tags,abstract,provider,decision_source,llm_confidence,llm_review_outcome,llm_change_direction
discarded,Mapping Students’ Cognitive Profiles on Newtonian Mechanics: A Rasch-Based Analysis via Four-Tier Digital Diagnostic Assessment,Viyanti V.,2026,Online Learning in Educational Research,10.58524/oler.v6i1.1218,https://www.scopus.com/inward/record.uri?partnerID=HzOxMe3b&scp=105047080099&origin=inward,pre-post-test; out-of-scope-single-topic-science-diagnostic-test-corroborates-instrument-typology-only,"This study aims to develop a four-tier digital diagnostic instrument based on Google Forms and utilize it to map the cognitive ability profiles of high school students on Newton's Second Law across six levels of the Revised Bloom's Taxonomy. This study adopted a Research and Development design using the Research Design and Development model, and the resulting instrument was administered to 92 10th-grade students at a public high school in Bandar Lampung. Content validity was assessed by three experts with an average validity of 95.23%, while psychometric quality was analyzed using the Rasch Partial Credit Model through Ministep 5.10.0.0 based on 75 response records, resulting in a person reliability of 0.86 and a person separation of 2.47, sufficient to differentiate between student ability strata. Since each cognitive level is represented by only a few items, the overall psychometric quality of the instrument was evaluated using Rasch analysis, while the overall and Bloom-level cognitive profiles were mapped descriptively using achievement percentages. Profile mapping revealed high overall performance. Student achievement remained stable at the remembering, understanding, and applying levels, but declined at the analyzing and evaluating levels. C5 emerged as the lowest point, with significant student accumulation in the Sufficient category, particularly in reasoning about the role of friction and resultant force under balanced force conditions. This tiered profile allows teachers to design remediation that targets cognitive levels where students' understanding is weak, rather than simply re-teaching the material in its entirety.","openalex, scopus, wos",human,0.840,human,
discarded,Assessing conceptual understanding in high school chemistry: particulate nature of gas concept test (PNGCT) with Rasch modeling,Talens C.U.,2026,Chemistry Teacher International,10.1515/cti-2024-0062,https://www.scopus.com/inward/record.uri?partnerID=HzOxMe3b&scp=105024581004&origin=inward,pre-post-test; out-of-scope-single-topic-science-diagnostic-test-corroborates-instrument-typology-only,"Abstract This study evaluates the combined analysis of a two-tier test and Rasch analysis on learning assessment. A quantitative exploratory design was conducted on the validated 10-item Particulate Nature of Gas Concept Test (PNGCT) to assess learning among Grade 11 learners (n = 235) and Rasch model analysis. Rasch’s analysis revealed that all items fit well within the model, and learners’ performance, expressed as a mean percentage, followed approximately a normal distribution based on cognitive levels: understand (26 %), apply (52 %), and analyze (22 %). Conception analysis showed a complete understanding of some easy items at the understand and apply levels. However, items at the analyze level were difficult and alternative conceptions were detected. Conceptual Understanding Test (CUT) Evaluation model emerged from synthesizing the analysis of the PNGCT. The combined Rasch analysis and two-tier test provided a deeper insight into student conception and performance. This assessment strategy has a potential utility in other programs and fields of study beyond chemistry.","openalex, scopus, wos",human,0.870,human,
discarded,Adding one more dimension into the instructional analogy: what does the participatory analogy contribute?,Arici F.,2026,Thinking Skills and Creativity,10.1016/j.tsc.2025.102046,https://www.scopus.com/inward/record.uri?partnerID=HzOxMe3b&scp=105020987572&origin=inward,science-domain,"Although analogy-based instruction has been investigated from various viewpoints, the participatory-visual instructional analogy (PIA) is a novel design that requires students to participate actively in the learning process. Theoretically, PIA not only reinforces the experiential dimension of learning and aligns with constructivist principles but also enables learners to concretize abstract concepts through hands-on activities, supported by puzzle-type materials. The PIA may create an opportunity for students to overcome learning difficulties related to science subjects in elementary schools. The aim of this study is to investigate the effects of PIA on elementary school students' conceptual understanding in science course and their in-class behavior patterns. This study applied a mixed-method research design with a quasiexperimental approach. In the group called conventional instruction (CI) in which the direct instruction technique was implemented (n = 21; Xage= 9.4), and in the other group, PIA was implemented in a classroom environment (n = 20; Xage= 9.3). Results showed that the PIA environment supports learners' active participation by providing opportunities for haptic learning, enabling students' affective characteristics, supporting their science achievement, and facilitating classroom management at the ultimate level. Learners' curiosity and focusing levels increased step by step within the process. Therefore, students gained insight by creating causal relations in their cognitive system.","openalex, scopus, wos",llm,0.900,unreviewed,
discarded,Investigating learners' misconceptions on division of whole numbers to identify a goal of research lesson-a case of lesson study,"Sugawara, Mami; Sekao, David; Sibiya, Mandlenkosi Richard",2026,INTERNATIONAL ELECTRONIC JOURNAL OF MATHEMATICS EDUCATION,10.29333/iejme/17700,https://www.webofscience.com/wos/woscc/full-record/WOS:001676699700003,pre-post-test; out-of-scope-single-topic-science-diagnostic-test-corroborates-instrument-typology-only,"Identifying and addressing learners' misconceptions is critical for effective mathematical instruction, as unresolved conceptual gaps hinder long-term mathematical development. Diagnostic assessment provides a valuable means of uncovering these misconceptions and informing targeted teaching strategies. Despite this, classroom practices often prioritise procedural fluency over deep conceptual understanding, allowing learners to progress without fully addressing underlying difficulties. This study investigated Grade 6 learners' misconceptions about the division of whole numbers using a two-tier multiple-choice diagnositc test and unstructured interviews. Guided by Revised Bloom's Taxonomy and Newman's Error Analysis Theory within an interpretivist qualitative case study design, the study employed thematic analysis to categorise learners' errors. The findings revealed three dominant types of errors: transformation errors, comprehension errors, and processing skill errors. These results underscore the importance of strengthening learners' grasp of foundational concepts such as place value and mathematical language. The study recommends that teachers explicitly integrate diagnostic assessments into classroom practice and design instructional interventions that directly target specific error types, thereby supporting both conceptual understanding and procedural fluency in division.","openalex, scopus, wos",human,0.840,human,
discarded,Identifying and comparing misconceptions about atoms and molecules among students and student teachers,Azadboni F.K.,2026,Physics Education,10.1088/1361-6552/ae28aa,https://www.scopus.com/inward/record.uri?partnerID=HzOxMe3b&scp=105033722231&origin=inward,physics-domain,"Mastering fundamental concepts of atoms and molecules is pivotal for deep learning in physics and chemistry, forming the foundation for topics such as states of matter, chemical reactions, interatomic bonds, gas properties, and quantum mechanics principles in secondary and higher education. Misconceptions about the properties of atoms and molecules can hinder conceptual understanding. This study aimed to investigate misconceptions among students and student teachers regarding the characteristics of atoms and molecules. This explanatory mixed-methods study involved a purposive sample of 27 ninth-grade male students from Shahid Abrar School in Qayn, Iran, and 15 master’s-level student teachers from Farhangian University in Iran during the 2024–2025 academic year. Data were collected using a researcher-developed 57-item questionnaire, validated by experts and with a Cronbach’s alpha of 0.85. Results revealed misconceptions in both groups, but their type and intensity differed. A total of 47 misconceptions were identified across 10 conceptual categories. Students exhibited higher misconception rates (85.6%) than student teachers (14.4%), particularly in molecular energy and structure. Chi-square tests showed significant differences in two categories (p < 0.05). The main misconception categories included molecular structure, composition, size, shape, weight, bonding, energy, atomic structure/shape, size, and animism. This study highlights educational barriers to understanding atomic and molecular concepts, emphasizing the need for curriculum reform and enhanced teacher training. Addressing misconceptions can enhance conceptual science learning.","openalex, scopus, wos",llm,0.880,unreviewed,
discarded,TECHNOLOGY-SUPPORTED 3D MODELING AND PRINTING IN CHEMISTRY TEACHER EDUCATION,"Sargin, Emeti; Uyulgan, Melis Arzu",2026,INFORMATION TECHNOLOGIES AND LEARNING TOOLS,10.33407/itlt.v113i3.6546,https://www.webofscience.com/wos/woscc/full-record/WOS:001813992300008,pre-post-test; out-of-scope-single-topic-science-diagnostic-test-corroborates-instrument-typology-only,"This study addresses persistent difficulties in understanding abstract chemical concepts such as hybridization, hybrid orbitals, and molecular geometry in chemistry teacher education. Due to their invisible and highly abstract nature, these topics are often associated with misconceptions and limited spatial reasoning among pre-service teachers. The study examines how technology-supported three-dimensional (3D) modeling and printing practices are incorporated into learning processes and how these practices relate to conceptual understanding. A mixed-methods research design was adopted to examine both conceptual outcomes and participants' perspectives. Quantitative data were collected through a two-tier Molecular Geometry Diagnostic Test administered before and after a semester-long instructional implementation. Qualitative data were obtained through focus group interviews. The findings indicate notable improvements in participants' understanding of hybridization, molecular structures consistent with the octet rule, and valence shell electron pair repulsion-based molecular geometries, alongside a reduction in common misconceptions. Qualitative findings revealed that interaction with both digital and physically printed 3D models supported the concretization of abstract concepts, enhanced spatial reasoning, and promoted meaningful learning through a combination of visual and tactile engagement. Participants emphasized that hands-on modeling activities helped them establish stronger connections between symbolic representations and molecular-level structures. Despite these pedagogical benefits, limitations related to technical infrastructure and insufficient prior training were identified as challenges to sustainable implementation. Overall, the results highlight the practical value of integrating 3D visualization and modeling practices into chemistry teacher education programs, underscoring the need for systematic professional development opportunities to support pre-service teachers' technological and pedagogical competencies.","openalex, scopus, wos",human,0.820,human,
discarded,A New Perspective on the Evaluation of Pupils' Inquiry Skills Using Four-tier Test,"Smida, Dominik; Drozdikova, Anna; Nechajova, Rachel",2026,SCIENCE & EDUCATION,10.1007/s11191-026-00747-3,https://www.webofscience.com/wos/woscc/full-record/WOS:001771147000001,pre-post-test; out-of-scope-single-topic-science-diagnostic-test-corroborates-instrument-typology-only,"In biology education, it is essential to systematically develop pupils' inquiry skills, with a particular focus not only on their procedural component but also on understanding their scientific nature. However, conventional tests do not provide a comprehensive view of the pupils' acquired inquiry skills. For this reason, it is necessary to explore new approaches to assess them and provide deeper insights into pupils' thinking when solving various items through scientific methods. One perspective instrument can be a four-tier test, which has become increasingly popular among researchers. Nevertheless, it has more often been applied to assess conceptual understanding of knowledge rather than inquiry skills. However, the results of our research indicate that the four-tier test represents a valid and reliable instrument that provides more objective results in contrast to the one-tier and two-tier multiple-choice tests, which significantly overestimate the pupils' mean score, and in the case of the two-tier test, also overestimate the mean frequency of pupils' misconceptions associated with the application of inquiry skills. In addition, using the four-tier test, we identified frequent misconceptions among pupils associated with skills such as designing experiments, identifying variables, and formulating research questions. These findings can contribute to preventing or eliminating these misconceptions in biology education. Overall, the results show that the four-tier test can provide more detailed information about pupils' difficulties and problems, which can help us find more effective strategies for their development in biology education.","openalex, scopus, wos",human,0.830,human,
discarded,Development of a four-tier number sense test for sixth-grade students: cross-regional validity evidence in Hong Kong and Taiwan,"Yang, Der-Ching; Cheung, Ka Luen; Lin, Su-Wei",2026,EDUCATIONAL STUDIES,10.1080/03055698.2026.2660681,https://www.webofscience.com/wos/woscc/full-record/WOS:001747957100001,pre-post-test; out-of-scope-single-topic-science-diagnostic-test-corroborates-instrument-typology-only,"This study developed and validated a four-tier number sense test (4TNST) for sixth-grade students in Hong Kong and Taiwan. The 4TNST operationalises a five-component, second-order conceptualisation of number sense and extends earlier two-tier and three-tier instruments by differentiating confidence in answers from confidence in reasons. It was administered online to 1,735 Hong Kong and 997 Taiwanese sixth graders. Item analyses indicated adequate distributional properties. Reliability was acceptable for the five components and high for the overall scale. Confirmatory factor analyses supported a second-order five-component model, and supplementary exploratory analyses corroborated this structure. Multi-group analyses indicated approximate measurement invariance across regions and strong invariance across gender. Number sense performance was low, whereas confidence ratings were high, indicating overconfidence. As one of the first large-scale, online four-tier number sense tests in mathematics education, the 4TNST integrates performance and confidence into a single diagnostic score providing actionable information for instruction and curriculum design.","openalex, scopus, wos",human,0.840,human,
discarded,Development of a Two-Tier Cognitive Diagnostic Test to Identify Misconceptions of Basic Operations of Algebraic Expression,"Seng, Khong Wei; Lian, Lim Hooi",2026,MALAYSIAN JOURNAL OF LEARNING & INSTRUCTION,10.32890/mjli2026.23.1.9,https://www.webofscience.com/wos/woscc/full-record/WOS:001715266700003,pre-post-test; out-of-scope-single-topic-science-diagnostic-test-corroborates-instrument-typology-only,"Purpose-This study aims to develop a two-tier Cognitive Diagnostic Test Instrument for Basic Algebraic Expressions Operations (UDKOMUA). The purpose is to identify misconceptions related to the basic operations (+, -,& times;, & +/-) of algebraic expressions among Form One students. Methodology-This quantitative study employed a survey method. The study involved 107 Form One students from a secondary school in Penang state. The Cognitive Diagnostic Assessment (CDA) model was applied in the development process of the UDKOMUA instrument, along with Item Response Theory (IRT). The UDKOMUA instrument consists of 24 two-tier multiple-choice items, and has demonstrated high content validity. Student data were collected using the UDKOMUA test, which included background information and multiple-choice items on algebraic expressions based on the four basic operations (+, -, & times;, & +/-). Data were analysed using the Rasch model to determine the validity and reliability of the UDKOMUA instrument. Finding-Analysis using the Rasch model of Winsteps showed that 23 items (95.8%) and 21 items (87.5%) had fulfilled the requirements in MNSQ infit and outfit. The standardized residual variance (PCA) was 60.8% and the item polarity value (PTMEA CORR) was between .41 to .73, which successfully differentiated the ability of respondents. The result of t-test in DIF (Differential Item Functioning) was between-1.75 to +1.47, which means showing no bias, and the rate scale used was quite good with the lowest observed count of 13 observations. The reliability index of respondents, items, and Cronbach Alpha (KR-20) was .88, .92, and .95 respectively. This has confirmed that the UDKOMUA and the result of study are reliable and valid. Significance-The UDKOMUA instrument built in this study can be used and utilized among Form One mathematics teachers.","openalex, scopus, wos",human,0.850,human,
discarded,Development and validation of a two-tier test instrument on simple electric circuits,"Gross, Benjamin; Ivanjek, Lana; Flegr, Salome; Glaesser, Judith; Kelava, Augustin; Burde, Jan-Philipp",2026,PHYSICAL REVIEW PHYSICS EDUCATION RESEARCH,10.1103/mf6b-5xcs,https://www.webofscience.com/wos/woscc/full-record/WOS:001688145400001,pre-post-test; out-of-scope-single-topic-science-diagnostic-test-corroborates-instrument-typology-only,"In this article, we report the development and validation of a new two-tier concept inventory, the Basic Electricity Assessment of Students' Thinking (BEAST), designed to assess common conceptual difficulties (""student ideas,"" such as current consumption and sequential reasoning) and the understanding of fundamental electric circuit concepts (e.g., current, voltage, and resistance) among undergraduate students. The final version of the BEAST covers six student ideas, each linked to a distinct physical concept. Each student idea is assessed using three two-tier single-choice items. To refine the items and evaluate their content validity, including the correctness of answers and the intended categorization of student ideas based on response patterns, feedback and ratings from five experts were incorporated. The test was administered to a sample of N 1/4 176 students enrolled in introductory physics courses across six different German universities. Quantitative evaluation using classical test theory and structural analyses demonstrated strong evidence supporting the test's content and construct validity. Confirmatory factor analysis utilizing parsimonious bifactor models showed a good fit of the model to the data.","openalex, scopus, wos",human,0.900,human,
discarded,DEVELOPMENT AND APPLICATION OF A TWO-TIER ACID-BASE MISCONCEPTION DIAGNOSTIC TEST BASED ON PICTORIAL TO IDENTIFYING STUDENT MISCONCEPTIONS IN CHEMISTRY,"Nahadi, N.; Siswaningsih, Wiwi; Firman, Harry; Dewi, Elpha Purnama; Lestari, Tri; Rahmawati, Triannisa",2023,JOURNAL OF ENGINEERING SCIENCE AND TECHNOLOGY,,https://www.webofscience.com/wos/woscc/full-record/WOS:001024772800018,pre-post-test; out-of-scope-single-topic-science-diagnostic-test-corroborates-instrument-typology-only,"The purpose of this study was to develop a two-tier diagnostic test based on pictorial that could identify students' misconceptions of acid-base concepts. This test is called the Acid-Base Misconception Diagnostic Test (ABMDT). This study used the Development and Validation method which consisted of design, development, validation, and application. Instrument validation sheets, interview guides, and essay tests were developed to obtain the data in this study. Based on the results of the design and development stage, obtained 15 items of ABMDT were valid with the Content Validity Ratio (CVR) value for each item being one. Based on the result of the reliability test, Cronbach's Alpha value was 0.771 or in other words, the test included acceptable categories. We then used valid and reliable items to identify misconceptions among high school students who learned the concept of acid-base. The application of tests showed that many misconceptions about an acid-base concept which was identified, such as strong acids reacting with metals resulting in H2 gas because strong acids ionized partially.","openalex, scopus, wos",human,0.850,human,
