status,title,authors,year,venue,doi,url,tags,abstract,provider,decision_source,llm_confidence,llm_review_outcome,llm_change_direction
discarded,The adoption of evidence-based policing: the pivotal role of first-line police leaders across England and Wales,Pepper I.,2024,International Journal of Emergency Services,10.1108/IJES-05-2023-0020,https://www.scopus.com/inward/record.uri?partnerID=HzOxMe3b&scp=85179946320&origin=inward,other-discipline,"Purpose First-line leaders across the emergency services are instrumental in leading the development of a workforce fit to face current and future challenges. As such in addition to utilising their specific craft, leaders need to be equipped to understand and apply evidence-based practices. With a focus on first-line leadership in policing, this paper will have both national and international resonance for those organisations attempting to embed an evidence-based culture.Design/methodology/approach The paper utilises a review of literature to develop a viewpoint identifying challenges and benefits of the adoption of evidence-based policing (EBP) by first-line leaders.Findings First-line leaders, whether police officers, police staff or volunteers, require opportunities to develop their own knowledge, understanding and skills of applying EBP in the workplace. Acknowledging challenges exist in the widespread adoption of EBP, such learning, at the appropriate educational level, will enable leaders to effectively champion the adoption of EBP, informing both their own decision-making and professional practices as well as those across their teams.Practical implications The first-line leader role is highly influential, as such, it is essential that these leaders develop their knowledge, understanding and application of EBP in the workplace in order to lead the expected cultural change.Originality/value This paper provides a current framework for the understanding of the context and potential impact of educationally levelled formal leadership learning required to champion the broad adoption of EBP across policing.","openalex, scopus, wos",llm,0.980,unreviewed,
kept,An Approach to Discover Students' Conceptions in Online Computing Education: A Case Study of Students' Understanding of Virtual Memory,Pamplona S.,2024,IEEE Access,10.1109/ACCESS.2024.3442440,https://www.scopus.com/inward/record.uri?partnerID=HzOxMe3b&scp=85201259576&origin=inward,cs1-learning-outcomes; pre-post-test; conceptions-from-pre-post-tests-in-OS-course-qualifies-claim,"This study presents a new approach for discovering conceptions among online computer science students. The research objectives were 1) to discover students’ conceptions of virtual memory, an important concept in operating systems, and 2) to provide a method for discovering students’ conceptions in the field of computer science. The study participants were students taking an undergraduate course on an operating system at an online university. Eleven students were enrolled in the course, and we selected all the participants who completed the course, seven students in total. We selected a qualitative case study as our methodology as we required a thorough and in-depth analysis of each student thought processes. Study data were obtained from questions on virtual memory that were included in two written evaluation tests at the beginning and end of the course. The questions assessed conceptual knowledge and meaningful learning of the concept of virtual memory. We discovered nine accepted conceptions and seven alternative conceptions related to virtual memory. We also inferred a mental model that could be the root cause of the discovered alternative conceptions. Our study has important implications for teaching and educational research in computer science. Regarding educational implications, this study makes recommendations for teaching virtual memory based on the results. Considering the implications for future research, our contributions are seven alternative conceptions of virtual memory that had not been previously identified, and a methodology for discovering conceptions that can be applied to other computing topics in both online and face-to-face environments.","openalex, scopus, wos",human,0.900,human,
discarded,Teaching Global Leadership in Higher Education: Leadership Across Cultures,Olonisakin F.,2024,Teaching Global Leadership in Higher Education Leadership Across Cultures,10.1007/978-3-031-66383-3,https://www.scopus.com/inward/record.uri?partnerID=HzOxMe3b&scp=105003530970&origin=inward,higher-education-general,"This book answers a need for pedagogic guidance and instruction in designing, implementing and evaluating global leadership as an academic subject.","openalex, scopus, wos",llm,0.990,unreviewed,
discarded,LOOKING FOR INFORMATION: EXAMINING RESEARCH ON HOW PEOPLE ENGAGE WITH INFORMATION,Given L.M.,2023,Studies in Information,,https://www.scopus.com/inward/record.uri?partnerID=HzOxMe3b&scp=85165696862&origin=inward,non-target-topic,,"openalex, scopus, wos",llm,0.900,unreviewed,
discarded,Implementing just-in-time inventory management to address contextual operational issues: a case study of a commercial livestock farm in southern Nigeria,Ufua D.E.,2022,TQM Journal,10.1108/TQM-09-2021-0268,https://www.scopus.com/inward/record.uri?partnerID=HzOxMe3b&scp=85122133137&origin=inward,non-education,"PurposeThis research focuses on the implementation of Just-in-Time (JIT) inventory management, drawing on a case study of a commercial livestock farm located in a swampy area of southern Nigeria.Design/methodology/approachThe research adopts a qualitative approach. Interviews and workshops were used for data collection.FindingsFindings from the study reveal that the commitment on the internal organisational members and skilful collaboration with supply chain partners are required for effective use of JIT, especially in an odd contextual situation such as the case in this study. This also justifies the embraced of additional cost of securing JIT inventory management practices such as the situation in the case study organisation that could not allow conventional inventory management.Originality/valueIt is suggested for further research to consider the topic from a mixed method approach as well as extend the focus on the possibility of legal regulations and government support to exceptional operational practices among organisations, especially those in the context of the food production sector, where this research was based.","openalex, scopus, wos",llm,1.000,unreviewed,
discarded,Introductory programming: A systematic literature review,Luxton-Reilly A.,2018,Annual Conference on Innovation and Technology in Computer Science Education Iticse,10.1145/3293881.3295779,https://www.scopus.com/inward/record.uri?partnerID=HzOxMe3b&scp=85061113252&origin=inward,programming-learning-not-shell,"As computing becomes a mainstream discipline embedded in the school curriculum and acts as an enabler for an increasing range of academic disciplines in higher education, the literature on introductory programming is growing. Although there have been several reviews that focus on specific aspects of introductory programming, there has been no broad overview of the literature exploring recent trends across the breadth of introductory programming. This paper is the report of an ITiCSE working group that conducted a systematic review in order to gain an overview of the introductory programming literature. Partitioning the literature into papers addressing the student, teaching, the curriculum, and assessment, we explore trends, highlight advances in knowledge over the past 15 years, and indicate possible directions for future research.","openalex, scopus, wos",llm,0.940,unreviewed,
discarded,"Contemporary perspectives in e-learning research: Themes, methods and impact on practice",Conole G.,2006,Contemporary Perspectives in E Learning Research Themes Methods and Impact on Practice,10.4324/9780203966266,https://www.scopus.com/inward/record.uri?partnerID=HzOxMe3b&scp=84917085777&origin=inward,education-technology-general,"E-learning is at an exciting point in its development; its potential in terms of research is great and its impact on institutional practices is fully recognised. This book defines e-learning as a field of research, highlighting the complex issues, activities and tensions that characterise the area. 
Written by a team of experienced researchers and commented upon by internationally recognised experts, this book engages researchers and practitioners in critical discussion and debate about the findings emerging from the field and the associated impact on practice. Key topics examined include:
access and inclusion 
the social-cultural contexts of e-learning 
organisational structures, processes and identities 
technical aspects of learning research – using tools and resources 
approaches to learning and teaching practices and associated learning theories 
designing for e-learning and the management of educational resources 
professional roles and identities 
the evolution of e-assessment 
collaboration, motivation and educational evaluation.","openalex, scopus, wos",llm,0.970,unreviewed,
discarded,Epistemological beliefs and approaches to learning: Their change through secondary school and their influence on academic performance,Cano F.,2005,British Journal of Educational Psychology,10.1348/000709904X22683,https://www.scopus.com/inward/record.uri?partnerID=HzOxMe3b&scp=20744442396&origin=inward,general-education,"BACKGROUND: In recent decades, two lines of research, phenomenographic and meta-cognitive, have examined students' approaches and epistemological beliefs about learning. To date there has been very little research describing the change in epistemological beliefs in European secondary students, or analysing interrelationships between epistemological beliefs and approaches in order to explain their influence on academic performance. AIMS: The first aim of this investigation is to analyse the change in epistemological beliefs and learning approaches in secondary students as they progress through their studies. The second aim is to examine the effects of epistemological beliefs on learning approaches, and learning approaches on academic performance. SAMPLE: About 1,600 Spanish students, boys and girls, from several secondary schools took part in the study. They were between 12 and 20 years old and their average age was 14.79 years. METHODS: Measures of epistemological beliefs (EQ: Epistemological Questionnaire), learning approaches (LPQ: Learning Process Questionnaire), and academic performance were obtained. Confirmatory factor analysis was used to examine the dimensionality of the EQ and LPQ questionnaires. In order to achieve our two aims, different statistical techniques were used: MANOVA and ANOVA for our first aim, and structural equation modelling for our second aim. RESULTS: Throughout secondary education epistemological beliefs undergo change, becoming more realistic and complex, and deep-approach scores decline significantly. It was shown that, as predicted, epistemological beliefs influenced academic achievement directly, and also indirectly via students' learning approaches. CONCLUSIONS: Our findings point to two conclusions. First, epistemological beliefs and learning approaches change as pupils advance in their studies. Second, the relationship between epistemological beliefs and academic achievement is mediated by approaches to learning.","openalex, scopus, wos",llm,0.980,unreviewed,
kept,Apreliminary phenomenographic study concerning student experiences of UNIX,BJ Doyle; RF Lister,2006,UTS ePRESS (University of Technology Sydney),,https://openalex.org/W2259403626,cs1-learning-outcomes; phenomenographic-unix-students,"This preliminary report is based upon the experiences of six students who had recently completed their first semester of studying Unix.A phenomenographic analysis of the interview transcripts identified four categones of how students experienced Unix.One of the categories is Unix as a resource, in which the student focuses on characteristics of Unix such as its cost, vulnerability to attack, robustness, and load capacity.The other three categories focus on the direct user experience of Unix.These three categories form an outcome space that is linear and hierarchical.Those three categories are, from lowest to highest: Unix as a set of commands, Unix as a tool for solving certain problems, and Unix as a professional computing environment.For this outcome space, there are indications of a direct relationship between the category most prominently manifested in each student's interview transcript and the student's final mark in the Unix course.There are also indications of a similar relationship between the outcome space and the student's performance on the R-SPQ-2F test for deep and surface learning.","openalex, scopus, wos, dblp",human,1.000,human,
kept,Why teach unix,Bernard Doyle; Raymond Lister,2007,Australasian Computing Education Conference,,https://openalex.org/W1575418055,not-about-measurement; phenomenographic-unix-teachers,"This paper examines computing academics' conceptions of the Unix operating system, and the purpose of teaching Unix. Interview transcripts from nine academics were analysed phenomenographically. A small number of qualitatively different conceptions of Unix were identified, within two broad categories. The first broad category manifested a technical approach to Unix. Within this broad category, the conceptions of Unix were, from the least to most sophisticated --- (1) Unix as a set of unrelated commands; (2) Unix as a command line interface superior to GUIs; and (3) Unix as a problem solving tool. The second broad category was a non technical conception of Unix, in which Unix was seen as a resource that is cheap, secure and robust. With regard to teaching Unix, two broad categories of reasons were identified --- practical and pedagogical. These results for teachers are broadly consistent with an earlier phenomenographic study of student conceptions of Unix.","openalex, scopus, wos, dblp",human,0.770,human,
discarded,Self Efficacy Beliefs Of First Year Engineering Students: In Their Own Words,Mica Hutchison; Deborah Follman; George M. Bodner,2020,,10.18260/1-2--785,https://openalex.org/W2626061053,engineering-report,"Numerous studies have used quantitative self-efficacy measures to predict the choices, achievement, and interests of undergraduate engineering students. Self-efficacy theorists, however, argue that a discovery-oriented, qualitative approach is required to better understand the sources and cognitive processing of students' self-efficacy beliefs -their beliefs about their abilities to complete the tasks that they deem necessary to achieve a desired outcome. This study has therefore employed qualitative measures to investigate the self-efficacy beliefs of first-year engineering students enrolled in ENGR 106, Engineering Problem-Solving and Computer Tools, at Purdue University. Here, findings based on the phenomenographical analysis of one-on-one interviews with nine students enrolled in the course in the fall of 2004 are presented. These findings provide insight into how aspects of the course environment influence the formation of first-year engineering students' efficacy beliefs. Results demonstrate the susceptibility of firstyear engineering students' self-efficacy beliefs to the influence of social comparisons. Descriptions of how students make social comparisons, including the logical progression from a specific experience through the modification of confidence in success, are offered.","openalex, scopus, wos, dblp",llm,0.980,unreviewed,
discarded,Shaping The Self Efficacy Beliefs Of First Year Engineering Students: What Is The Role We Play?,George M. Bodner; Deborah Follman; Mica Hutchison,2020,,10.18260/1-2--14718,https://openalex.org/W2217187352,engineering-report,"Numerous studies have linked undergraduate students' interests, performance, and retention in science and engineering fields to self-efficacy. The research also suggests that female science and engineering students have poorer self-efficacy beliefs, those beliefs about their capabilities to perform the tasks necessary to achieve a desired outcome, than do their male counterparts. This study is aimed at identifying factors related to students' self-efficacy beliefs during their first engineering course. Results are presented from a mid-semester survey administered to freshman engineering students (n = 1387) enrolled in ENGR 106, Engineering Problem-Solving and Computer Tools, at Purdue University. The survey incorporated qualitative measures of student self-efficacy beliefs. Open-ended survey questions prompted students to list those factors affecting their confidence in their ability to succeed in the course. Gender trends emerged in student responses to factors that affect confidence in success. These trends are discussed in light of the four categories Bandura 1 has identified as sources of selfefficacy beliefs: mastery experiences, vicarious experiences, social persuasions, and physiological states. The results presented here provide a useful look into how the classroom and curricular practices being employed during students' first year in engineering affect confidence, and ultimately, retention and success.","openalex, scopus, wos, dblp",llm,0.980,unreviewed,
discarded,The Non-Deterministic Path to Concurrency – Exploring how Students Understand the Abstractions of Concurrency,Filip Strömbäck; Linda Mannila; Mariam Kamkar,2021,Informatics in Education,10.15388/infedu.2021.29,https://openalex.org/W4200561563,programming-learning-not-shell,"Concurrency is often perceived as difficult by students. One reason for this may be due to the fact that abstractions used in concurrent programs leave more situations undefined compared to sequential programs (e.g., in what order statements are executed), which makes it harder to create a proper mental model of the execution environment. Students who aim to explore the abstractions through testing are further hindered by the non-determinism of concurrent programs since even incorrect programs may seem to work properly most of the time. In this paper we aim to explore how students’ understanding these abstractions by examining 137 solutions to two concurrency questions given on the final exam in two years of an introductory concurrency course. To highlight problematic areas of these abstractions, we present alternative abstractions under which each incorrect solution would be correct.","openalex, scopus, wos, dblp",llm,0.950,unreviewed,
discarded,On the efficacy of prerecorded lectures for teaching introductory programming,Glenn Smith; Colin Fidge,2008,QUT ePrints (Queensland University of Technology),10.5555/1379249.1379262,https://openalex.org/W2000195384,programming-learning-not-shell,"Teaching introductory programming is a notoriously challenging problem in any information technology or computer science course. Failure and dropout rates are usually high, and many students seem unable to grasp the notion of solving problems algorithmically. Given contemporary students' fondness for multimedia styles of presentation, we conducted an experiment on the effectiveness of providing prerecorded mini-lectures in a first-year programming subject. Although we found only a weak quantitative correlation between students' use of the prerecorded material and their final grades, anecdotal feedback on the experiment was overwhelmingly positive, suggesting that students' perceptions of the subject were improved.","openalex, scopus, wos, dblp",llm,0.960,unreviewed,
