status,title,authors,year,venue,doi,url,tags,abstract,provider,decision_source,llm_confidence,llm_review_outcome,llm_change_direction
discarded,The Development of Automatic Image Marking System towards Better Assessment Monitoring for Computer Science Programming Students,Aeman Masbah; Zhongyu Lou; Qiang Xu,2018,Huddersfield Research Portal (University of Huddersfield),,https://openalex.org/W2938892237,programming-learning-not-shell,"The implementation of technology to support both instructor and student enables both to perform better in the educational context. Hence, automatic markers can be an improvement over human markers because their results are reliable and repeatable. This paper presents a framework of an automated marking application (iMarking®) assisting both instructors and students through the execution of java language system towards better assessment monitoring for computer science programming students. The prototype of the proposed system has been evaluated and result was documented as a recommendation for future researches.<br/>","openalex, scopus, wos, dblp",llm,0.930,unreviewed,
discarded,Study trip to the USA 1998 - visits to 6 universities,Sverker Alänge,1998,Chalmers Research (Chalmers University of Technology),,https://openalex.org/W981761439,engineering-report,"This document has been created as an aid in the development of strategies for taking Chalmers University of Technology into the 21st century. It is a working document, the purpose of which is to provide input for the design and prioritization of our development activities. In this respect, it has already contributed to our work, both at the school/department levels and at the university as a whole.It is not meant to be a “final report”, but rather to remain a work in process. Each section reflects the strongest impressions made on the person responsible for that section. As a result, some overlap can be found between sections, as it can be essential to review these impressions from different perspectives. The intention has been to cover all subject areas; at the same time retaining the flavor of the individual or group contributions. In 1996, an exchange of experiences and ideas was initiated between the deans of the Schools of Architecture (A), Electrical and Computer Engineering (ED), Chemical Engineering (K) and Technology Management and Economics (I) and the President of Chalmers, concerning the strategic development of Chalmers and its schools. During these meetings, the need for an analysis of current developments in the world was recognized, aiming at improved positions for the individual schools as well as for Chalmers as a whole.In 1997, a trip to the USA was planned, the purpose of which was to harvest ideas and learn from the following prominent American universities: The Georgia Institute of Technology in Atlanta (“Georgia Tech”, a state university that has climbed up the American ranking lists during the last decade), Motorola University in Schaumburg (a company “university”, an increasingly common phenomenon among major American companies), Northwestern University in Chicago (a private national university that has placed high on the ranking lists for an extended period of time), Rensselaer Polytechnic Institute in Troy, N.Y.(the oldest university of technology in the USA-private), the University of Massachusetts Lowell (“UMass”- a regional state university that has undergone major transformation) and the Massachusetts Institute of Technology (MIT- the leading private national university of technology in the United States).The basic idea was for several individuals from each school to be involved (a total of some 22 persons), since the knowledge and experience gained from the trip was to be put into practice. During the autumn of 1997, we therefore divided into four working groups responsible for: 1) development and leadership, 2) cooperation and focus in research and research education, 3) external and internal relations and 4) information technology in education. The different schools were represented in all groups and were assigned to prepare questions within their respective areas of responsibility.We visited the six universities between March 25 and April 5, 1998, and the four working groups were expected to cover the issues they had prepared. Three of the trip’s days were earmarked for exchange of experience and reflection, i.e. the groups described the most interesting or thought-provoking features, suggested which elements might be put to use at Chalmers, and presented these reflections to the other participants.After returning to Sweden, the groups have kept working on their analyses. Using notes from interviews and printed material, the groups have written reports on their observations and what they have learned in the United States. In these analyses, the groups’ learnings are related to the present reality and recommendations for the future at Chalmers. These reports were presented to the Board of Chalmers on June 4 1998, and have now been compiled in this document.","openalex, scopus, wos, dblp",llm,0.990,unreviewed,
discarded,Exploring students' understanding of concurrency a phenomenographic study,Stromback F.,2020,SIGCSE 2020 Proceedings of the 51st ACM Technical Symposium on Computer Science Education,10.1145/3328778.3366856,https://www.scopus.com/inward/record.uri?partnerID=HzOxMe3b&scp=85081598768&origin=inward,programming-learning-not-shell,"This paper continues previous efforts in understanding the problems students face when learning concurrency. In this paper, we explore students' understanding of the subject using phenomenography in order to gain insights that can aid in explaining the underlying causes for common student mistakes in concurrency, which has been studied in depth previously. Students' experience of concurrency and critical sections were analyzed using a phenomenographic study based on interviews with students attending one of two courses on concurrency and operating systems. We present 6 categories describing students' experience of concurrency, and 4 categories describing students' experience of critical sections in this paper. Furthermore, these categories are related to previous results, both to explore how misconceptions in the categores relate to student mistakes and to estimate how common it is for each category to be discerned.","openalex, scopus, wos, dblp",llm,0.950,unreviewed,
discarded,Self-regulated learning in female students with different cognitive styles: An exploratory study,Tinajero C.,2010,Perceptual and Motor Skills,10.2466/04.11.22.28.PMS.111.4.31-44,https://www.scopus.com/inward/record.uri?partnerID=HzOxMe3b&scp=79952056647&origin=inward,general-education,"In the present study, the relationship between the cognitive style called field-dependence/independence and learning strategies was explored. Acquisition, encoding, retrieval, support, and meta-cognitive strategies of first-year psychology and social education students (all women; M age = 19.2 yr., SD=1.7) with upper and lower quartile scores on field-dependence/independence were assessed on two self-report questionnaires and compared. Field-dependent students reported greater use of some learning strategies, specifically Self-instructions, Counter-distractions, Self-questioning, Self-monitoring, and Self-evaluation. The possible mediation of cognitive style on the influence of social desirability and a failure to activate appropriate strategies on accuracy of self-reports of learning strategies are discussed. Arguments and data are presented in favour of a distinction among the association of cognitive style with a tendency and capacity to use specific strategies and the benefits and manner of their application.","openalex, scopus, wos, dblp",llm,0.980,unreviewed,
discarded,"Learning computer science: Perceptions, actions and roles",Berglund A.,2009,European Journal of Engineering Education,10.1080/03043790902989168,https://www.scopus.com/inward/record.uri?partnerID=HzOxMe3b&scp=75249087116&origin=inward,programming-learning-not-shell,"This phenomenographic study opens the classroom door to investigate teachers’ experiences of students learning difficult computing topics. Three distinct themes are identified and analysed. Why do students succeed or fail to learn these concepts? What actions do teachers perceive will ameliorate the difficulties facing students? Who is responsible, and for what, in the learning situation? Theoretical work on threshold concepts and conceptual change deals with mechanisms and processes associated with learning difficult material [Meyer, J. and Land, R., 2005. Threshold concepts and troublesome knowledge (2): epistemological considerations and a conceptual framework for teaching and learning. Higher Education, 49 (3), 373–388; Entwistle, N., 2007. Conceptions of learning and the experience of understanding: thresholds, contextual influences, and knowledge objects. In: S. Vosniadou, A. Baltas and X. Vamvakoussi, eds. Re-framing the conceptual change approach in learning and instruction. Amsterdam, The Netherlands: Elsevier, chap. 11]. With this work as a background, we concentrate on the perceptions of teachers. Where do teachers feel that the difficulties lie when studying the troublesome knowledge in computing? Student and teacher-centric views of teaching reported in other literature are also to be seen in our results. The first two categories in the ‘what’ and ‘who’ themes are teacher-centric. Higher level categories in all themes show increasingly learner centred conceptions of the instructional role. However, the nature of the categories in the ‘why’ theme reveals a new dimension dealing with teacher beliefs specific to the nature of troublesome knowledge in computing. A number of prior studies in tertiary teaching concentrate on approaches to teaching [Trigwell, K. and Prosser, M., 2004. Development and use of the approaches to teaching inventory. Educational Psychology Review, 16 (4), 409–424], and attitudes to scholarship of teaching and learning [Ashwin, P. and Trigwell, K., 2004. Investigating educational development. In: Making sense of staff and educational development, 117–131]. Our focus on learning difficult topics extends this work, investigating teacher conceptions of causality in relation to learning difficulties. We argue that teacher conceptions of enabling factors, for learning difficult computing topics, can act to limit the nature and scope of academics’ pedagogical responses. Improved awareness of teacher's beliefs regarding student learning difficulties both extends and complements existing efforts to develop a more student-centred computing pedagogy.","openalex, scopus, wos, dblp",llm,0.890,unreviewed,
discarded,Toward an understanding of the variation in approaches to analysis and design,Box I.,2009,Computer Science Education,10.1080/08993400902909674,https://www.scopus.com/inward/record.uri?partnerID=HzOxMe3b&scp=84863472885&origin=inward,programming-learning-not-shell,"This paper contributes to an understanding of the variation in approaches that information system analysts/designers use to do analysis and design. A qualitative, phenomenographic research method was used. Four categories were constituted from the data: an ad hoc strategy with the intention of solving the problem as quickly as possible; a strategy of producing atomistic analysis and design artefacts with the intention of proving analysis/design has taken place; a strategy of adhering to a method with the intention of producing a better solution; and a strategy of adapting and scaling a method with the intent to define the problem accurately while sharing a vision of the project. The contribution to education made by these results is discussed.","openalex, scopus, wos, dblp",llm,0.910,unreviewed,
discarded,Learning educational research methods through collaborative research: The PhICER initiative,Berglund A.,2008,Conferences in Research and Practice in Information Technology Series,,https://www.scopus.com/inward/record.uri?partnerID=HzOxMe3b&scp=84869131460&origin=inward,method-paper-outside-scope,,"openalex, scopus, wos, dblp",llm,0.840,unreviewed,
kept,Why teach unix?,Doyle B.,2007,Conferences in Research and Practice in Information Technology Series,,https://www.scopus.com/inward/record.uri?partnerID=HzOxMe3b&scp=84869138419&origin=inward,not-about-measurement; phenomenographic-unix-teachers-duplicate-record,,"openalex, scopus, wos, dblp",human,0.850,human,
discarded,Engineering Education: Research and Development in Curriculum and Instruction,Heywood J.,2006,Engineering Education Research and Development in Curriculum and Instruction,10.1002/0471744697,https://www.scopus.com/inward/record.uri?partnerID=HzOxMe3b&scp=84881009927&origin=inward,engineering-report,,"openalex, scopus, wos, dblp",llm,0.980,unreviewed,
discarded,Bioconductor: open software development for computational biology and bioinformatics,Robert Gentleman; Vincent J. Carey; Douglas M. Bates; Ben Bolstad; Marcel Dettling; Sandrine Dudoit; Byron Ellis; Laurent Gautier; Yongchao Ge; Jeff Gentry; Kurt Hornik; Torsten Hothorn; Wolfgang Huber; Stefano M. Iacus; Rafael A. Irizarry; Friedrich Leisch; Cheng Li; Martin Maechler; Anthony Rossini; Günther Sawitzki; Colin A. Smith; Gordon K. Smyth; Luke Tierney; Jean Yang; Jianhua Zhang,2004,Genome biology,10.1186/gb-2004-5-10-r80,https://openalex.org/W2160697532,science-domain,"The Bioconductor project is an initiative for the collaborative creation of extensible software for computational biology and bioinformatics. The goals of the project include: fostering collaborative development and widespread use of innovative software, reducing barriers to entry into interdisciplinary scientific research, and promoting the achievement of remote reproducibility of research results. We describe details of our aims and methods, identify current challenges, compare Bioconductor to other open bioinformatics projects, and provide working examples.","openalex, scopus, wos, dblp",llm,1.000,unreviewed,
discarded,"Internet of Robotic Things: Concept, Technologies, and Challenges",Partha Pratim Ray,2016,IEEE Access,10.1109/access.2017.2647747,https://openalex.org/W2569644762,non-education,"Internet of Things allow massive number of uniquely addressable “things” to communicate with each other and transfer data over existing internet or compatible network protocols. This paper proposes a new concept which tackles the issues for supporting control and monitoring activities at deployment sites and industrial automations, where intelligent things can monitor peripheral events, induce sensor data acquired from a variety of sources, use ad hoc, local, and distributed “machine intelligence” to determine appropriate course of actions, and then act to control or disseminate static or dynamic position aware robotic things in the physical world through a seamless manner by providing a means for utilizing them as Internet of robotic things (IoRT). Although progressive advancements can be seen in multi-robotic systems, robots are constantly getting enriched by easier developmental functionalities, such vertical robotic service centric silos are not enough for continuously and seamlessly supporting for which they are meant. In this paper, a novel concept-IoRT is presented that highlights architectural principles, vital characteristics, as well as research challenges. The aim of this paper is to provide a better understanding of the architectural assimilation of IoRT and identify important research directions on this term.","openalex, scopus, wos, dblp",llm,1.000,unreviewed,
discarded,Warehouse inventory management system using IoT and open source framework,B.S.S. Tejesh; S. Neeraja,2018,Alexandria Engineering Journal,10.1016/j.aej.2018.02.003,https://openalex.org/W2902602775,non-education,"In general, warehouses are used to store goods or products. In the Warehouses, if the user wants to locate any product it is very difficult, because user have to do a detailed search manually in all the available stockrooms this requires a lot of effort. So to avoid this problem the warehouse inventory management system is very helpful because it maintains the detailed product information and tells us in which stockroom the product is present. The warehouse inventory management system is playing a significant aspect in many productions and goods based methodology. Though there are many wireless communication technologies the RFID suits the best for the warehouse inventory management system. The tag information is transferred from the transmitter section to open source hardware via a wireless link with the aid of internet. The warehouse inventory management system built on the architecture of the Internet of Things is developed to track the products attached to the tags with product information and their respective time stamps for further verification. The Raspberry Pi acts as a central server, monitoring all the information. The total system gives an archetype to correspond the information flow and material flow. The web page which is built in accordance to provide convenient and an interface to the user to track the products. The developed system results a very low cost system and works dynamically compared with the existing present warehouse inventory management systems.","openalex, scopus, wos, dblp",llm,1.000,unreviewed,
discarded,FLUKA: A Multi-Particle Transport Code,A. Ferrari; P. Sala; A. Fassò; J. Ranft,2005,,10.2172/877507,https://openalex.org/W3097364771,non-education,"This report describes the 2005 version of the Fluka particle transport code. The first part introduces the basic notions, describes the modular structure of the system, and contains an installation and beginner's guide. The second part complements this initial information with details about the various components of Fluka and how to use them. It concludes with a detailed history and bibliography.","openalex, scopus, wos, dblp",llm,1.000,unreviewed,
discarded,Technical note: The Lagrangian particle dispersion model FLEXPART version 6.2,A. Stohl; C. Forster; A. Frank; Petra Seibert; Gerhard Wotawa,2005,Atmospheric chemistry and physics,10.5194/acp-5-2461-2005,https://openalex.org/W2135419069,science-domain,"Abstract. The Lagrangian particle dispersion model FLEXPART was originally (about 8 years ago) designed for calculating the long-range and mesoscale dispersion of air pollutants from point sources, such as after an accident in a nuclear power plant. In the meantime FLEXPART has evolved into a comprehensive tool for atmospheric transport modeling and analysis. Its application fields were extended from air pollution studies to other topics where atmospheric transport plays a role (e.g., exchange between the stratosphere and troposphere, or the global water cycle). It has evolved into a true community model that is now being used by at least 25 groups from 14 different countries and is seeing both operational and research applications. A user manual has been kept actual over the years and was distributed over an internet page along with the model's source code. In this note we provide a citeable technical description of FLEXPART's latest version (6.2).","openalex, scopus, wos, dblp",llm,1.000,unreviewed,
discarded,LHC Machine,Lyndon R Evans; P J Bryant,2008,Journal of Instrumentation,10.1088/1748-0221/3/08/s08001,https://openalex.org/W4232091795,physics-domain,"The Large Hadron Collider (LHC) at CERN near Geneva is the world's newest and most powerful tool for Particle Physics research.It is designed to collide proton beams with a centre-of-mass energy of 14 TeV and an unprecedented luminosity of 10 34 cm -2 s -1 .It can also collide heavy (Pb) ions with an energy of 2.8 TeV per nucleon and a peak luminosity of 10 27 cm -2 s -1 .In this paper, the machine design is described.","openalex, scopus, wos, dblp",llm,1.000,unreviewed,
discarded,The wealth of networks: how social production transforms markets and freedom,"Benkler, Yochai 1964-",2006,Choice Reviews Online,10.5860/choice.44-0999,https://openalex.org/W2535163083,non-education,"""A ground-breaking book on the transformative opportunities associated with the evolution of networked social production. The Wealth of Networks was hailed by Lawrence Lessig as the most important book of 2006. In keeping with the subject, Professor Benkler has released The Wealth of Networks under a Creative Commons BY-NC license.""","openalex, scopus, wos, dblp",llm,0.990,unreviewed,
