status,title,authors,year,venue,doi,url,tags,abstract,provider,decision_source,llm_confidence,llm_review_outcome,llm_change_direction
discarded,"DeapSECURE Computational Training for Cybersecurity Students: Improvements, Mid-Stage Evaluation, and Lessons Learned",Wirawan Purwanto; Yuming He; Jewel Ossom; Qiao Zhang; Liuwan Zhu; Karina Arcaute; Masha Sosonkina; Hongyi Wu,2021,The Journal of Computational Science Education,10.22369/issn.2153-4136/12/2/1,https://openalex.org/W3127625035,cs1-learning-outcomes; pre-post-test; HPC-big-data-training-programme-not-shell,"DeapSECURE is a non-degree computational training program that provides a solid high-performance computing (HPC) and big-data foundation for cybersecurity students. DeapSECURE consists of six modules covering a broad spectrum of topics such as HPC platforms, big-data analytics, machine learning, privacy-preserving methods, and parallel programming. In the second year of this program, to improve the learning experience, we implemented a number of changes, such as grouping modules into two broad categories, ""bigdata"" and ""HPC""; creating a single cybersecurity storyline across the modules; and introducing post-workshop (optional) ""hackshops"". Two major goals of these changes are, firstly, to effectively engage students to maintain high interest and attendance in such a nondegree program, and, secondly, to increase knowledge and skill acquisition. To assess the program, and in particular the changes made in the second year, we evaluated and compared the execution and outcomes of the training in Year 1 and Year 2. The assessment data shows that the implemented changes have partially achieved our goals, while simultaneously providing indications where we can further improve. The development of a fully on-line training mode is planned for the next year, along with a reproducibility pilot study to broaden the subject domain from cybersecurity to other areas, such as computations with sensitive data.","openalex, scopus, wos",human,0.840,human,
discarded,"The why, when, and how of computing in biology classrooms",April Wright; Rachel S. Schwartz; Jamie R. Oaks; Catherine E. Newman; Sarah P. Flanagan,2020,F1000Research,10.12688/f1000research.20873.2,https://openalex.org/W2986342153,science-domain,"Many biologists are interested in teaching computing skills or using computing in the classroom, despite not being formally trained in these skills themselves. Thus biologists may find themselves researching how to teach these skills, and therefore many individuals are individually attempting to discover resources and methods to do so. Recent years have seen an expansion of new technologies to assist in delivering course content interactively. Educational research provides insights into how learners absorb and process information during interactive learning. In this review, we discuss the value of teaching foundational computing skills to biologists, and strategies and tools to do so. Additionally, we review the literature on teaching practices to support the development of these skills. We pay special attention to meeting the needs of diverse learners, and consider how different ways of delivering course content can be leveraged to provide a more inclusive classroom experience. Our goal is to enable biologists to teach computational skills and use computing in the classroom successfully.","openalex, scopus, wos",llm,0.900,unreviewed,
discarded,"Investigation of the Effects of Flipped Instruction on Student Exam Performance, Motivation and Perceptions",Wenliang He,2016,eScholarship (California Digital Library),,https://openalex.org/W2562956958,chemistry-domain,"The goal of this dissertation is to investigate the effects of flipped instruction on student exam performance, motivation, and perceptions. Flipped instruction was implemented in three consecutive years in the same introductory chemistry course taught by the same instructor. Surveys were delivered to measure out-of-class study time, student motivation, perceived instruction clarity and quality. Our studies have consistently shown that flipped instruction did not appreciably increase studentsâ overall study time outside the classroom. It only causes a shift in student workload. Our first study shows that flipped instruction had a small and statistically significant effect on student final exam performance with no marked interaction effect. Student responses to the flipped pedagogy was distinctly lukewarm with about one fifth of the students showing polarized feelings. Non-compliance with pre-class study was found to be a serious implementation issue, which might lead to the small treatment effect and absence of interaction. Giving assignments and quizzes associated with each video effectively reduced non-compliance, as shown by the second study. However, technological failures in class seemed to result in flipped students consistently rating the class to be of lower quality. Accordingly, flipped students were shown to underperform their control counterparts. Moreover, second-year students and females benefit more from flipped instruction. The variety of issues exposed during the first two years prompted us to reflect upon the resilience of traditional lectures, where its simplicity might be its greatest virtue. We therefore caution against over-reliance on complex technologies or teaching techniques. Finally, with non-compliance and technology failures solved, the third study adopted a softer approach to introducing flipped instruction by periodically adjusting the balance between lecturing and active learning components. Although the results showed no treatment effect on student final exam performance, students from the flipped section who enrolled into a subsequent course outperformed their control counterparts in post-course grade. Moreover, students with lower high school GPA to start with benefited more from the flipped pedagogy. Collectively speaking, it is advisable that flipped instructors in first-year introductory courses should start simple and be cautious of deviating from traditional lectures too much too fast.","openalex, scopus, wos",llm,0.980,unreviewed,
discarded,A learning object repository for computer assisted language learning in order to provide resources for language learners in schools in KwaZulu-Natal,Pregalathan Reddy,2014,,10.51415/10321/1352,https://openalex.org/W2175335883,language-education,"This study, carried out within a critical realist orientation, offers a digital approach to providing language learning resources to learners in KwaZulu-Natal by developing a language learning object repository (LLOR). The purpose of designing and setting up a LLOR prototype was to find a way to augment and supplement the resources provided by text books, the provision of which has hitherto been fraught with service delivery problems. Margaret Archer’s substantive theory of morphogenesis was used to provide a social science framework within Bhaskar’s critical realist meta-approach. The morphogenetic approach suggests that, for technological advances to be accepted as part of everyday educational practice, they must be included in the fabric of the existing social structures of teaching and learning. This had implications for the human computer interaction (HCI) aspects of the artefact, which was developed by both anticipating user needs at the outset and confirming these at intervals; it also looked at the development of digital resources over a period of time in terms of the artefact being part of a larger movement towards using digital resources. The iterative design of the LLOR followed a series of piloting different application stacks, including MediaWiki, TikiWiki CMS and Joomla. Moodle was chosen as the most suitable application as it facilitates the sharing of content using the Sharable Content Object Reference Model (SCORM) and can also easily be packaged in an offline self-contained pack for distribution to users who have limited Internet access. Three user groups, comprising experts (those who are proficient with web and computer technologies), teachers (a representative group of teachers who were second language teachers of English) and a representative from the Department of Basic Education (DOBE), were asked to test-drive the LLOR and respond to questions about its ease of use and potential. The LLOR was primarily intended for teachers although it supports students as well. The use of a user-contributed model in the design of the LLOR anticipates i the challenge of providing direct support (editorial), as in adding new resources by only the researcher and also accepting that consumers are more likely to support user-contributed models, if they are also contributors. The key to facilitating access to resources like the LLOR is to make them accessible through different devices especially mobile platforms such as (cell-phones and tablets); future development will prioritise a mobile ready version of the LLOR. The value of the research is thought to lie in furthering an innovative mode of teaching in a digital medium setting where educational communication achieves virtual mode in and out of the physical classroom.","openalex, scopus, wos",llm,0.980,unreviewed,
discarded,CutLang as an analysis description language for introducing students to analyses in particle physics,A Adıgüzel; O Çakır; Ü Kaya; V E Özcan; S Öztürk; S Sekmen; İ Türk Çakır; G Ünel,2021,European Journal of Physics,10.1088/1361-6404/abdf67,https://openalex.org/W3080829044,physics-domain,"Abstract The fifth edition of the ‘Computing Applications in Particle Physics’ school was held on 3–7 February 2020, at İstanbul University, Turkey. This particular edition focused on the processing of simulated data from the large hadron collider collisions using an analysis description language and its runtime interpreter called CutLang. 24 undergraduate and 6 graduate students were initiated to collider data analysis during the school. After 3 days of lectures and exercises, the students were grouped into teams of 3 or 4 and each team was assigned an analysis publication from ATLAS or CMS experiments. After 1.5 days of independent study, each team was able to reproduce the assigned analysis using CutLang.","openalex, scopus, wos",llm,0.950,unreviewed,
discarded,Artificial intelligence in computer science and mathematics education,David Azcona,2019,Arrow@dit (Dublin Institute of Technology),,https://openalex.org/W2997909811,education-technology-general,"In this thesis I examine how Artificial Intelligence (AI) techniques can help Computer Science students learn programming and mathematics skills more efficiently using algorithms and concepts such as Predictive Modelling, Machine Learning, Deep Learning, Representational Learning, Recommender Systems and Graph Theory. For that, I use Learning Analytics (LA) and Educational Data Mining (EDM) principles. In Learning Analytics one collects and analyses data about students and their contexts for purposes of understanding and improving their learning and the environments students interact with. Educational Data Mining applies Data Mining, Machine Learning and statistics to data captured during these learning processes.\nMy central research question is how we can optimise the learning by students, of subjects like computer programming and mathematics in blended and online classrooms by mining and analysing data generated in these environments by the students. To validate the research question I have implemented several examples of monitoring student behaviour while learning, I have gathered various forms of student interaction data and combined it with demographics and student performance data (e.g. exam results) in order to test out different predictive models developed using a variety of AI and machine learning techniques. In these example environments I have used these models not only to predict outcome and exam performance but also to automatically generate feedback to students in a variety of ways, including recommending better programming techniques. My research question is explored by examining the performance of the AI techniques in helping to improve student learning.","openalex, scopus, wos",llm,0.960,unreviewed,
discarded,A Constraint-based ITS for the Java Programming Language,Jay Holland,2009,UC Research Repository  (University of Canterbury),10.26021/1309,https://openalex.org/W2282272764,programming-learning-not-shell,"Programming is one of the core skills required by Computer Science undergraduates in tertiary institutions worldwide, whether for study itself, or to be used as a tool to explore other relevant areas. Unfortunately, programming can be incredibly difficult; this is for several reasons, including the youth, depth, and variety of the field, as well as the youth of the technology that frames it. It can be especially problematic for computing neophytes, with some students repeating programming courses not due to academic laziness, but due to an inability to grasp the core concepts. The research outlined by this thesis focuses on our proposed solution to this problem, a constraint-based intelligent tutoring system for teaching the Java programming language, named J-LATTE. J-LATTE (Java Language Acquisition Tile Tutoring Environment) is designed to solve this problem by providing a problem-solving environment for students to work through programming problems. This environment is unique in that it partitions interaction into a concept mode and a coding mode. Concept mode allows the student to form solutions using high-level Java concepts (in the form of tiles), and coding mode allows the student to enter Java code into these tiles to form a complete Java program. The student can, at any time, ask for feedback on a solution or partial solution that they have formed. A pilot study and two full evaluations were carried out to test the effectiveness of the system. The pilot study was run with an assignment given to a postgraduate Computer Science course, and because of the advanced knowledge level of the students, it was not designed to test teaching effectiveness, but instead was useful in determining usability issues and identifying any software errors. The full evaluations of the system were designed to give insight into the teaching effectiveness of J-LATTE, by comparing the results of using the system against a simulated classroom situation. Unfortunately, the participant base was small, for several reasons that are explained in the thesis. However, the results prove interesting otherwise and for the most part are positive towards the effectiveness of J-LATTE. The participants’ knowledge did improve while interacting with the system, and the subjective data collected shows that students like the interaction style and value the feedback obtained.","openalex, scopus, wos",llm,0.950,unreviewed,
discarded,DeapSECURE Computational Training for Cybersecurity: Progress Toward Widespread Community Adoption,Wirawan Purwanto; Bahador Dodge; Karina Arcaute; Masha Sosonkina; Hongyi Wu,2024,The Journal of Computational Science Education,10.22369/issn.2153-4136/15/1/1,https://openalex.org/W4392381744,cs1-learning-outcomes; HPC-big-data-training-programme-not-shell,"The Data-Enabled Advanced Computational Training Program for Cybersecurity Research and Education (DeapSECURE) is a nondegree training consisting of six modules covering a broad range of cyberinfrastructure techniques, including high performance computing, big data, machine learning and advanced cryptography, aimed at reducing the gap between current cybersecurity curricula and requirements needed for advanced research and industrial projects. Since 2020, these lesson modules have been updated and retooled to suit fully-online delivery. Hands-on activities were reformatted to accommodate self-paced learning. In this paper, we summarize the four years of the project comparing in-person and online only instruction methods as well as outlining lessons learned. The module content and hands-on materials are being released as open-source educational resources. We also indicate our future direction to scale up and increase adoption of the DeapSECURE training program to benefit cybersecurity research everywhere.","openalex, scopus, wos",human,0.820,human,
discarded,Applied formative evaluation in the webbased environment.,Anthony Basiel,1999,UPT. Syiah Kuala University Library (Syiah Kuala University),,https://openalex.org/W574625553,education-technology-general,"The use of the Internet and specifically the World, Wide Web (Web) as a media for collaboration and problem-solving is an evolving solution to the problem of increasing numbers of students in the university setting. A variety of virtual universities are appearing on the Web to address this dilemma. There are gaps, however, in these Systems which do not meet the needs of the participants. This research examines the use of applied formative evaluation (feedback) methodologies and protocols, used between the stakeholders of a web-based learning environment, to facilitate the learning process.&#13;\nPrinciples are established to guide the learning environment designer (LED), the mediator between the subject expert (SE) or teacher and the interactive multimedia web-based design team, in creating a student-centred learning space on the web. The principles and protocols developed in this research are illustrated through the D E L B E R T (Digital Environment Learning-Based Evaluation Response Theory) Tutorial system. This web-based collaborative, problem-solving seminar makes use of on-line tools such as; e-mail, H T M L forms, Javascript and video conferencing to promote communication through a guided-discovery delivery methodology. The case studies conducted with the system support the methodologies proposed in this thesis.&#13;\nTelecommunication in the area of educational technology is a rapidly changing field. Therefore, the focus of this research is not in the development of software or programming which may be out of date before its implementation. Instead, this research contributes to the design process of a web-based educational environment. The principles and protocols are aimed at supporting the applied formative evaluation methodology between the participants in the on-line learning process. In this way the research can be adapted to new technologies, beyond those adapted to the D E L B E RT Tutorial system, thus, not limiting itself as a contribution to the science of educational technology.","openalex, scopus, wos",llm,0.980,unreviewed,
discarded,Spreading the Adoption of Python in India: the FOSSEE Python Project,Prabhu Ramachandran,2016,Proceedings of the Python in Science Conferences,10.25080/majora-629e541a-010,https://openalex.org/W2953656961,education-technology-general,The FOSSEE (Free Open Source Software for Science and Engineering Education) project (http://fossee.in) is,"openalex, scopus, wos",llm,0.940,unreviewed,
discarded,Learner Modelling for Individualised Reading in a Second Language,Michael Walmsley,2015,Research Commons (University of Waikato),,https://openalex.org/W2508779282,language-education,"Extensive reading is an effective language learning technique that involves fast reading of large quantities of easy and interesting second language (L2) text. However, graded readers used by beginner learners are expensive and often dull. The alternative is text written for native speakers (authentic text), which is generally too difficult for beginners. The aim of this research is to overcome this problem by developing a computer-assisted approach that enables learners of all abilities to perform effective extensive reading using freely-available text on the web.&#13;\nThis thesis describes the research, development and evaluation of a complex software system called FERN that combines learner modelling and iCALL with narrow reading of electronic text. The system incorporates four key components: (1) automatic glossing of difficult words in texts, (2) individualised search engine for locating interesting texts of appropriate difficulty, (3) supplementary exercises for introducing key vocabulary and reviewing difficult words and (4) reliably monitoring reading and reporting progress. FERN was optimised for English speakers learning Spanish, but is easily adapted for learners of others languages.&#13;\nThe suitability of the FERN system was evaluated through corpus analysis, machine translation analysis and a year-long study with second year university Spanish class. The machine translation analysis combined with the classroom study demonstrated that the word and phrase error rate generated in FERN is low enough to validate the use of machine translation to automatically generate glosses, but is high enough that a translation dictionary is required as a backup. The classroom study demonstrated that when aided by glosses students can read at over 100 words per minute if they know 95% of the words, whereas compared to the 98% word knowledge required for effective unaided extensive reading. A corpus analysis demonstrated that beginner learners of Spanish can do effective narrow reading of news articles using FERN after learning only 200–300 high-frequency word families, in addition to familiarity with English-Spanish cognates and proper nouns.&#13;\nFERN also reliably monitors reading speeds and word counts, and provides motivating progress reports, which enable teachers to set concrete reading goals that dramatically increase the quantity that students read, as demonstrated in the user study.","openalex, scopus, wos",llm,0.980,unreviewed,
