status,title,authors,year,venue,doi,url,tags,abstract,provider,decision_source,llm_confidence,llm_review_outcome,llm_change_direction
discarded,"EQ-5D and the EuroQol Group: Past, Present and Future",Nancy Devlin; Richard Brooks,2017,Applied Health Economics and Health Policy,10.1007/s40258-017-0310-5,https://openalex.org/W2587851012,medicine-domain,"Over the period 1987-1991 an inter-disciplinary five-country group developed the EuroQol instrument, a five-dimensional three-level generic measure subsequently termed the 'EQ-5D'. It was designed to measure and value health status. The salient features of its development and its consolidation and expansion are discussed. Initial expansion came, in particular, in the form of new language versions. Their development raised translation and semantic issues, experience with which helped feed into the design of two further instruments, the EQ-5D-5L and the youth version EQ-5D-Y. The expanded usage across clinical programmes, disease and condition areas, population surveys, patient-reported outcomes, and value sets is outlined. Valuation has been of continued relevance for the Group as this has allowed its instruments to be utilised as part of the economic appraisal of health programmes and their incorporation into health technology assessments. The future of the Group is considered in the context of: (1) its scientific strategy, (2) changes in the external environment affecting the demand for EQ-5D, and (3) a variety of issues it is facing in the context of the design of the instrument, its use in health technology assessment, and potential new uses for EQ-5D outside of clinical trials and technology appraisal.","openalex, dblp, scopus",llm,0.990,unreviewed,
discarded,Attitudes towards science: A review of the literature and its implications,Jonathan Osborne; Shirley Simon; Sue Collins,2003,International Journal of Science Education,10.1080/0950069032000032199,https://openalex.org/W2159539728,science-education-review,"This article offers a review of the major literature about attitudes to science and its implications over the past 20 years. It argues that the continuing decline in numbers choosing to study science at the point of choice requires a research focus on students' attitudes to science if the nature of the problem is to be understood and remediated. Starting from a consideration of what is meant by attitudes to science, it considers the problems inherent to their measurement, what is known about students' attitudes towards science and the many factors of influence such as gender, teachers, curricula, cultural and other variables. The literature itself points to the crucial importance of gender and the quality of teaching. Given the importance of the latter we argue that there is a greater need for research to identify those aspects of science teaching that make school science engaging for pupils. In particular, a growing body of research on motivation offers important pointers to the kind of classroom environment and activities that might raise pupils' interest in studying school science and a focus for future research.","openalex, dblp, scopus",llm,0.950,unreviewed,
discarded,Nanotechnology in the real world: Redeveloping the nanomaterial consumer products inventory,Marina E. Vance; Todd Kuiken; Eric P. Vejerano; Sean McGinnis; Michael F. Hochella; David Rejeski; Matthew S. Hull,2015,Beilstein Journal of Nanotechnology,10.3762/bjnano.6.181,https://openalex.org/W1160326939,non-education,"To document the marketing and distribution of nano-enabled products into the commercial marketplace, the Woodrow Wilson International Center for Scholars and the Project on Emerging Nanotechnologies created the Nanotechnology Consumer Products Inventory (CPI) in 2005. The objective of this present work is to redevelop the CPI by leading a research effort to increase the usefulness and reliability of this inventory. We created eight new descriptors for consumer products, including information pertaining to the nanomaterials contained in each product. The project was motivated by the recognition that a diverse group of stakeholders from academia, industry, and state/federal government had become highly dependent on the inventory as an important resource and bellweather of the pervasiveness of nanotechnology in society. We interviewed 68 nanotechnology experts to assess key information needs. Their answers guided inventory modifications by providing a clear conceptual framework best suited for user expectations. The revised inventory was released in October 2013. It currently lists 1814 consumer products from 622 companies in 32 countries. The Health and Fitness category contains the most products (762, or 42% of the total). Silver is the most frequently used nanomaterial (435 products, or 24%); however, 49% of the products (889) included in the CPI do not provide the composition of the nanomaterial used in them. About 29% of the CPI (528 products) contain nanomaterials suspended in a variety of liquid media and dermal contact is the most likely exposure scenario from their use. The majority (1288 products, or 71%) of the products do not present enough supporting information to corroborate the claim that nanomaterials are used. The modified CPI has enabled crowdsourcing capabilities, which allow users to suggest edits to any entry and permits researchers to upload new findings ranging from human and environmental exposure data to complete life cycle assessments. There are inherent limitations to this type of database, but these modifications to the inventory addressed the majority of criticisms raised in published literature and in surveys of nanotechnology stakeholders and experts. The development of standardized methods and metrics for nanomaterial characterization and labelling in consumer products can lead to greater understanding between the key stakeholders in nanotechnology, especially consumers, researchers, regulators, and industry.","openalex, dblp, scopus",llm,0.990,unreviewed,
discarded,The integrative future of taxonomy,José M. Padial; Aurélien Miralles; Ignacio De la Riva; Miguel Vences,2010,Frontiers in Zoology,10.1186/1742-9994-7-16,https://openalex.org/W1964138333,science-domain,"BACKGROUND: Taxonomy is the biological discipline that identifies, describes, classifies and names extant and extinct species and other taxa. Nowadays, species taxonomy is confronted with the challenge to fully incorporate new theory, methods and data from disciplines that study the origin, limits and evolution of species. RESULTS: Integrative taxonomy has been proposed as a framework to bring together these conceptual and methodological developments. Here we review perspectives for an integrative taxonomy that directly bear on what species are, how they can be discovered, and how much diversity is on Earth. CONCLUSIONS: We conclude that taxonomy needs to be pluralistic to improve species discovery and description, and to develop novel protocols to produce the much-needed inventory of life in a reasonable time. To cope with the large number of candidate species revealed by molecular studies of eukaryotes, we propose a classification scheme for those units that will facilitate the subsequent assembly of data sets for the formal description of new species under the Linnaean system, and will ultimately integrate the activities of taxonomists and molecular biologists.","openalex, dblp, scopus",llm,0.990,unreviewed,
discarded,The past and future of constructive technology assessment,Johan Schot; Arie Rip,1997,Technological Forecasting and Social Change,10.1016/s0040-1625(96)00180-1,https://openalex.org/W2147233604,method-paper-outside-scope,,"openalex, dblp, scopus",llm,0.980,unreviewed,
discarded,Terrestrial laser scanning in forest inventories,Xinlian Liang; Ville Kankare; Juha Hyyppä; Yunsheng Wang; Antero Kukko; Henrik Haggrén; Xiaowei Yu; Harri Kaartinen; Anttoni Jaakkola; Fengying Guan; Markus Holopainen; Mikko Vastaranta,2016,ISPRS Journal of Photogrammetry and Remote Sensing,10.1016/j.isprsjprs.2016.01.006,https://openalex.org/W2280788228,science-domain,"Decision making on forest resources relies on the precise information that is collected using inventory. There are many different kinds of forest inventory techniques that can be applied depending on the goal, scale, resources and the required accuracy. Most of the forest inventories are based on field sample. Therefore, the accuracy of the forest inventories depends on the quality and quantity of the field sample. Conventionally, field sample has been measured using simple tools. When map is required, remote sensing materials are needed. Terrestrial laser scanning (TLS) provides a measurement technique that can acquire millimeter-level of detail from the surrounding area, which allows rapid, automatic and periodical estimates of many important forest inventory attributes. It is expected that TLS will be operationally used in forest inventories as soon as the appropriate software becomes available, best practices become known and general knowledge of these findings becomes more wide spread. Meanwhile, mobile laser scanning, personal laser scanning, and image-based point clouds became capable of capturing similar terrestrial point cloud data as TLS. This paper reviews the advances of applying TLS in forest inventories, discusses its properties with reference to other related techniques and discusses the future prospects of this technique.","openalex, dblp, scopus",llm,0.990,unreviewed,
discarded,Landsat-8: Science and product vision for terrestrial global change research,David P. Roy; Michael A. Wulder; Thomas R. Loveland; Curtis E. Woodcock; Richard G. Allen; Martha C. Anderson; Dennis Helder; James R. Irons; David M. Johnson; Robert E. Kennedy; T. A. Scambos; Crystal Schaaf; John R. Schott; Yongwei Sheng; Éric Vermote; Alan Belward; Robert Bindschadler; Warren B. Cohen; Feng Gao; James D. Hipple; Patrick Hostert; Justin Huntington; C. O. Justice; Ayşe Kiliç; V. Kovalskyy; Z. P. Lee; Leo Lymburner; J. G. Masek; Joel McCorkel; Yanmin Shuai; Ricardo Trezza; James E. Vogelmann; Randolph H. Wynne; Zhe Zhu,2014,Remote Sensing of Environment,10.1016/j.rse.2014.02.001,https://openalex.org/W2139709933,science-domain,"Landsat 8, a NASA and USGS collaboration, acquires global moderate-resolution measurements of the Earth's terrestrial and polar regions in the visible, near-infrared, short wave, and thermal infrared. Landsat 8 extends the remarkable 40 year Landsat record and has enhanced capabilities including new spectral bands in the blue and cirrus cloud-detection portion of the spectrum, two thermal bands, improved sensor signal-to-noise performance and associated improvements in radiometric resolution, and an improved duty cycle that allows collection of a significantly greater number of images per day. This paper introduces the current (2012–2017) Landsat Science Team's efforts to establish an initial understanding of Landsat 8 capabilities and the steps ahead in support of priorities identified by the team. Preliminary evaluation of Landsat 8 capabilities and identification of new science and applications opportunities are described with respect to calibration and radiometric characterization; surface reflectance; surface albedo; surface temperature, evapotranspiration and drought; agriculture; land cover, condition, disturbance and change; fresh and coastal water; and snow and ice. Insights into the development of derived ‘higher-level’ Landsat products are provided in recognition of the growing need for consistently processed, moderate spatial resolution, large area, long-term terrestrial data records for resource management and for climate and global change studies. The paper concludes with future prospects, emphasizing the opportunities for land imaging constellations by combining Landsat data with data collected from other international sensing systems, and consideration of successor Landsat mission requirements.","openalex, dblp, scopus",llm,0.990,unreviewed,
discarded,Reverse logistics and closed-loop supply chain: A comprehensive review to explore the future,Kannan Govindan; Hamed Soleimani; Devika Kannan,2014,European Journal of Operational Research,10.1016/j.ejor.2014.07.012,https://openalex.org/W2020833085,non-computing-domain,"Based on environmental, legal, social, and economic factors, reverse logistics and closed-loop supply chain issues have attracted attention among both academia and practitioners. This attention is evident by the vast number of publications in scientific journals which have been published in recent years. Hence, a comprehensive literature review of recent and state-of-the-art papers is vital to draw a framework of the past, and to shed light on future directions. The aim of this paper is to review recently published papers in reverse logistic and closed-loop supply chain in scientific journals. A total of 382 papers published between January 2007 and March 2013 are selected and reviewed. The papers are then analyzed and categorized to construct a useful foundation of past research. Finally, gaps in the literature are identified to clarify and to suggest future research opportunities.","openalex, dblp, scopus",llm,0.990,unreviewed,
discarded,Geographic information systems and science,"Rocha, Jorge; Abrantes, Patrícia",2011,International Journal of Digital Earth,10.1080/17538947.2011.582276,https://openalex.org/W2512173100,science-domain,"Geographic information systems and science, edited by P.A. Longley, M.A. Goodchild, D.J. Maguire and D.W. Rhind, Hoboken, NJ, John Wiley & Sons, 2011, 539 pp., €44.40 (paperback), ISBN 978-0-470-72...","openalex, dblp, scopus",llm,0.990,unreviewed,
discarded,Linking circular economy and digitalisation technologies: A systematic literature review of past achievements and future promises,Chetna Chauhan; Vinit Parida; Amandeep Dhir,2022,Technological Forecasting and Social Change,10.1016/j.techfore.2022.121508,https://openalex.org/W4206433468,non-education,"The circular economy (CE) has the potential to capitalise upon emerging digital technologies, such as big data, artificial intelligence (AI), blockchain and the Internet of things (IoT), amongst others. These digital technologies combined with business model innovation are deemed to provide solutions to myriad problems in the world, including those related to circular economy transformation. Given the societal and practical importance of CE and digitalisation, last decade has witnessed a significant increase in academic publication on these topics. Therefore, this study aims to capture the essence of the scholarly work at the intersection of the CE and digital technologies. A detailed analysis of the literature based on emerging themes was conducted with a focus on illuminating the path of CE implementation. The results reveal that IoT and AI play a key role in the transition towards the CE. A multitude of studies focus on barriers to digitalisation-led CE transition and highlight policy-related issues, the lack of predictability, psychological issues and information vulnerability as some important barriers. In addition, product-service system (PSS) has been acknowledged as an important business model innovation for achieving the digitalisation enabled CE. Through a detailed assessment of the existing literature, a viable systems-based framework for digitalisation enabled CE has been developed which show the literature linkages amongst the emerging research streams and provide novel insights regarding the realisation of CE benefits.","openalex, dblp, scopus",llm,0.990,unreviewed,
discarded,The Future of the Internet--And How to Stop It,Jonathan Zittrain,2008,Digital Access to Scholarship at Harvard (DASH) (Harvard University),,https://openalex.org/W1561558283,non-education,"This extraordinary book explains the engine that has catapulted the Internet from backwater to ubiquity—and reveals that it is sputtering precisely because of its runaway success. With the unwitting help of its users, the generative Internet is on a path to a lockdown, ending its cycle of innovation—and facilitating unsettling new kinds of control. IPods, iPhones, Xboxes, and TiVos represent the first wave of Internet-centered products that can’t be easily modified by anyone except their vendors or selected partners. These “tethered appliances” have already been used in remarkable but little-known ways: car GPS systems have been reconfigured at the demand of law enforcement to eavesdrop on the occupants at all times, and digital video recorders have been ordered to self-destruct thanks to a lawsuit against the manufacturer thousands of miles away. New Web 2.0 platforms like Google mash-ups and Facebook are rightly touted—but their applications can be similarly monitored and eliminated from a central source. As tethered appliances and applications eclipse the PC, the very nature of the Internet—its “generativity,” or innovative character—is at risk. The Internet’s current trajectory is one of lost opportunity. Its salvation, Zittrain argues, lies in the hands of its millions of users. Drawing on generative technologies like Wikipedia that have so far survived their own successes, this book shows how to develop new technologies and social structures that allow users to work creatively and collaboratively, participate in solutions, and become true “netizens.” The author has made an online version of this work available under a Creative Commons Attribution-Noncommercial-Share Alike 3.0 License. It can be accessed through the author’s Web site at http://www.jz.org.","openalex, dblp, scopus",llm,0.980,unreviewed,
discarded,Reinforcement Learning: A Survey,Leslie Pack Kaelbling; Michael L. Littman; Andrew Moore,1996,Journal of Artificial Intelligence Research,10.1613/jair.301,https://openalex.org/W2107726111,non-education,"This paper surveys the field of reinforcement learning from a computer-science perspective. It is written to be accessible to researchers familiar with machine learning. Both the historical basis of the field and a broad selection of current work are summarized. Reinforcement learning is the problem faced by an agent that learns behavior through trial-and-error interactions with a dynamic environment. The work described here has a resemblance to work in psychology, but differs considerably in the details and in the use of the word ``reinforcement.'' The paper discusses central issues of reinforcement learning, including trading off exploration and exploitation, establishing the foundations of the field via Markov decision theory, learning from delayed reinforcement, constructing empirical models to accelerate learning, making use of generalization and hierarchy, and coping with hidden state. It concludes with a survey of some implemented systems and an assessment of the practical utility of current methods for reinforcement learning.","openalex, dblp, scopus",llm,0.990,unreviewed,
discarded,Digital Twin: Origin to Future,Maulshree Singh; Evert Fuenmayor; Eoin P. Hinchy; Yuansong Qiao; Niall Murray; Declan M. Devine,2021,Applied System Innovation,10.3390/asi4020036,https://openalex.org/W3164800436,non-education,"Digital Twin (DT) refers to the virtual copy or model of any physical entity (physical twin) both of which are interconnected via exchange of data in real time. Conceptually, a DT mimics the state of its physical twin in real time and vice versa. Application of DT includes real-time monitoring, designing/planning, optimization, maintenance, remote access, etc. Its implementation is expected to grow exponentially in the coming decades. The advent of Industry 4.0 has brought complex industrial systems that are more autonomous, smart, and highly interconnected. These systems generate considerable amounts of data useful for several applications such as improving performance, predictive maintenance, training, etc. A sudden influx in the number of publications related to ‘Digital Twin’ has led to confusion between different terminologies related to the digitalization of industries. Another problem that has arisen due to the growing popularity of DT is a lack of consensus on the description of DT as well as so many different types of DT, which adds to the confusion. This paper intends to consolidate the different types of DT and different definitions of DT throughout the literature for easy identification of DT from the rest of the complimentary terms such as ‘product avatar’, ‘digital thread’, ‘digital model’, and ‘digital shadow’. The paper looks at the concept of DT since its inception to its predicted future to realize the value it can bring to certain sectors. Understanding the characteristics and types of DT while weighing its pros and cons is essential for any researcher, business, or sector before investing in the technology.","openalex, dblp, scopus",llm,0.990,unreviewed,
discarded,Managing the computer resource,Richard L. Nolan,1973,Communications of the ACM,10.1145/362280.362284,https://openalex.org/W2081737649,non-education,"Based on the study of expenditures for data processing, a descriptive stage hypothesis is presented. It is suggested that the planning, organizing, and controlling activities associated with managing the computer resource will change in character over a period of time, and will evolve in patterns roughly correlated to four stages of the computer budget: Stage I (computer acquisition), Stage II (intense system development), Stage III (proliferation of controls), and Stage IV (user/service orientation). Each stage is described and related to individual tasks for managing the computer resource.","openalex, dblp, scopus",llm,0.990,unreviewed,
