status,title,authors,year,venue,doi,url,tags,abstract,provider,decision_source,llm_confidence,llm_review_outcome,llm_change_direction
discarded,Next-generation sequencing: a challenge to meet the increasing demand for training workshops in Australia,Nathan S. Watson‐Haigh; Catherine A. Shang; Matthias Haimel; Myrto Kostadima; Ruth J. F. Loos; N. Deshpande; Konsta Duesing; Xi Li; Annette McGrath; Sean McWilliam; S. Michnowicz; Paula Moolhuijzen; Steve Quenette; Jerico Revote; Sonika Tyagi; Maria Victoria Schneider,2013,Briefings in Bioinformatics,10.1093/bib/bbt022,https://openalex.org/W2109401902,cs1-learning-outcomes; training-demand-report-not-shell,"The widespread adoption of high-throughput next-generation sequencing (NGS) technology among the Australian life science research community is highlighting an urgent need to up-skill biologists in tools required for handling and analysing their NGS data. There is currently a shortage of cutting-edge bioinformatics training courses in Australia as a consequence of a scarcity of skilled trainers with time and funding to develop and deliver training courses. To address this, a consortium of Australian research organizations, including Bioplatforms Australia, the Commonwealth Scientific and Industrial Research Organisation and the Australian Bioinformatics Network, have been collaborating with EMBL-EBI training team. A group of Australian bioinformaticians attended the train-the-trainer workshop to improve training skills in developing and delivering bioinformatics workshop curriculum. A 2-day NGS workshop was jointly developed to provide hands-on knowledge and understanding of typical NGS data analysis workflows. The road show-style workshop was successfully delivered at five geographically distant venues in Australia using the newly established Australian NeCTAR Research Cloud. We highlight the challenges we had to overcome at different stages from design to delivery, including the establishment of an Australian bioinformatics training network and the computing infrastructure and resource development. A virtual machine image, workshop materials and scripts for configuring a machine with workshop contents have all been made available under a Creative Commons Attribution 3.0 Unported License. This means participants continue to have convenient access to an environment they had become familiar and bioinformatics trainers are able to access and reuse these resources.","openalex, scopus, wos",human,0.720,human,
discarded,Designing Data Science Workshops for Data-Intensive Environmental Science Research,Allison S. Theobold; Stacey A. Hancock; Sara Mannheimer,2020,Journal of Statistics and Data Science Education,10.1080/10691898.2020.1854636,https://openalex.org/W3109200394,cs1-learning-outcomes; workshop-design-not-measurement,"Over the last 20 years, statistics preparation has become vital for a broad range of scientific fields, and statistics coursework has been readily incorporated into undergraduate and graduate programs. However, a gap remains between the computational skills taught in statistics service courses and those required for the use of statistics in scientific research. Ten years after the publication of “Computing in the Statistics Curriculum,” the nature of statistics continues to change, and computing skills are more necessary than ever for modern scientific researchers. In this article, we describe research on the design and implementation of a suite of data science workshops for environmental science graduate students, providing students with the skills necessary to retrieve, view, wrangle, visualize, and analyze their data using reproducible tools. These workshops help to bridge the gap between the computing skills necessary for scientific research and the computing skills with which students leave their statistics service courses. Moreover, though targeted to environmental science graduate students, these workshops are open to the larger academic community. As such, they promote continued learning of the computational tools necessary for working with data, and provide resources for incorporating data science into the classroom.","openalex, scopus, wos",human,0.720,human,
discarded,Developing and deploying an integrated workshop curriculum teaching computational skills for reproducible research,Zena Lapp; Kelly L. Sovacool; Nick Lesniak; Dana King; Catherine Barnier; Matthew Flickinger; Jule Krüger; Courtney R. Armour; Maya M. Lapp; Jason Tallant; Rucheng Diao; Morgan Oneka; Sarah Tomkovich; Jacqueline Moltzau Anderson; Sarah K. Lucas; Patrick D. Schloss,2022,Journal of Open Source Education,10.21105/jose.00144,https://openalex.org/W4225896791,cs1-learning-outcomes; workshop-curriculum-description-no-measurement,"Inspired by well-established material and pedagogy provided by The Carpentries (Wilson, 2016), we developed a two-day workshop curriculum that teaches introductory R programming for managing, analyzing, plotting and reporting data using packages from the tidyverse (Wickham et al., 2019), the Unix shell, version control with git, and GitHub. While the official Software Carpentry curriculum is comprehensive, we found that it contains too much content for a two-day workshop. We also felt that the independent nature of the lessons left learners confused about how to integrate the newly acquired programming skills in their own work. Thus, we developed a new curriculum that aims to teach novices how to implement reproducible research principles in their own data analysis. The curriculum integrates live coding lessons with individual-level and group-based practice exercises, and also serves as a succinct resource that learners can reference both during and after the workshop. Moreover, it lowers the entry barrier for new instructors as they do not have to develop their own teaching materials or sift through extensive content. We developed this curriculum during a two-day sprint, successfully used it to host a two-day virtual workshop with almost 40 participants, and updated the material based on instructor and learner feedback. We hope that our new curriculum will prove useful to future instructors interested in teaching workshops with similar learning objectives.","openalex, scopus, wos",human,0.870,human,
discarded,Expanding user communities with HPC Carpentry,Alan Ó Cais; Peter Steinbach,2020,The Journal of Computational Science Education,10.22369/issn.2153-4136/11/1/4,https://openalex.org/W3004361019,cs1-learning-outcomes; community-report-no-measurement,"Adoption of HPC as a research tool and industrial resource is a priority in many countries. The use of data analytics and machine learning approaches in many areas also attracts non-traditional HPC user communities to the hardware capabilities provided by supercomputing facilities. As a result, HPC at all scales is experiencing rapid growth of the demand for training, with much of this at the introductory level.","openalex, scopus, wos",human,0.700,human,
kept,Analysis Of Software And Data Carpentry'S Pre- And Post-Workshop Surveys,Kari L. Jordan; François Michonneau; Belinda Weaver,2018,Zenodo (CERN European Organization for Nuclear Research),10.5281/zenodo.1325464,https://openalex.org/W3210913595,cs1-learning-outcomes; pre-post-test; perception-survey-carpentries,"Since November 17, 2015, Software and Data Carpentry have collected information on learner demographics, perception of tools, and confidence in working with data. As we continue in our goal to streamline processes as The Carpentries, the Assessment Team completed an analysis of the pre- and post-workshop surveys for both Software Carpentry and Data Carpentry. The goal of this analysis is to understand the impact our workshops are having on learners, and how we can improve our surveys and assessment infrastructure. This report covers the workshops from November 17, 2015 to May 21, 2018 for Software Carpentry, and from August 07, 2017 to May 11, 2018 for Data Carpentry. As an overview, 1259 and 852 learners have responded to Data Carpentry’s pre- and post-workshop surveys respectively, while 14154 and 6458 have responded to Software Carpentry’s. This report includes the following: • Motivation for Attending Carpentries Workshops<br> • Workshop Type and Perception of Workshop Environment/Experience<br> • Effect of Workshops on Learners’ Self-Reported Perspectives, Skills, and Confidence• Ability to Perform Computing Tasks<br> • Demographics<br> • Summary","openalex, scopus, wos",human,0.960,human,
discarded,Short-format Workshops Build Skills and Confidence for Researchers to Work with Data,Kari L. Jordan; Marianne Corvellec; Elizabeth Wickes; Naupaka Zimmerman; Jonah Duckles; Tracy Teal,2020,,10.18260/1-2--30960,https://openalex.org/W2883144755,cs1-learning-outcomes; abstract-not-retrievable-author-bio-only-covered-by-Jordan2018,"Jonah Duckles works to accelerate data-driven inquiry by catalyzing digital skills and building organizational capacity. As a part of the leadership team, he helped to grow Software and Data Carpentry into a financially sustainable non-profit with a","openalex, scopus, wos",human,0.780,human,
discarded,Research Software Current State Assessment,"Zhang, Qian; Susan Windisch Brown; J. Colliander; Brian Corrie; Gábor Fichtinger; Scott Henwood; Mark Leggott; Catherine Lovekin; Felipe Pérez‐Jvostov; Ghilaine Roquet; Marc-Étienne Rousseau",2021,Zenodo (CERN European Organization for Nuclear Research),10.5281/zenodo.6554176,https://openalex.org/W4286987345,non-education,"As the first position paper on research software (RS) in Canada, this report surveys and summarizes RS generally as an emerging field and as an area of professionalization, nationally and internationally, and documents strengths, challenges, and opportunities within the current RS ecosystem, as they pertain to the Digital Research Alliance of Canada (the Alliance). The purpose of this paper is to frame an understanding of the RS landscape and establish a general framework for conversation within Canada. This report complements The Current State of Research Data Management (RDM) in Canada and The Current State of Advanced Research Computing (ARC) in Canada reports. This report is intended to allow the Alliance to understand and build on the current state and facilitate a strategy that advances RS in coordination with other digital research infrastructure (DRI) elements to support research excellence in Canada. Findings and observations in this document, alongside the RDM and ARC Current State Assessment publications, are meant to provide background information to the Alliance analysts and management, the Alliance Board, and the Alliance Researcher Council, to support the development of the Alliance’s New Service Delivery Model (NSDM), Strategic Planning, and Funding Model Delivery.","openalex, scopus, wos",llm,0.970,unreviewed,
discarded,Developing and deploying an integrated workshop curriculum teaching computational skills for reproducible research,Zena Lapp; Kelly L. Sovacool; Nick Lesniak; Dana King; Catherine Barnier; Matthew Flickinger; Jule Krüger; Courtney R. Armour; Maya M. Lapp; Jason Tallant; Rucheng Diao; Morgan Oneka; Sarah Tomkovich; Jacqueline Moltzau Anderson; Sarah K. Lucas; Patrick D. Schloss,2021,bioRxiv (Cold Spring Harbor Laboratory),10.1101/2021.06.15.448091,https://openalex.org/W3168585657,cs1-learning-outcomes; preprint-duplicate-of-JOSE-paper,"Summary Inspired by well-established material and pedagogy provided by The Carpentries (Wilson 2016), we developed a two-day workshop curriculum that teaches introductory R programming for managing, analyzing, plotting and reporting data using packages from the tidyverse (Wickham et al. 2019), the Unix shell, version control with git, and GitHub. While the official Software Carpentry curriculum is comprehensive, we found that it contains too much content for a two-day workshop. We also felt that the independent nature of the lessons left learners confused about how to integrate the newly acquired programming skills in their own work. Thus, we developed a new curriculum that aims to teach novices how to implement reproducible research principles in their own data analysis. The curriculum integrates live coding lessons with individual-level and group-based practice exercises, and also serves as a succinct resource that learners can reference both during and after the workshop. Moreover, it lowers the entry barrier for new instructors as they do not have to develop their own teaching materials or sift through extensive content. We developed this curriculum during a two-day sprint, successfully used it to host a two-day virtual workshop with almost 40 participants, and updated the material based on instructor and learner feedback. We hope that our new curriculum will prove useful to future instructors interested in teaching workshops with similar learning objectives.","openalex, scopus, wos",human,0.860,human,
discarded,Student‐led workshops: Filling skills gaps in computational research for life scientists,Katherine LaTourrette; Ashley Stengel; Jennifer Clarke,2021,Natural sciences education,10.1002/nse2.20052,https://openalex.org/W3153069262,cs1-learning-outcomes; workshop-report-demographics-survey-only,"Abstract Computational skills are increasingly important for conducting research in the agricultural and natural sciences. However, barriers to training availability and accessibility have left many life scientists under‐prepared. To address these challenges, we developed a workshop series led by graduate students to cover topics relevant to research needs among life scientists. Our workshops incorporated guided practice to facilitate a student‐centered learning environment. Further, in response to changes mandated by the COVID‐19 pandemic, the workshop series was converted to a virtual format and extended to life science researchers beyond our home institution. We highlight how to effectively structure workshops to develop computational skills and adapt in‐person activities to the virtual environment. Survey data shows our workshops reached a highly diverse group of scientists, representing more than eight departments, in both in‐person and virtual renditions. Further, we demonstrate an increase in self‐reported confidence in student abilities to apply concepts to their own research following content delivery. This increase was facilitated in both virtual and in‐person environments, showing that adapting content for online delivery is capable of supporting student learning gains. The success of this workshop series shows the importance of hands‐on, guided practice in developing computational skills to fill gaps in training in the agricultural and natural sciences.","openalex, scopus, wos",human,0.780,human,
discarded,Bioinformatics core competencies for undergraduate life sciences education,Melissa A. Wilson Sayres; Charles R. Hauser; Michael Sierk; Srebrenka Robic; Anne Rosenwald; T. M. F. Smith; Eric W. Triplett; Jason Williams; Elizabeth A. Dinsdale; William Morgan; James M. Burnette; Sam S Donovan; Jennifer C. Drew; Sarah C. R. Elgin; Edison R. Fowlks; Sebastian Galindo; Anya Goodman; Neal Grandgenett; Carlos Goller; John R. Jungck; Jeffrey D. Newman; William R. Pearson; Elizabeth F. Ryder; Rafael Tosado-Acevedo; William Tapprich; Tammy C. Tobin; Arlín Toro-Martínez; Lonnie R. Welch; Robin Wright; Lindsay Barone; David Ebenbach; Mindy McWilliams; Kimberly C. Olney; Mark Pauley,2018,PLoS ONE,10.1371/journal.pone.0196878,https://openalex.org/W2949550946,science-domain,"Although bioinformatics is becoming increasingly central to research in the life sciences, bioinformatics skills and knowledge are not well integrated into undergraduate biology education. This curricular gap prevents biology students from harnessing the full potential of their education, limiting their career opportunities and slowing research innovation. To advance the integration of bioinformatics into life sciences education, a framework of core bioinformatics competencies is needed. To that end, we here report the results of a survey of biology faculty in the United States about teaching bioinformatics to undergraduate life scientists. Responses were received from 1,260 faculty representing institutions in all fifty states with a combined capacity to educate hundreds of thousands of students every year. Results indicate strong, widespread agreement that bioinformatics knowledge and skills are critical for undergraduate life scientists as well as considerable agreement about which skills are necessary. Perceptions of the importance of some skills varied with the respondent's degree of training, time since degree earned, and/or the Carnegie Classification of the respondent's institution. To assess which skills are currently being taught, we analyzed syllabi of courses with bioinformatics content submitted by survey respondents. Finally, we used the survey results, the analysis of the syllabi, and our collective research and teaching expertise to develop a set of bioinformatics core competencies for undergraduate biology students. These core competencies are intended to serve as a guide for institutions as they work to integrate bioinformatics into their life sciences curricula.","openalex, scopus, wos",llm,0.940,unreviewed,
discarded,Experimenting with reproducibility: a case study of robustness in bioinformatics,Yang-Min Kim; Jean‐Baptiste Poline; Guillaume Dumas,2018,GigaScience,10.1093/gigascience/giy077,https://openalex.org/W2810419619,science-domain,"Reproducibility has been shown to be limited in many scientific fields. This question is a fundamental tenet of scientific activity, but the related issues of reusability of scientific data are poorly documented. Here, we present a case study of our difficulties in reproducing a published bioinformatics method even though code and data were available. First, we tried to re-run the analysis with the code and data provided by the authors. Second, we reimplemented the whole method in a Python package to avoid dependency on a MATLAB license and ease the execution of the code on a high-performance computing cluster. Third, we assessed reusability of our reimplementation and the quality of our documentation, testing how easy it would be to start from our implementation to reproduce the results. In a second section, we propose solutions from this case study and other observations to improve reproducibility and research efficiency at the individual and collective levels.While finalizing our code, we created case-specific documentation and tutorials for the associated Python package StratiPy. Readers are invited to experiment with our reproducibility case study by generating the two confusion matrices (see more in section ""Robustness: from MATLAB to Python, language and organization""). Here, we propose two options: a step-by-step process to follow in a Jupyter/IPython notebook or a Docker container ready to be built and run.","openalex, scopus, wos",llm,0.960,unreviewed,
discarded,SSHOC D6.7 Inventory of existing learning materials,Matej Ďurčo; Klaus Illmayer; Laure Barbot,2019,Zenodo (CERN European Organization for Nuclear Research),10.5281/zenodo.3596003,https://openalex.org/W3208441928,education-technology-general,"For planning further activities in WP6 - Fostering Communities, Empowering Users, &amp; Building Expertise as well as input for the development of the SSH Open Marketplace in WP7- Creating the SSH Open Marketplace it is indispensable to survey the current landscape of existing training materials in the SSH cluster as well as in the broader context of EOSC. Numerous similar activities have been performed in various recent EOSC- and FAIR- related projects and these have served as partial input while compiling this inventory. Around 30 sources of training material of various kinds and scopes have been gathered initially. These were analysed along with a number of dimensions, like intended audience, relevant discipline, topics covered, extent, status etc. Additionally, for most of the sources, a few individual training material items were picked and described in further detail. All this information has been collected through a dedicated Drupal-based application. The collected information is not exhausting, but it should provide a sufficient probe into the training materials landscape to inform further actions. Particularly it reveals the following findings: There seems to be a host of material on Research Data Management and application of FAIR principles, as well as on basic scripting skills for Data Science, i.e. working with the shell, programming with Python/R, for purposes of automatically processing data. We can distinguish four types of training materials: e-learning courses, carpentry-style, blog-style, static (slides, videos, PDFs) There are numerous sources that seem to be abandoned or in danger of becoming obsolete. There is little to none harmonisation with respect to metadata about the training material. This information is seldom available in structured and automatically harvestable form. The findings imply the following recommendations for further work in WP6 and WP7: Perform a gap analysis on the topic coverage combined with the set of topics which could be provided by the individual WPs of the project Reserve sufficient capacities for the manual curation of existing sources, defining metadata and communicating with the providers. Start as soon as possible.","openalex, scopus, wos",llm,0.960,unreviewed,
