status,title,authors,year,venue,doi,url,tags,abstract,provider,decision_source,llm_confidence,llm_review_outcome,llm_change_direction
discarded,Evaluating Large Language Models Trained on Code,Mark Chen; Jerry Tworek; Heewoo Jun; Qiming Yuan; Henrique Pondé de Oliveira Pinto; Jared Kaplan; Harrison Edwards; Yuri Burda; Nicholas Joseph; Greg Brockman; Alex Ray; Raul Puri; Gretchen Krueger; Michael Petrov; Heidy Khlaaf; Girish Sastry; Pamela Mishkin; Brooke Chan; Scott Gray; Nick Ryder; Mikhail Pavlov; Alethea Power; Łukasz Kaiser; Mohammad Bavarian; Clemens Winter; Philippe Tillet; Felipe Petroski Such; Dave Cummings; Matthias Plappert; Fotios Chantzis; Elizabeth A. Barnes; Ariel Herbert-Voss; William H. Guss; Alex Nichol; Alex Paino; Nikolas Tezak; Jie Tang; I. Babuschkin; Suchir Balaji; Shantanu Jain; William S. Saunders; Christopher Hesse; Andrew N. Carr; Jan Leike; Joshua Achiam; Vedant Misra; Evan Morikawa; Alec Radford; Matthew M. Knight; Miles Brundage; Mira Murati; Katie Mayer; Peter Welinder; Bob McGrew; Dario Amodei; Sam McCandlish; Ilya Sutskever; Wojciech Zaremba,2021,arXiv (Cornell University),10.48550/arxiv.2107.03374,https://openalex.org/W3177813494,llm-prompting,"I created a basic proof of concept of LMVM (Language Model Virtual Machine), a command line toolchain that English instructions into native binaries without intermediary high-level language compilation. The command line uses a large language model (LLM) as IR generation backend, producing LLVM Intermediate Representation (IR) directly from user instructions coding. The IR is compiled and linked to machine code (-o files) via `clang` (with an `llc`/`lld` fallback on POSIX hosts) and executed on bare metal, within Docker sandboxes, on AWS Lambda, or as standalone HTTP servers. How It Works (5 Steps) 1. You type an instruction - e.g. ""Create a rest api running on localhost port 3000 and return hello world"" 2. LMVM checks your computer - It figures out if you're on Windows/Mac/Linux, what CPU you have (Intel vs ARM), and makes sure clang (the compiler) is installed. If not, it offers to install it for you (with your permission). 3. An AI writes LLVM IR - Instead of writing C or Python, the LLM writes LLVM IR -- a low-level assembly-like language that sits between source code and machine code. The prompt includes your OS details so the AI generates code that works on your platform (e.g. Winsock on Windows vs POSIX sockets on Mac/Linux). 4. Clang turns IR into a native binary - clang compiles the IR and links it with system libraries (PostgreSQL, OpenSSL, SQLite, etc.) into a real executable. One step, no extra tools needed. 5. It runs - The binary executes directly on your CPU. If it's a Docker target, it runs sandboxed. If it's Lambda, it packages for AWS. 2. Why we care : Compiled native binaries outperform interpreted languages by 10-50x in CPU usage and 5-15x in memory for compute-heavy tasks, because interpreters add overhead with every instruction they process and their single-threaded execution model blocks true parallelism. Few runtimes that compile code on the fly, the gap narrows to 2-5x in CPU since those systems optimize hot code paths over time -- but native code still starts faster, uses less memory, and can run true parallel threads instead of juggling everything through a single event loop. The biggest gains show up in recursive and number-crunching workloads (where the cost of ""figuring out what to do next"" dominates) and memory-heavy tasks (where automatic garbage collection and wrapping every value in an object bloats memory usage). I/O-bound tasks show the smallest differences, because the operating system does the real work regardless of what language runtime sits on top. This also means we need to think carefully about maintainability, especially now that AI agents can generate code as a complete black box sometimes even producing low-level output that humans rarely inspect. 3. System Architecture [CLI] → [Toolchain] → [LLM Client] → [Compiler] → [Runner] → Output ↑ | Error Feedback | Self‑Correction Loop (x10) 3.1 CLI and Interactive Setup The command-line interface (built on Commander.js) exposes four commands: `run` (compile and execute), `compile` (IR generation only), `build` (compile existing IR), and `targets` (list output targets). 3.2 LLM Client The LLM client wraps an OpenAI-compatible API, supporting providers examples (OpenAI, Groq, Together AI, OpenRouter, and local llm instances). The command line agent constructs prompts from two sources: a system prompt (loaded from `Prompt.md`, ~4000 tokens) containing LLVM IR generation rules, security constraints, and code templates; and a user prompt containing a platform descriptor (host OS, exact target triple, sockets dialect), the instruction, target, and error context for retry attempts. A secondary method, is used by the toolchain bootstrapper to obtain package-manager commands for the detected host. 3.3 Platform Abstraction and Toolchain Bootstrapper Since LMVM builds real native programs, it has to know exactly what computer it's running on -- the same code won't work the same way on Windows vs Mac vs Linux. So a platform module figures out three things: 1. The ""target triple"" -- a label that tells the compiler exactly which OS and CPU to build for (like x86_64-pc-windows-msvc for 64-bit Windows, or arm64-apple-darwin for an M-series Mac). 2. How to do networking -- Windows uses its own socket system (Winsock), while Mac and Linux use the standard POSIX approach. The code has to match. 3. What package manager is available -- winget/choco/scoop on Windows, brew on Mac, apt/dnf/pacman on Linux. This matters if LMVM needs to install something. All of this gets described in plain text and injected into the AI's prompt, so it writes code that actually compiles on your machine instead of assuming you're on Linux. Before talking to the AI, LMVM runs a checklist to make sure your computer can actually compile things: 1. PATH fix - If you just installed clang but your terminal hasn't refreshed yet, LMVM detects the install location and patches its own PATH so it finds clang right away, no need to restart your terminal. 2. Is clang there? - It checks that the compiler is actually available. 3. Can clang actually build a program? (Windows only) -- On Windows, having clang isn't enough -- it also needs the MSVC linker and Windows SDK behind it. LMVM compiles a tiny test program to verify the full chain works. If it fails, the Visual Studio Build Tools are probably missing. 4. Install with user's permission - If anything is missing, LMVM asks the AI for the right install commands, shows them to you, and waits for your yes before running anything. Then it checks again. If the toolchain still can't work after all that, LMVM stops early and tells you exactly what to do (install manually, open a new terminal, or use Docker instead). It doesn't waste your AI API calls retrying something a code fix can't solve. 3.4 Code Compiler Compilation is driven by `clang`, which lowers the `.ll` and invokes the platform linker in a single step: Primary path (all platforms) - `clang output.ll -o `. Library flags are platform-aware: POSIX hosts use `-lpq`, `-lcurl`, `-lssl`, etc.; Windows links `ws2_32` for socket/server targets and relies on the MSVC C runtime. For the AWS Lambda target, static linking is applied. POSIX fallback - If `clang` is unavailable on macOS/Linux, the system falls back to the classic cascade: the LLVM Static Compiler (`llc -filetype=obj -relocation-model=pic`) to produce a position-independent object file, then `ld.lld` (`-flavor gnu`), the system C compiler (`cc`), or `clang` as a linker. A 60-second timeout bounds each invocation. The compiler maps library names to their respective linker flags through platform-specific lookup tables, covering PostgreSQL (libpq), HTTP (libcurl), JSON (cJSON), SSL/TLS (OpenSSL), image processing (libpng, libjpeg), databases (libsqlite3, libmysqlclient), compression (zlib), encryption (libcrypto), caching (hiredis), and message queues (librdkafka). 3.5 Execution Runner The runner dispatches binary execution based on the detected target like native , docker or AWS or GCR. 3.6 Self-Correction Loop When compilation or execution fails, the runtime updates a VM state object (`VMState`) with the error type (compiler/linker/runtime), error message, error line number, previous IR, and a compressed memory object (`VMMemory`) tracking accumulated errors and resolved dependencies. This enriched context is fed back to the LLM in the next attempt, enabling targeted correction. The loop terminates after a configurable maximum number of attempts (default: 10). 3.7 Security Layer LMVM employs defense-in-depth across three layers: 1. AI rules -- The instructions sent to the AI explicitly say: don't generate code that runs shell commands with user input, don't write files outside the allowed folder, don't read sensitive system files, don't hardcode passwords, and don't allocate unlimited memory. Think of this as a ""don't do bad things"" rulebook for the AI. 2. Sandbox -- When running in Docker, the program is locked down. A seccomp profile blocks the most dangerous system calls -- things like creating new processes, mounting drives, rebooting the machine, loading kernel modules, or snooping on other programs. Docker also limits the program to 512 MB of RAM and 1 CPU core, so it can't eat all your resources. This follows NIST security guidelines. 3. Input protection -- When LMVM runs the compiler or your program, it passes arguments as a structured list, not a single string. This means a hacker can't sneak in shell commands the way they might with string concatenation (the classic ""shell injection"" attack). The one exception is the toolchain installer, which does run shell commands -- but it always shows you the exact commands first and waits for your approval before running them. API keys are hidden in console output, and data buffers are capped at 10 MB to prevent memory explosions Appendix : As a demo using command LMVMcli command line we created a basic rest api directly as a machice code. Generated IR by GPT","openalex, scopus, wos",llm,0.990,unreviewed,
discarded,Teachers’ Technological Pedagogical Content Knowledge Self-Efficacies,İ̇brahim Yaşar Kazu; Pınar Erten,2014,Journal of Education and Training Studies,10.11114/jets.v2i2.261,https://openalex.org/W2157774212,general-education,"The aim of this study was to determine teachers’ views on technological pedagogical content knowledge (TPACK), their self-efficacy, and whether these views changed according to sex, age, period of service, faculty graduated from, branch, access to the internet, the use of technology level, and access to in-service training which is oriented to the use of technology. Teachers’ self-efficacies which are oriented to TPACK and its sub-dimensions known as technological knowledge (TK), content knowledge (CK), pedagogical knowledge (PK), pedagogical content knowledge (PCK), technological content knowledge (TCK) and technological pedagogical knowledge (TPK) were determined to be at a high level. According to this study, teachers’ self-efficacy perceptions on TK, CK, PCK, TCK and TPACK did not change according to sex while the self-efficacy perceptions on PK and TPK changed according to sex. It was concluded that the self-efficacy perceptions of female teachers in these dimensions were higher when compared to those of male teachers. According to the present study, teachers’ self-efficacy at TK and PCK changed according to age and the period of service, while self-efficacy at CK, PK, TCK, TPK and TPACK did not change according to these variables. In addition, a significant difference was determined between teachers’ self-efficacy perceptions on TK and TPK according to the faculty graduated from. It was detected that the self-efficacy levels of classroom teachers on CK, TPACK, PCK and TCK were higher when compared with those of branch teachers. It was also concluded from this study that teachers’ self-efficacy perception of TPACK did not change according to the situation of access to internet in the school in which they held office and that their efficacy was adequate. Teachers who thought that their self-efficacy in the use of internet was sufficient had higher levels of self-efficacies in TK, TCK, TKP and TPACK compared with other teachers. According to the present study, the in-service training that teachers receive on how to use the internet has more positive effects on CK and PCK compared with their self-efficacy in other dimensions.","openalex, scopus, wos",llm,0.980,unreviewed,
discarded,Integrating students’ perspectives about online learning: a hierarchy of factors,Montgomery Van Wart; Anna Ya Ni; Pamela S. Medina; Jesús Canelón; Melika Kordrostami; Jing Zhang; Yu Liu,2020,International Journal of Educational Technology in Higher Education,10.1186/s41239-020-00229-8,https://openalex.org/W3108219596,higher-education-general,"= 987), exploratory factor analysis study incorporating various concepts identified in the literature as critical success factors for online learning from the students' perspective, and then determines their hierarchical significance. Seven factors--Basic Online Modality, Instructional Support, Teaching Presence, Cognitive Presence, Online Social Comfort, Online Interactive Modality, and Social Presence--were identified as significant and reliable. Regression analysis indicates the minimal factors for enrollment in future classes-when students consider convenience and scheduling-were Basic Online Modality, Cognitive Presence, and Online Social Comfort. Students who accepted or embraced online courses on their own merits wanted a minimum of Basic Online Modality, Teaching Presence, Cognitive Presence, Online Social Comfort, and Social Presence. Students, who preferred face-to-face classes and demanded a comparable experience, valued Online Interactive Modality and Instructional Support more highly. Recommendations for online course design, policy, and future research are provided.","openalex, scopus, wos",llm,0.980,unreviewed,
discarded,"Empowering ChatGPT with guidance mechanism in blended learning: effect of self-regulated learning, higher-order thinking skills, and knowledge construction",Hsin‐Yu Lee; Pei-Hua Chen; Wei‐Sheng Wang; Yueh‐Min Huang; Ting‐Ting Wu,2024,International Journal of Educational Technology in Higher Education,10.1186/s41239-024-00447-4,https://openalex.org/W4392342858,ai-chatbots-not-shell,"Abstract In the evolving landscape of higher education, challenges such as the COVID-19 pandemic have underscored the necessity for innovative teaching methodologies. These challenges have catalyzed the integration of technology into education, particularly in blended learning environments, to bolster self-regulated learning (SRL) and higher-order thinking skills (HOTS). However, increased autonomy in blended learning can lead to learning disruptions if issues are not promptly addressed. In this context, OpenAI's ChatGPT, known for its extensive knowledge base and immediate feedback capability, emerges as a significant educational resource. Nonetheless, there are concerns that students might become excessively dependent on such tools, potentially hindering their development of HOTS. To address these concerns, this study introduces the Guidance-based ChatGPT-assisted Learning Aid (GCLA). This approach modifies the use of ChatGPT in educational settings by encouraging students to attempt problem-solving independently before seeking ChatGPT assistance. When engaged, the GCLA provides guidance through hints rather than direct answers, fostering an environment conducive to the development of SRL and HOTS. A randomized controlled trial (RCT) was employed to examine the impact of the GCLA compared to traditional ChatGPT use in a foundational chemistry course within a blended learning setting. This study involved 61 undergraduate students from a university in Taiwan. The findings reveal that the GCLA enhances SRL, HOTS, and knowledge construction compared to traditional ChatGPT use. These results directly align with the research objective to improve learning outcomes through providing guidance rather than answers by ChatGPT. In conclusion, the introduction of the GCLA has not only facilitated more effective learning experiences in blended learning environments but also ensured that students engage more actively in their educational journey. The implications of this study highlight the potential of ChatGPT-based tools in enhancing the quality of higher education, particularly in fostering essential skills such as self-regulation and HOTS. Furthermore, this research offers insights regarding the more effective use of ChatGPT in education.","openalex, scopus, wos",llm,0.980,unreviewed,
discarded,Exploring key psychological factors influencing virtual fitting room adoption among individuals with physical disabilities,Li X.Z.,2026,Scientific Reports,10.1038/s41598-025-29428-x,https://www.scopus.com/inward/record.uri?partnerID=HzOxMe3b&scp=105029127357&origin=inward,non-computing-domain,"Despite the growing adoption of Virtual Fitting Room (VFR) technology, further investigation is needed to understand the acceptance of digital technologies among users with physical disabilities. Existing studies have provided limited insight into the behavioural responses of individuals with physical disabilities after using VFR. Therefore, this study aims to develop a VFR acceptance model to examine the behavioural intention to use VFR among individuals with physical disabilities living in mainland China and Taiwan. Three psychological factors—perceived fun, self-efficacy, and perceived convenience—were integrated into the Technology Acceptance Model (TAM) to explore their influence on users’ potential intention to adopt VFR. Questionnaire data were collected from 427 individuals with physical disabilities living in these two regions. Structural equation modelling was employed to test the research model and evaluate ten proposed hypotheses. The results indicate that perceived fun positively influences both users’ attitudes toward using VFR and their behavioural intention to use it. Self-efficacy directly and positively affects perceived usefulness, while perceived convenience has a significant positive effect on perceived ease of use. This study extends TAM by constructing a VFR acceptance model tailored to individuals with physical disabilities, enriching the theoretical understanding of VFR usage behaviour in this population. The findings offer valuable implications for future research and provide guidance for the design, development, and marketing of digital technology–assisted products for individuals with physical disabilities.","openalex, scopus, wos",llm,0.990,unreviewed,
discarded,Open source software development tool installation: Challenges and strategies for novice developers,Salerno L.,2026,Empirical Software Engineering,10.1007/s10664-026-10885-5,https://www.scopus.com/inward/record.uri?partnerID=HzOxMe3b&scp=105040590370&origin=inward,cs1-learning-outcomes; tool-installation-challenges-not-measurement-of-understanding-already-cited,"As the world of technology advances, so do the tools that software developers use to create new programs. In recent years, software development tools have become more popular, allowing developers to work more efficiently and produce higher-quality software. Still, installing such tools can be challenging for novice developers at the early stage of their careers, as they may face issues such as compatibility problems (e.g., with operating systems) and unclear instructions. Therefore, this work aims to investigate the challenges novice developers face when installing software development tools and the strategies they employ to overcome them. To investigate these, we conducted an analysis of 24 live software installation sessions to observe the difficulties developers encounter, the strategies they apply, and the types of information sources they consult when facing obstacles. We also conducted a validation survey with 144 students to support and expand our findings. Our results reveal recurring challenges such as unclear or dysfunctional documentation, complicated installation processes, version incompatibility, and lack of feedback during installation. To address these, participants used strategies such as reformulating search queries, reading instructions more carefully, and searching for alternative sources of documentation. These sources included community platforms (e.g., Stack Overflow), video tutorials, blog posts, and official documentation. Based on these findings, we provide practical recommendations for tool vendors, tool users, and researchers to improve the installation experience for novice developers.","openalex, scopus, wos",human,0.870,human,
