status,title,authors,year,venue,doi,url,tags,abstract,provider,decision_source,llm_confidence,llm_review_outcome,llm_change_direction
discarded,Safety professionals’ acceptance of artificial intelligence in the construction industry: an extended technology acceptance model,Chellappa V.,2026,Safety Science,10.1016/j.ssci.2026.107194,https://www.scopus.com/inward/record.uri?partnerID=HzOxMe3b&scp=105033230487&origin=inward,non-computing-domain,"Artificial Intelligence (AI) offers promising solutions to enhance safety performance in the construction industry, including detecting unsafe conditions, predicting safety risks, and identifying unsafe worker behavior. Despite these benefits, AI adoption remains limited in developing regions like India due to barriers including low digital literacy, risk aversion, and strong social influences. Additionally, growing concerns about data privacy and security complicate technology acceptance, making it crucial to understand these factors to prevent user resistance and underutilization of safety-enhancing technologies. This study examines the key factors influencing AI acceptance among safety professionals in India, focusing on trust, perceived risk, social influence, privacy concerns, and technology anxiety, and using an extended Technology Acceptance Model. The acceptance of AI was analyzed using Structural Equation Modeling. The results indicate that trust, perceived risk, and social influence significantly influence behavioral intention to adopt AI, whereas technology anxiety negatively affects perceived usefulness and ease of use. Notably, the unexpected lack of significance of privacy concerns suggests a potential ""safety-privacy tradeoff,"" where professionals prioritize operational safety over data privacy. These findings underscore the importance of building trust, managing risk perceptions, and addressing technology anxiety to foster AI adoption and improve safety in the Indian construction sector.","openalex, scopus, wos",llm,0.990,unreviewed,
discarded,CS Educator Challenges and Their Solutions: A Systematic Mapping Study,Chouhan A.,2026,Communications in Computer and Information Science,10.1007/978-3-032-14583-3_10,https://www.scopus.com/inward/record.uri?partnerID=HzOxMe3b&scp=105025681287&origin=inward,higher-education-review,"Computer Science (CS) education is expanding rapidly, but educators continue to face persistent challenges in teaching and learning environments. Despite growing interest, limited systematic work exists to categorize and synthesize the specific challenges faced by CS educators and the remedies adopted in response. This is problematic because it remains unclear which areas have been thoroughly addressed and which still lack sufficient scholarly attention. In this study, we conducted a structured literature review of peer-reviewed research papers published over the last 5 years, focusing on challenges and remedies across ten categorized themes, including pedagogical, emotional, technological, and institutional dimensions. Our analysis revealed recurring issues in areas such as assessment practices, teacher training, classroom management, and emotional well-being, along with various strategies-such as professional development programs and policy interventions-adopted to miti-gate them while also revealing several areas that have received insufficient attention. This review offers a consolidated understanding of the CS education landscape, providing valuable insights for researchers, curriculum designers, and policymakers aiming to improve teaching effectiveness and educator support.","openalex, scopus, wos",llm,0.940,unreviewed,
discarded,Transforming E-Collaboration With AI and Emerging Digital Technologies,Zhao J.,2026,Transforming E Collaboration with AI and Emerging Digital Technologies,10.4018/979-8-3373-5747-8,https://www.scopus.com/inward/record.uri?partnerID=HzOxMe3b&scp=105032344678&origin=inward,education-technology-general,,"openalex, scopus, wos",llm,0.980,unreviewed,
discarded,"Rethinking Mobility, Access, and Belonging in International Higher Education",Herridge A.S.,2026,Rethinking Mobility Access and Belonging in International Higher Education,10.4018/979-8-3373-4427-0,https://www.scopus.com/inward/record.uri?partnerID=HzOxMe3b&scp=105037226444&origin=inward,higher-education-general,,"openalex, scopus, wos",llm,0.990,unreviewed,
discarded,"AN INTRODUCTION TO THE PSYCHOLOGY OF HUMOR, Second Edition",Gibson J.M.,2026,An Introduction to the Psychology of Humor Second Edition,10.4324/9781003596042,https://www.scopus.com/inward/record.uri?partnerID=HzOxMe3b&scp=105029890005&origin=inward,psychology-domain,"An Introduction to the Psychology of Humor presents comprehensive research from ten psychological perspectives: cognitive, biological, personality, social, cross-cultural, developmental, health, positive, clinical, and applied. This accessible overview explores how humor contributes to cognitive functioning, social relationships, and overall well-being, while examining its role in coping mechanisms, creativity, and emotional regulation. The second edition includes expanded coverage of humor during the COVID-19 pandemic, humor in social media, artificial intelligence and humor, and recent theoretical developments. The book features student-friendly elements including learning objectives, theoretical assumptions for each perspective, clear definitions of key terms, illustrative examples from humor studies, and detailed methodology and findings. Each chapter concludes with a recap of main points, suggested classroom activities, and a study guide with concept questions. With over 600 cited papers, this text connects humor research to fundamental concepts across all areas of psychology. Written primarily for psychology undergraduates who typically receive limited exposure to humor research, this book fills an important gap in psychology education. The content is equally valuable for instructors seeking to incorporate humor research into various psychology courses, as the material connects to all major psychological paradigms. Students and teachers alike will appreciate the thought-provoking explanations, examples, and classroom activities that demonstrate humor’s significance in human cognition, social dynamics, and mental health.","openalex, scopus, wos",llm,0.990,unreviewed,
discarded,Virtual and Augmented Reality: Fundamentals and Applications,Bhowmik A.K.,2026,Virtual and Augmented Reality Fundamentals and Applications,,https://www.scopus.com/inward/record.uri?partnerID=HzOxMe3b&scp=105043983541&origin=inward,non-target-topic,,"openalex, scopus, wos",llm,0.990,unreviewed,
discarded,"A systematic review of AI, VR, and LLM applications in special education: Opportunities, challenges, and future directions",Voultsiou E.,2025,Education and Information Technologies,10.1007/s10639-025-13550-4,https://www.scopus.com/inward/record.uri?partnerID=HzOxMe3b&scp=105002185616&origin=inward,education-technology-general,"The rapid advancements in modern technologies have opened new possibilities for enhancing educational experiences for students with Special Educational Needs and Disabilities (SEND). This paper conducts a systematic review of 139 studies on the integration of AI, VR, and LLMs in Special Education. Using a deductive thematic analysis framework, it identifies key themes and challenges to synthesize the current state of knowledge and propose future research directions. The findings underscore the transformative potential of AI and Immersive Technologies in fostering personalized learning, improving social engagement, and advancing cognitive development among SEND students. Additionally, current SEN methodologies and practices are defined, teachers'attitudes toward inclusion and technology adoption, and the prevailing technological tools utilized, based on various syndromes and disorders. Challenges such as ethical considerations, accessibility barriers, and resource limitations are also discussed. Moreover, this study explores tailored technological tools specifically designed to meet the unique needs of these students. The paper concludes with limitations, recommendations for cross-sector collaboration and inclusive policies to ensure these technologies are effectively utilized to prioritize and enhance learning experiences for SEND students, as well as future directions.","openalex, scopus, wos",llm,0.980,unreviewed,
discarded,A System-Level Testing Framework for Automated Assessment of Programming Assignments Allowing Students Object-Oriented Design Freedom,Terragni V.,2025,2025 IEEE Conference on Software Testing Verification and Validation Icst 2025,10.1109/ICST62969.2025.10989046,https://www.scopus.com/inward/record.uri?partnerID=HzOxMe3b&scp=105007530397&origin=inward,programming-learning-not-shell,"Automated assessment of programming assignments is essential in software engineering education, especially for large classes where manual grading is impractical. While static analysis can evaluate code style and syntax correctness, it cannot assess the functional correctness of students' implementations. Dynamic analysis through software testing can verify program behavior and provide automated feedback to students. However, traditional unit and integration tests often restrict students' design freedom by requiring predefined interfaces and method declarations. In this paper, we present SYSCLI, a novel testing framework for system-level testing of JAVA-based command-Line interface applications. SYSCLI enables test suites that evaluate the functional correctness of students' implementations without limiting their design choices. We also share our experience using SYSCLI in a second-year programming course at the University of Auckland, which focuses on object-oriented programming and design patterns and enrolls over 300 students each offering. Analysis of student assignments from 2023 and 2024 shows that SYSCLI is effective in automating grading, allows software design flexibility, and provides actionable feedback to students. Our experience report offers valuable insights into assessing students' implementation of object-oriented concepts and design patterns.","openalex, scopus, wos",llm,0.830,unreviewed,
discarded,Designing Learning with Digital Play: A Multimodal Perspective,Lim F.V.,2025,Designing Learning with Digital Play A Multimodal Perspective,10.4324/9781003450740,https://www.scopus.com/inward/record.uri?partnerID=HzOxMe3b&scp=105034154830&origin=inward,education-technology-general,"Lim and Toh provide updates on recent research on digital play and learning, and unite game-based learning with multimodal and social semiotic theories. They adopt the position that teachers’ or caregivers’ scaffolding is required when games are used in a pedagogical context such as the classroom. The book offers a nuanced view of the nature and properties of games beyond ‘motivation’, including the students’ interest and use of digital play. The chapters explore the varied ways in which games are designed to promote critical thinking and reflection. It expands on the teachers’ or caregivers’ scaffolding of students’ digital play in pedagogical contexts such as in a classroom setting where students are guided to reflect on how they perceive the representations in the game world. With this openness and interest towards digital play, the authors argue that it is timely for us to examine the value of digital play for learning; that it can foster literacy development as well as promote growth in the affective domain. They echo the call for design principles in digital play to inform the design of students’ learning experiences and explore ways in which digital play can be integrated into teaching and learning. This book covers a topic which is both relevant and urgent in today’s digital age. Of interest to anyone involved in designing learning with digital play, this volume will be of particular value to students and scholars in education, curriculum design, pedagogy, as well as multimodality.","openalex, scopus, wos",llm,0.980,unreviewed,
discarded,Navigating Social Trust in the AI Era,Samanta D.,2025,Navigating Social Trust in the AI Era,10.4018/979-8-3373-7011-8,https://www.scopus.com/inward/record.uri?partnerID=HzOxMe3b&scp=105027108330&origin=inward,ai-chatbots-not-shell,,"openalex, scopus, wos",llm,0.980,unreviewed,
discarded,Reshaping the Video Game Landscape With AI and GenAI,Pereira Sousa J.P.,2025,Reshaping the Video Game Landscape with AI and Genai,10.4018/979-8-3373-4637-3,https://www.scopus.com/inward/record.uri?partnerID=HzOxMe3b&scp=105026639703&origin=inward,ai-chatbots-not-shell,,"openalex, scopus, wos",llm,0.980,unreviewed,
discarded,Rethinking Psychology: Finding Meaning in Misconceptions,Eysenck M.W.,2025,Rethinking Psychology Finding Meaning in Misconceptions,10.4324/9781003596677,https://www.scopus.com/inward/record.uri?partnerID=HzOxMe3b&scp=105000623203&origin=inward,psychology-domain,"Can subliminal messages motivate behaviour? Can you train your brain to increase your intelligence? Does parenting style affect personality? Psychologists and non-psychologists looking to understand human behaviour and cognition are forced to contend with a number of complexities unique to the field. Not least amongst these is the fact that psychology lacks the superficially attractive precision of theories in the hard sciences. It is inevitable, then, that non-psychologists are susceptible to numerous psychological myths. In this thought-provoking exploration of 43 of the most common psychological myths,&nbsp;Michael W. Eysenck examines the complexity of psychological science as well as the distortion of data, not only through the media, but also by researchers, textbook writers, and individuals themselves. He challenges the notion that the substantial progress made by psychology has provided enough convincing experimental evidence to successfully demolish these inaccuracies and explores the ways in which psychological research should be systematically improved so that psychology can take its place as a robust scientific discipline. Highly engaging, this is an informative read for psychologists at all levels, as well as members of the general public interested in challenging their own psychological understanding.","openalex, scopus, wos",llm,0.980,unreviewed,
discarded,Excellence in Air Show Performers: Training for Resilient Safety,Karachalios M.,2025,Excellence in Air Show Performers Training for Resilient Safety,10.1201/9781003504801,https://www.scopus.com/inward/record.uri?partnerID=HzOxMe3b&scp=105016976426&origin=inward,non-computing-domain,,"openalex, scopus, wos",llm,0.990,unreviewed,
discarded,Otoneurology and Vestibular Medicine: A Clinical Handbook,Cherchi M.,2025,Otoneurology and Vestibular Medicine A Clinical Handbook,10.1007/978-3-031-94841-1,https://www.scopus.com/inward/record.uri?partnerID=HzOxMe3b&scp=105025731130&origin=inward,medicine-domain,Provides specialists and generalists with a practical resource for diagnosing and managing patients suffering from dizziness,"openalex, scopus, wos",llm,0.990,unreviewed,
discarded,"Readiness, resilience, and engagement: Analyzing the core building blocks of online education",Polat M.,2024,Education and Information Technologies,10.1007/s10639-024-12534-0,https://www.scopus.com/inward/record.uri?partnerID=HzOxMe3b&scp=85187246066&origin=inward,higher-education-general,"Contemporary educational research has increasingly highlighted the necessity and significance of online education and its effects on student engagement and academic success. However, it’s noteworthy that there is still a gap in the growing literature regarding the student-related factors that influence individuals’ engagement and achievement in online education. This study sought to investigate the effects of students’ online learning readiness in online learning engagement with the mediating role of academic resilience in this relationship. A cross-sectional survey design was employed based on the data from a total of 3550 undergraduates studying at state universities in six provinces across the eastern, central, and western regions of Türkiye. Structural equation modeling was conducted to estimate the complex relationships proposed in the model through AMOS 26. The findings demonstrated that students’ online learning readiness has a moderate but statistically significant direct effect on engagement in online learning, as well as had a significant and moderate effect on academic resilience. Furthermore, the results indicated that academic resilience plays a crucial role as a significant mediator in the relationship between students’ online learning readiness and online learning engagement. The current study also confirmed the conceptual model built on the variables that have notable impacts on students’ academic achievement. This research, one of the first in its field, furnishes empirical evidence on a conceptualized set of relationships and offers insights for policy makers, curriculum developers and practitioners to consider the significant student-related factors in terms of design, development, and delivery of online courses.","openalex, scopus, wos",llm,0.980,unreviewed,
discarded,"Revolutionizing curricula through computational thinking, logic, and problem solving",Fonkam M.M.,2024,Revolutionizing Curricula Through Computational Thinking Logic and Problem Solving,10.4018/979-8-3693-1974-1,https://www.scopus.com/inward/record.uri?partnerID=HzOxMe3b&scp=85197758921&origin=inward,computational-thinking-not-shell,"In today's rapidly evolving educational landscape, traditional teaching methods often fail to equip students with the skills necessary for success in the 21st century. The siloed approach to education, where subjects are taught in isolation, must reflect the interconnected nature of modern challenges. This disconnect between traditional educational models and the needs of the future workforce is a serious concern among educators. They face the challenge of preparing students for professions that still need to be created using tools and technologies that are still emerging.Revolutionizing Curricula Through Computational Thinking, Logic, and Problem Solving offers a transformative solution to this challenge. By advocating for computational thinking as a fundamental skill set applicable across all academic disciplines, the book provides educators with the tools to bridge this gap. It introduces computational thinking not just as a technical skill but as a way of problem-solving and logical reasoning that enhances critical thinking across subjects. Through practical lesson plans, case studies, and strategies, educators can seamlessly integrate computational thinking into their classrooms, preparing students for the complexities of the modern world.","openalex, scopus, wos",llm,0.980,unreviewed,
discarded,Utilizing AI and smart technology to improve sustainability in entrepreneurship,Hossain S.F.A.,2024,Utilizing AI and Smart Technology to Improve Sustainability in Entrepreneurship,10.4018/979-8-3693-1842-3,https://www.scopus.com/inward/record.uri?partnerID=HzOxMe3b&scp=85190916843&origin=inward,non-computing-domain,"Businesses must confront a pressing challenge--how to navigate the turbulent seas of market dynamics and technological advancements. As traditional business models face obsolescence in the wake of relentless innovation, enterprises failing to quickly to harness the power of advanced technologies risk fading into obscurity. This predicament sets the stage for a critical exploration of the profound impact of artificial intelligence (AI) and smart technology on the sustainability of entrepreneurial ventures. Without a strategic embrace of these innovations, businesses find themselves adrift, struggling to cope with the demands of a rapidly evolving market.Utilizing AI and Smart Technology to Improve Sustainability in Entrepreneurship serves as a guide for entrepreneurs seeking to thrive in this era of unprecedented change. Readers begin with a deep dive into the challenges faced by contemporary businesses. This book meticulously dissects these challenges and provides guidance for those ready to chart a course toward sustainable success by leveraging the transformative and compelling aptitudes of AI. The proposed solution of the integration of AI and smart technologies into the business landscape is one of great promise.","openalex, scopus, wos",llm,0.990,unreviewed,
