status,title,authors,year,venue,doi,url,tags,abstract,provider,decision_source,llm_confidence,llm_review_outcome,llm_change_direction
discarded,Cognitive Aspects of Virtual Reality,Horváth I.,2024,Studies in Big Data,10.1007/978-3-031-68130-1,https://www.scopus.com/inward/record.uri?partnerID=HzOxMe3b&scp=105005412452&origin=inward,non-target-topic,,"openalex, scopus, wos",llm,0.970,unreviewed,
discarded,Biopharmaceuticals: A selected biological class of medications,Bartusik-Aebisher D.,2020,An Essential Guide to Biopharmaceuticals,,https://www.scopus.com/inward/record.uri?partnerID=HzOxMe3b&scp=85152365653&origin=inward,medicine-domain,,"openalex, scopus, wos",llm,1.000,unreviewed,
discarded,"Grading Goal Four: Tensions, Threats, and Opportunities in the Sustainable Development Goal on Quality Education",Wulff A.,2020,Grading Goal Four Tensions Threats and Opportunities in the Sustainable Development Goal on Quality Education,10.1163/9789004430365,https://www.scopus.com/inward/record.uri?partnerID=HzOxMe3b&scp=85173468604&origin=inward,general-education,"For the third time in three decades world leaders reaffirmed their promise of ""Education For All"" when adopting Sustainable Development Goal 4 in 2015. It is the most far-reaching commitment to quality and equity in education so far, yet, there is no consensus on what the agenda means in practice. With a decade left until the 2030 deadline, Grading Goal Four calls upon the education community to engage more thoughtfully and critically with SDG 4 and related efforts. As an ever-growing number of actors and initiatives claim to contribute to its achievement, it is becoming clear that the ambitious but broad priorities within the goal are vulnerable to cherry-picking and misrepresentation, placing it at the heart of tensions between instrumentalist and rights-based approaches to education. This text, a critical analysis of SDG 4, provides a framework for examining trends and developments in education globally. As the first volume that examines early implementation efforts under SDG 4, Grading Goal Four formulates a critique along with strategies for moving forward. By scrutinising the challenges, tensions and power dynamics shaping SDG 4, it advances rights-based perspectives and strategies for effective implementation and builds capacity for strengthened monitoring and analysis of the goal.","openalex, scopus, wos",llm,0.990,unreviewed,
discarded,Healthcare professionalism: Improving practice through reflections on workplace dilemmas,Monrouxe L.V.,2017,Healthcare Professionalism Improving Practice Through Reflections on Workplace Dilemmas,10.1002/9781119044475,https://www.scopus.com/inward/record.uri?partnerID=HzOxMe3b&scp=85015765076&origin=inward,medicine-domain,,"openalex, scopus, wos",llm,0.990,unreviewed,
discarded,Interactions with search systems,White R.W.,2016,Interactions with Search Systems,10.1017/CBO9781139525305,https://www.scopus.com/inward/record.uri?partnerID=HzOxMe3b&scp=84987812913&origin=inward,non-target-topic,"Information seeking is a fundamental human activity. In the modern world, it is frequently conducted through interactions with search systems. The retrieval and comprehension of information returned by these systems is a key part of decision making and action in a broad range of settings. Advances in data availability coupled with new interaction paradigms, and mobile and cloud computing capabilities, have created a broad range of new opportunities for information access and use. In this comprehensive book for professionals, researchers, and students involved in search system design and evaluation, search expert Ryen White discusses how search systems can capitalize on new capabilities and how next-generation systems must support higher order search activities such as task completion, learning, and decision making. He outlines the implications of these changes for the evolution of search evaluation, as well as challenges that extend beyond search systems in areas such as privacy and societal benefit.","openalex, scopus, wos",llm,0.970,unreviewed,
discarded,Eye movements indicate the temporal organisation of information processing in graph comprehension,Körner C.,2014,Applied Cognitive Psychology,10.1002/acp.3006,https://www.scopus.com/inward/record.uri?partnerID=HzOxMe3b&scp=84897962481&origin=inward,psychology-domain,"Summary Hierarchical graphs (e.g. file system browsers and preference trees) represent objects (e.g. files and folders) as graph nodes and relations between them (e.g. sub‐folder relations) as lines. We investigated the temporal organisation of two processes that are necessary for comprehending such graphs—search for the graph nodes and reasoning about their relation. We tracked eye movements to change graphs while participants interpreted them. In Experiment 1, we masked the graph at a time when search processes had finished but reasoning was hypothetically ongoing. We observed a dramatic deterioration in comprehension compared with unmasked graphs. In Experiment 2, we changed the relation between critical graph nodes after search for them had finished, unbeknownst to participants. Participants mostly based their response on the graph as presented after the change. These results suggest that comprehension processes are organised in a sequential manner, an observation that can potentially be applied to the interactive presentation of graphs. Copyright © 2014 John Wiley &amp; Sons, Ltd.","openalex, scopus, wos",llm,0.860,unreviewed,
discarded,DICTIONARY OF SCIENTIFIC PRINCIPLES,Marvin S.,2012,Dictionary of Scientific Principles,10.1002/9781118582121,https://www.scopus.com/inward/record.uri?partnerID=HzOxMe3b&scp=86000058388&origin=inward,textbook-analysis,Preface. Acknowledgments. Notes to the Reader. Principles - Definitions. Principles - Applications.,"openalex, scopus, wos",llm,0.990,unreviewed,
discarded,Eye movements reveal distinct search and reasoning processes in comprehension of complex graphs,Körner C.,2011,Applied Cognitive Psychology,10.1002/acp.1766,https://www.scopus.com/inward/record.uri?partnerID=HzOxMe3b&scp=82255186808&origin=inward,psychology-domain,"Abstract Hierarchical graphs (e.g. file system browsers, family trees) represent objects (e.g. files, folders) as graph nodes, and relations (subfolder relations) between them as lines. In three experiments, participants viewed such graphs and carried out tasks that either required search for two target nodes (Experiment 1A), reasoning about their relation (Experiment 1B), or both (Experiment 2). We recorded eye movements and used the number of fixations in different phases to identify distinct stages of comprehension. Search in graphs proceeded like search in standard visual search tasks and was mostly unaffected by graph properties. Reasoning occurred typically in a separate stage at the end of comprehension and was affected by intersecting graph lines. The alignment of nodes, together with linguistic factors, may also affect comprehension. Overall, there was good evidence to suggest that participants read graphs in a sequential manner, and that this is an economical approach of comprehension. Copyright © 2010 John Wiley &amp; Sons, Ltd.","openalex, scopus, wos",llm,0.860,unreviewed,
discarded,Search user interfaces,Hearst M.A.,2011,Search User Interfaces,10.1017/CBO9781139644082,https://www.scopus.com/inward/record.uri?partnerID=HzOxMe3b&scp=84922848449&origin=inward,non-target-topic,"The truly world-wide reach of the Web has brought with it a new realisation of the enormous importance of usability and user interface design. In the last ten years, much has become understood about what works in search interfaces from a usability perspective, and what does not. Researchers and practitioners have developed a wide range of innovative interface ideas, but only the most broadly acceptable make their way into major web search engines. This book summarizes these developments, presenting the state of the art of search interface design, both in academic research and in deployment in commercial systems. Many books describe the algorithms behind search engines and information retrieval systems, but the unique focus of this book is specifically on the user interface. It will be welcomed by industry professionals who design systems that use search interfaces as well as graduate students and academic researchers who investigate information systems.","openalex, scopus, wos",llm,0.990,unreviewed,
discarded,Open Information Management: Applications of Interconnectivity and Collaboration,Niiranen S.,2009,Open Information Management Applications of Interconnectivity and Collaboration,10.4018/978-1-60566-246-6,https://www.scopus.com/inward/record.uri?partnerID=HzOxMe3b&scp=105018994957&origin=inward,non-education,"""This book provides a practical-level reference discussing the impact of emerging trends in information technology toward solutions capable of managing information within operational environments"" - Provided by publisher","openalex, scopus, wos",llm,0.990,unreviewed,
discarded,"Making the 'MOST' out of RFID technology: A research agenda for the study of the adoption, usage and impact of RFID",Curtin J.,2007,Information Technology and Management,10.1007/s10799-007-0010-1,https://www.scopus.com/inward/record.uri?partnerID=HzOxMe3b&scp=33750311920&origin=inward,non-education,"Radio frequency identification (RFID) technology dramatically increases the ability of the organization to acquire a vast array of data about the location and properties of any entity that can be physically tagged and wirelessly scanned within certain technical limitations. RFID can be applied to a variety of tasks, structures, work systems and contexts along the value chain, including business-to-business logistics, internal operations, business-to-consumer marketing, and after-sales service applications. As industry adoption of RFID increases there is an emerging interest by academic researchers to engage in scholarly investigation to understand how RFID relates to mobility, organizational and systems technologies (MOST). In this paper, we explore RFID and propose a research agenda to address a series of broad research questions related to how RFID technology: (1) is developed, adopted, and implemented by organizations; (2) is used, supported, and evolved within organizations and alliances; and (3) impacts individuals, business processes, organizations, and markets. As with many technological innovations, as the technical problems associated with implementing and using RFID are addressed and resolved, the managerial and organizational issues will emerge as critical areas for IS research.","openalex, scopus, wos",llm,0.990,unreviewed,
discarded,The world’s newest profession: Management consulting in the twentieth century,McKenna C.D.,2006,World S Newest Profession Management Consulting in the Twentieth Century,10.1017/CBO9780511511622,https://www.scopus.com/inward/record.uri?partnerID=HzOxMe3b&scp=84923632806&origin=inward,non-education,"In The World's Newest Profession Christopher McKenna offers a history of management consulting in the twentieth century. Although management consulting may not yet be a recognized profession, the leading consulting firms have been advising and reshaping the largest organizations in the world since the 1920s. This groundbreaking study details how the elite consulting firms, including McKinsey &amp; Company and Booz Allen &amp; Hamilton, expanded after US regulatory changes during the 1930s, how they changed giant corporations, nonprofits, and the state during the 1950s, and why consultants became so influential in the global economy after 1960. As they grew in number, consultants would introduce organizations to 'corporate culture' and 'decentralization' but they faced vilification for their role in the Enron crisis and for legitimating corporate blunders. Through detailed case studies based on unprecedented access to internal files and personal interviews, The World's Newest Profession explores how management consultants came to be so influential within our culture and explains exactly what consultants really do in the global economy.","openalex, scopus, wos",llm,0.990,unreviewed,
kept,Software Carpentry get more done in less time,Alexandra Simperler; Greg Wilson,2015,arXiv (Cornell University),10.48550/arxiv.1506.02575,https://openalex.org/W830243665,cs1-learning-outcomes; perception-survey-corroboration,The aim of this study was to investigate if participants of Software Carpentry (SC) get more done in less time. We asked 32 questions to assess 24 former participants to analyse if SC gave them the computing skills to accomplish this. Our research shows that time was already saved during the workshop as it could shorten the learning process of new skills. A majority of participants were able to use these new skills straight away and thus could speed up their day to day work.,"openalex, scopus, wos",human,0.880,human,
discarded,Developing a strategy for computational lab skills training through Software and Data Carpentry: Experiences from the ELIXIR Pilot action,Aleksandra Pawlik; Celia van Gelder; Aleksandra Nenadić; Patricia M. Palagi; Eija Korpelainen; Philip Lijnzaad; Diana Marek; Susanna‐Assunta Sansone; John M. Hancock; Carole Goble,2017,F1000Research,10.12688/f1000research.11718.1,https://openalex.org/W2730956315,cs1-learning-outcomes; workshop-programme-description-no-measurement,"Quality training in computational skills for life scientists is essential to allow them to deliver robust, reproducible and cutting-edge research. A pan-European bioinformatics programme, ELIXIR, has adopted a well-established and progressive programme of computational lab and data skills training from Software and Data Carpentry, aimed at increasing the number of skilled life scientists and building a sustainable training community in this field. This article describes the Pilot action, which introduced the Carpentry training model to the ELIXIR community.","openalex, scopus, wos",human,0.800,human,
discarded,Data Literacy for Libraries – A Local Perspective on Library Carpentry,Eva Seidlmayer; Rabea Müller; Konrad U. Förstner,2020,BIBLIOTHEK Forschung und Praxis,10.1515/bfp-2020-2038,https://openalex.org/W3102994386,cs1-learning-outcomes; library-carpentry-report-no-measurement,"Abstract In the past decades, libraries have developed into sophisticated information centres. This evolution requires a new set of computational expertises and competencies but also a change in the general attitude toward continuous learning. “Library Carpentry”, as a lesson programme of the “The Carpentries” community offers an elaborate and evidence-based collection of approaches for efficient teaching of the required computational skills and concepts. This article introduces Library Carpentry and presents how it is applied at ZB MED-Information Centre for Life Sciences as a foundation for teaching digital literacy.","openalex, scopus, wos",human,0.760,human,
discarded,"An environment for sustainable research software in Germany and beyond: current state, open challenges, and call for action",Hartwig Anzt; Felix Bach; Stephan Druskat; Frank Löffler; Axel Loewe; Bernhard Y. Renard; Gunnar Seemann; Alexander Struck; Elke Achhammer; Piush Aggarwal; Franziska Appel; Michael Bäder; Lutz Brusch; Christian E. Busse; Gerasimos Chourdakis; Piotr Wojciech Dąbrowski; Peter Ebert; Bernd Flemisch; Sven Friedl; Bernadette Fritzsch; Maximilian D. Funk; Volker Gast; Florian Goth; Jean‐Noël Grad; Jan Hegewald; Sibylle Hermann; Florian Hohmann; Stephan Janosch; Dominik Kutra; Jan Linxweiler; Thilo Muth; Wolfgang Peters‐Kottig; Fabian Rack; Fabian H.C. Raters; Stephan Rave; Guido Reina; Malte Reißig; Timo Ropinski; Jörg Schaarschmidt; Heidi Seibold; Jan Philipp Thiele; Benjamin Uekérmann; Stefan Unger; Rudolf Weeber,2021,F1000Research,10.12688/f1000research.23224.2,https://openalex.org/W3022286624,non-education,"Research software has become a central asset in academic research. It optimizes existing and enables new research methods, implements and embeds research knowledge, and constitutes an essential research product in itself. Research software must be sustainable in order to understand, replicate, reproduce, and build upon existing research or conduct new research effectively. In other words, software must be available, discoverable, usable, and adaptable to new needs, both now and in the future. Research software therefore requires an environment that supports sustainability. Hence, a change is needed in the way research software development and maintenance are currently motivated, incentivized, funded, structurally and infrastructurally supported, and legally treated. Failing to do so will threaten the quality and validity of research. In this paper, we identify challenges for research software sustainability in Germany and beyond, in terms of motivation, selection, research software engineering personnel, funding, infrastructure, and legal aspects. Besides researchers, we specifically address political and academic decision-makers to increase awareness of the importance and needs of sustainable research software practices. In particular, we recommend strategies and measures to create an environment for sustainable research software, with the ultimate goal to ensure that software-driven research is valid, reproducible and sustainable, and that software is recognized as a first class citizen in research. This paper is the outcome of two workshops run in Germany in 2019, at deRSE19 - the first International Conference of Research Software Engineers in Germany - and a dedicated DFG-supported follow-up workshop in Berlin.","openalex, scopus, wos",llm,0.970,unreviewed,
discarded,"An environment for sustainable research software in Germany and beyond: current state, open challenges, and call for action",Hartwig Anzt; Felix Bach; Stephan Druskat; Frank Löffler; Axel Loewe; Bernhard Y. Renard; Gunnar Seemann; Alexander Struck; Elke Achhammer; Piush Aggarwal; Franziska Appel; Michael Bäder; Lutz Brusch; Christian E. Busse; Gerasimos Chourdakis; Piotr Wojciech Dąbrowski; Peter Ebert; Bernd Flemisch; Sven Friedl; Bernadette Fritzsch; Maximilian D. Funk; Volker Gast; Florian Goth; Jean‐Noël Grad; Sibylle Hermann; Florian Hohmann; Stephan Janosch; Dominik Kutra; Jan Linxweiler; Thilo Muth; Wolfgang Peters‐Kottig; Fabian Rack; Fabian H.C. Raters; Stephan Rave; Guido Reina; Malte Reißig; Timo Ropinski; Jörg Schaarschmidt; Heidi Seibold; Jan Philipp Thiele; Benjamin Uekérmann; Stefan Unger; Rudolf Weeber,2020,F1000Research,10.12688/f1000research.23224.1,https://openalex.org/W4238092834,non-education,"<ns3:p>Research software has become a central asset in academic research. It optimizes existing and enables new research methods, implements and embeds research knowledge, and constitutes an essential research product in itself. Research software must be sustainable in order to understand, replicate, reproduce, and build upon existing research or conduct new research effectively. In other words, software must be available, discoverable, usable, and adaptable to new needs, both now and in the future. Research software therefore requires an environment that supports sustainability.</ns3:p> <ns3:p/> <ns3:p>Hence, a change is needed in the way research software development and maintenance are currently motivated, incentivized, funded, structurally and infrastructurally supported, and legally treated. Failing to do so will threaten the quality and validity of research. In this paper, we identify challenges for research software sustainability in Germany and beyond, in terms of motivation, selection, research software engineering personnel, funding, infrastructure, and legal aspects. Besides researchers, we specifically address political and academic decision-makers to increase awareness of the importance and needs of sustainable research software practices. In particular, we recommend strategies and measures to create an environment for sustainable research software, with the ultimate goal to ensure that software-driven research is valid, reproducible and sustainable, and that software is recognized as a first class citizen in research. This paper is the outcome of two workshops run in Germany in 2019, at deRSE19 - the first International Conference of Research Software Engineers in Germany - and a dedicated DFG-supported follow-up workshop in Berlin.</ns3:p>","openalex, scopus, wos",llm,0.970,unreviewed,
discarded,Software Carpentry: Lessons Learned,Greg Wilson,2013,arXiv (Cornell University),10.48550/arxiv.1307.5448,https://openalex.org/W4302573356,cs1-learning-outcomes; out-of-scope-single-topic-science-diagnostic-test-corroborates-instrument-typology-only; programme-history-no-measurement,"Over the last 15 years, Software Carpentry has evolved from a week-long training course at the US national laboratories into a worldwide volunteer effort to raise standards in scientific computing. This article explains what we have learned along the way the challenges we now face, and our plans for the future.","openalex, scopus, wos",human,0.770,human,
