status,title,authors,year,venue,doi,url,tags,abstract,provider,decision_source,llm_confidence,llm_review_outcome,llm_change_direction
discarded,Psychometric assessment of the short version of the Zarit Burden Inventory among Iranian family caregivers of individuals with chronic psychiatric disorders,Mirhosseini S.,2026,Discover Public Health,10.1186/s12982-026-02359-2,https://www.scopus.com/inward/record.uri?partnerID=HzOxMe3b&scp=105042571567&origin=inward,medicine-domain,"With the increasing prevalence of psychiatric illnesses, the need for family members to assume caregiving roles at home has grown significantly in recent years. One of the most significant and multidimensional negative outcomes for these caregivers is the caregiving burden. This study aimed to evaluate the psychometric properties of the Persian version of the 12-item Zarit Burden Interview (ZBI-12) among family caregivers of patients with chronic psychiatric conditions. This methodological study was conducted in 2024 on 400 family caregivers of patients with chronic psychiatric disorders in Mashhad, Iran, using convenience sampling. Following translation and approval for use, face and content validity of the ZBI-12 were assessed through both qualitative and quantitative methods, including impact scores, content validity index and ratio, and modified kappa statistics. Construct validity was examined using exploratory factor analysis (EFA; n = 200) and confirmatory factor analysis (CFA; n = 200), followed by assessment of convergent and discriminant validity using the Fornell and Larcker approach. Internal consistency was evaluated using Cronbach’s alpha, construct reliability (CR) and McDonald’s omega, while stability was assessed via the intraclass correlation coefficient (ICC). No items were removed during the validity assessment process. EFA revealed two underlying factors (Burnout and Responsibility) accounting for 63.94% of the total variance in caregiving burden. CFA confirmed a good model fit. Both factors demonstrated acceptable convergent and discriminant validity. Reliability analyses showed that Cronbach’s alpha, CR, McDonald’s omega, and ICC values indicated strong internal consistency and stability. The findings suggest that the Persian version of the ZBI-12 is a valid and reliable instrument for assessing caregiving burden among family caregivers of individuals with psychiatric disorders in Iran.","openalex, scopus, wos, dblp",llm,0.990,unreviewed,
discarded,Development and validation of a self-report questionnaire to assess executive functions in healthy adults: the executive functions in healthy adults questionnaire (EFHAQ),Pfeffer I.,2026,Scientific Reports,10.1038/s41598-026-65768-y,https://www.scopus.com/inward/record.uri?partnerID=HzOxMe3b&scp=105046710770&origin=inward,psychology-domain,"Aim of this research was to develop and validate a time-efficient, ecologically valid self-report questionnaire measuring executive functions in healthy adults, grounded in the unity/diversity framework of Miyake (i.e., inhibition, updating, shifting). Across a pre-study and three main studies (Ntotal = 1.574), an initial 55-item pool was refined to a final 15-item set. Exploratory and confirmatory factor analyses (Studies 1–3) revealed, while the data did not support the expected three-factor model, a stable five-factor structure with the factors flexibility, focusing, inhibition, adaptation, and weighing up. The subscales demonstrated acceptable internal consistencies (Studies 1–3) and test-retest reliability over three weeks (Study 3). Construct validity was supported by significant correlations with established measures of self-regulation abilities (Studies 1–3). Criterion validity was shown by associations with life satisfaction and affective well-being (Study 3). Although limited by a predominantly young, highly educated sample, the questionnaire provides a reliable and valid open-access tool for examining the role of executive functions in health behavior, academic achievement or social functioning.","openalex, scopus, wos, dblp",llm,0.990,unreviewed,
discarded,Design and psychometric properties of the academic vitality scale in nursing students,Mohammadi M.,2026,Scientific Reports,10.1038/s41598-025-30701-2,https://www.scopus.com/inward/record.uri?partnerID=HzOxMe3b&scp=105027189153&origin=inward,nursing-domain,"Academic vitality, a dynamic and positive aspect of university life, is crucial for fostering student motivation, academic success, and learning quality, especially in challenging disciplines like nursing. This study, therefore, aimed to design and validate a specific instrument for assessing academic vitality among nursing students. The present study was a methodological investigation focused on instrument design and psychometric evaluation, conducted from March to July 2025 at Kermanshah University of Medical Sciences. Instrument development followed both inductive (qualitative interviews with students) and deductive (literature review of existing sources) approaches, leading to the creation of an item pool. To ascertain face and content validity, qualitative and quantitative evaluations were performed with the participation of faculty members and students. Exploratory Factor Analysis (EFA) was conducted using SPSS software to determine the instrument’s factorial structure. Additionally, internal consistency coefficients, including Cronbach’s Alpha, McDonald’s Omega, and Average Inter-item Correlation (AIC), were meticulously evaluated. The instrument’s reliability was also assessed using the test-retest method (ICC). Statistical analyses revealed that the final instrument comprises 20 items categorized into two dimensions: “Clinical Vitality,” and “Research Vitality,“. These two dimensions collectively accounted for approximately 82.43% of the total variance in the data. Furthermore, the instrument demonstrated excellent and acceptable internal consistency coefficients (Cronbach’s Alpha = 0.991, McDonald’s Omega = 0.991, and AIC = 0.765) and test-retest reliability (ICC = 0.997). The developed instrument exhibits desirable psychometric properties in terms of validity and reliability, rendering it a robust tool for assessing academic vitality in nursing students. Utilizing this instrument can significantly contribute to identifying factors influencing academic vitality and formulating effective educational and clinical interventions to enhance it.","openalex, scopus, wos, dblp",llm,0.990,unreviewed,
discarded,Evaluating the pulse of exercise programs: Developing and validating the intervention usability scale for exercise (IUSE) to enhance implementation and adherence,Mørtvedt A.I.,2026,Human Factors in Healthcare,10.1016/j.hfh.2026.100142,https://www.scopus.com/inward/record.uri?partnerID=HzOxMe3b&scp=105042273512&origin=inward,non-computing-domain,"Background Adherence to exercise interventions is often suboptimal, despite numerous studies documenting barriers and facilitators. Usability may be a critical yet underexplored determinant of adherence. This study aimed to develop and assess the psychometric properties of the Intervention Usability Scale for Exercise (IUSE). Methods Item generation and content validation involved cognitive interviews and feedback from eight exercise intervention stakeholders and ten target users from the general public. Subsequently, 526 target users from University, Qualtrics and Prolific participant panels assessed exercise programs through an online survey. Dimensionality was assessed using PCA, EFA, and bifactor models. Item reduction was conducted through Item Response Theory (IRT) graded response models, assessing discriminability, item information levels/patterns and differential item functioning. Test-retest reliability was assessed using Pearson’s r . Subsequently, short vs. original scale versions were compared. Finally, evidence of criterion, convergent, and discriminant validity was assessed. Results Thirty-six items were initially included, with 16 removed due to low test-retest reliability and factor loadings (r < 0.50). A 3-factor structure emerged from EFA, PCA, and bifactor models: Value, Ease, and Social. Iterative IRT evaluation led to 12 item removals, resulting in 8 final items across three subscales. Validity analyses indicated good convergent (e.g., r = 0.79 with Intervention Appropriateness Measure, r = 0.65 with Intervention Usability Scale), criterion (e.g., r = 0.71 with Net Promoter Score and 0.75 with intention measures), and discriminant validity ( r = 0.42 with External Motivation), along with satisfactory internal consistency (Cronbach's alpha: 0.79-0.84). Conclusions The IUSE scale demonstrated promising psychometric properties. Application of the scale with collection of actual uptake/adherence data is needed to assess predictive validity.","openalex, scopus, wos, dblp",llm,0.990,unreviewed,
discarded,Perceptions of the Values and Outcomes to Improve Cancer Experiences (VOICE) tool: a digital values-clarification instrument and tailored summary report for older adults with advanced cancer,Cole A.C.,2026,Journal of Patient Reported Outcomes,10.1186/s41687-026-01038-9,https://www.scopus.com/inward/record.uri?partnerID=HzOxMe3b&scp=105038827147&origin=inward,medicine-domain,"Older adults represent the majority of patients with advanced cancer, yet this group frequently reports a lack of discussion of their values as part of treatment decision-making. We previously developed a values-clarification tool called Values and Outcomes to Improve Cancer Experiences (VOICE) that uses best-worst scaling methods to prioritize treatment values and generates a tailored summary report to support patients in talking with their oncologist during treatment decisions. VOICE assesses 7 treatment values: doing activities that are meaningful; managing medical expenses; maintaining independence; minimizing side effects; reducing time spent receiving care; accessing resources for understanding treatment plans; and living longer. The objective of this study was to evaluate older adults’ perceptions of VOICE for comprehensibility and acceptability. We used an exploratory sequential mixed-methods study to assess perceptions of VOICE with qualitative (think-aloud protocols and semi-structured interviews) and quantitative (questionnaires) data. Interview questions focused on how older adults may perceive VOICE to affect or prepare them for values-based communication and decision-making with their oncologist. Interviews were coded thematically by three coders, and questionnaires were summarized descriptively. Fifteen older adults (ages 62–88; 60% female; 60% Caucasian, 27% Black, 13% other) with advanced cancer participated. Participants understood the treatment values as presented in VOICE, and anticipated VOICE having a positive influence on their self-efficacy, confidence, motivation, and likelihood to discuss values with oncologists. Descriptive findings showed that 74% (n = 11/15) felt more prepared for meaningful discussions with their oncologist about long-term health status and treatment plans. Participants also perceived that VOICE was helpful in preparing them for discussions with oncologists by helping them to advocate for themselves (n = 10/15), self-reflect on what is important when making treatment decisions (n = 10/15) and reduce their anxiety (n = 3/15). Five interview themes were identified: (i) balancing treatment and everyday life, (ii) patient involvement and value assessment, (iii) emotional and psychological impact of diagnosis and treatment, (iv) communication and relationships, and (v) processing and seeking information. Older adults with advanced cancer perceived the VOICE values clarification tool to be comprehensible, relevant, acceptable, and useful for improving communication with their oncologist. Further evidence is needed to better understand how patients and oncologists engage in values-clarification processes, and whether implementing tools into clinical practice helps align patient values with treatment recommendations.","openalex, scopus, wos, dblp",llm,0.990,unreviewed,
discarded,Validation of the Turkish version of the Phobic Stimuli Response Scales,Yerlikaya E.E.,2026,Psicologia Reflexao E Critica,10.1186/s41155-026-00380-7,https://www.scopus.com/inward/record.uri?partnerID=HzOxMe3b&scp=105031572812&origin=inward,psychology-domain,"The current literature lacks measurement tools that cover all subtypes of specific phobias. This study aimed to adapt the Phobic Stimuli Response Scales (PSRS) into Turkish and evaluate its psychometric properties. 399 university students (308 females, 77.2%; 91 males, 22.8%) aged between 18 and 53 years (M = 21.80, SD = 3.93) filled out the PSRS, Fear Survey Schedule-II, and Depression, Anxiety, Stress Scale (DASS-21) online. 108 participants took part in the test-retest study 15 days after the first application. According to confirmatory factor analysis, model fit indices (CFI = 0.97, TLI = 0.97, RMSEA = 0.07, and SRMR = 0.07) showed that the Turkish form of the scale consisted of 46 items and five factors (Blood-Injection, Bodily Harm, Social, Animal, and Physical Confinement) as in the original. Its correlations with other scales showed its convergent and discriminant validity. The reliability analyses indicate that the scale demonstrates internal consistency (α = 0.78 for Bodily Harm, 0.85 for Physical Confinement, 0.88 for Social, 0.86 for Animal, 0.90 for Blood-Injection, and 0.94 for the total score) and test-retest reliability. The findings suggest that the Turkish PSRS is a reliable and valid instrument for assessing responses to various fears in research and practical applications.","openalex, scopus, wos, dblp",llm,0.990,unreviewed,
discarded,Developing and evaluating the effectiveness of a web-based application to improve the mental health of infertile women: a multi-phase study protocol,Aliasghari F.,2026,Reproductive Health,10.1186/s12978-026-02362-5,https://www.scopus.com/inward/record.uri?partnerID=HzOxMe3b&scp=105044930627&origin=inward,medicine-domain,"Infertility is a chronic bio-psycho-social condition associated with substantial psychological distress, particularly among women. High rates of anxiety, depression, reduced quality of life, low self-efficacy, and impaired resilience have been widely reported, while access to psychological support remains limited due to financial, social, and stigma-related barriers. Web-based mental health interventions offer a promising, accessible, and cost-effective approach to address these unmet needs. This study aims to develop and evaluate the effectiveness of a user-centered, web-based psychoeducational and supportive application designed to improve the mental health of infertile women. This developmental-applied study will be conducted in three phases. Phase 1 involves a comprehensive needs assessment through systematic literature reviews and qualitative interviews with infertile women and multidisciplinary experts to identify educational and supportive mental health needs. Phase 2 focuses on the design and development of a web-based application using user-centered design principles, incorporating evidence-based psychoeducational content, interactive exercises, and supportive resources targeting depression, anxiety, stress, quality of life, infertility self-efficacy, and resilience. Phase 3 will evaluate the application through a randomized controlled clinical trial conducted in infertility clinics affiliated with Tabriz University of Medical Sciences. Eligible infertile women will be randomly assigned to either the intervention group, receiving access to the application for six weeks, or a control group receiving routine care. Outcomes will be assessed using validated instruments, including Depression, (Anxiety and Stress Scale – 21) DASS-21, (Fertility Quality of life) FertiQoL, Infertility Self-Efficacy Scale, Connor–Davidson Resilience Scale, and the Questionnaire for User Interaction Satisfaction. Linear mixed models will be applied to compare post-intervention outcomes between groups. This study contributes to the growing body of evidence supporting the role of digital mental health interventions in reproductive medicine and highlights the potential of technology-driven, patient-centered approaches to improve psychological outcomes in infertile women.","openalex, scopus, wos, dblp",llm,0.990,unreviewed,
discarded,Investigation of phubbing behavior in attention deficit hyperactivity disorder and cognitive disengagement syndrome: a case-control study in adolescent,Gavcar E.G.,2026,BMC Psychiatry,10.1186/s12888-026-08212-9,https://www.scopus.com/inward/record.uri?partnerID=HzOxMe3b&scp=105045237587&origin=inward,medicine-domain,"Attention Deficit Hyperactivity Disorder (ADHD) is a common childhood neurodevelopmental disorder characterized by inattention, hyperactivity, and impulsivity beyond developmental expectations. Problematic technology engagement, including increased smartphone use, is frequently observed among adolescents with ADHD. Phubbing, a term combining ‘phone’ and ‘snubbing,’ refers to ignoring others in a social setting by focusing on one’s smartphone rather than engaging in face-to-face interaction and has been linked to impaired interpersonal communication. Cognitive Disengagement Syndrome (CDS), formerly referred to as sluggish cognitive tempo (SCT), is characterized by excessive daydreaming, mental confusion, low initiative, and slowed responding and is associated with social withdrawal. However, no prior studies have investigated ADHD-phubbing or CDS-phubbing relationships in adolescents. This study examined group differences in phubbing and explored associations among phubbing, ADHD symptoms, and CDS severity. In this case-control study, 48 adolescents diagnosed with ADHD and 38 healthy controls aged 12–17 completed; Sociodemographic Data Form, General Phubbing Scale, and Conners-Wells Adolescent Self-Report Scale Short Form. Parents completed Child and Adolescent Behavior Inventory SCT Scale. ADHD was diagnosed via DSM-5 based clinical interviews. Group comparisons and correlation analyses were conducted using appropriate statistical tests. Phubbing scores were significantly higher in the ADHD group than in controls. Phubbing scores demonstrated significant positive correlations with self-reported ADHD symptom domains, including conduct problems, inattention, hyperactivity, and the ADHD Index. CDS severity did not reach significance within the ADHD group but was significantly associated with phubbing scores in the full sample. Adolescents whose CDS symptoms impaired social functioning reported higher phubbing scores. Daily smartphone use exceeding 3 hours and social media use were also associated with elevated phubbing scores. These findings indicate that phubbing scores is elevated among adolescents with ADHD and is positively associated with ADHD symptom severity. CDS—particularly when accompanied by social impairment—is also associated with higher phubbing scores. The results highlight the potential utility of assessing smartphone and other electronic technology use when evaluating adolescents with ADHD and CDS. However, given the cross-sectional nature of this study, causal or directional inferences cannot be drawn. Future research with larger and untreated samples is warranted. Not applicable.","openalex, scopus, wos, dblp",llm,0.990,unreviewed,
discarded,The long road to routine care: piloting the digital mental health intervention for PTSD “Radius Grow” in a psychiatric residential setting,Brähmer S.F.,2026,BMC Psychology,10.1186/s40359-026-04738-5,https://www.scopus.com/inward/record.uri?partnerID=HzOxMe3b&scp=105039331396&origin=inward,medicine-domain,"While psychotherapeutic interventions for Post Traumatic Stress Disorder (PTSD) are effective, transfer to everyday life is challenged by a shift from treatment setting to the patients’ living environment. Adding digital components to the treatment (Blended Care, BC) may support autonomous completion of therapeutic tasks and facilitate transfer but has not been studied in residential treatment settings. The present study explores the implementation, usability, and preliminary effectiveness of a BC approach for PTSD treatment in a non-acute residential hospital setting. Clinician and patient perspectives are considered. 36 patients participated in a two-group quasi-experimental design (intervention vs. control) with three measurements (admission, discharge, three-month follow-up). Face-to-face trauma-focused CBT was offered in both groups, complemented by a BC software in the intervention group. Also, 16 clinicians participated in the study. We collected qualitative data from semi-structured interviews, software usage-data, and psychometric questionnaire data from patients and clinicians. Patients reported high satisfaction with software usability; clinicians had varying opinions. Uptake was inconsistent on both sides. Capacity issues and an inaccurate definition of the intended use hampered implementation. Still, intensified collaboration and sustained engagement with treatment contents were identified as benefits of BC. Quantitative measures of symptom severity showed no significant between-group differences in exploratory analyses and no relation to software usage intensity. This study confirms potentials and obstacles of BC to facilitate the therapeutic process in the residential treatment of PTSD. It also emphasizes the importance of a concise concept for the coordination of digital and face-to-face components to ensure sufficient uptake and raise clinical effectiveness. drks.de, DRKS00031741, Registration date: 21 April 2023, https://drks.de/search/de/trial/DRKS00031741/details.","openalex, scopus, wos, dblp",llm,0.990,unreviewed,
