status,title,authors,year,venue,doi,url,tags,abstract,provider,decision_source,llm_confidence,llm_review_outcome,llm_change_direction
discarded,The development of scientific thinking with senior school physics students,Fatheya Mahmood Al-Ahmadi,2008,Enlighten: Theses (The University of Glasgow),,https://openalex.org/W1816991480,physics-domain,"The phrases like ‘scientific thinking’, ‘scientific method’ and ‘scientific attitude’ are all widely used and frequently appear in school curriculum guides but the meaning of such phrases is much less clear. In addition, there is little about how such skills might be taught or assessed. In the light of this, this thesis is a study which focusses on several related areas: the meaning of scientific thinking will be explored and the features of scientific thinking which make it uniquely different from other kinds of thinking will be analysed, set in the context of what is known about how conceptual learning takes place; the measurement of scientific thinking skills will be attempted and ways by which scientific thinking can be taught in the context of physics will be developed. There are two possible hypotheses which arise in this study: genuine scientific thinking is not accessible until learners have matured developmentally and have sufficient experience of the sciences. The way the sciences are taught will encourage or hinder the development of such skills. The empirical work was conducted in three stages to explore these hypotheses. Overall, 1838 students were involved in the study. The first experimental study was carried out with students (boys and girls) aged 15-18 from various schools in the Emirates and seeks to explore the extent to which they are thinking scientifically as well as making several other measurements of their abilities and attitudes. A test for measuring scientific thinking, based on physics, was developed and used along with an established test of working memory capacity, known to be a rate determining factor in much learning. In addition, a test to measure understanding of ideas in physics was constructed and used and the national examination marks for these students in the three sciences and mathematics were considered. It was found that the test of scientific thinking, the test of understanding physics and the national examination marks measured very different outcomes which are likely to be: scientific thinking, understanding and recall, respectively. In the second stage, some of the measurements completed in the first stage were repeated to confirm the outcomes. However, the main part was the development and use of five teaching units which, together, aimed to teach the key skills which had been defined as scientific thinking. The success of this was measured by using the same test of scientific thinking and comparing the outcomes to those obtained in the previous experiment. In addition, the results from the use of two of the items in the test of scientific thinking were compared to the outcomes compared in a previous study (using the same items) which had been based on large samples of younger students (aged 12-15). A survey was also used to see how the students saw themselves in relation to their study in physics. It was found that the use of the units had improved scientific thinking significantly with the younger two groups (age 15-16 and 16-17) but no improvement was observed with the oldest group (age 17-18). It was also found that the older groups of students were significantly better in the skills measured by the items used by the previous study when compared with younger students. The outcomes of the survey showed that their self-perceptions related poorly to their abilities in thinking scientifically while the interests of boys and girls were remarkably similar, suggesting that physics could appeal equally to both genders. In addition, there is clear evidence that all students want their studies in physics to relate to the real issues of life which are important for them and that boys are less willing to memorise than girls. The third phase employed the academic game known as Eloosis (which is considered to be an excellent model of scientific thinking) with three groups: one group had completed studies in one or more of the sciences and were about to leave school; one group were studying for a degree in an arts subject and were unlikely to have had much experience in the sciences; the third group had all graduated in a science discipline recently. While all groups played the game excellently, the group who had little or no science background did not appreciate the significance of the game as it illustrated the way science works in exploring the world around while both the senior school students and the science graduates, without prompting, could express a clear conception of the way science works although the graduate group, understandably, used more sophisticated language. The overall conclusions are that the test of scientific thinking certainly measures something completely different from the other measurements and, linked to the outcomes of the academic game, it does appear that it measured something close to scientific thinking. If this is true, then such thinking can be taught but is not accessible to those younger than aged about 15-16. All of this is consistent with the type of observations made by Piaget many decades ago and suggests that any attempts to develop scientific thinking with young adolescents will be unlikely to be successful. However, with older adolescents, for the skills to develop, there needs to be some teaching of this way of thinking. With the very large sample sizes and good cross-section of the population, there is reasonable confidence that the conclusions are generalisable and can inform future practice.","openalex, scopus, wos",llm,0.950,unreviewed,
discarded,Intelligent student systems:an application of viewpoints to intelligent learning environments,David M. Nichols,1993,Lancaster EPrints (Lancaster University),,https://openalex.org/W2154710888,education-technology-general,Intelligent Student Systems are a class of Intelligent Learning Environments that place the learner in the role of a tutor rather than a student. In an analogy with the educational practice of peer tutoring users learn by teaching the computer -- inverting the predominant `computer as tutor&amp;apos; metaphor. Intelligent Student Systems emphasize the learner&amp;apos;s viewpoint in educational interactions in preference to the system&amp;apos;s conception of the domain. These systems are considered to be less complex than Intelligent Tutoring Systems and to have the potential to generate novel human-computer educational interactions. Viewpoints also have an integral part in knowledge representation in Intelligent Learning Environments and they are utilised in the design and implementation of an Intelligent Student System in economics. Testing of the system produced insights into the future application of Intelligent Student Systems.,"openalex, scopus, wos",llm,0.960,unreviewed,
discarded,Education and the Working-Class,"Leech, Karen",1914,The Round Table,10.1080/00358531409413791,https://openalex.org/W1591047358,general-education,"Having looked at educational inequality with special reference to linguistics, my aim was to evaluate if compensatory education would succeed.","openalex, scopus, wos",llm,0.990,unreviewed,
discarded,A Phenomenological Inquiry into the Embodied Nature of Occupation at End of Life,Anna Park Lala; Elizabeth Anne Kinsella,2011,Canadian Journal of Occupational Therapy,10.2182/cjot.2011.78.4.6,https://openalex.org/W2159324622,nursing-domain,"BACKGROUND: Occupational therapists propose that occupation is a basic human need across the lifespan. However, there is limited understanding of how occupation contributes to the end-of-life experience. PURPOSE: The purpose of this study was to examine the embodied nature of occupation at end of life from the perspectives of Canadians 60 years of age or older who are diagnosed with a terminal illness. METHODS: The study adopted a phenomenological methodological approach to conduct semi-structured interviews with eight participants. FINDINGS: Six themes were identified. Participants described orientations toward occupations that involved: living with death, reworking everyday life, being guided by the will of the body, giving priority to relationships, attending to the small things, and engaging existential orientations. IMPLICATIONS: This study contributes to knowledge about occupation at end of life and offers a starting point to guide practice that is attentive to the lived dimensions of occupation at end of life.","openalex, scopus, wos",llm,0.990,unreviewed,
discarded,Conception et amélioration de chaines logistiques agiles : application au secteur humanitaire,Aurélie Charles,2010,HAL (Le Centre pour la Communication Scientifique Directe),,https://openalex.org/W114559381,non-computing-domain,"A push for increased professionalism during disaster relief operations has been reinforced over the last decade. The uncertainties humanitarian organisations have to cope with and the vital importance of their success has incited them to develop their ability to respond quickly and adequately to short-term changes. This agility capability is becoming highly prized by the private sector. Starting from a framework of supply chain agility, this thesis analyses humanitarian methods and defines an agility maturity model aiming to measure and improve the agility capability of a supply chain. As agility often depends on the adequate balance between delivery capacity and needs, our second problemstatement aims to design a logistics network that can operate under high levels of uncertainty so that for a given level of service in terms of agility, efficiency is maximized. Our study quantifies the impact on costs of various decisions, such as network design, supply strategy or level of service.","openalex, scopus, wos",llm,0.990,unreviewed,
discarded,"Hegemony, social class and stylisation",Ben Rampton,2015,Pragmatics Quarterly Publication of the International Pragmatics Association (IPrA),10.1075/prag.13.1.03ram,https://openalex.org/W2066982772,language-education,"Focusing on issues of class identity, this paper explores the relationship between sociolinguistics and Raymond Williams’ view of hegemony as “relations of domination and subordination… [that saturate] the whole process of living…: Our senses and assignments of energy, our shaping perceptions of ourselves and our world” (1977: 109-110). It assesses the kinds of insight afforded in both variationist and interactional sociolinguistics, and then turns to an analysis of London adolescents putting on exaggerated ‘posh’ and ‘Cockney’ accents in situated interaction. Underpinning the contingencies of particular instances, there was a set of well-established dualisms shaped in relations of class inequality (high vs low, mind vs body, reason vs emotion), and the resonance and reach of these was attested both in corporeal performance and in the fantastical grotesque. Can theories of interactional ‘identity projection’ do justice to this, or can sociolinguistics accommodate the cultural analyst’s wider concern for ‘subjectivity’? The paper looks at ways of drawing these perspectives together, and concludes with an emphatic rejection of claims that in late modernity, class identities are losing their significance.","openalex, scopus, wos",llm,0.990,unreviewed,
discarded,The Emergence of the Digital Humanities,Steven Jones,2013,,10.4324/9780203093085,https://openalex.org/W590612150,higher-education-general,"The past decade has seen a profound shift in our collective understanding of the digital network. What was once understood to be a transcendent virtual reality is now experienced as a ubiquitous grid of data that we move through and interact with every day, raising new questions about the social, locative, embodied, and object-oriented nature of our experience in the networked world. &nbsp;In The Emergence of the Digital Humanities, Steven E. Jones examines this shift in our relationship to digital technology and the ways that it has affected humanities scholarship and the academy more broadly. Based on the premise that the network is now everywhere rather than merely ""out there,"" Jones links together seemingly disparate cultural events—the essential features of popular social media, the rise of motion-control gaming and mobile platforms, the controversy over the ""gamification"" of everyday life, the spatial turn, fabrication and 3D printing, and electronic publishing—and argues that cultural responses to changes in technology provide an essential context for understanding the emergence of the digital humanities as a new field of study in this millennium. The Open Access version of this book, available at https://doi.org/10.4324/9780203093085, has been made available under a Creative Commons Attribution-Non Commercial-No Derivatives 4.0 license.","openalex, scopus, wos",llm,0.980,unreviewed,
discarded,Learning to use word processors,Robert L. Mack; Clayton Lewis; John M. Carroll,1983,ACM Transactions on Information Systems,10.1145/357436.357440,https://openalex.org/W2070458494,non-target-topic,"Computer text editors are powerful, but complex, tools. Particularly in the early stages of learning, the complexity of these tools can cause serious problems for users who are not experienced with computers. The problems of new users were studied by asking the users to think out loud while learning to use word-processing systems. In this paper several of the most typical and debilitating problems these users had understanding and following directions in using training manuals, as well as problems understanding and using interface functions to accomplish word processing tasks, are taxonomized and analyzed. Approaches for improving design features of the interface functions and the training methods used for learning are discussed.","openalex, scopus, wos",llm,0.840,unreviewed,
discarded,Designing for usability---key principles and what designers think,J. D. Gould; Clayton Lewis,1983,Communications of the ACM,10.1145/3166.3170,https://openalex.org/W112089985,non-education,"This article is both theoretical and empirical. Theoretically, it describes three principles of system design which we believe must be followed to produce a useful and easy to use computer system. These principles are: early and continual focus on users; empirical measurement of usage; and iterative design whereby the system (simulated, prototype, and real) is modified, tested, modified again, tested again, and the cycle is repeated again and again. This approach is contrasted to other principled design approaches, for example, get it right the first time, reliance on design guidelines. Empirically, the article presents data which show that our design principles are not always intuitive to designers; identifies the arguments which designers often offer for not using these principles—and answers them; and provides an example in which our principles have been used successfully.","openalex, scopus, wos",llm,0.980,unreviewed,
discarded,College student conceptions of electric circuits.,Norman H. Fredette,2023,Scholarworks (University of Massachusetts Amherst),10.7275/11192394,https://openalex.org/W2774359798,physics-domain,Education,"openalex, scopus, wos",llm,0.900,unreviewed,
discarded,Values and moral development of undergraduate accounting students at an Islamic university and a non-religious university in Malaysia,Mohamed Nazri Fadzly,2010,Enlighten: Theses (The University of Glasgow),,https://openalex.org/W1491662587,higher-education-general,"This thesis explores the implications of education within the context of an Islamic university on ethical development of accounting students, namely, on the aspects of moral reasoning ability and personal value preferences. A mixed-methodology research approach was used to address the thesis’ two-part research purpose. First, a case study investigation was carried out to explore the values that are emphasized at the Islamic University, and the ways the values are conveyed to the students. For comparison purpose, a similar investigation was conducted on the case of another university with generally secular orientation. The case study data were generated from semi-structured interviews with faculty members and students, documents, and direct observation. Second, data on moral reasoning ability and personal value preferences of accounting students at the two universities were gathered using a survey instrument containing Rest’s Defining Issues Test (DIT) and Schwartz’s Values Survey (SVS). The survey data were analyzed to establish the differences between accounting students from the two universities, and changes that could have taken place during their course of study. The findings of the case study revealed that the Islamic University indicates a greater commitment toward developing the students’ moral character, namely, by instilling Islamic values. There were indications that such values are delivered through the formal curriculum, the lecturers, and some aspects of the university’s general environment. Analyses of the survey data, on the other hand, have yielded mixed results. While moral reasoning ability was found to be higher for students at the Islamic University, there was no evidence of an increase with progression into a higher level of study, which is in contrast with the case of students at the non-religious University. There were also differences between these two cohorts as regards personal value preferences, particularly, in respect of values that are associable with religious commitment. In general, however, significant changes in personal value preferences seem unlikely for students at both universities. Overall, the findings have contributed toward understanding the impact of university setting on ethical development of accounting students, and thus are of potential benefits to accounting educators and regulators.","openalex, scopus, wos",llm,0.980,unreviewed,
discarded,The digital transformation of vocational education: Experience and reflections of Shenzhen Polytechnic University,Jianling Xu; Tao Jiang; Ming Wei; Zhongquan Qing,2024,Vocation Technology & Education,10.54844/vte.2024.0522,https://openalex.org/W4395093456,education-technology-general,"Promoting digital transformation is a vital change to achieve the high-quality development of vocational education and help build China into a leading country in education. Shenzhen Polytechnic University (SZPU) promotes digital transformation from the perspectives of critical layout, operational order, and infrastructure development. SZPU emphasizes the leading role of “humans” in digital transformation by strengthening the digital empowerment of administrators, teachers, and students and highlights the central position of digital teaching transformation from aspects such as teaching concepts and models, curricula and resources, teaching methods and means, and teaching management and evaluation. Engaged in the research and development (R &amp; D) of digital technology, digital technology applications, and digital social services, SZPU is devoted to mutual facilitation between R &amp; D services and digital transformation. Building platforms, promoting the “going global” of vocational education, and creating digital practical teaching brands make international exchanges and cooperation an essential extension of the digital transformation of vocational education. The digital transformation of vocational education is a “progressive transformation” from educational empowerment to educational reconstruction, a “creative transformation” from focusing on technology to highlighting thinking, a “human-oriented transformation” from emphasizing design to highlighting experience, a “participatory transformation” from technological application to technological R &amp; D, and a “collaborative transformation” from focusing on a single perspective to benefiting the whole. Digital transformation is a fundamental process to achieve digital governance of vocational education, deepen education and teaching reforms, and modernize vocational education in the era of the digital economy, with important implications for improving the quality of education and teaching and promoting economic and social development.","openalex, scopus, wos",llm,0.980,unreviewed,
discarded,Introduction to Human-Computer Interaction,Hornbæk K.,2025,Introduction to Human Computer Interaction,10.1093/oso/9780192864543.001.0001,https://www.scopus.com/inward/record.uri?partnerID=HzOxMe3b&scp=105022320180&origin=inward,method-paper-outside-scope,"
 Introduction to Human-Computer Interaction provides the first comprehensive textbook on the design of computing systems for human use. The book is written for undergraduate and graduate students from different disciplines. It describes how to be human-centered in the design and evaluation of interactive systems. It does so by separating seven essential areas of HCI: understanding people, user research, theories of interaction, user interfaces, design of interactive systems, engineering of interactive systems, and evaluation of such systems. Together, these chapters cover timeless principles of HCI as well as emerging topics, such as artificial intelligence and extended reality.","openalex, scopus, wos",llm,0.970,unreviewed,
