status,title,authors,year,venue,doi,url,tags,abstract,provider,decision_source,llm_confidence,llm_review_outcome,llm_change_direction
discarded,"The Corticohippocampal Circuit, Synaptic Plasticity, and Memory",Jayeeta Basu; Steven A. Siegelbaum,2015,Cold Spring Harbor Perspectives in Biology,10.1101/cshperspect.a021733,https://openalex.org/W2179672615,biology-domain,"Synaptic plasticity serves as a cellular substrate for information storage in the central nervous system. The entorhinal cortex (EC) and hippocampus are interconnected brain areas supporting basic cognitive functions important for the formation and retrieval of declarative memories. Here, we discuss how information flow in the EC-hippocampal loop is organized through circuit design. We highlight recently identified corticohippocampal and intrahippocampal connections and how these long-range and local microcircuits contribute to learning. This review also describes various forms of activity-dependent mechanisms that change the strength of corticohippocampal synaptic transmission. A key point to emerge from these studies is that patterned activity and interaction of coincident inputs gives rise to associational plasticity and long-term regulation of information flow. Finally, we offer insights about how learning-related synaptic plasticity within the corticohippocampal circuit during sensory experiences may enable adaptive behaviors for encoding spatial, episodic, social, and contextual memories.","openalex, scopus, wos",llm,0.990,unreviewed,
discarded,Theory and Practice of Lesson Study in Mathematics,"Huang, Rongjin; Takahashi, Akihiko; João Pedro da Ponte",2019,Advances in mathematics education,10.1007/978-3-030-04031-4,https://openalex.org/W2935293426,general-education,"This book brings together and builds on the current research efforts on adaptation, conceptualization, and theorization of Lesson Study (LS). Presenting the practices and theories of LS with practicing and prospective teachers, it enables the reader to take a comparative perspective.","openalex, scopus, wos",llm,0.900,unreviewed,
kept,Learning studies in hong kong schools : a summary evaluation report on the ‘variation for the improvement of teaching and learning’ (VITAL) project.,John Elliott; Christina Wai Mui Yu,2013,Éducation & didactique,10.4000/educationdidactique.1762,https://openalex.org/W2168632548,pre-post-test; learning-study-corroboration,"Introduction The VARIATION FOR THE IMPROVEMENT OF TEACHING AND LEARNING PROJECT (VITAL) was funded by the Hong Kong Education and Manpower Bureau over three years from 2005 to 2008, and based in the Centre for Learning Studies and School Partnership (CLASP) at the Hong Kong Institute of Education under the leadership of Professor Lo Mun Ling. The project involved the application of a unique combination of the Japanese and Chinese lesson ...","openalex, scopus, wos",human,0.880,human,
discarded,A threshold concepts focus to curriculum design: supporting student learning through application of variation theory,Gerlese S. Åkerlind; Jo McKenzie; Mandy Lupton,2011,QUT ePrints (Queensland University of Technology),,https://openalex.org/W24346462,pre-post-test; variation-theory-application-other-domain-not-design-precedent,The report describes the development and testing of a research-informed curriculum model aimed at improving students' learning of threshold concepts. The project used phenomenographic action research and the variation theory of learning to develop and trial the model with collaboration from three institutional partners.,"openalex, scopus, wos",human,0.900,human,
kept,Playful Learning about Light and Shadow: A Learning Study Project in Early Childhood Education,A. Eriksson Lindstrand; Lina Hansson; Rebecka Olsson; Agneta Ljung‐Djärf,2016,Creative Education,10.4236/ce.2016.72034,https://openalex.org/W2292077670,pre-post-test; learning-study-corroboration,"The purpose of the project was to explore how a learning study (LS) based on variation theory could support the development of playful physics learning in early childhood education. The study explored what patterns of variation used during a three-cycle LS challenged and developed children’s ways of discerning why a shadow occurred. The empirical material comprised a screening (n = 7), three video-documented interventions, and 78 individual pre- and post-test interviews (n = 39) at 4 - 5 years old. Three somewhat different patterns of variation were implemented within a playful frame in the three groups. The results indicate low and non/significant improvements in cycle A, somewhat higher and significant improvements in cycle B, and substantially higher and significant improvements in cycle C. The study indicates a promising ability to combine a playful approach with the variation theory perspective to stimulate children’s understanding of a quite advanced scientific phenomenon. The careful process of identifying potential critical aspects, the awareness of the relationship between the whole and its parts, and the concretization of simultaneity are discussed as key aspects of these findings.","openalex, scopus, wos",human,0.890,human,
discarded,2024 ESC Guidelines for the management of chronic coronary syndromes,Vrints C.,2024,European Heart Journal,10.1093/eurheartj/ehae177,https://www.scopus.com/inward/record.uri?partnerID=HzOxMe3b&scp=85204602708&origin=inward,medicine-domain,Marija Zdrakovic (,"openalex, scopus, wos",llm,1.000,unreviewed,
discarded,"2024 ESC Guidelines for the management of chronic coronary syndromes, developed by the Task Force for the Management of Chronic Coronary Syndromes of the European Society of Cardiology (ESC) under the auspices of the European Association for Cardio-Thoracic Surgery (EACTS)",Vrints C.,2024,Giornale Italiano Di Cardiologia,10.1714/4375.43725,https://www.scopus.com/inward/record.uri?partnerID=HzOxMe3b&scp=85211243338&origin=inward,medicine-domain,linee,"openalex, scopus, wos",llm,1.000,unreviewed,
discarded,Teaching About Electricity in Primary School Multimodality and Variation Theory as Analytical Lenses,Preston C.M.,2022,Research in Science Education,10.1007/s11165-022-10047-9,https://www.scopus.com/inward/record.uri?partnerID=HzOxMe3b&scp=85125543857&origin=inward,pre-post-test; variation-theory-application-other-domain-not-design-precedent,"Primary school topics involving abstract concepts are challenging to teach. Electric circuits can be simply constructed but complex to explain. New approaches in teaching students for understanding are needed to advance practice in primary science. This paper combines the strengths of multimodality research perspectives with variation theory to provide insights into a teaching sequence designed for year 6 students. Application of a representation construction approach (RCA) provides opportunities for multimodal meaning-making of electric circuits. The case study adopted a design-based research method to investigate teaching electric circuits. Data collection involved video capture of classroom practice, teacher and student interviews, student journal entries and assessment artefacts, field notes, and pre-test and post-test results. Design principles included identifying key ideas, devising a lesson sequence emphasising energy transfer and transformation, hands-on exploration using multimodal representations in response to learning challenges, and student journaling. Students’ metarepresentational competence was also developed through evaluation, negotiation, and creation of representations and models of electric circuits. Representational challenges followed by strategic teacher-led discussion facilitated students’ developing understanding through focusing attention on critical features. Deep learning was evidenced by journal records, formative and summative assessment artefacts, and post-test responses. RCA principles were instrumental in the successful design of an effective teaching sequence through focus on critical aspects of energy. We advocate a RCA for the design of a multimodal learning sequence. Variation theory was a useful analytical framework to understand the enactment of the design sequence. The study contributes to the challenge of rethinking traditional teaching practices in primary science.","openalex, scopus, wos",human,0.870,human,
discarded,Exploring students' conceptions of vectors: A phenomenographic study,Abou-Hayt I.,2020,Sefi 48th Annual Conference Engaging Engineering Education Proceedings,,https://www.scopus.com/inward/record.uri?partnerID=HzOxMe3b&scp=85107188395&origin=inward,engineering-report,,"openalex, scopus, wos",llm,0.900,unreviewed,
kept,Enhancing the generative learning of young people in the domain of financial literacy through learning study,Pang M.F.,2019,International Journal for Lesson and Learning Studies,10.1108/IJLLS-09-2018-0065,https://www.scopus.com/inward/record.uri?partnerID=HzOxMe3b&scp=85062471596&origin=inward,pre-post-test; learning-study-corroboration,"
Purpose
The purpose of this paper is to collect new evidence about the efficacy of the pedagogical principles derived from our earlier study on boosting students’ financial literacy, with the aim of providing a theoretically and practically powerful account of how generative learning in the domain of financial literacy can be enhanced.


Design/methodology/approach
This is an example of learning study consisting of a design experiment, which aims to test the conjectures of the variation theory of learning. A total of 156 students who were aged from 14 to 16 years were taught under the three learning conditions which embedded the test criteria, and a total of seven lessons were used by the two participating teachers for each of the classes. To assess students’ appropriation of the object of learning, four tests were conducted, i.e. a pre-test, post-test immediately after the lessons, delayed post-test after six weeks and second delayed post-test after six months.


Findings
This study shows that a systematic use of the pattern of “contrast-fusion-generalization” to deal with the individual core economic concepts identified can help students lay a solid conceptual foundation for developing financial literacy. Furthermore, with the use of the meta-level pattern of “contrast-fusion-generalization” through complex everyday financial problems or situations which transcend the specific concepts, students can make effective use of the core economic concepts learned and transform them organically into one’s analytical framework. This enables students to discern and focus upon the critical aspects of novel financial situations and have a greater likelihood of making well-reasoned and sound financial decisions.


Originality/value
This paper sheds light on the ways in which students’ generative learning in the domain of financial literacy can be enhanced through the conceptual approach grounded in the variation theory of learning.
","openalex, scopus, wos",human,0.950,human,
discarded,The image of images as an aid to improve learning: An eye-tracking experiment studying the effect of contrasts in computer-based learning material,Olander M.H.,2014,Csedu 2014 Proceedings of the 6th International Conference on Computer Supported Education,10.5220/0004960303090316,https://www.scopus.com/inward/record.uri?partnerID=HzOxMe3b&scp=84902353890&origin=inward,pre-post-test; variation-theory-application-other-domain-not-design-precedent,"This study addresses differences in the design of computer-based learning materials—text with or without pictures—and the aim is to show in what way these differences affect learning outcomes. In total, 46 young adults participated: 19 with dyslexia and 27 controls. Approximately half of each group received the condition text only, and half received the text and an integrated picture. The learning material was presented on computer screens, and the participants’ viewing patterns were registered by eye-tracking. The respondents answered text-based and picture-based questions, as well as oral questions, during the experiment. The assumptions about learning are based on variation theory and on the importance of contrasts in discerning important aspects of the learning material. The results show that whether material of the same content (surrealism) is presented in text only (without explicit contrasts embedded in the text) or in text and picture form (which offers a contrast) affects learning outcomes, particularly for the participants with dyslexia, who showed a fourfold increase from pre-test to post-test (from .10 to .40).","openalex, scopus, wos",human,0.870,human,
kept,Teaching democracy – a complex object of learning,Holmqvist Olander M.,2013,International Journal for Lesson and Learning Studies,10.1108/IJLLS-01-2013-0005,https://www.scopus.com/inward/record.uri?partnerID=HzOxMe3b&scp=84941945124&origin=inward,pre-post-test; learning-study-corroboration,Purpose The purpose of this paper is to describe a learning study with a complex object of learning – democracy.,"openalex, scopus, wos",human,0.820,human,
discarded,Variation theory - A tool to achieve pre-school curricula learning goals in mathematics,Holmquist M.,2012,Curriculum Perspectives,,https://www.scopus.com/inward/record.uri?partnerID=HzOxMe3b&scp=84877941987&origin=inward,pre-post-test; variation-theory-application-other-domain-not-design-precedent,,"openalex, scopus, wos",human,0.800,human,
discarded,Behind the terminal: the critical role of computing infrastructure in effective information systems development and use,Rob Kling,1992,eScholarship (California Digital Library),,https://openalex.org/W1552404827,non-target-topic,"Contemporary approaches to systems analysis ignore the importance of computing infrastructure --the kinds of resources necessary for making computerized system workable and effective.Infrastructure includes ""hard resources"" such as electricity and physical space; it also includes human resources such as the skill levels of systems users and maintainer.Systems analyses which account for infrastructure can help lead to more effective recommendations.The key organizing ideas of this paper, web models, are based on almost 20 years of empirical studies of the ways that people and organizations adopt, develop and use computerized systems.It is based on an understanding of how people and organizations actually behave rather than upon a model which prescribes how they should behave.Web models draw ""large"" social boundaries around a focal computing resource so that the defining situation includes: the ecology of participants who influence the adoption and use of computer-based technologies, the infrastructures for supporting system development and use, and the history of local computing developments.Social action characteriwed by ""natural open systems"" models of organizations.Web models help explain the actual leverage of computing developments, their carrying costs, and the ways that systems are valued by different participants.Web models are contrasted with conventionally rational ""discrete-entity"" models which are a-contextual, a-historical, and assume that adequate infrastructure can always be available as needed.The web approach to computing infrastructure is illustrated with a rich longitudinal case study of the use of desktop computing in a dynamic work group.The chapter also examines ways that infrastructure designs influence the choice of computerized systems which are appropriate for specific groups of users.","openalex, scopus, wos",llm,0.900,unreviewed,
discarded,Defining sensemaking: Bringing clarity to a fragmented theoretical construct,Tor Ole B. Odden; Rosemary S. Russ,2018,Science Education,10.1002/sce.21452,https://openalex.org/W2807636851,science-education-review,"Abstract In recent years, science education researchers have increasingly studied the ways in which students “make sense” of science. However, although researchers might all agree intuitively on what it looks like, the literature on sensemaking is theoretically fragmented. In this paper, we address this fragmentation by proposing a coherent definition, arguing that sensemaking is the process of building an explanation to resolve a perceived gap or conflict in knowledge. We then present an overview of three primary approaches to describing sensemaking in the science education research literature, arguing that this body of literature has conceptualized sensemaking as a stance toward science learning, a cognitive process, and a particular form of discourse, and showing how the definition incorporates each conceptualization. We conclude by describing how sensemaking is distinct from general categories of activities like “thinking,” “learning,” and several scientific practices. We also highlight the implications of this definition for science instruction and future sensemaking research.","openalex, scopus, wos",llm,0.930,unreviewed,
discarded,Communities on-line : community-based computer networks,Anne Beamish,1995,DSpace@MIT (Massachusetts Institute of Technology),,https://openalex.org/W1597816520,non-education,"Thesis (M.C.P.)--Massachusetts Institute of Technology, Dept. of Urban Studies and Planning, 1995.","openalex, scopus, wos",llm,0.990,unreviewed,
discarded,The living dead? The construction of people with Alzheimer's disease as zombies,Susan M. Behuniak,2010,Ageing and Society,10.1017/s0144686x10000693,https://openalex.org/W2114657025,psychology-domain,"ABSTRACT In the literature on Alzheimer's disease (AD), scholars have noted how both the disease and the people who are diagnosed as having it have been stigmatised. I argue here that the AD stigma is of a specific sort – it is dehumanisation based on disgust and terror. Although the blame for negative perceptions of people with AD has been placed on the biomedical understanding of dementia, I argue that strong negative emotional responses to AD are also buttressed by the social construction of people with AD as zombies. To illustrate this point, this paper identifies seven specific ways that the zombie metaphor is referenced in both the scholarly and popular literature on AD. This common referencing of zombies is significant as it infuses the social discourse about AD with a politics of revulsion and fear that separates and marginalises those with AD. It is in recognising the power of this zombie trope that its negative impact can be actively resisted through an emphasis of connectedness, commonality, and inter-dependency.","openalex, scopus, wos",llm,1.000,unreviewed,
discarded,Teachers' Work in a Globalizing Economy,Alistair Dow; Robert Hattam; Alan Reid; Geoffrey Shacklock; John Smyth,2005,,10.4324/9780203979693,https://openalex.org/W1528004848,general-education,"Extended critical case studies provide a tangible working expression of the labour process of teaching, showing how teachers are simultaneously experiencing significant changes to their work, as well as responding in ways that actively shape these processes. For teachers and researchers, this book shows what processes are at work in the global economy which impact on, and sometimes control, the role of the teacher. It also reveals how teachers accommodate, resist or redefine their working circumstances, and explores methods researchers might employ in order to increase our understanding and knowledge of the effect of globalization on teaching.","openalex, scopus, wos",llm,0.990,unreviewed,
discarded,Video-Conference Interviews: Ethical and Methodological Concerns in the Context of Health Research,Nicole Brown,2018,,10.4135/9781526441812,https://openalex.org/W2768443684,method-paper-outside-scope,"Qualitative research heavily relies on interviews, which are commonly recorded in video and/or audio streams. This case study explores the use of Skype as a tool for interviewing. I draw on my research into the lived experience of patients diagnosed with fibromyalgia. Fibromyalgia is a complex and contested condition, is difficult to diagnose, typically varies in its symptoms, and is extremely unpredictable in nature. As research participants come from all over the world and obviously suffer with their health, I had always planned on carrying out Skype interviews. In this case study, I not only outline the benefits of using Skype but also discuss practical, ethical, and methodological pitfalls and concerns. In conclusion, Skype can be a very helpful tool, but requires careful planning and a strong reflexive position on the part of the researcher.","openalex, scopus, wos",llm,0.960,unreviewed,
discarded,Co-experience: understanding user experiences in interaction,Katja Battarbee,2004,Aaltodoc (Aalto University),,https://openalex.org/W2574994227,non-education,"The topic of this article-based dissertation is the definition of user experience in user centred design. In particular, the work discusses user experiences in social interaction. To provide a framework for understanding these experiences, the concept co-experience borrows from symbolic interactionism, a theory of meaning in social interaction. The work in general follows a pragmatist philosophy. The cases in the study include one large field study on mobile multimedia messaging, one smaller field study of a new product and examples from a few concept design cases. The dissertation consists of an introduction part and six published articles.","openalex, scopus, wos",llm,0.980,unreviewed,
